Warning[207] C:\USERS\CARLOS GIL\MPLABXPROJECTS\LABORATORIO_7_PIC1.X\LABORATORIO_7_PIC1.ASM 21 : Found label after column 1. (UNIDADES)
Warning[207] C:\USERS\CARLOS GIL\MPLABXPROJECTS\LABORATORIO_7_PIC1.X\LABORATORIO_7_PIC1.ASM 22 : Found label after column 1. (CONT2)
Warning[207] C:\USERS\CARLOS GIL\MPLABXPROJECTS\LABORATORIO_7_PIC1.X\LABORATORIO_7_PIC1.ASM 23 : Found label after column 1. (CONT3)
Warning[207] C:\USERS\CARLOS GIL\MPLABXPROJECTS\LABORATORIO_7_PIC1.X\LABORATORIO_7_PIC1.ASM 24 : Found label after column 1. (CONT4)
Warning[207] C:\USERS\CARLOS GIL\MPLABXPROJECTS\LABORATORIO_7_PIC1.X\LABORATORIO_7_PIC1.ASM 25 : Found label after column 1. (DECENAS)
Warning[207] C:\USERS\CARLOS GIL\MPLABXPROJECTS\LABORATORIO_7_PIC1.X\LABORATORIO_7_PIC1.ASM 26 : Found label after column 1. (CONT6)
Warning[207] C:\USERS\CARLOS GIL\MPLABXPROJECTS\LABORATORIO_7_PIC1.X\LABORATORIO_7_PIC1.ASM 27 : Found label after column 1. (CONT7)
Warning[207] C:\USERS\CARLOS GIL\MPLABXPROJECTS\LABORATORIO_7_PIC1.X\LABORATORIO_7_PIC1.ASM 28 : Found label after column 1. (W_TEMP)
Warning[207] C:\USERS\CARLOS GIL\MPLABXPROJECTS\LABORATORIO_7_PIC1.X\LABORATORIO_7_PIC1.ASM 29 : Found label after column 1. (STATUS_TEMP)
Warning[207] C:\USERS\CARLOS GIL\MPLABXPROJECTS\LABORATORIO_7_PIC1.X\LABORATORIO_7_PIC1.ASM 30 : Found label after column 1. (INDICADOR)
Warning[207] C:\USERS\CARLOS GIL\MPLABXPROJECTS\LABORATORIO_7_PIC1.X\LABORATORIO_7_PIC1.ASM 31 : Found label after column 1. (INDICADOR2)
Warning[207] C:\USERS\CARLOS GIL\MPLABXPROJECTS\LABORATORIO_7_PIC1.X\LABORATORIO_7_PIC1.ASM 32 : Found label after column 1. (NIBBLE_H)
Warning[207] C:\USERS\CARLOS GIL\MPLABXPROJECTS\LABORATORIO_7_PIC1.X\LABORATORIO_7_PIC1.ASM 33 : Found label after column 1. (NIBBLE_L)
Warning[207] C:\USERS\CARLOS GIL\MPLABXPROJECTS\LABORATORIO_7_PIC1.X\LABORATORIO_7_PIC1.ASM 34 : Found label after column 1. (SEGUNDOS)
Warning[207] C:\USERS\CARLOS GIL\MPLABXPROJECTS\LABORATORIO_7_PIC1.X\LABORATORIO_7_PIC1.ASM 35 : Found label after column 1. (DISPLAY)
Warning[203] C:\USERS\CARLOS GIL\MPLABXPROJECTS\LABORATORIO_7_PIC1.X\LABORATORIO_7_PIC1.ASM 106 : Found opcode in column 1. (CALL)
Message[302] C:\USERS\CARLOS GIL\MPLABXPROJECTS\LABORATORIO_7_PIC1.X\LABORATORIO_7_PIC1.ASM 145 : Register in operand not in bank 0.  Ensure that bank bits are correct.
Message[302] C:\USERS\CARLOS GIL\MPLABXPROJECTS\LABORATORIO_7_PIC1.X\LABORATORIO_7_PIC1.ASM 148 : Register in operand not in bank 0.  Ensure that bank bits are correct.
Message[302] C:\USERS\CARLOS GIL\MPLABXPROJECTS\LABORATORIO_7_PIC1.X\LABORATORIO_7_PIC1.ASM 149 : Register in operand not in bank 0.  Ensure that bank bits are correct.
Message[302] C:\USERS\CARLOS GIL\MPLABXPROJECTS\LABORATORIO_7_PIC1.X\LABORATORIO_7_PIC1.ASM 151 : Register in operand not in bank 0.  Ensure that bank bits are correct.
Message[302] C:\USERS\CARLOS GIL\MPLABXPROJECTS\LABORATORIO_7_PIC1.X\LABORATORIO_7_PIC1.ASM 152 : Register in operand not in bank 0.  Ensure that bank bits are correct.
Message[302] C:\USERS\CARLOS GIL\MPLABXPROJECTS\LABORATORIO_7_PIC1.X\LABORATORIO_7_PIC1.ASM 153 : Register in operand not in bank 0.  Ensure that bank bits are correct.
Message[302] C:\USERS\CARLOS GIL\MPLABXPROJECTS\LABORATORIO_7_PIC1.X\LABORATORIO_7_PIC1.ASM 154 : Register in operand not in bank 0.  Ensure that bank bits are correct.
Message[302] C:\USERS\CARLOS GIL\MPLABXPROJECTS\LABORATORIO_7_PIC1.X\LABORATORIO_7_PIC1.ASM 155 : Register in operand not in bank 0.  Ensure that bank bits are correct.
Warning[207] C:\USERS\CARLOS GIL\MPLABXPROJECTS\LABORATORIO_7_PIC1.X\LABORATORIO_7_PIC1.ASM 157 : Found label after column 1. (CONFIGURACION_TIMER2)
Warning[207] C:\USERS\CARLOS GIL\MPLABXPROJECTS\LABORATORIO_7_PIC1.X\LABORATORIO_7_PIC1.ASM 161 : Found label after column 1. (CONFIGURACION_INTERRUPCION)
Message[302] C:\USERS\CARLOS GIL\MPLABXPROJECTS\LABORATORIO_7_PIC1.X\LABORATORIO_7_PIC1.ASM 163 : Register in operand not in bank 0.  Ensure that bank bits are correct.
Message[302] C:\USERS\CARLOS GIL\MPLABXPROJECTS\LABORATORIO_7_PIC1.X\LABORATORIO_7_PIC1.ASM 165 : Register in operand not in bank 0.  Ensure that bank bits are correct.
Message[302] C:\USERS\CARLOS GIL\MPLABXPROJECTS\LABORATORIO_7_PIC1.X\LABORATORIO_7_PIC1.ASM 166 : Register in operand not in bank 0.  Ensure that bank bits are correct.
Message[302] C:\USERS\CARLOS GIL\MPLABXPROJECTS\LABORATORIO_7_PIC1.X\LABORATORIO_7_PIC1.ASM 171 : Register in operand not in bank 0.  Ensure that bank bits are correct.
Warning[207] C:\USERS\CARLOS GIL\MPLABXPROJECTS\LABORATORIO_7_PIC1.X\LABORATORIO_7_PIC1.ASM 173 : Found label after column 1. (CONFIGURACION_ADC)
Message[302] C:\USERS\CARLOS GIL\MPLABXPROJECTS\LABORATORIO_7_PIC1.X\LABORATORIO_7_PIC1.ASM 175 : Register in operand not in bank 0.  Ensure that bank bits are correct.
Message[302] C:\USERS\CARLOS GIL\MPLABXPROJECTS\LABORATORIO_7_PIC1.X\LABORATORIO_7_PIC1.ASM 177 : Register in operand not in bank 0.  Ensure that bank bits are correct.
Message[302] C:\USERS\CARLOS GIL\MPLABXPROJECTS\LABORATORIO_7_PIC1.X\LABORATORIO_7_PIC1.ASM 179 : Register in operand not in bank 0.  Ensure that bank bits are correct.
Message[302] C:\USERS\CARLOS GIL\MPLABXPROJECTS\LABORATORIO_7_PIC1.X\LABORATORIO_7_PIC1.ASM 191 : Register in operand not in bank 0.  Ensure that bank bits are correct.
Message[302] C:\USERS\CARLOS GIL\MPLABXPROJECTS\LABORATORIO_7_PIC1.X\LABORATORIO_7_PIC1.ASM 193 : Register in operand not in bank 0.  Ensure that bank bits are correct.
Message[302] C:\USERS\CARLOS GIL\MPLABXPROJECTS\LABORATORIO_7_PIC1.X\LABORATORIO_7_PIC1.ASM 195 : Register in operand not in bank 0.  Ensure that bank bits are correct.
Message[302] C:\USERS\CARLOS GIL\MPLABXPROJECTS\LABORATORIO_7_PIC1.X\LABORATORIO_7_PIC1.ASM 197 : Register in operand not in bank 0.  Ensure that bank bits are correct.
Message[302] C:\USERS\CARLOS GIL\MPLABXPROJECTS\LABORATORIO_7_PIC1.X\LABORATORIO_7_PIC1.ASM 201 : Register in operand not in bank 0.  Ensure that bank bits are correct.
