Warning[207] C:\USERS\CARLOS GIL\DESKTOP\UNIVERSIDAD\4TO SEMESTRE\PROGRAMACIÛN DE MICROCONTROLADORES\PROGRA_DE_MICROS\PROGRA_DE_MICROS\PROYECTO_2.X\PROYECTO_2.ASM 21 : Found label after column 1. (UNIDADES)
Warning[207] C:\USERS\CARLOS GIL\DESKTOP\UNIVERSIDAD\4TO SEMESTRE\PROGRAMACIÛN DE MICROCONTROLADORES\PROGRA_DE_MICROS\PROGRA_DE_MICROS\PROYECTO_2.X\PROYECTO_2.ASM 22 : Found label after column 1. (CONT2)
Warning[207] C:\USERS\CARLOS GIL\DESKTOP\UNIVERSIDAD\4TO SEMESTRE\PROGRAMACIÛN DE MICROCONTROLADORES\PROGRA_DE_MICROS\PROGRA_DE_MICROS\PROYECTO_2.X\PROYECTO_2.ASM 23 : Found label after column 1. (CONT3)
Warning[207] C:\USERS\CARLOS GIL\DESKTOP\UNIVERSIDAD\4TO SEMESTRE\PROGRAMACIÛN DE MICROCONTROLADORES\PROGRA_DE_MICROS\PROGRA_DE_MICROS\PROYECTO_2.X\PROYECTO_2.ASM 24 : Found label after column 1. (CONT4)
Warning[207] C:\USERS\CARLOS GIL\DESKTOP\UNIVERSIDAD\4TO SEMESTRE\PROGRAMACIÛN DE MICROCONTROLADORES\PROGRA_DE_MICROS\PROGRA_DE_MICROS\PROYECTO_2.X\PROYECTO_2.ASM 25 : Found label after column 1. (CONT6)
Warning[207] C:\USERS\CARLOS GIL\DESKTOP\UNIVERSIDAD\4TO SEMESTRE\PROGRAMACIÛN DE MICROCONTROLADORES\PROGRA_DE_MICROS\PROGRA_DE_MICROS\PROYECTO_2.X\PROYECTO_2.ASM 26 : Found label after column 1. (CONT7)
Warning[207] C:\USERS\CARLOS GIL\DESKTOP\UNIVERSIDAD\4TO SEMESTRE\PROGRAMACIÛN DE MICROCONTROLADORES\PROGRA_DE_MICROS\PROGRA_DE_MICROS\PROYECTO_2.X\PROYECTO_2.ASM 27 : Found label after column 1. (CONT8)
Warning[207] C:\USERS\CARLOS GIL\DESKTOP\UNIVERSIDAD\4TO SEMESTRE\PROGRAMACIÛN DE MICROCONTROLADORES\PROGRA_DE_MICROS\PROGRA_DE_MICROS\PROYECTO_2.X\PROYECTO_2.ASM 28 : Found label after column 1. (CONT9)
Warning[207] C:\USERS\CARLOS GIL\DESKTOP\UNIVERSIDAD\4TO SEMESTRE\PROGRAMACIÛN DE MICROCONTROLADORES\PROGRA_DE_MICROS\PROGRA_DE_MICROS\PROYECTO_2.X\PROYECTO_2.ASM 29 : Found label after column 1. (CONT10)
Warning[207] C:\USERS\CARLOS GIL\DESKTOP\UNIVERSIDAD\4TO SEMESTRE\PROGRAMACIÛN DE MICROCONTROLADORES\PROGRA_DE_MICROS\PROGRA_DE_MICROS\PROYECTO_2.X\PROYECTO_2.ASM 30 : Found label after column 1. (CONT11)
Warning[207] C:\USERS\CARLOS GIL\DESKTOP\UNIVERSIDAD\4TO SEMESTRE\PROGRAMACIÛN DE MICROCONTROLADORES\PROGRA_DE_MICROS\PROGRA_DE_MICROS\PROYECTO_2.X\PROYECTO_2.ASM 31 : Found label after column 1. (CONT12)
Warning[207] C:\USERS\CARLOS GIL\DESKTOP\UNIVERSIDAD\4TO SEMESTRE\PROGRAMACIÛN DE MICROCONTROLADORES\PROGRA_DE_MICROS\PROGRA_DE_MICROS\PROYECTO_2.X\PROYECTO_2.ASM 32 : Found label after column 1. (CONT13)
Warning[207] C:\USERS\CARLOS GIL\DESKTOP\UNIVERSIDAD\4TO SEMESTRE\PROGRAMACIÛN DE MICROCONTROLADORES\PROGRA_DE_MICROS\PROGRA_DE_MICROS\PROYECTO_2.X\PROYECTO_2.ASM 33 : Found label after column 1. (W_TEMP)
Warning[207] C:\USERS\CARLOS GIL\DESKTOP\UNIVERSIDAD\4TO SEMESTRE\PROGRAMACIÛN DE MICROCONTROLADORES\PROGRA_DE_MICROS\PROGRA_DE_MICROS\PROYECTO_2.X\PROYECTO_2.ASM 34 : Found label after column 1. (STATUS_TEMP)
Warning[207] C:\USERS\CARLOS GIL\DESKTOP\UNIVERSIDAD\4TO SEMESTRE\PROGRAMACIÛN DE MICROCONTROLADORES\PROGRA_DE_MICROS\PROGRA_DE_MICROS\PROYECTO_2.X\PROYECTO_2.ASM 35 : Found label after column 1. (INDICADOR)
Warning[207] C:\USERS\CARLOS GIL\DESKTOP\UNIVERSIDAD\4TO SEMESTRE\PROGRAMACIÛN DE MICROCONTROLADORES\PROGRA_DE_MICROS\PROGRA_DE_MICROS\PROYECTO_2.X\PROYECTO_2.ASM 36 : Found label after column 1. (INDICADOR2)
Warning[207] C:\USERS\CARLOS GIL\DESKTOP\UNIVERSIDAD\4TO SEMESTRE\PROGRAMACIÛN DE MICROCONTROLADORES\PROGRA_DE_MICROS\PROGRA_DE_MICROS\PROYECTO_2.X\PROYECTO_2.ASM 37 : Found label after column 1. (NIBBLE_H)
Warning[207] C:\USERS\CARLOS GIL\DESKTOP\UNIVERSIDAD\4TO SEMESTRE\PROGRAMACIÛN DE MICROCONTROLADORES\PROGRA_DE_MICROS\PROGRA_DE_MICROS\PROYECTO_2.X\PROYECTO_2.ASM 38 : Found label after column 1. (NIBBLE_L)
Warning[207] C:\USERS\CARLOS GIL\DESKTOP\UNIVERSIDAD\4TO SEMESTRE\PROGRAMACIÛN DE MICROCONTROLADORES\PROGRA_DE_MICROS\PROGRA_DE_MICROS\PROYECTO_2.X\PROYECTO_2.ASM 39 : Found label after column 1. (DISPLAY0)
Warning[207] C:\USERS\CARLOS GIL\DESKTOP\UNIVERSIDAD\4TO SEMESTRE\PROGRAMACIÛN DE MICROCONTROLADORES\PROGRA_DE_MICROS\PROGRA_DE_MICROS\PROYECTO_2.X\PROYECTO_2.ASM 40 : Found label after column 1. (DISPLAY1)
Warning[207] C:\USERS\CARLOS GIL\DESKTOP\UNIVERSIDAD\4TO SEMESTRE\PROGRAMACIÛN DE MICROCONTROLADORES\PROGRA_DE_MICROS\PROGRA_DE_MICROS\PROYECTO_2.X\PROYECTO_2.ASM 41 : Found label after column 1. (DISPLAY2)
Warning[207] C:\USERS\CARLOS GIL\DESKTOP\UNIVERSIDAD\4TO SEMESTRE\PROGRAMACIÛN DE MICROCONTROLADORES\PROGRA_DE_MICROS\PROGRA_DE_MICROS\PROYECTO_2.X\PROYECTO_2.ASM 42 : Found label after column 1. (DISPLAY3)
Warning[207] C:\USERS\CARLOS GIL\DESKTOP\UNIVERSIDAD\4TO SEMESTRE\PROGRAMACIÛN DE MICROCONTROLADORES\PROGRA_DE_MICROS\PROGRA_DE_MICROS\PROYECTO_2.X\PROYECTO_2.ASM 43 : Found label after column 1. (X)
Warning[207] C:\USERS\CARLOS GIL\DESKTOP\UNIVERSIDAD\4TO SEMESTRE\PROGRAMACIÛN DE MICROCONTROLADORES\PROGRA_DE_MICROS\PROGRA_DE_MICROS\PROYECTO_2.X\PROYECTO_2.ASM 44 : Found label after column 1. (Y)
Warning[203] C:\USERS\CARLOS GIL\DESKTOP\UNIVERSIDAD\4TO SEMESTRE\PROGRAMACIÛN DE MICROCONTROLADORES\PROGRA_DE_MICROS\PROGRA_DE_MICROS\PROYECTO_2.X\PROYECTO_2.ASM 162 : Found opcode in column 1. (CALL)
Warning[207] C:\USERS\CARLOS GIL\DESKTOP\UNIVERSIDAD\4TO SEMESTRE\PROGRAMACIÛN DE MICROCONTROLADORES\PROGRA_DE_MICROS\PROGRA_DE_MICROS\PROYECTO_2.X\PROYECTO_2.ASM 166 : Found label after column 1. (LOOP)
Warning[207] C:\USERS\CARLOS GIL\DESKTOP\UNIVERSIDAD\4TO SEMESTRE\PROGRAMACIÛN DE MICROCONTROLADORES\PROGRA_DE_MICROS\PROGRA_DE_MICROS\PROYECTO_2.X\PROYECTO_2.ASM 180 : Found label after column 1. (DISPLAY_0)
Warning[207] C:\USERS\CARLOS GIL\DESKTOP\UNIVERSIDAD\4TO SEMESTRE\PROGRAMACIÛN DE MICROCONTROLADORES\PROGRA_DE_MICROS\PROGRA_DE_MICROS\PROYECTO_2.X\PROYECTO_2.ASM 187 : Found label after column 1. (DISPLAY_1)
Warning[207] C:\USERS\CARLOS GIL\DESKTOP\UNIVERSIDAD\4TO SEMESTRE\PROGRAMACIÛN DE MICROCONTROLADORES\PROGRA_DE_MICROS\PROGRA_DE_MICROS\PROYECTO_2.X\PROYECTO_2.ASM 198 : Found label after column 1. (DISPLAY_2)
Warning[207] C:\USERS\CARLOS GIL\DESKTOP\UNIVERSIDAD\4TO SEMESTRE\PROGRAMACIÛN DE MICROCONTROLADORES\PROGRA_DE_MICROS\PROGRA_DE_MICROS\PROYECTO_2.X\PROYECTO_2.ASM 205 : Found label after column 1. (DISPLAY_3)
Warning[207] C:\USERS\CARLOS GIL\DESKTOP\UNIVERSIDAD\4TO SEMESTRE\PROGRAMACIÛN DE MICROCONTROLADORES\PROGRA_DE_MICROS\PROGRA_DE_MICROS\PROYECTO_2.X\PROYECTO_2.ASM 243 : Found label after column 1. (CONFIGURACION_TIMER2)
Message[302] C:\USERS\CARLOS GIL\DESKTOP\UNIVERSIDAD\4TO SEMESTRE\PROGRAMACIÛN DE MICROCONTROLADORES\PROGRA_DE_MICROS\PROGRA_DE_MICROS\PROYECTO_2.X\PROYECTO_2.ASM 257 : Register in operand not in bank 0.  Ensure that bank bits are correct.
Message[302] C:\USERS\CARLOS GIL\DESKTOP\UNIVERSIDAD\4TO SEMESTRE\PROGRAMACIÛN DE MICROCONTROLADORES\PROGRA_DE_MICROS\PROGRA_DE_MICROS\PROYECTO_2.X\PROYECTO_2.ASM 260 : Register in operand not in bank 0.  Ensure that bank bits are correct.
Message[302] C:\USERS\CARLOS GIL\DESKTOP\UNIVERSIDAD\4TO SEMESTRE\PROGRAMACIÛN DE MICROCONTROLADORES\PROGRA_DE_MICROS\PROGRA_DE_MICROS\PROYECTO_2.X\PROYECTO_2.ASM 261 : Register in operand not in bank 0.  Ensure that bank bits are correct.
Message[302] C:\USERS\CARLOS GIL\DESKTOP\UNIVERSIDAD\4TO SEMESTRE\PROGRAMACIÛN DE MICROCONTROLADORES\PROGRA_DE_MICROS\PROGRA_DE_MICROS\PROYECTO_2.X\PROYECTO_2.ASM 262 : Register in operand not in bank 0.  Ensure that bank bits are correct.
Message[302] C:\USERS\CARLOS GIL\DESKTOP\UNIVERSIDAD\4TO SEMESTRE\PROGRAMACIÛN DE MICROCONTROLADORES\PROGRA_DE_MICROS\PROGRA_DE_MICROS\PROYECTO_2.X\PROYECTO_2.ASM 263 : Register in operand not in bank 0.  Ensure that bank bits are correct.
Message[302] C:\USERS\CARLOS GIL\DESKTOP\UNIVERSIDAD\4TO SEMESTRE\PROGRAMACIÛN DE MICROCONTROLADORES\PROGRA_DE_MICROS\PROGRA_DE_MICROS\PROYECTO_2.X\PROYECTO_2.ASM 264 : Register in operand not in bank 0.  Ensure that bank bits are correct.
Message[302] C:\USERS\CARLOS GIL\DESKTOP\UNIVERSIDAD\4TO SEMESTRE\PROGRAMACIÛN DE MICROCONTROLADORES\PROGRA_DE_MICROS\PROGRA_DE_MICROS\PROYECTO_2.X\PROYECTO_2.ASM 266 : Register in operand not in bank 0.  Ensure that bank bits are correct.
Message[302] C:\USERS\CARLOS GIL\DESKTOP\UNIVERSIDAD\4TO SEMESTRE\PROGRAMACIÛN DE MICROCONTROLADORES\PROGRA_DE_MICROS\PROGRA_DE_MICROS\PROYECTO_2.X\PROYECTO_2.ASM 267 : Register in operand not in bank 0.  Ensure that bank bits are correct.
Warning[207] C:\USERS\CARLOS GIL\DESKTOP\UNIVERSIDAD\4TO SEMESTRE\PROGRAMACIÛN DE MICROCONTROLADORES\PROGRA_DE_MICROS\PROGRA_DE_MICROS\PROYECTO_2.X\PROYECTO_2.ASM 268 : Found label after column 1. (CONFIGURACION_TIMER0)
Message[302] C:\USERS\CARLOS GIL\DESKTOP\UNIVERSIDAD\4TO SEMESTRE\PROGRAMACIÛN DE MICROCONTROLADORES\PROGRA_DE_MICROS\PROGRA_DE_MICROS\PROYECTO_2.X\PROYECTO_2.ASM 271 : Register in operand not in bank 0.  Ensure that bank bits are correct.
Warning[207] C:\USERS\CARLOS GIL\DESKTOP\UNIVERSIDAD\4TO SEMESTRE\PROGRAMACIÛN DE MICROCONTROLADORES\PROGRA_DE_MICROS\PROGRA_DE_MICROS\PROYECTO_2.X\PROYECTO_2.ASM 273 : Found label after column 1. (CONFIGURACION_INTERRUPCION)
Message[302] C:\USERS\CARLOS GIL\DESKTOP\UNIVERSIDAD\4TO SEMESTRE\PROGRAMACIÛN DE MICROCONTROLADORES\PROGRA_DE_MICROS\PROGRA_DE_MICROS\PROYECTO_2.X\PROYECTO_2.ASM 275 : Register in operand not in bank 0.  Ensure that bank bits are correct.
Message[302] C:\USERS\CARLOS GIL\DESKTOP\UNIVERSIDAD\4TO SEMESTRE\PROGRAMACIÛN DE MICROCONTROLADORES\PROGRA_DE_MICROS\PROGRA_DE_MICROS\PROYECTO_2.X\PROYECTO_2.ASM 276 : Register in operand not in bank 0.  Ensure that bank bits are correct.
Message[302] C:\USERS\CARLOS GIL\DESKTOP\UNIVERSIDAD\4TO SEMESTRE\PROGRAMACIÛN DE MICROCONTROLADORES\PROGRA_DE_MICROS\PROGRA_DE_MICROS\PROYECTO_2.X\PROYECTO_2.ASM 280 : Register in operand not in bank 0.  Ensure that bank bits are correct.
Warning[207] C:\USERS\CARLOS GIL\DESKTOP\UNIVERSIDAD\4TO SEMESTRE\PROGRAMACIÛN DE MICROCONTROLADORES\PROGRA_DE_MICROS\PROGRA_DE_MICROS\PROYECTO_2.X\PROYECTO_2.ASM 282 : Found label after column 1. (CONFIGURACION_ADC)
Message[302] C:\USERS\CARLOS GIL\DESKTOP\UNIVERSIDAD\4TO SEMESTRE\PROGRAMACIÛN DE MICROCONTROLADORES\PROGRA_DE_MICROS\PROGRA_DE_MICROS\PROYECTO_2.X\PROYECTO_2.ASM 284 : Register in operand not in bank 0.  Ensure that bank bits are correct.
Message[302] C:\USERS\CARLOS GIL\DESKTOP\UNIVERSIDAD\4TO SEMESTRE\PROGRAMACIÛN DE MICROCONTROLADORES\PROGRA_DE_MICROS\PROGRA_DE_MICROS\PROYECTO_2.X\PROYECTO_2.ASM 286 : Register in operand not in bank 0.  Ensure that bank bits are correct.
Message[302] C:\USERS\CARLOS GIL\DESKTOP\UNIVERSIDAD\4TO SEMESTRE\PROGRAMACIÛN DE MICROCONTROLADORES\PROGRA_DE_MICROS\PROGRA_DE_MICROS\PROYECTO_2.X\PROYECTO_2.ASM 287 : Register in operand not in bank 0.  Ensure that bank bits are correct.
Message[302] C:\USERS\CARLOS GIL\DESKTOP\UNIVERSIDAD\4TO SEMESTRE\PROGRAMACIÛN DE MICROCONTROLADORES\PROGRA_DE_MICROS\PROGRA_DE_MICROS\PROYECTO_2.X\PROYECTO_2.ASM 297 : Register in operand not in bank 0.  Ensure that bank bits are correct.
Message[302] C:\USERS\CARLOS GIL\DESKTOP\UNIVERSIDAD\4TO SEMESTRE\PROGRAMACIÛN DE MICROCONTROLADORES\PROGRA_DE_MICROS\PROGRA_DE_MICROS\PROYECTO_2.X\PROYECTO_2.ASM 298 : Register in operand not in bank 0.  Ensure that bank bits are correct.
Warning[207] C:\USERS\CARLOS GIL\DESKTOP\UNIVERSIDAD\4TO SEMESTRE\PROGRAMACIÛN DE MICROCONTROLADORES\PROGRA_DE_MICROS\PROGRA_DE_MICROS\PROYECTO_2.X\PROYECTO_2.ASM 303 : Found label after column 1. (CONFIGURACION_TRANSMISOR_Y_RECEPTOR)
Warning[208] C:\USERS\CARLOS GIL\DESKTOP\UNIVERSIDAD\4TO SEMESTRE\PROGRAMACIÛN DE MICROCONTROLADORES\PROGRA_DE_MICROS\PROGRA_DE_MICROS\PROYECTO_2.X\PROYECTO_2.ASM 303 : Label truncated at 32 characters. (CONFIGURACION_TRANSMISOR_Y_RECEPTOR)
Message[302] C:\USERS\CARLOS GIL\DESKTOP\UNIVERSIDAD\4TO SEMESTRE\PROGRAMACIÛN DE MICROCONTROLADORES\PROGRA_DE_MICROS\PROGRA_DE_MICROS\PROYECTO_2.X\PROYECTO_2.ASM 305 : Register in operand not in bank 0.  Ensure that bank bits are correct.
Message[302] C:\USERS\CARLOS GIL\DESKTOP\UNIVERSIDAD\4TO SEMESTRE\PROGRAMACIÛN DE MICROCONTROLADORES\PROGRA_DE_MICROS\PROGRA_DE_MICROS\PROYECTO_2.X\PROYECTO_2.ASM 306 : Register in operand not in bank 0.  Ensure that bank bits are correct.
Message[302] C:\USERS\CARLOS GIL\DESKTOP\UNIVERSIDAD\4TO SEMESTRE\PROGRAMACIÛN DE MICROCONTROLADORES\PROGRA_DE_MICROS\PROGRA_DE_MICROS\PROYECTO_2.X\PROYECTO_2.ASM 307 : Register in operand not in bank 0.  Ensure that bank bits are correct.
Message[302] C:\USERS\CARLOS GIL\DESKTOP\UNIVERSIDAD\4TO SEMESTRE\PROGRAMACIÛN DE MICROCONTROLADORES\PROGRA_DE_MICROS\PROGRA_DE_MICROS\PROYECTO_2.X\PROYECTO_2.ASM 310 : Register in operand not in bank 0.  Ensure that bank bits are correct.
Message[302] C:\USERS\CARLOS GIL\DESKTOP\UNIVERSIDAD\4TO SEMESTRE\PROGRAMACIÛN DE MICROCONTROLADORES\PROGRA_DE_MICROS\PROGRA_DE_MICROS\PROYECTO_2.X\PROYECTO_2.ASM 314 : Register in operand not in bank 0.  Ensure that bank bits are correct.
Message[302] C:\USERS\CARLOS GIL\DESKTOP\UNIVERSIDAD\4TO SEMESTRE\PROGRAMACIÛN DE MICROCONTROLADORES\PROGRA_DE_MICROS\PROGRA_DE_MICROS\PROYECTO_2.X\PROYECTO_2.ASM 315 : Register in operand not in bank 0.  Ensure that bank bits are correct.
Message[302] C:\USERS\CARLOS GIL\DESKTOP\UNIVERSIDAD\4TO SEMESTRE\PROGRAMACIÛN DE MICROCONTROLADORES\PROGRA_DE_MICROS\PROGRA_DE_MICROS\PROYECTO_2.X\PROYECTO_2.ASM 316 : Register in operand not in bank 0.  Ensure that bank bits are correct.
