MPASM 5.77                    PROYECTO_2.ASM   10-20-2020  22:03:11         PAGE  1


LOC  OBJECT CODE     LINE SOURCE TEXT
  VALUE

                      00001 ;*******************************************************************************                        
                                                                           *
                      00002 ;    Filename:              Proyecto_2.0.asm                              *
                      00003 ;    Date:                  08/09/2020                                         *
                      00004 ;    File Version:          v.1                                                *
                      00005 ;    Author:                Carlos Gil                      *
                      00006 ;    Company:               UVG                                                *
                      00007 ;    Description:           Interfaz grâfica                                                            
                                                                            *
                      00008 ;*******************************************************************************
                      00009 #include "p16f887.inc"
                      00001         LIST
                      00002 
                      00003 ;==========================================================================
                      00004 ; Build date : Nov 22 2017
                      00005 ;  MPASM PIC16F887 processor include
                      00006 ; 
                      00007 ;  (c) Copyright 1999-2017 Microchip Technology, All rights reserved
                      00008 ;==========================================================================
                      00009 
                      00810         LIST
                      00010 
                      00011 ; CONFIG1
                      00012 ; __config 0x20D4
2007   20D4           00013  __CONFIG _CONFIG1, _FOSC_INTRC_NOCLKOUT & _WDTE_OFF & _PWRTE_OFF & _MCLRE_OFF & _CP_OFF & _CPD_OFF & _B
                            OREN_OFF & _IESO_OFF & _FCMEN_OFF & _LVP_OFF
                      00014 ; CONFIG2
                      00015 ; __config 0x3FFF
2008   3FFF           00016  __CONFIG _CONFIG2, _BOR4V_BOR40V & _WRT_OFF
                      00017  ;****************************************************************************** 
                      00018  ; variables
                      00019  ;******************************************************************************
                      00020 GPR_VAR         UDATA
Warning[207]: Found label after column 1. (UNIDADES)
0000                  00021     UNIDADES    RES     1
Warning[207]: Found label after column 1. (CONT2)
0001                  00022     CONT2       RES     1
Warning[207]: Found label after column 1. (CONT3)
0002                  00023     CONT3       RES     1
Warning[207]: Found label after column 1. (CONT4)
0003                  00024     CONT4       RES     1
Warning[207]: Found label after column 1. (CONT6)
0004                  00025     CONT6       RES     1
Warning[207]: Found label after column 1. (CONT7)
0005                  00026     CONT7       RES     1
Warning[207]: Found label after column 1. (CONT8)
0006                  00027     CONT8       RES     1
Warning[207]: Found label after column 1. (CONT9)
0007                  00028     CONT9       RES     1
Warning[207]: Found label after column 1. (CONT10)
0008                  00029     CONT10      RES     1
Warning[207]: Found label after column 1. (CONT11)
0009                  00030     CONT11      RES     1
MPASM 5.77                    PROYECTO_2.ASM   10-20-2020  22:03:11         PAGE  2


LOC  OBJECT CODE     LINE SOURCE TEXT
  VALUE

Warning[207]: Found label after column 1. (CONT12)
000A                  00031     CONT12      RES     1
Warning[207]: Found label after column 1. (CONT13)
000B                  00032     CONT13      RES     1
Warning[207]: Found label after column 1. (W_TEMP)
000C                  00033     W_TEMP      RES     1
Warning[207]: Found label after column 1. (STATUS_TEMP)
000D                  00034     STATUS_TEMP RES     1
Warning[207]: Found label after column 1. (INDICADOR)
000E                  00035     INDICADOR   RES     1
Warning[207]: Found label after column 1. (INDICADOR2)
000F                  00036     INDICADOR2  RES     1
Warning[207]: Found label after column 1. (NIBBLE_H)
0010                  00037     NIBBLE_H    RES     1
Warning[207]: Found label after column 1. (NIBBLE_L)
0011                  00038     NIBBLE_L    RES     1
Warning[207]: Found label after column 1. (DISPLAY0)
0012                  00039     DISPLAY0    RES     1
Warning[207]: Found label after column 1. (DISPLAY1)
0013                  00040     DISPLAY1    RES     1
Warning[207]: Found label after column 1. (DISPLAY2)
0014                  00041     DISPLAY2    RES     1
Warning[207]: Found label after column 1. (DISPLAY3)
0015                  00042     DISPLAY3    RES     1
Warning[207]: Found label after column 1. (X)
0016                  00043     X           RES     1
Warning[207]: Found label after column 1. (Y)
0017                  00044     Y           RES     1
                      00045 ;*******************************************************************************
                      00046 ; Reset Vector
                      00047 ;*******************************************************************************
                      00048 RES_VECT  CODE    0x0000            ; processor reset vector
0000   2???           00049     GOTO    START   
                      00050 ISR_VECT  CODE    0x0004
0004                  00051 PUSH:
0004   138B           00052     BCF     INTCON, GIE
0005   00??           00053     MOVWF   W_TEMP
0006   0E03           00054     SWAPF   STATUS, W
0007   00??           00055     MOVWF   STATUS_TEMP
0008                  00056 ISR:
0008   190B           00057     BTFSC   INTCON, T0IF
0009   2???           00058     CALL    INTERRUPCION_TMRO
000A   1B0C           00059     BTFSC   PIR1, ADIF
000B   2???           00060     CALL    INTERRUPCION_ADC
000C   188C           00061     BTFSC   PIR1, TMR2IF
000D   2???           00062     CALL    INTERRUPCION_TMR2
000E   1A8C           00063     BTFSC   PIR1, RCIF
000F   2???           00064     CALL    INTERRUPCION_RECIBIR
0010                  00065 POP:
0010   0E??           00066     SWAPF   STATUS_TEMP, W
0011   0083           00067     MOVWF   STATUS 
0012   0E??           00068     SWAPF   W_TEMP, F
0013   0E??           00069     SWAPF   W_TEMP, W
MPASM 5.77                    PROYECTO_2.ASM   10-20-2020  22:03:11         PAGE  3


LOC  OBJECT CODE     LINE SOURCE TEXT
  VALUE

0014   0009           00070     RETFIE
                      00071 
0015                  00072 INTERRUPCION_TMRO:
0015   30F8           00073     MOVLW   .248    ;valor para una interrupcion cada 2ms
0016   0081           00074     MOVWF   TMR0
0017   110B           00075     BCF     INTCON, T0IF 
0018   2???           00076     CALL    DISPLAY_VAR ;rutina que muxea la se;al en los 4 display cada 2ms
                      00077     ;CALL    SEP_NIBBLES 
0019   0008           00078     RETURN 
                      00079     
001A                  00080 INTERRUPCION_ADC:
001A   1C00           00081     BTFSS   CONT3, 0
001B   2???           00082     GOTO    INTERRUPCION_Y
001C                  00083 INTERRUPCION_X:
001C   2???           00084     CALL    CONFIGURACION_ADC_X
001D   081E           00085     MOVF    ADRESH, W   ;GUARDO ADRESH PORTB
001E   00??           00086     MOVWF   X
001F   130C           00087     BCF     PIR1, ADIF
0020   149F           00088     BSF     ADCON0, 1
0021   1000           00089     BCF     CONT3, 0
0022   0008           00090     RETURN
0023                  00091 INTERRUPCION_Y:
0023   2???           00092     CALL    CONFIGURACION_ADC_Y
0024   081E           00093     MOVF    ADRESH, W   ;GUARDO ADRESH PORTB
0025   00??           00094     MOVWF   Y
0026   130C           00095     BCF     PIR1, ADIF
0027   149F           00096     BSF     ADCON0, 1
0028   1400           00097     BSF     CONT3, 0
0029   0008           00098     RETURN
                      00099         
002A                  00100 INTERRUPCION_RECIBIR:
002A   081A           00101     MOVFW   RCREG
002B   0086           00102     MOVWF   PORTB
002C   0008           00103     RETURN 
                      00104     
002D                  00105 INTERRUPCION_TMR2:
002D   108C           00106     BCF     PIR1, TMR2IF
002E   1A0C           00107     BTFSC   PIR1, TXIF 
002F   2???           00108     CALL    INTERRUPCION_TX
0030   0008           00109     RETURN
                      00110 ;*******************************************************************************
                      00111 ; TABLA
                      00112 ;*******************************************************************************
0031                  00113 TABLA:
0031   390F           00114     ANDLW   b'00001111' ; mascara
0032   0782           00115     ADDWF   PCL, F
0033   3488           00116     RETLW   b'10001000' ; 0
0034   34EB           00117     RETLW   b'11101011' ; 1
0035   344C           00118     RETLW   b'01001100' ; 2
0036   3449           00119     RETLW   b'01001001' ; 3
0037   342B           00120     RETLW   b'00101011' ; 4
0038   3419           00121     RETLW   b'00011001' ; 5
0039   3418           00122     RETLW   b'00011000' ; 6
MPASM 5.77                    PROYECTO_2.ASM   10-20-2020  22:03:11         PAGE  4


LOC  OBJECT CODE     LINE SOURCE TEXT
  VALUE

003A   34CB           00123     RETLW   b'11001011' ; 7
003B   3408           00124     RETLW   b'00001000' ; 8
003C   340B           00125     RETLW   b'00001011' ; 9
003D   3402           00126     RETLW   b'00000010' ; A
003E   3430           00127     RETLW   b'00110000' ; b
003F   3494           00128     RETLW   b'10010100' ; C
0040   3460           00129     RETLW   b'01100000' ; d
0041   3414           00130     RETLW   b'00010100' ; E
0042   3416           00131     RETLW   b'00010110' ; F
                      00132 ;*******************************************************************************
                      00133 ; MAIN PROGRAM
                      00134 ;*******************************************************************************
                      00135 MAIN_PROG   CODE     0x0100                 ; let linker place main program
0100                  00136 START
Warning[203]: Found opcode in column 1. (CALL)
0100   2???           00137 CALL SETUP
                      00138 ;*******************************************************************************
                      00139 ; MAIN LOOP
                      00140 ;*******************************************************************************
Warning[207]: Found label after column 1. (LOOP)
0101                  00141  LOOP:
0101   2???           00142     GOTO LOOP 
                      00143 ;******************MUXEAR LOS 2 DISPLAY*****************************************
0102                  00144 DISPLAY_VAR:
0102   1085           00145     BCF     PORTA, RA1      
0103   1105           00146     BCF     PORTA, RA2
0104   1185           00147     BCF     PORTA, RA3
0105   1205           00148     BCF     PORTA, RA4
0106   1880           00149     BTFSC   INDICADOR, 1    
0107   2???           00150     GOTO    DISPLAY_2Y3
0108                  00151 DISPLAY_0Y1:
0108   1800           00152     BTFSC   INDICADOR, 0
0109   2???           00153     GOTO    DISPLAY_1
010A   1480           00154     BSF     INDICADOR, 1
Warning[207]: Found label after column 1. (DISPLAY_0)
010B                  00155     DISPLAY_0:
010B   08??           00156         MOVFW   DISPLAY0
010C   2???           00157         CALL    TABLA
010D   0088           00158         MOVWF   PORTD
010E   1605           00159         BSF     PORTA, RA4
010F   1400           00160         BSF     INDICADOR, 0
0110   0008           00161         RETURN
Warning[207]: Found label after column 1. (DISPLAY_1)
0111                  00162     DISPLAY_1:
0111   08??           00163         MOVFW   DISPLAY1
0112   2???           00164         CALL    TABLA
0113   0088           00165         MOVWF   PORTD
0114   1485           00166         BSF     PORTA, RA1
0115   1000           00167         BCF     INDICADOR, 0
0116   0008           00168         RETURN
0117                  00169 DISPLAY_2Y3:
0117   1800           00170     BTFSC   INDICADOR, 0
0118   2???           00171     GOTO    DISPLAY_3
MPASM 5.77                    PROYECTO_2.ASM   10-20-2020  22:03:11         PAGE  5


LOC  OBJECT CODE     LINE SOURCE TEXT
  VALUE

0119   1080           00172     BCF     INDICADOR, 1
Warning[207]: Found label after column 1. (DISPLAY_2)
011A                  00173     DISPLAY_2:
011A   08??           00174         MOVFW   DISPLAY2
011B   2???           00175         CALL    TABLA
011C   0088           00176         MOVWF   PORTD
011D   1505           00177         BSF     PORTA, RA2
011E   1400           00178         BSF     INDICADOR, 0
011F   0008           00179         RETURN
Warning[207]: Found label after column 1. (DISPLAY_3)
0120                  00180     DISPLAY_3:
0120   08??           00181         MOVFW   DISPLAY3
0121   2???           00182         CALL    TABLA
0122   0088           00183         MOVWF   PORTD
0123   1585           00184         BSF     PORTA, RA3
0124   1000           00185         BCF     INDICADOR, 0
0125   0008           00186         RETURN
                      00187 
0126                  00188 SEP_NIBBLES:
0126   08??           00189     MOVFW   X
0127   00??           00190     MOVWF   DISPLAY0
0128   0E??           00191     SWAPF   Y, W
0129   00??           00192     MOVWF   DISPLAY1
012A   08??           00193     MOVFW   Y 
012B   00??           00194     MOVWF   DISPLAY2
012C   0E??           00195     SWAPF   Y, W
012D   00??           00196     MOVWF   DISPLAY3
012E   0008           00197     RETURN
                      00198     
012F                  00199 INTERRUPCION_TX:
012F   3003           00200     MOVLW   .3
0130   02??           00201     SUBWF   CONT7, W
0131   1903           00202     BTFSC   STATUS, Z 
0132   2???           00203     GOTO    ESPACIO 
0133   3002           00204     MOVLW   .2
0134   02??           00205     SUBWF   CONT7, W
0135   1903           00206     BTFSC   STATUS, Z 
0136   2???           00207     GOTO    MANDAR_Y 
0137   3001           00208     MOVLW   .1
0138   02??           00209     SUBWF   CONT7, W
0139   1903           00210     BTFSC   STATUS, Z 
013A   2???           00211     GOTO    COMA
013B                  00212 MANDAR_X:
013B   08??           00213     MOVFW   X
013C   0099           00214     MOVWF   TXREG
Message[305]: Using default destination of 1 (file).
013D   0A??           00215     INCF    CONT7
013E   0008           00216     RETURN
013F                  00217 MANDAR_Y:
013F   08??           00218     MOVFW   Y
0140   0099           00219     MOVWF   TXREG
Message[305]: Using default destination of 1 (file).
0141   0A??           00220     INCF    CONT7
MPASM 5.77                    PROYECTO_2.ASM   10-20-2020  22:03:11         PAGE  6


LOC  OBJECT CODE     LINE SOURCE TEXT
  VALUE

0142   0008           00221     RETURN 
0143                  00222 COMA:
0143   302C           00223     MOVLW   .44
0144   0099           00224     MOVWF   TXREG
Message[305]: Using default destination of 1 (file).
0145   0A??           00225     INCF    CONT7
0146   0008           00226     RETURN 
0147                  00227 ESPACIO:
0147   300A           00228     MOVLW   .10
0148   0099           00229     MOVWF   TXREG
0149   01??           00230     CLRF    CONT7
014A   0008           00231     RETURN 
                      00232 ;****************************CONFIGURACION**************************************
014B                  00233 CONFIGURACION_ADC_X:
014B   1283 1303      00234     BANKSEL ADCON0 
014D   121F           00235     BCF     ADCON0, 4
014E   0008           00236     RETURN 
014F                  00237 CONFIGURACION_ADC_Y:
014F   1283 1303      00238     BANKSEL ADCON0 
0151   161F           00239     BSF     ADCON0, 4
0152   0008           00240     RETURN
                      00241 
0153                  00242 SETUP:
0153   1283 1303      00243     BANKSEL PORTA  ; BANCO 0
0155   0185           00244     CLRF    PORTA  ; BORRA EL PUERTO A
0156   0186           00245     CLRF    PORTB  ; BORRA EL PUERTO B
0157   0187           00246     CLRF    PORTC 
0158   0188           00247     CLRF    PORTD  
0159   0189           00248     CLRF    PORTE
015A   1103           00249     BCF     STATUS, Z
                      00250 ;***********************TMR2****************************************************
Warning[207]: Found label after column 1. (CONFIGURACION_TIMER2)
015B                  00251    CONFIGURACION_TIMER2:
015B   30FF           00252     MOVLW   b'11111111'
015C   0092           00253     MOVWF   T2CON
                      00254  ;**************timer1**********************************************************   
015D   0190           00255     CLRF    T1CON
015E   1410           00256     BSF        T1CON,0      ; HABILITAMOS EL TIMER 1 (TMR1ON=1)
015F   1090           00257     BCF        T1CON,1      ; OSCILADOR INTERNO 
0160   1190           00258     BCF        T1CON,3      ; NO HABILITA EL OSCILADOR DEL TIMER 1 (T1OSCEN=0)
0161   1610           00259     BSF        T1CON,4      ; PRE DIVISOR DE FRECUENCIA EN 8 (T1CKPS0=0)
0162   1690           00260     BSF        T1CON,5  
                      00261  ;******************************************************************************
                      00262  
                      00263     
0163   1683 1703      00264     BANKSEL ANSEL   ; BANCO 3 
Message[302]: Register in operand not in bank 0.  Ensure that bank bits are correct.
0165   0189           00265     CLRF    ANSELH  ; BORRA EL CONTROL DE ENTRADAS ANALÓGICAS
                      00266     
0166   1683 1303      00267     BANKSEL TRISA   ; BANCO 1
Message[302]: Register in operand not in bank 0.  Ensure that bank bits are correct.
0168   0185           00268     CLRF    TRISA  
Message[302]: Register in operand not in bank 0.  Ensure that bank bits are correct.
MPASM 5.77                    PROYECTO_2.ASM   10-20-2020  22:03:11         PAGE  7


LOC  OBJECT CODE     LINE SOURCE TEXT
  VALUE

0169   0186           00269     CLRF    TRISB
Message[302]: Register in operand not in bank 0.  Ensure that bank bits are correct.
016A   0187           00270     CLRF    TRISC  
Message[302]: Register in operand not in bank 0.  Ensure that bank bits are correct.
016B   0188           00271     CLRF    TRISD
Message[302]: Register in operand not in bank 0.  Ensure that bank bits are correct.
016C   0189           00272     CLRF    TRISE
Message[302]: Register in operand not in bank 0.  Ensure that bank bits are correct.
016D   170C           00273     BSF     PIE1, ADIE
                      00274     ;BSF            PIE1, TXIE
Message[302]: Register in operand not in bank 0.  Ensure that bank bits are correct.
016E   168C           00275     BSF     PIE1, RCIE
Warning[207]: Found label after column 1. (CONFIGURACION_TIMER0)
016F                  00276     CONFIGURACION_TIMER0:
016F   0064           00277     CLRWDT              ; CONFIGURACIÓN PARA EL FUNCIONAMIENTO DEL TIMER0
0170   3057           00278     MOVLW   b'01010111' ; PARA LA CONFIGURACIÓN DEL TIMER0, EL BIT 7 NO IMPORTA. SIN EMBARGO, SE COLOCA 
                            EN 0 PARA NO ARRUINAR LA INSTRUCCIÓN DE LA LÍNEA 132 -PARA EL FUNCIONAMIENTO DE PULL UPS-
Message[302]: Register in operand not in bank 0.  Ensure that bank bits are correct.
0171   0081           00279     MOVWF   OPTION_REG
                      00280        
Warning[207]: Found label after column 1. (CONFIGURACION_INTERRUPCION)
0172                  00281     CONFIGURACION_INTERRUPCION:
0172   1683 1303      00282     BANKSEL TRISA
Message[302]: Register in operand not in bank 0.  Ensure that bank bits are correct.
0174   140C           00283     BSF     PIE1, TMR1IE; HABILITA INTERRUPCION DEL TIMER1
Message[302]: Register in operand not in bank 0.  Ensure that bank bits are correct.
0175   148C           00284     BSF     PIE1, TMR2IE; HABILITA COMPARACION ENTRE PR2 Y TIMER2
0176   168B           00285     BSF     INTCON, T0IE
0177   170B           00286     BSF     INTCON, PEIE
0178   3032           00287     MOVLW   .50 ; PARA TMR2 FUNCIONAR CON 50ms
Message[302]: Register in operand not in bank 0.  Ensure that bank bits are correct.
0179   0092           00288     MOVWF   PR2
                      00289     
Warning[207]: Found label after column 1. (CONFIGURACION_ADC)
017A                  00290     CONFIGURACION_ADC:
017A   1683 1303      00291     BANKSEL ADCON1 ;
Message[302]: Register in operand not in bank 0.  Ensure that bank bits are correct.
017C   019F           00292     CLRF    ADCON1
017D   1683 1303      00293     BANKSEL TRISA ;
Message[302]: Register in operand not in bank 0.  Ensure that bank bits are correct.
017F   1405           00294     BSF     TRISA,0
Message[302]: Register in operand not in bank 0.  Ensure that bank bits are correct.
0180   1685           00295     BSF     TRISA,5
0181   1283 1303      00296     BANKSEL ADCON0
0183   179F           00297     BSF     ADCON0, 7
0184   141F           00298     BSF     ADCON0, ADON
0185   149F           00299     BSF     ADCON0, GO
0186   131F           00300     BCF     ADCON0, 6
0187   129F           00301     BCF     ADCON0, 5
0188   119F           00302     BCF     ADCON0, 3
0189   111F           00303     BCF     ADCON0, 2
018A   1683 1703      00304     BANKSEL ANSEL ;
Message[302]: Register in operand not in bank 0.  Ensure that bank bits are correct.
MPASM 5.77                    PROYECTO_2.ASM   10-20-2020  22:03:11         PAGE  8


LOC  OBJECT CODE     LINE SOURCE TEXT
  VALUE

018C   1408           00305     BSF     ANSEL,0
Message[302]: Register in operand not in bank 0.  Ensure that bank bits are correct.
018D   1688           00306     BSF     ANSEL, 5;Set RA0 to analog
018E   1283 1303      00307     BANKSEL PORTA
0190   178B           00308     BSF     INTCON, GIE ; HABILITA LAS INTERRUPCIONES
0191   110B           00309     BCF     INTCON, T0IF; PARA ASEGURARSE DE QUE NO TENGA OVERFLOW AL INICI
                      00310      
Warning[207]: Found label after column 1. (CONFIGURACION_TRANSMISOR_Y_RECEPTOR)
Warning[208]: Label truncated at 32 characters. (CONFIGURACION_TRANSMISOR_Y_RECEPTOR)
0192                  00311     CONFIGURACION_TRANSMISOR_Y_RECEPTOR:
0192   1683 1303      00312     BANKSEL TRISA
Message[302]: Register in operand not in bank 0.  Ensure that bank bits are correct.
0194   1318           00313     BCF     TXSTA, TX9    
Message[302]: Register in operand not in bank 0.  Ensure that bank bits are correct.
0195   1218           00314     BCF     TXSTA, SYNC     
Message[302]: Register in operand not in bank 0.  Ensure that bank bits are correct.
0196   1518           00315     BSF     TXSTA, BRGH      
                      00316 
0197   1683 1703      00317     BANKSEL ANSEL
Message[302]: Register in operand not in bank 0.  Ensure that bank bits are correct.
0199   1187           00318     BCF     BAUDCTL, BRG16  
                      00319     
019A   1683 1303      00320     BANKSEL TRISA
019C   3019           00321     MOVLW   .25
Message[302]: Register in operand not in bank 0.  Ensure that bank bits are correct.
019D   0099           00322     MOVWF   SPBRG           
Message[302]: Register in operand not in bank 0.  Ensure that bank bits are correct.
019E   019A           00323     CLRF    SPBRGH          
Message[302]: Register in operand not in bank 0.  Ensure that bank bits are correct.
019F   1698           00324     BSF     TXSTA, TXEN
                      00325 
01A0   1283 1303      00326     BANKSEL PORTA
01A2   1798           00327     BSF     RCSTA, SPEN
01A3   1318           00328     BCF     RCSTA, RX9
01A4   1618           00329     BSF     RCSTA, CREN
                      00330     
01A5   1283 1303      00331     BANKSEL PORTA
01A7   178B           00332     BSF     INTCON, GIE ; HABILITA LAS INTERRUPCIONES
01A8   110B           00333     BCF     INTCON, T0IF; PARA ASEGURARSE DE QUE NO TENGA OVERFLOW AL INICIO
01A9   100C           00334     BCF     PIR1, TMR1IF
01AA   108C           00335     BCF     PIR1, TMR2IF
01AB   0187           00336     CLRF    PORTC
01AC   0185           00337     CLRF    PORTA
01AD   0186           00338     CLRF    PORTB 
01AE   0188           00339     CLRF    PORTD
01AF   0189           00340     CLRF    PORTE
                      00341   ;****************SE DECLARAN LOS VALORES INICIALES DE LAS VARIABLES *********  
01B0   01??           00342     CLRF    CONT2
01B1   01??           00343     CLRF    CONT3
01B2   01??           00344     CLRF    CONT4
01B3   01??           00345     CLRF    CONT6
01B4   01??           00346     CLRF    CONT7
01B5   01??           00347     CLRF    CONT8
MPASM 5.77                    PROYECTO_2.ASM   10-20-2020  22:03:11         PAGE  9


LOC  OBJECT CODE     LINE SOURCE TEXT
  VALUE

01B6   01??           00348     CLRF    CONT9
01B7   01??           00349     CLRF    CONT10
01B8   01??           00350     CLRF    CONT11
01B9   01??           00351     CLRF    CONT12
01BA   01??           00352     CLRF    CONT13
01BB   01??           00353     CLRF    DISPLAY0
01BC   01??           00354     CLRF    DISPLAY1
01BD   01??           00355     CLRF    DISPLAY2
01BE   01??           00356     CLRF    DISPLAY3
01BF   01??           00357     CLRF    UNIDADES 
01C0   01??           00358     CLRF    X
01C1   01??           00359     CLRF    Y
01C2   0008           00360     RETURN 
                      00361 ;*******************************************************************************
                      00362 
20D4 3FFF             00363   END
MPASM 5.77                    PROYECTO_2.ASM   10-20-2020  22:03:11         PAGE 10


SYMBOL TABLE
  LABEL                             VALUE 

ABDEN                             00000000
ABDOVF                            00000007
ACKDT                             00000005
ACKEN                             00000004
ACKSTAT                           00000006
ADCON0                            0000001F
ADCON1                            0000009F
ADCS0                             00000006
ADCS1                             00000007
ADDEN                             00000003
ADFM                              00000007
ADIE                              00000006
ADIF                              00000006
ADON                              00000000
ADRESH                            0000001E
ADRESL                            0000009E
ANS0                              00000000
ANS1                              00000001
ANS10                             00000002
ANS11                             00000003
ANS12                             00000004
ANS13                             00000005
ANS2                              00000002
ANS3                              00000003
ANS4                              00000004
ANS5                              00000005
ANS6                              00000006
ANS7                              00000007
ANS8                              00000000
ANS9                              00000001
ANSEL                             00000188
ANSELH                            00000189
BAUDCTL                           00000187
BCLIE                             00000003
BCLIF                             00000003
BF                                00000000
BRG0                              00000000
BRG1                              00000001
BRG10                             00000002
BRG11                             00000003
BRG12                             00000004
BRG13                             00000005
BRG14                             00000006
BRG15                             00000007
BRG16                             00000003
BRG2                              00000002
BRG3                              00000003
BRG4                              00000004
BRG5                              00000005
BRG6                              00000006
BRG7                              00000007
BRG8                              00000000
BRG9                              00000001
MPASM 5.77                    PROYECTO_2.ASM   10-20-2020  22:03:11         PAGE 11


SYMBOL TABLE
  LABEL                             VALUE 

BRGH                              00000002
C                                 00000000
C1CH0                             00000000
C1CH1                             00000001
C1IE                              00000005
C1IF                              00000005
C1OE                              00000005
C1ON                              00000007
C1OUT                             00000006
C1POL                             00000004
C1R                               00000002
C1RSEL                            00000005
C1SEN                             00000005
C2CH0                             00000000
C2CH1                             00000001
C2IE                              00000006
C2IF                              00000006
C2OE                              00000005
C2ON                              00000007
C2OUT                             00000006
C2POL                             00000004
C2R                               00000002
C2REN                             00000004
C2RSEL                            00000004
C2SYNC                            00000000
CCP1CON                           00000017
CCP1IE                            00000002
CCP1IF                            00000002
CCP1M0                            00000000
CCP1M1                            00000001
CCP1M2                            00000002
CCP1M3                            00000003
CCP1X                             00000005
CCP1Y                             00000004
CCP2CON                           0000001D
CCP2IE                            00000000
CCP2IF                            00000000
CCP2M0                            00000000
CCP2M1                            00000001
CCP2M2                            00000002
CCP2M3                            00000003
CCP2X                             00000005
CCP2Y                             00000004
CCPR1                             00000015
CCPR1H                            00000016
CCPR1L                            00000015
CCPR2                             0000001B
CCPR2H                            0000001C
CCPR2L                            0000001B
CHS0                              00000002
CHS1                              00000003
CHS2                              00000004
CHS3                              00000005
MPASM 5.77                    PROYECTO_2.ASM   10-20-2020  22:03:11         PAGE 12


SYMBOL TABLE
  LABEL                             VALUE 

CKE                               00000006
CKP                               00000004
CM1CON0                           00000107
CM2CON0                           00000108
CM2CON1                           00000109
COMA                              00000143
CONFIGURACION_ADC                 0000017A
CONFIGURACION_ADC_X               0000014B
CONFIGURACION_ADC_Y               0000014F
CONFIGURACION_INTERRUPCION        00000172
CONFIGURACION_TIMER0              0000016F
CONFIGURACION_TIMER2              0000015B
CONFIGURACION_TRANSMISOR_Y_RECEP  00000192
CONT10                            00000008
CONT11                            00000009
CONT12                            0000000A
CONT13                            0000000B
CONT2                             00000001
CONT3                             00000002
CONT4                             00000003
CONT6                             00000004
CONT7                             00000005
CONT8                             00000006
CONT9                             00000007
CREN                              00000004
CSRC                              00000007
D                                 00000005
DATA_ADDRESS                      00000005
DC                                00000001
DC1B0                             00000004
DC1B1                             00000005
DC2B0                             00000004
DC2B1                             00000005
DISPLAY0                          00000012
DISPLAY1                          00000013
DISPLAY2                          00000014
DISPLAY3                          00000015
DISPLAY_0                         0000010B
DISPLAY_0Y1                       00000108
DISPLAY_1                         00000111
DISPLAY_2                         0000011A
DISPLAY_2Y3                       00000117
DISPLAY_3                         00000120
DISPLAY_VAR                       00000102
D_A                               00000005
D_NOT_A                           00000005
ECCPAS                            0000009C
ECCPAS0                           00000004
ECCPAS1                           00000005
ECCPAS2                           00000006
ECCPASE                           00000007
EEADR                             0000010D
EEADRH                            0000010F
MPASM 5.77                    PROYECTO_2.ASM   10-20-2020  22:03:11         PAGE 13


SYMBOL TABLE
  LABEL                             VALUE 

EECON1                            0000018C
EECON2                            0000018D
EEDAT                             0000010C
EEDATA                            0000010C
EEDATH                            0000010E
EEIE                              00000004
EEIF                              00000004
EEPGD                             00000007
ESPACIO                           00000147
F                                 00000001
FERR                              00000002
FSR                               00000004
FVREN                             00000000
GCEN                              00000007
GIE                               00000007
GO                                00000001
GO_DONE                           00000001
GO_NOT_DONE                       00000001
HTS                               00000002
I2C_DATA                          00000005
I2C_READ                          00000002
I2C_START                         00000003
I2C_STOP                          00000004
INDF                              00000000
INDICADOR                         0000000E
INDICADOR2                        0000000F
INTCON                            0000000B
INTE                              00000004
INTEDG                            00000006
INTERRUPCION_ADC                  0000001A
INTERRUPCION_RECIBIR              0000002A
INTERRUPCION_TMR2                 0000002D
INTERRUPCION_TMRO                 00000015
INTERRUPCION_TX                   0000012F
INTERRUPCION_X                    0000001C
INTERRUPCION_Y                    00000023
INTF                              00000001
IOCB                              00000096
IOCB0                             00000000
IOCB1                             00000001
IOCB2                             00000002
IOCB3                             00000003
IOCB4                             00000004
IOCB5                             00000005
IOCB6                             00000006
IOCB7                             00000007
IRCF0                             00000004
IRCF1                             00000005
IRCF2                             00000006
IRP                               00000007
ISR                               00000008
LOOP                              00000101
LTS                               00000001
MPASM 5.77                    PROYECTO_2.ASM   10-20-2020  22:03:11         PAGE 14


SYMBOL TABLE
  LABEL                             VALUE 

MANDAR_X                          0000013B
MANDAR_Y                          0000013F
MC1OUT                            00000007
MC2OUT                            00000006
MSK                               00000093
MSK0                              00000000
MSK1                              00000001
MSK2                              00000002
MSK3                              00000003
MSK4                              00000004
MSK5                              00000005
MSK6                              00000006
MSK7                              00000007
NIBBLE_H                          00000010
NIBBLE_L                          00000011
NOT_A                             00000005
NOT_ADDRESS                       00000005
NOT_BO                            00000000
NOT_BOR                           00000000
NOT_DONE                          00000001
NOT_PD                            00000003
NOT_POR                           00000001
NOT_RBPU                          00000007
NOT_RC8                           00000006
NOT_T1SYNC                        00000002
NOT_TO                            00000004
NOT_TX8                           00000006
NOT_W                             00000002
NOT_WRITE                         00000002
OERR                              00000001
OPTION_REG                        00000081
OSCCON                            0000008F
OSCTUNE                           00000090
OSFIE                             00000007
OSFIF                             00000007
OSTS                              00000003
P                                 00000004
P1M0                              00000006
P1M1                              00000007
PCL                               00000002
PCLATH                            0000000A
PCON                              0000008E
PDC0                              00000000
PDC1                              00000001
PDC2                              00000002
PDC3                              00000003
PDC4                              00000004
PDC5                              00000005
PDC6                              00000006
PEIE                              00000006
PEN                               00000002
PIE1                              0000008C
PIE2                              0000008D
MPASM 5.77                    PROYECTO_2.ASM   10-20-2020  22:03:11         PAGE 15


SYMBOL TABLE
  LABEL                             VALUE 

PIR1                              0000000C
PIR2                              0000000D
POP                               00000010
PORTA                             00000005
PORTB                             00000006
PORTC                             00000007
PORTD                             00000008
PORTE                             00000009
PR2                               00000092
PRSEN                             00000007
PS0                               00000000
PS1                               00000001
PS2                               00000002
PSA                               00000003
PSSAC0                            00000002
PSSAC1                            00000003
PSSBD0                            00000000
PSSBD1                            00000001
PSTRCON                           0000009D
PULSR                             00000002
PULSS                             00000003
PUSH                              00000004
PWM1CON                           0000009B
R                                 00000002
RA0                               00000000
RA1                               00000001
RA2                               00000002
RA3                               00000003
RA4                               00000004
RA5                               00000005
RA6                               00000006
RA7                               00000007
RB0                               00000000
RB1                               00000001
RB2                               00000002
RB3                               00000003
RB4                               00000004
RB5                               00000005
RB6                               00000006
RB7                               00000007
RBIE                              00000003
RBIF                              00000000
RC0                               00000000
RC1                               00000001
RC2                               00000002
RC3                               00000003
RC4                               00000004
RC5                               00000005
RC6                               00000006
RC7                               00000007
RC8_9                             00000006
RC9                               00000006
RCD8                              00000000
MPASM 5.77                    PROYECTO_2.ASM   10-20-2020  22:03:11         PAGE 16


SYMBOL TABLE
  LABEL                             VALUE 

RCEN                              00000003
RCIDL                             00000006
RCIE                              00000005
RCIF                              00000005
RCREG                             0000001A
RCSTA                             00000018
RD                                00000000
RD0                               00000000
RD1                               00000001
RD2                               00000002
RD3                               00000003
RD4                               00000004
RD5                               00000005
RD6                               00000006
RD7                               00000007
RE0                               00000000
RE1                               00000001
RE2                               00000002
RE3                               00000003
READ_WRITE                        00000002
RP0                               00000005
RP1                               00000006
RSEN                              00000001
RX9                               00000006
RX9D                              00000000
R_NOT_W                           00000002
R_W                               00000002
S                                 00000003
SBOREN                            00000004
SCKP                              00000004
SCS                               00000000
SEN                               00000000
SENDB                             00000003
SEP_NIBBLES                       00000126
SETUP                             00000153
SMP                               00000007
SPBRG                             00000099
SPBRGH                            0000009A
SPEN                              00000007
SR0                               00000006
SR1                               00000007
SRCON                             00000185
SREN                              00000005
SSPADD                            00000093
SSPBUF                            00000013
SSPCON                            00000014
SSPCON2                           00000091
SSPEN                             00000005
SSPIE                             00000003
SSPIF                             00000003
SSPM0                             00000000
SSPM1                             00000001
SSPM2                             00000002
MPASM 5.77                    PROYECTO_2.ASM   10-20-2020  22:03:11         PAGE 17


SYMBOL TABLE
  LABEL                             VALUE 

SSPM3                             00000003
SSPMSK                            00000093
SSPOV                             00000006
SSPSTAT                           00000094
START                             00000100
STATUS                            00000003
STATUS_TEMP                       0000000D
STRA                              00000000
STRB                              00000001
STRC                              00000002
STRD                              00000003
STRSYNC                           00000004
SWDTEN                            00000000
SYNC                              00000004
T0CS                              00000005
T0IE                              00000005
T0IF                              00000002
T0SE                              00000004
T1CKPS0                           00000004
T1CKPS1                           00000005
T1CON                             00000010
T1GINV                            00000007
T1GIV                             00000007
T1GSS                             00000001
T1INSYNC                          00000002
T1OSCEN                           00000003
T1SYNC                            00000002
T2CKPS0                           00000000
T2CKPS1                           00000001
T2CON                             00000012
TABLA                             00000031
TMR0                              00000001
TMR0IE                            00000005
TMR0IF                            00000002
TMR1                              0000000E
TMR1CS                            00000001
TMR1GE                            00000006
TMR1H                             0000000F
TMR1IE                            00000000
TMR1IF                            00000000
TMR1L                             0000000E
TMR1ON                            00000000
TMR2                              00000011
TMR2IE                            00000001
TMR2IF                            00000001
TMR2ON                            00000002
TOUTPS0                           00000003
TOUTPS1                           00000004
TOUTPS2                           00000005
TOUTPS3                           00000006
TRISA                             00000085
TRISA0                            00000000
TRISA1                            00000001
MPASM 5.77                    PROYECTO_2.ASM   10-20-2020  22:03:11         PAGE 18


SYMBOL TABLE
  LABEL                             VALUE 

TRISA2                            00000002
TRISA3                            00000003
TRISA4                            00000004
TRISA5                            00000005
TRISA6                            00000006
TRISA7                            00000007
TRISB                             00000086
TRISB0                            00000000
TRISB1                            00000001
TRISB2                            00000002
TRISB3                            00000003
TRISB4                            00000004
TRISB5                            00000005
TRISB6                            00000006
TRISB7                            00000007
TRISC                             00000087
TRISC0                            00000000
TRISC1                            00000001
TRISC2                            00000002
TRISC3                            00000003
TRISC4                            00000004
TRISC5                            00000005
TRISC6                            00000006
TRISC7                            00000007
TRISD                             00000088
TRISD0                            00000000
TRISD1                            00000001
TRISD2                            00000002
TRISD3                            00000003
TRISD4                            00000004
TRISD5                            00000005
TRISD6                            00000006
TRISD7                            00000007
TRISE                             00000089
TRISE0                            00000000
TRISE1                            00000001
TRISE2                            00000002
TRISE3                            00000003
TRMT                              00000001
TUN0                              00000000
TUN1                              00000001
TUN2                              00000002
TUN3                              00000003
TUN4                              00000004
TX8_9                             00000006
TX9                               00000006
TX9D                              00000000
TXD8                              00000000
TXEN                              00000005
TXIE                              00000004
TXIF                              00000004
TXREG                             00000019
TXSTA                             00000098
MPASM 5.77                    PROYECTO_2.ASM   10-20-2020  22:03:11         PAGE 19


SYMBOL TABLE
  LABEL                             VALUE 

UA                                00000001
ULPWUE                            00000005
ULPWUIE                           00000002
ULPWUIF                           00000002
UNIDADES                          00000000
VCFG0                             00000004
VCFG1                             00000005
VR0                               00000000
VR1                               00000001
VR2                               00000002
VR3                               00000003
VRCON                             00000097
VREN                              00000007
VROE                              00000006
VRR                               00000005
VRSS                              00000004
W                                 00000000
WCOL                              00000007
WDTCON                            00000105
WDTPS0                            00000001
WDTPS1                            00000002
WDTPS2                            00000003
WDTPS3                            00000004
WPUB                              00000095
WPUB0                             00000000
WPUB1                             00000001
WPUB2                             00000002
WPUB3                             00000003
WPUB4                             00000004
WPUB5                             00000005
WPUB6                             00000006
WPUB7                             00000007
WR                                00000001
WREN                              00000002
WRERR                             00000003
WUE                               00000001
W_TEMP                            0000000C
X                                 00000016
Y                                 00000017
Z                                 00000002
_BOR21V                           00003EFF
_BOR40V                           00003FFF
_BOR4V_BOR21V                     00003EFF
_BOR4V_BOR40V                     00003FFF
_BOREN_NSLEEP                     00003EFF
_BOREN_OFF                        00003CFF
_BOREN_ON                         00003FFF
_BOREN_SBODEN                     00003DFF
_BOR_NSLEEP                       00003EFF
_BOR_OFF                          00003CFF
_BOR_ON                           00003FFF
_BOR_SBODEN                       00003DFF
_CONFIG1                          00002007
MPASM 5.77                    PROYECTO_2.ASM   10-20-2020  22:03:11         PAGE 20


SYMBOL TABLE
  LABEL                             VALUE 

_CONFIG2                          00002008
_CPD_OFF                          00003FFF
_CPD_ON                           00003F7F
_CP_OFF                           00003FFF
_CP_ON                            00003FBF
_DEBUG_OFF                        00003FFF
_DEBUG_ON                         00001FFF
_DEVID1                           00002006
_EC_OSC                           00003FFB
_EXTRC                            00003FFF
_EXTRCIO                          00003FFE
_EXTRC_OSC_CLKOUT                 00003FFF
_EXTRC_OSC_NOCLKOUT               00003FFE
_FCMEN_OFF                        000037FF
_FCMEN_ON                         00003FFF
_FOSC_EC                          00003FFB
_FOSC_EXTRC_CLKOUT                00003FFF
_FOSC_EXTRC_NOCLKOUT              00003FFE
_FOSC_HS                          00003FFA
_FOSC_INTRC_CLKOUT                00003FFD
_FOSC_INTRC_NOCLKOUT              00003FFC
_FOSC_LP                          00003FF8
_FOSC_XT                          00003FF9
_HS_OSC                           00003FFA
_IDLOC0                           00002000
_IDLOC1                           00002001
_IDLOC2                           00002002
_IDLOC3                           00002003
_IESO_OFF                         00003BFF
_IESO_ON                          00003FFF
_INTOSC                           00003FFD
_INTOSCIO                         00003FFC
_INTRC_OSC_CLKOUT                 00003FFD
_INTRC_OSC_NOCLKOUT               00003FFC
_LP_OSC                           00003FF8
_LVP_OFF                          00002FFF
_LVP_ON                           00003FFF
_MCLRE_OFF                        00003FDF
_MCLRE_ON                         00003FFF
_PWRTE_OFF                        00003FFF
_PWRTE_ON                         00003FEF
_WDTE_OFF                         00003FF7
_WDTE_ON                          00003FFF
_WDT_OFF                          00003FF7
_WDT_ON                           00003FFF
_WRT_1FOURTH                      00003BFF
_WRT_256                          00003DFF
_WRT_HALF                         000039FF
_WRT_OFF                          00003FFF
_XT_OSC                           00003FF9
__16F887                          00000001

MPASM 5.77                    PROYECTO_2.ASM   10-20-2020  22:03:11         PAGE 21





Errors   :     0
Warnings :    36 reported,     0 suppressed
Messages :    27 reported,     0 suppressed

