Warning[207] C:\USERS\CARLOS GIL\MPLABXPROJECTS\LABORATORIO_3.X\LABORATORIO_3.ASM 21 : Found label after column 1. (CONT1)
Warning[207] C:\USERS\CARLOS GIL\MPLABXPROJECTS\LABORATORIO_3.X\LABORATORIO_3.ASM 22 : Found label after column 1. (CONT2)
Warning[207] C:\USERS\CARLOS GIL\MPLABXPROJECTS\LABORATORIO_3.X\LABORATORIO_3.ASM 23 : Found label after column 1. (CONTA)
Warning[207] C:\USERS\CARLOS GIL\MPLABXPROJECTS\LABORATORIO_3.X\LABORATORIO_3.ASM 24 : Found label after column 1. (CONT3)
Warning[203] C:\USERS\CARLOS GIL\MPLABXPROJECTS\LABORATORIO_3.X\LABORATORIO_3.ASM 58 : Found opcode in column 1. (CALL)
Message[305] C:\USERS\CARLOS GIL\MPLABXPROJECTS\LABORATORIO_3.X\LABORATORIO_3.ASM 91 : Using default destination of 1 (file).
Message[305] C:\USERS\CARLOS GIL\MPLABXPROJECTS\LABORATORIO_3.X\LABORATORIO_3.ASM 97 : Using default destination of 1 (file).
Warning[207] C:\USERS\CARLOS GIL\MPLABXPROJECTS\LABORATORIO_3.X\LABORATORIO_3.ASM 100 : Found label after column 1. (DISPLAY)
Message[305] C:\USERS\CARLOS GIL\MPLABXPROJECTS\LABORATORIO_3.X\LABORATORIO_3.ASM 113 : Using default destination of 1 (file).
Message[302] C:\USERS\CARLOS GIL\MPLABXPROJECTS\LABORATORIO_3.X\LABORATORIO_3.ASM 159 : Register in operand not in bank 0.  Ensure that bank bits are correct.
Message[302] C:\USERS\CARLOS GIL\MPLABXPROJECTS\LABORATORIO_3.X\LABORATORIO_3.ASM 160 : Register in operand not in bank 0.  Ensure that bank bits are correct.
Message[302] C:\USERS\CARLOS GIL\MPLABXPROJECTS\LABORATORIO_3.X\LABORATORIO_3.ASM 163 : Register in operand not in bank 0.  Ensure that bank bits are correct.
Message[302] C:\USERS\CARLOS GIL\MPLABXPROJECTS\LABORATORIO_3.X\LABORATORIO_3.ASM 165 : Register in operand not in bank 0.  Ensure that bank bits are correct.
Message[302] C:\USERS\CARLOS GIL\MPLABXPROJECTS\LABORATORIO_3.X\LABORATORIO_3.ASM 166 : Register in operand not in bank 0.  Ensure that bank bits are correct.
Message[302] C:\USERS\CARLOS GIL\MPLABXPROJECTS\LABORATORIO_3.X\LABORATORIO_3.ASM 168 : Register in operand not in bank 0.  Ensure that bank bits are correct.
Message[302] C:\USERS\CARLOS GIL\MPLABXPROJECTS\LABORATORIO_3.X\LABORATORIO_3.ASM 170 : Register in operand not in bank 0.  Ensure that bank bits are correct.
Message[302] C:\USERS\CARLOS GIL\MPLABXPROJECTS\LABORATORIO_3.X\LABORATORIO_3.ASM 173 : Register in operand not in bank 0.  Ensure that bank bits are correct.
Message[302] C:\USERS\CARLOS GIL\MPLABXPROJECTS\LABORATORIO_3.X\LABORATORIO_3.ASM 175 : Register in operand not in bank 0.  Ensure that bank bits are correct.
Message[302] C:\USERS\CARLOS GIL\MPLABXPROJECTS\LABORATORIO_3.X\LABORATORIO_3.ASM 177 : Register in operand not in bank 0.  Ensure that bank bits are correct.
Message[302] C:\USERS\CARLOS GIL\MPLABXPROJECTS\LABORATORIO_3.X\LABORATORIO_3.ASM 178 : Register in operand not in bank 0.  Ensure that bank bits are correct.
Message[302] C:\USERS\CARLOS GIL\MPLABXPROJECTS\LABORATORIO_3.X\LABORATORIO_3.ASM 180 : Register in operand not in bank 0.  Ensure that bank bits are correct.
Message[302] C:\USERS\CARLOS GIL\MPLABXPROJECTS\LABORATORIO_3.X\LABORATORIO_3.ASM 181 : Register in operand not in bank 0.  Ensure that bank bits are correct.
