MPASM 5.77                 LABORATORIO_3.ASM   8-13-2020  17:25:14         PAGE  1


LOC  OBJECT CODE     LINE SOURCE TEXT
  VALUE

                      00001 ;*******************************************************************************                        
                                                                           *
                      00002 ;    Filename:              Laboratorio_2.0.asm                              *
                      00003 ;    Date:                  11/08/2020                                         *
                      00004 ;    File Version:          v.1                                                *
                      00005 ;    Author:                Carlos Gil                      *
                      00006 ;    Company:               UVG                                                *
                      00007 ;    Description:           contador con display                                                        
                                                                                   *
                      00008 ;*******************************************************************************
                      00009 #include "p16f887.inc"
                      00001         LIST
                      00002 
                      00003 ;==========================================================================
                      00004 ; Build date : Nov 22 2017
                      00005 ;  MPASM PIC16F887 processor include
                      00006 ; 
                      00007 ;  (c) Copyright 1999-2017 Microchip Technology, All rights reserved
                      00008 ;==========================================================================
                      00009 
                      00810         LIST
                      00010 
                      00011 ; CONFIG1
                      00012 ; __config 0x20D4
2007   20D4           00013  __CONFIG _CONFIG1, _FOSC_INTRC_NOCLKOUT & _WDTE_OFF & _PWRTE_OFF & _MCLRE_OFF & _CP_OFF & _CPD_OFF & _B
                            OREN_OFF & _IESO_OFF & _FCMEN_OFF & _LVP_OFF
                      00014 ; CONFIG2
                      00015 ; __config 0x3FFF
2008   3FFF           00016  __CONFIG _CONFIG2, _BOR4V_BOR40V & _WRT_OFF
                      00017  ;****************************************************************************** 
                      00018  ; variables
                      00019  ;******************************************************************************
                      00020 GPR_VAR         UDATA
Warning[207]: Found label after column 1. (CONT1)
0000                  00021     CONT1       RES     1       ; VARIABLE PARA REALIZAR DELAY_SMALL
Warning[207]: Found label after column 1. (CONT2)
0001                  00022     CONT2       RES     1
Warning[207]: Found label after column 1. (CONTA)
0002                  00023     CONTA       RES     1
Warning[207]: Found label after column 1. (CONT3)
0003                  00024     CONT3       RES     1
                      00025 ;*******************************************************************************
                      00026 ; Reset Vector
                      00027 ;*******************************************************************************
                      00028 
                      00029 ;*******************************************************************************
                      00030 RES_VECT  CODE    0x0000            ; processor reset vector
0000   2???           00031     GOTO    START   
                      00032 ; TABLA
                      00033 ;*******************************************************************************
0001                  00034 TABLA:
0001   390F           00035     ANDLW   B'00001111'
0002   0782           00036     ADDWF   PCL, F
MPASM 5.77                 LABORATORIO_3.ASM   8-13-2020  17:25:14         PAGE  2


LOC  OBJECT CODE     LINE SOURCE TEXT
  VALUE

0003   34C0           00037     RETLW   B'11000000' ;0
0004   34F9           00038     RETLW   B'11111001' ;1
0005   3424           00039     RETLW   B'00100100' ;2
0006   34B0           00040     RETLW   B'10110000' ;3
0007   3499           00041     RETLW   B'10011001' ;4
0008   3412           00042     RETLW   B'00010010' ;5
0009   3402           00043     RETLW   B'00000010' ;6
000A   3478           00044     RETLW   B'01111000' ;7
000B   3400           00045     RETLW   b'00000000' ;8
000C   3418           00046     RETLW   b'00011000' ;9
000D   3408           00047     RETLW   b'00001000' ;A
000E   3403           00048     RETLW   b'00000011' ;b
000F   3446           00049     RETLW   b'01000110' ;C
0010   3421           00050     RETLW   b'00100001' ;d
0011   3406           00051     RETLW   b'00000110' ;E
0012   340E           00052     RETLW   b'00001110' ;F
                      00053 ;*******************************************************************************
                      00054 ; MAIN PROGRAM
                      00055 ;*******************************************************************************
                      00056 MAIN_PROG   CODE     0x0100                 ; let linker place main program
0100                  00057 START
Warning[203]: Found opcode in column 1. (CALL)
0100   2???           00058 CALL SETUP
                      00059 ;*******************************************************************************
                      00060 ; MAIN LOOP
                      00061 ;*******************************************************************************     
0101                  00062 LOOP:
0101   2???           00063     CALL FASE2
0102   2???           00064     GOTO LOOP
                      00065 ;*******************************************************************************
                      00066 ; SUB RUTINAS 
                      00067 ;*******************************************************************************  
0103                  00068 ALARMA:
0103   0805           00069     MOVFW   PORTA
0104   0208           00070     SUBWF   PORTD, W
0105   1903           00071     BTFSC   STATUS, Z
0106   2???           00072     CALL LED_ENCENDER
0107   0008           00073     RETURN
0108                  00074 LED_ENCENDER:
0108   0185           00075     CLRF    PORTA
0109   2???           00076     CALL    DELAY_BIG
010A   1409           00077     BSF     PORTE, .0
010B   2???           00078     CALL    DELAY_BIG
010C   0189           00079     CLRF    PORTE
010D   0008           00080     RETURN 
010E                  00081 BOTTON:
010E   1F86           00082     BTFSS   PORTB, .7
010F   2???           00083     CALL    INC_PORTB
0110   1F06           00084     BTFSS   PORTB, .6
0111   2???           00085     CALL    DEC_PORTB
0112   0008           00086     RETURN
                      00087     
0113                  00088 DEC_PORTB:
MPASM 5.77                 LABORATORIO_3.ASM   8-13-2020  17:25:14         PAGE  3


LOC  OBJECT CODE     LINE SOURCE TEXT
  VALUE

0113   1F06           00089     BTFSS   PORTB, .6   ;AL SOLTAR EL PUSH DECREMENTA EL PORTD , DE LO CONTRARIO NO HACE NADA 
0114   2???           00090     GOTO    DEC_PORTB
Message[305]: Using default destination of 1 (file).
0115   0388           00091     DECF    PORTD
0116   0008           00092     RETURN  
                      00093     
0117                  00094 INC_PORTB:
0117   1F86           00095     BTFSS   PORTB, .7   ;AL SOLTAR EL PUSH INCREMENTA EL PORTD , DE LO CONTRARIO NO HACE NADA 
0118   2???           00096     GOTO    INC_PORTB
Message[305]: Using default destination of 1 (file).
0119   0A88           00097     INCF    PORTD
011A   0008           00098     RETURN
                      00099  
Warning[207]: Found label after column 1. (DISPLAY)
011B                  00100  DISPLAY:
011B   0808           00101     MOVF    PORTD, W
011C   2???           00102     CALL    TABLA 
011D   0087           00103     MOVWF   PORTC
011E   0008           00104     RETURN
                      00105     
011F                  00106 CASO0:
011F   3000           00107     MOVLW   .0
0120   00??           00108     MOVWF   CONTA
0121   08??           00109     MOVFW   CONTA 
0122   0708           00110     ADDWF   PORTD, W
0123   0008           00111     RETURN
0124                  00112 FASE0:
Message[305]: Using default destination of 1 (file).
0124   0A85           00113     INCF    PORTA
0125   2???           00114     CALL    CONTADOR_TIMER0
0126   0008           00115     RETURN 
0127                  00116 FASE1:
0127   2???           00117     CALL    DISPLAY
0128   2???           00118     CALL    BOTTON 
0129   2???           00119     CALL    ALARMA 
012A   2???           00120     CALL    CASO0
012B   1903           00121     BTFSC   STATUS, Z
012C   2???           00122     GOTO    FASE1
012D   2???           00123     CALL    FASE0
012E   0008           00124     RETURN 
012F                  00125 FASE2:
012F   2???           00126     CALL    DISPLAY
0130   2???           00127     CALL    BOTTON 
0131   2???           00128     CALL    ALARMA 
0132   2???           00129     CALL    CASO0
0133   1903           00130     BTFSC   STATUS, Z
0134   0185           00131     CLRF    PORTA
0135   2???           00132     CALL    FASE1
0136   0008           00133     RETURN
                      00134     
                      00135 
0137                  00136 CONTADOR_TIMER0:
0137   300A           00137     MOVLW   .10
MPASM 5.77                 LABORATORIO_3.ASM   8-13-2020  17:25:14         PAGE  4


LOC  OBJECT CODE     LINE SOURCE TEXT
  VALUE

0138   00??           00138     MOVWF   CONT2
0139                  00139 TIEMPO1:
0139   110B           00140     BCF     INTCON, T0IF
013A   303D           00141     MOVLW   .61
013B   0081           00142     MOVWF   TMR0
013C                  00143 TIEMPO2:
013C   1D0B           00144     BTFSS   INTCON, T0IF
013D   2???           00145     GOTO    TIEMPO2
013E   0B??           00146     DECFSZ  CONT2, F
013F   2???           00147     GOTO    TIEMPO1
0140   0008           00148     RETURN 
                      00149     
0141                  00150 SETUP:
0141   1283 1303      00151     BANKSEL PORTA  ; BANCO 0
0143   0185           00152     CLRF    PORTA  ; BORRA EL PUERTO A
0144   0186           00153     CLRF    PORTB  ; BORRA EL PUERTO B
0145   0187           00154     CLRF    PORTC 
0146   0188           00155     CLRF    PORTD  
0147   0189           00156     CLRF    PORTE; BORRA EL PUERTO C
                      00157     
0148   1683 1703      00158     BANKSEL ANSEL   ; BANCO 3 
Message[302]: Register in operand not in bank 0.  Ensure that bank bits are correct.
014A   0188           00159     CLRF    ANSEL
Message[302]: Register in operand not in bank 0.  Ensure that bank bits are correct.
014B   0189           00160     CLRF    ANSELH  ; BORRA EL CONTROL DE ENTRADAS ANALÓGICAS
                      00161     
014C   1683 1303      00162     BANKSEL TRISA   ; BANCO 1
Message[302]: Register in operand not in bank 0.  Ensure that bank bits are correct.
014E   0185           00163     CLRF    TRISA
014F   30F0           00164     MOVLW   b'11110000' 
Message[302]: Register in operand not in bank 0.  Ensure that bank bits are correct.
0150   0085           00165     MOVWF   TRISA   ; HABILITAR LA MITAD DE LOS PORTA COMO ENTRADAS Y LA MITAD COMO SALIDAS 
Message[302]: Register in operand not in bank 0.  Ensure that bank bits are correct.
0151   0186           00166     CLRF    TRISB
0152   30C0           00167     MOVLW   B'11000000'
Message[302]: Register in operand not in bank 0.  Ensure that bank bits are correct.
0153   0086           00168     MOVWF   TRISB
0154   30FF           00169     MOVLW   .255
Message[302]: Register in operand not in bank 0.  Ensure that bank bits are correct.
0155   0095           00170     MOVWF   WPUB 
0156   0064           00171     CLRWDT
0157   3057           00172     MOVLW B'01010111'
Message[302]: Register in operand not in bank 0.  Ensure that bank bits are correct.
0158   0081           00173     MOVWF   OPTION_REG
0159   110B           00174     BCF  INTCON, T0IF
Message[302]: Register in operand not in bank 0.  Ensure that bank bits are correct.
015A   0187           00175     CLRF    TRISC
015B   3000           00176     MOVLW   b'00000000'
Message[302]: Register in operand not in bank 0.  Ensure that bank bits are correct.
015C   0087           00177     MOVWF   TRISC   ;HABILITAR 5 PUERTOS DEL PORTC COMO SALIDAS Y Y 3 COMO ENTRADAS 
Message[302]: Register in operand not in bank 0.  Ensure that bank bits are correct.
015D   0188           00178     CLRF    TRISD
015E   30F0           00179     MOVLW   b'11110000'
MPASM 5.77                 LABORATORIO_3.ASM   8-13-2020  17:25:14         PAGE  5


LOC  OBJECT CODE     LINE SOURCE TEXT
  VALUE

Message[302]: Register in operand not in bank 0.  Ensure that bank bits are correct.
015F   0088           00180     MOVWF   TRISD
Message[302]: Register in operand not in bank 0.  Ensure that bank bits are correct.
0160   0189           00181     CLRF    TRISE
                      00182     
                      00183       ;HABLITAR LA MITAD DE LOS PUERTOS D COMO SALIDAS Y LA MITAD COMO ENTRADAS 
                      00184     
0161   1283 1303      00185     BANKSEL PORTA  ; REGRESO AL BANCO 0
0163   0187           00186     CLRF    PORTC
0164   0185           00187     CLRF    PORTA
0165   0186           00188     CLRF    PORTB 
0166   0188           00189     CLRF    PORTD
0167   0189           00190     CLRF    PORTE
0168   0008           00191     RETURN 
0169                  00192 DELAY_FINAL:
0169   3005           00193     MOVLW .5
016A   00??           00194     MOVWF CONT3
016B                  00195 CONFIG2:
016B   2???           00196     CALL    DELAY_BIG
016C   0B??           00197     DECFSZ  CONT3, F
016D   2???           00198     GOTO    CONFIG2
016E   0008           00199     RETURN  
016F                  00200 DELAY_BIG:
016F   30FF           00201     MOVLW .255
0170   00??           00202     MOVWF CONT2
0171                  00203 CONFIG1:
0171   2???           00204     CALL    DELAY_SMALL
0172   0B??           00205     DECFSZ  CONT2, F
0173   2???           00206     GOTO    CONFIG1
0174   0008           00207     RETURN 
0175                  00208 DELAY_SMALL:
0175   30FF           00209     MOVLW   .255    ;DELAY QUE DURA 50MS
0176   00??           00210     MOVWF   CONT1
0177   0B??           00211     DECFSZ  CONT1, F
0178   2???           00212     GOTO    $-1     ; IR A PC - 1 
0179   0008           00213     RETURN
                      00214 ;*******************************************************************************
                      00215 
20D4 3FFF             00216   END
MPASM 5.77                 LABORATORIO_3.ASM   8-13-2020  17:25:14         PAGE  6


SYMBOL TABLE
  LABEL                             VALUE 

ABDEN                             00000000
ABDOVF                            00000007
ACKDT                             00000005
ACKEN                             00000004
ACKSTAT                           00000006
ADCON0                            0000001F
ADCON1                            0000009F
ADCS0                             00000006
ADCS1                             00000007
ADDEN                             00000003
ADFM                              00000007
ADIE                              00000006
ADIF                              00000006
ADON                              00000000
ADRESH                            0000001E
ADRESL                            0000009E
ALARMA                            00000103
ANS0                              00000000
ANS1                              00000001
ANS10                             00000002
ANS11                             00000003
ANS12                             00000004
ANS13                             00000005
ANS2                              00000002
ANS3                              00000003
ANS4                              00000004
ANS5                              00000005
ANS6                              00000006
ANS7                              00000007
ANS8                              00000000
ANS9                              00000001
ANSEL                             00000188
ANSELH                            00000189
BAUDCTL                           00000187
BCLIE                             00000003
BCLIF                             00000003
BF                                00000000
BOTTON                            0000010E
BRG0                              00000000
BRG1                              00000001
BRG10                             00000002
BRG11                             00000003
BRG12                             00000004
BRG13                             00000005
BRG14                             00000006
BRG15                             00000007
BRG16                             00000003
BRG2                              00000002
BRG3                              00000003
BRG4                              00000004
BRG5                              00000005
BRG6                              00000006
BRG7                              00000007
MPASM 5.77                 LABORATORIO_3.ASM   8-13-2020  17:25:14         PAGE  7


SYMBOL TABLE
  LABEL                             VALUE 

BRG8                              00000000
BRG9                              00000001
BRGH                              00000002
C                                 00000000
C1CH0                             00000000
C1CH1                             00000001
C1IE                              00000005
C1IF                              00000005
C1OE                              00000005
C1ON                              00000007
C1OUT                             00000006
C1POL                             00000004
C1R                               00000002
C1RSEL                            00000005
C1SEN                             00000005
C2CH0                             00000000
C2CH1                             00000001
C2IE                              00000006
C2IF                              00000006
C2OE                              00000005
C2ON                              00000007
C2OUT                             00000006
C2POL                             00000004
C2R                               00000002
C2REN                             00000004
C2RSEL                            00000004
C2SYNC                            00000000
CASO0                             0000011F
CCP1CON                           00000017
CCP1IE                            00000002
CCP1IF                            00000002
CCP1M0                            00000000
CCP1M1                            00000001
CCP1M2                            00000002
CCP1M3                            00000003
CCP1X                             00000005
CCP1Y                             00000004
CCP2CON                           0000001D
CCP2IE                            00000000
CCP2IF                            00000000
CCP2M0                            00000000
CCP2M1                            00000001
CCP2M2                            00000002
CCP2M3                            00000003
CCP2X                             00000005
CCP2Y                             00000004
CCPR1                             00000015
CCPR1H                            00000016
CCPR1L                            00000015
CCPR2                             0000001B
CCPR2H                            0000001C
CCPR2L                            0000001B
CHS0                              00000002
MPASM 5.77                 LABORATORIO_3.ASM   8-13-2020  17:25:14         PAGE  8


SYMBOL TABLE
  LABEL                             VALUE 

CHS1                              00000003
CHS2                              00000004
CHS3                              00000005
CKE                               00000006
CKP                               00000004
CM1CON0                           00000107
CM2CON0                           00000108
CM2CON1                           00000109
CONFIG1                           00000171
CONFIG2                           0000016B
CONT1                             00000000
CONT2                             00000001
CONT3                             00000003
CONTA                             00000002
CONTADOR_TIMER0                   00000137
CREN                              00000004
CSRC                              00000007
D                                 00000005
DATA_ADDRESS                      00000005
DC                                00000001
DC1B0                             00000004
DC1B1                             00000005
DC2B0                             00000004
DC2B1                             00000005
DEC_PORTB                         00000113
DELAY_BIG                         0000016F
DELAY_FINAL                       00000169
DELAY_SMALL                       00000175
DISPLAY                           0000011B
D_A                               00000005
D_NOT_A                           00000005
ECCPAS                            0000009C
ECCPAS0                           00000004
ECCPAS1                           00000005
ECCPAS2                           00000006
ECCPASE                           00000007
EEADR                             0000010D
EEADRH                            0000010F
EECON1                            0000018C
EECON2                            0000018D
EEDAT                             0000010C
EEDATA                            0000010C
EEDATH                            0000010E
EEIE                              00000004
EEIF                              00000004
EEPGD                             00000007
F                                 00000001
FASE0                             00000124
FASE1                             00000127
FASE2                             0000012F
FERR                              00000002
FSR                               00000004
FVREN                             00000000
MPASM 5.77                 LABORATORIO_3.ASM   8-13-2020  17:25:14         PAGE  9


SYMBOL TABLE
  LABEL                             VALUE 

GCEN                              00000007
GIE                               00000007
GO                                00000001
GO_DONE                           00000001
GO_NOT_DONE                       00000001
HTS                               00000002
I2C_DATA                          00000005
I2C_READ                          00000002
I2C_START                         00000003
I2C_STOP                          00000004
INC_PORTB                         00000117
INDF                              00000000
INTCON                            0000000B
INTE                              00000004
INTEDG                            00000006
INTF                              00000001
IOCB                              00000096
IOCB0                             00000000
IOCB1                             00000001
IOCB2                             00000002
IOCB3                             00000003
IOCB4                             00000004
IOCB5                             00000005
IOCB6                             00000006
IOCB7                             00000007
IRCF0                             00000004
IRCF1                             00000005
IRCF2                             00000006
IRP                               00000007
LED_ENCENDER                      00000108
LOOP                              00000101
LTS                               00000001
MC1OUT                            00000007
MC2OUT                            00000006
MSK                               00000093
MSK0                              00000000
MSK1                              00000001
MSK2                              00000002
MSK3                              00000003
MSK4                              00000004
MSK5                              00000005
MSK6                              00000006
MSK7                              00000007
NOT_A                             00000005
NOT_ADDRESS                       00000005
NOT_BO                            00000000
NOT_BOR                           00000000
NOT_DONE                          00000001
NOT_PD                            00000003
NOT_POR                           00000001
NOT_RBPU                          00000007
NOT_RC8                           00000006
NOT_T1SYNC                        00000002
MPASM 5.77                 LABORATORIO_3.ASM   8-13-2020  17:25:14         PAGE 10


SYMBOL TABLE
  LABEL                             VALUE 

NOT_TO                            00000004
NOT_TX8                           00000006
NOT_W                             00000002
NOT_WRITE                         00000002
OERR                              00000001
OPTION_REG                        00000081
OSCCON                            0000008F
OSCTUNE                           00000090
OSFIE                             00000007
OSFIF                             00000007
OSTS                              00000003
P                                 00000004
P1M0                              00000006
P1M1                              00000007
PCL                               00000002
PCLATH                            0000000A
PCON                              0000008E
PDC0                              00000000
PDC1                              00000001
PDC2                              00000002
PDC3                              00000003
PDC4                              00000004
PDC5                              00000005
PDC6                              00000006
PEIE                              00000006
PEN                               00000002
PIE1                              0000008C
PIE2                              0000008D
PIR1                              0000000C
PIR2                              0000000D
PORTA                             00000005
PORTB                             00000006
PORTC                             00000007
PORTD                             00000008
PORTE                             00000009
PR2                               00000092
PRSEN                             00000007
PS0                               00000000
PS1                               00000001
PS2                               00000002
PSA                               00000003
PSSAC0                            00000002
PSSAC1                            00000003
PSSBD0                            00000000
PSSBD1                            00000001
PSTRCON                           0000009D
PULSR                             00000002
PULSS                             00000003
PWM1CON                           0000009B
R                                 00000002
RA0                               00000000
RA1                               00000001
RA2                               00000002
MPASM 5.77                 LABORATORIO_3.ASM   8-13-2020  17:25:14         PAGE 11


SYMBOL TABLE
  LABEL                             VALUE 

RA3                               00000003
RA4                               00000004
RA5                               00000005
RA6                               00000006
RA7                               00000007
RB0                               00000000
RB1                               00000001
RB2                               00000002
RB3                               00000003
RB4                               00000004
RB5                               00000005
RB6                               00000006
RB7                               00000007
RBIE                              00000003
RBIF                              00000000
RC0                               00000000
RC1                               00000001
RC2                               00000002
RC3                               00000003
RC4                               00000004
RC5                               00000005
RC6                               00000006
RC7                               00000007
RC8_9                             00000006
RC9                               00000006
RCD8                              00000000
RCEN                              00000003
RCIDL                             00000006
RCIE                              00000005
RCIF                              00000005
RCREG                             0000001A
RCSTA                             00000018
RD                                00000000
RD0                               00000000
RD1                               00000001
RD2                               00000002
RD3                               00000003
RD4                               00000004
RD5                               00000005
RD6                               00000006
RD7                               00000007
RE0                               00000000
RE1                               00000001
RE2                               00000002
RE3                               00000003
READ_WRITE                        00000002
RP0                               00000005
RP1                               00000006
RSEN                              00000001
RX9                               00000006
RX9D                              00000000
R_NOT_W                           00000002
R_W                               00000002
MPASM 5.77                 LABORATORIO_3.ASM   8-13-2020  17:25:14         PAGE 12


SYMBOL TABLE
  LABEL                             VALUE 

S                                 00000003
SBOREN                            00000004
SCKP                              00000004
SCS                               00000000
SEN                               00000000
SENDB                             00000003
SETUP                             00000141
SMP                               00000007
SPBRG                             00000099
SPBRGH                            0000009A
SPEN                              00000007
SR0                               00000006
SR1                               00000007
SRCON                             00000185
SREN                              00000005
SSPADD                            00000093
SSPBUF                            00000013
SSPCON                            00000014
SSPCON2                           00000091
SSPEN                             00000005
SSPIE                             00000003
SSPIF                             00000003
SSPM0                             00000000
SSPM1                             00000001
SSPM2                             00000002
SSPM3                             00000003
SSPMSK                            00000093
SSPOV                             00000006
SSPSTAT                           00000094
START                             00000100
STATUS                            00000003
STRA                              00000000
STRB                              00000001
STRC                              00000002
STRD                              00000003
STRSYNC                           00000004
SWDTEN                            00000000
SYNC                              00000004
T0CS                              00000005
T0IE                              00000005
T0IF                              00000002
T0SE                              00000004
T1CKPS0                           00000004
T1CKPS1                           00000005
T1CON                             00000010
T1GINV                            00000007
T1GIV                             00000007
T1GSS                             00000001
T1INSYNC                          00000002
T1OSCEN                           00000003
T1SYNC                            00000002
T2CKPS0                           00000000
T2CKPS1                           00000001
MPASM 5.77                 LABORATORIO_3.ASM   8-13-2020  17:25:14         PAGE 13


SYMBOL TABLE
  LABEL                             VALUE 

T2CON                             00000012
TABLA                             00000001
TIEMPO1                           00000139
TIEMPO2                           0000013C
TMR0                              00000001
TMR0IE                            00000005
TMR0IF                            00000002
TMR1                              0000000E
TMR1CS                            00000001
TMR1GE                            00000006
TMR1H                             0000000F
TMR1IE                            00000000
TMR1IF                            00000000
TMR1L                             0000000E
TMR1ON                            00000000
TMR2                              00000011
TMR2IE                            00000001
TMR2IF                            00000001
TMR2ON                            00000002
TOUTPS0                           00000003
TOUTPS1                           00000004
TOUTPS2                           00000005
TOUTPS3                           00000006
TRISA                             00000085
TRISA0                            00000000
TRISA1                            00000001
TRISA2                            00000002
TRISA3                            00000003
TRISA4                            00000004
TRISA5                            00000005
TRISA6                            00000006
TRISA7                            00000007
TRISB                             00000086
TRISB0                            00000000
TRISB1                            00000001
TRISB2                            00000002
TRISB3                            00000003
TRISB4                            00000004
TRISB5                            00000005
TRISB6                            00000006
TRISB7                            00000007
TRISC                             00000087
TRISC0                            00000000
TRISC1                            00000001
TRISC2                            00000002
TRISC3                            00000003
TRISC4                            00000004
TRISC5                            00000005
TRISC6                            00000006
TRISC7                            00000007
TRISD                             00000088
TRISD0                            00000000
TRISD1                            00000001
MPASM 5.77                 LABORATORIO_3.ASM   8-13-2020  17:25:14         PAGE 14


SYMBOL TABLE
  LABEL                             VALUE 

TRISD2                            00000002
TRISD3                            00000003
TRISD4                            00000004
TRISD5                            00000005
TRISD6                            00000006
TRISD7                            00000007
TRISE                             00000089
TRISE0                            00000000
TRISE1                            00000001
TRISE2                            00000002
TRISE3                            00000003
TRMT                              00000001
TUN0                              00000000
TUN1                              00000001
TUN2                              00000002
TUN3                              00000003
TUN4                              00000004
TX8_9                             00000006
TX9                               00000006
TX9D                              00000000
TXD8                              00000000
TXEN                              00000005
TXIE                              00000004
TXIF                              00000004
TXREG                             00000019
TXSTA                             00000098
UA                                00000001
ULPWUE                            00000005
ULPWUIE                           00000002
ULPWUIF                           00000002
VCFG0                             00000004
VCFG1                             00000005
VR0                               00000000
VR1                               00000001
VR2                               00000002
VR3                               00000003
VRCON                             00000097
VREN                              00000007
VROE                              00000006
VRR                               00000005
VRSS                              00000004
W                                 00000000
WCOL                              00000007
WDTCON                            00000105
WDTPS0                            00000001
WDTPS1                            00000002
WDTPS2                            00000003
WDTPS3                            00000004
WPUB                              00000095
WPUB0                             00000000
WPUB1                             00000001
WPUB2                             00000002
WPUB3                             00000003
MPASM 5.77                 LABORATORIO_3.ASM   8-13-2020  17:25:14         PAGE 15


SYMBOL TABLE
  LABEL                             VALUE 

WPUB4                             00000004
WPUB5                             00000005
WPUB6                             00000006
WPUB7                             00000007
WR                                00000001
WREN                              00000002
WRERR                             00000003
WUE                               00000001
Z                                 00000002
_BOR21V                           00003EFF
_BOR40V                           00003FFF
_BOR4V_BOR21V                     00003EFF
_BOR4V_BOR40V                     00003FFF
_BOREN_NSLEEP                     00003EFF
_BOREN_OFF                        00003CFF
_BOREN_ON                         00003FFF
_BOREN_SBODEN                     00003DFF
_BOR_NSLEEP                       00003EFF
_BOR_OFF                          00003CFF
_BOR_ON                           00003FFF
_BOR_SBODEN                       00003DFF
_CONFIG1                          00002007
_CONFIG2                          00002008
_CPD_OFF                          00003FFF
_CPD_ON                           00003F7F
_CP_OFF                           00003FFF
_CP_ON                            00003FBF
_DEBUG_OFF                        00003FFF
_DEBUG_ON                         00001FFF
_DEVID1                           00002006
_EC_OSC                           00003FFB
_EXTRC                            00003FFF
_EXTRCIO                          00003FFE
_EXTRC_OSC_CLKOUT                 00003FFF
_EXTRC_OSC_NOCLKOUT               00003FFE
_FCMEN_OFF                        000037FF
_FCMEN_ON                         00003FFF
_FOSC_EC                          00003FFB
_FOSC_EXTRC_CLKOUT                00003FFF
_FOSC_EXTRC_NOCLKOUT              00003FFE
_FOSC_HS                          00003FFA
_FOSC_INTRC_CLKOUT                00003FFD
_FOSC_INTRC_NOCLKOUT              00003FFC
_FOSC_LP                          00003FF8
_FOSC_XT                          00003FF9
_HS_OSC                           00003FFA
_IDLOC0                           00002000
_IDLOC1                           00002001
_IDLOC2                           00002002
_IDLOC3                           00002003
_IESO_OFF                         00003BFF
_IESO_ON                          00003FFF
_INTOSC                           00003FFD
MPASM 5.77                 LABORATORIO_3.ASM   8-13-2020  17:25:14         PAGE 16


SYMBOL TABLE
  LABEL                             VALUE 

_INTOSCIO                         00003FFC
_INTRC_OSC_CLKOUT                 00003FFD
_INTRC_OSC_NOCLKOUT               00003FFC
_LP_OSC                           00003FF8
_LVP_OFF                          00002FFF
_LVP_ON                           00003FFF
_MAIN_PROG_0178                   00000178
_MCLRE_OFF                        00003FDF
_MCLRE_ON                         00003FFF
_PWRTE_OFF                        00003FFF
_PWRTE_ON                         00003FEF
_WDTE_OFF                         00003FF7
_WDTE_ON                          00003FFF
_WDT_OFF                          00003FF7
_WDT_ON                           00003FFF
_WRT_1FOURTH                      00003BFF
_WRT_256                          00003DFF
_WRT_HALF                         000039FF
_WRT_OFF                          00003FFF
_XT_OSC                           00003FF9
__16F887                          00000001

Errors   :     0
Warnings :     6 reported,     0 suppressed
Messages :    16 reported,     0 suppressed

