Warning[207] C:\USERS\CARLOS GIL\MPLABXPROJECTS\LABORATORIO_7_PIC2.X\LABORATORIO_7_PIC2.ASM 21 : Found label after column 1. (UNIDADES)
Warning[207] C:\USERS\CARLOS GIL\MPLABXPROJECTS\LABORATORIO_7_PIC2.X\LABORATORIO_7_PIC2.ASM 22 : Found label after column 1. (CONT2)
Warning[207] C:\USERS\CARLOS GIL\MPLABXPROJECTS\LABORATORIO_7_PIC2.X\LABORATORIO_7_PIC2.ASM 23 : Found label after column 1. (CONT3)
Warning[207] C:\USERS\CARLOS GIL\MPLABXPROJECTS\LABORATORIO_7_PIC2.X\LABORATORIO_7_PIC2.ASM 24 : Found label after column 1. (CONT4)
Warning[207] C:\USERS\CARLOS GIL\MPLABXPROJECTS\LABORATORIO_7_PIC2.X\LABORATORIO_7_PIC2.ASM 25 : Found label after column 1. (DECENAS)
Warning[207] C:\USERS\CARLOS GIL\MPLABXPROJECTS\LABORATORIO_7_PIC2.X\LABORATORIO_7_PIC2.ASM 26 : Found label after column 1. (CONT6)
Warning[207] C:\USERS\CARLOS GIL\MPLABXPROJECTS\LABORATORIO_7_PIC2.X\LABORATORIO_7_PIC2.ASM 27 : Found label after column 1. (CONT7)
Warning[207] C:\USERS\CARLOS GIL\MPLABXPROJECTS\LABORATORIO_7_PIC2.X\LABORATORIO_7_PIC2.ASM 28 : Found label after column 1. (W_TEMP)
Warning[207] C:\USERS\CARLOS GIL\MPLABXPROJECTS\LABORATORIO_7_PIC2.X\LABORATORIO_7_PIC2.ASM 29 : Found label after column 1. (STATUS_TEMP)
Warning[207] C:\USERS\CARLOS GIL\MPLABXPROJECTS\LABORATORIO_7_PIC2.X\LABORATORIO_7_PIC2.ASM 30 : Found label after column 1. (INDICADOR)
Warning[207] C:\USERS\CARLOS GIL\MPLABXPROJECTS\LABORATORIO_7_PIC2.X\LABORATORIO_7_PIC2.ASM 31 : Found label after column 1. (INDICADOR2)
Warning[207] C:\USERS\CARLOS GIL\MPLABXPROJECTS\LABORATORIO_7_PIC2.X\LABORATORIO_7_PIC2.ASM 32 : Found label after column 1. (NIBBLE_H)
Warning[207] C:\USERS\CARLOS GIL\MPLABXPROJECTS\LABORATORIO_7_PIC2.X\LABORATORIO_7_PIC2.ASM 33 : Found label after column 1. (NIBBLE_L)
Warning[207] C:\USERS\CARLOS GIL\MPLABXPROJECTS\LABORATORIO_7_PIC2.X\LABORATORIO_7_PIC2.ASM 34 : Found label after column 1. (SEGUNDOS)
Warning[207] C:\USERS\CARLOS GIL\MPLABXPROJECTS\LABORATORIO_7_PIC2.X\LABORATORIO_7_PIC2.ASM 35 : Found label after column 1. (DISPLAY)
Warning[203] C:\USERS\CARLOS GIL\MPLABXPROJECTS\LABORATORIO_7_PIC2.X\LABORATORIO_7_PIC2.ASM 77 : Found opcode in column 1. (CALL)
Message[302] C:\USERS\CARLOS GIL\MPLABXPROJECTS\LABORATORIO_7_PIC2.X\LABORATORIO_7_PIC2.ASM 113 : Register in operand not in bank 0.  Ensure that bank bits are correct.
Message[302] C:\USERS\CARLOS GIL\MPLABXPROJECTS\LABORATORIO_7_PIC2.X\LABORATORIO_7_PIC2.ASM 116 : Register in operand not in bank 0.  Ensure that bank bits are correct.
Message[302] C:\USERS\CARLOS GIL\MPLABXPROJECTS\LABORATORIO_7_PIC2.X\LABORATORIO_7_PIC2.ASM 117 : Register in operand not in bank 0.  Ensure that bank bits are correct.
Message[302] C:\USERS\CARLOS GIL\MPLABXPROJECTS\LABORATORIO_7_PIC2.X\LABORATORIO_7_PIC2.ASM 119 : Register in operand not in bank 0.  Ensure that bank bits are correct.
Message[302] C:\USERS\CARLOS GIL\MPLABXPROJECTS\LABORATORIO_7_PIC2.X\LABORATORIO_7_PIC2.ASM 120 : Register in operand not in bank 0.  Ensure that bank bits are correct.
Message[302] C:\USERS\CARLOS GIL\MPLABXPROJECTS\LABORATORIO_7_PIC2.X\LABORATORIO_7_PIC2.ASM 121 : Register in operand not in bank 0.  Ensure that bank bits are correct.
Message[302] C:\USERS\CARLOS GIL\MPLABXPROJECTS\LABORATORIO_7_PIC2.X\LABORATORIO_7_PIC2.ASM 122 : Register in operand not in bank 0.  Ensure that bank bits are correct.
Message[302] C:\USERS\CARLOS GIL\MPLABXPROJECTS\LABORATORIO_7_PIC2.X\LABORATORIO_7_PIC2.ASM 123 : Register in operand not in bank 0.  Ensure that bank bits are correct.
Message[302] C:\USERS\CARLOS GIL\MPLABXPROJECTS\LABORATORIO_7_PIC2.X\LABORATORIO_7_PIC2.ASM 124 : Register in operand not in bank 0.  Ensure that bank bits are correct.
Warning[207] C:\USERS\CARLOS GIL\MPLABXPROJECTS\LABORATORIO_7_PIC2.X\LABORATORIO_7_PIC2.ASM 125 : Found label after column 1. (CONFIGURACION_TIMER2)
Warning[207] C:\USERS\CARLOS GIL\MPLABXPROJECTS\LABORATORIO_7_PIC2.X\LABORATORIO_7_PIC2.ASM 129 : Found label after column 1. (CONFIGURACION_INTERRUPCION)
Message[302] C:\USERS\CARLOS GIL\MPLABXPROJECTS\LABORATORIO_7_PIC2.X\LABORATORIO_7_PIC2.ASM 131 : Register in operand not in bank 0.  Ensure that bank bits are correct.
Message[302] C:\USERS\CARLOS GIL\MPLABXPROJECTS\LABORATORIO_7_PIC2.X\LABORATORIO_7_PIC2.ASM 132 : Register in operand not in bank 0.  Ensure that bank bits are correct.
Message[302] C:\USERS\CARLOS GIL\MPLABXPROJECTS\LABORATORIO_7_PIC2.X\LABORATORIO_7_PIC2.ASM 137 : Register in operand not in bank 0.  Ensure that bank bits are correct.
Warning[207] C:\USERS\CARLOS GIL\MPLABXPROJECTS\LABORATORIO_7_PIC2.X\LABORATORIO_7_PIC2.ASM 139 : Found label after column 1. (CONFIGURACION_ADC)
Message[302] C:\USERS\CARLOS GIL\MPLABXPROJECTS\LABORATORIO_7_PIC2.X\LABORATORIO_7_PIC2.ASM 141 : Register in operand not in bank 0.  Ensure that bank bits are correct.
Message[302] C:\USERS\CARLOS GIL\MPLABXPROJECTS\LABORATORIO_7_PIC2.X\LABORATORIO_7_PIC2.ASM 143 : Register in operand not in bank 0.  Ensure that bank bits are correct.
Message[302] C:\USERS\CARLOS GIL\MPLABXPROJECTS\LABORATORIO_7_PIC2.X\LABORATORIO_7_PIC2.ASM 145 : Register in operand not in bank 0.  Ensure that bank bits are correct.
Message[302] C:\USERS\CARLOS GIL\MPLABXPROJECTS\LABORATORIO_7_PIC2.X\LABORATORIO_7_PIC2.ASM 158 : Register in operand not in bank 0.  Ensure that bank bits are correct.
Message[302] C:\USERS\CARLOS GIL\MPLABXPROJECTS\LABORATORIO_7_PIC2.X\LABORATORIO_7_PIC2.ASM 160 : Register in operand not in bank 0.  Ensure that bank bits are correct.
Message[302] C:\USERS\CARLOS GIL\MPLABXPROJECTS\LABORATORIO_7_PIC2.X\LABORATORIO_7_PIC2.ASM 162 : Register in operand not in bank 0.  Ensure that bank bits are correct.
Message[302] C:\USERS\CARLOS GIL\MPLABXPROJECTS\LABORATORIO_7_PIC2.X\LABORATORIO_7_PIC2.ASM 164 : Register in operand not in bank 0.  Ensure that bank bits are correct.
Message[302] C:\USERS\CARLOS GIL\MPLABXPROJECTS\LABORATORIO_7_PIC2.X\LABORATORIO_7_PIC2.ASM 166 : Register in operand not in bank 0.  Ensure that bank bits are correct.
Message[302] C:\USERS\CARLOS GIL\MPLABXPROJECTS\LABORATORIO_7_PIC2.X\LABORATORIO_7_PIC2.ASM 170 : Register in operand not in bank 0.  Ensure that bank bits are correct.
Message[302] C:\USERS\CARLOS GIL\MPLABXPROJECTS\LABORATORIO_7_PIC2.X\LABORATORIO_7_PIC2.ASM 171 : Register in operand not in bank 0.  Ensure that bank bits are correct.
