Warning[207] C:\USERS\CARLOS GIL\MPLABXPROJECTS\LABORATORIO_5.X\LABORATORIO_5.ASM 21 : Found label after column 1. (CONT1)
Warning[207] C:\USERS\CARLOS GIL\MPLABXPROJECTS\LABORATORIO_5.X\LABORATORIO_5.ASM 22 : Found label after column 1. (CONT2)
Warning[207] C:\USERS\CARLOS GIL\MPLABXPROJECTS\LABORATORIO_5.X\LABORATORIO_5.ASM 23 : Found label after column 1. (UNIDADES)
Warning[207] C:\USERS\CARLOS GIL\MPLABXPROJECTS\LABORATORIO_5.X\LABORATORIO_5.ASM 24 : Found label after column 1. (CONT3)
Warning[207] C:\USERS\CARLOS GIL\MPLABXPROJECTS\LABORATORIO_5.X\LABORATORIO_5.ASM 25 : Found label after column 1. (CONT4)
Warning[207] C:\USERS\CARLOS GIL\MPLABXPROJECTS\LABORATORIO_5.X\LABORATORIO_5.ASM 26 : Found label after column 1. (DECENAS)
Warning[207] C:\USERS\CARLOS GIL\MPLABXPROJECTS\LABORATORIO_5.X\LABORATORIO_5.ASM 27 : Found label after column 1. (CONT6)
Warning[207] C:\USERS\CARLOS GIL\MPLABXPROJECTS\LABORATORIO_5.X\LABORATORIO_5.ASM 28 : Found label after column 1. (W_TEMP)
Warning[207] C:\USERS\CARLOS GIL\MPLABXPROJECTS\LABORATORIO_5.X\LABORATORIO_5.ASM 29 : Found label after column 1. (STATUS_TEMP)
Warning[207] C:\USERS\CARLOS GIL\MPLABXPROJECTS\LABORATORIO_5.X\LABORATORIO_5.ASM 30 : Found label after column 1. (INDICADOR)
Warning[207] C:\USERS\CARLOS GIL\MPLABXPROJECTS\LABORATORIO_5.X\LABORATORIO_5.ASM 31 : Found label after column 1. (NIBBLE_H)
Warning[207] C:\USERS\CARLOS GIL\MPLABXPROJECTS\LABORATORIO_5.X\LABORATORIO_5.ASM 32 : Found label after column 1. (NIBBLE_L)
Warning[207] C:\USERS\CARLOS GIL\MPLABXPROJECTS\LABORATORIO_5.X\LABORATORIO_5.ASM 33 : Found label after column 1. (VAR_DISPLAY)
Warning[207] C:\USERS\CARLOS GIL\MPLABXPROJECTS\LABORATORIO_5.X\LABORATORIO_5.ASM 34 : Found label after column 1. (SEGUNDOS)
Message[305] C:\USERS\CARLOS GIL\MPLABXPROJECTS\LABORATORIO_5.X\LABORATORIO_5.ASM 73 : Using default destination of 1 (file).
Message[305] C:\USERS\CARLOS GIL\MPLABXPROJECTS\LABORATORIO_5.X\LABORATORIO_5.ASM 77 : Using default destination of 1 (file).
Warning[203] C:\USERS\CARLOS GIL\MPLABXPROJECTS\LABORATORIO_5.X\LABORATORIO_5.ASM 105 : Found opcode in column 1. (CALL)
Message[305] C:\USERS\CARLOS GIL\MPLABXPROJECTS\LABORATORIO_5.X\LABORATORIO_5.ASM 160 : Using default destination of 1 (file).
Message[305] C:\USERS\CARLOS GIL\MPLABXPROJECTS\LABORATORIO_5.X\LABORATORIO_5.ASM 171 : Using default destination of 1 (file).
Message[305] C:\USERS\CARLOS GIL\MPLABXPROJECTS\LABORATORIO_5.X\LABORATORIO_5.ASM 175 : Using default destination of 1 (file).
Message[305] C:\USERS\CARLOS GIL\MPLABXPROJECTS\LABORATORIO_5.X\LABORATORIO_5.ASM 176 : Using default destination of 1 (file).
Message[302] C:\USERS\CARLOS GIL\MPLABXPROJECTS\LABORATORIO_5.X\LABORATORIO_5.ASM 228 : Register in operand not in bank 0.  Ensure that bank bits are correct.
Message[302] C:\USERS\CARLOS GIL\MPLABXPROJECTS\LABORATORIO_5.X\LABORATORIO_5.ASM 229 : Register in operand not in bank 0.  Ensure that bank bits are correct.
Message[302] C:\USERS\CARLOS GIL\MPLABXPROJECTS\LABORATORIO_5.X\LABORATORIO_5.ASM 232 : Register in operand not in bank 0.  Ensure that bank bits are correct.
Message[302] C:\USERS\CARLOS GIL\MPLABXPROJECTS\LABORATORIO_5.X\LABORATORIO_5.ASM 233 : Register in operand not in bank 0.  Ensure that bank bits are correct.
Message[302] C:\USERS\CARLOS GIL\MPLABXPROJECTS\LABORATORIO_5.X\LABORATORIO_5.ASM 235 : Register in operand not in bank 0.  Ensure that bank bits are correct.
Message[302] C:\USERS\CARLOS GIL\MPLABXPROJECTS\LABORATORIO_5.X\LABORATORIO_5.ASM 237 : Register in operand not in bank 0.  Ensure that bank bits are correct.
Message[302] C:\USERS\CARLOS GIL\MPLABXPROJECTS\LABORATORIO_5.X\LABORATORIO_5.ASM 240 : Register in operand not in bank 0.  Ensure that bank bits are correct.
Message[302] C:\USERS\CARLOS GIL\MPLABXPROJECTS\LABORATORIO_5.X\LABORATORIO_5.ASM 244 : Register in operand not in bank 0.  Ensure that bank bits are correct.
Message[302] C:\USERS\CARLOS GIL\MPLABXPROJECTS\LABORATORIO_5.X\LABORATORIO_5.ASM 246 : Register in operand not in bank 0.  Ensure that bank bits are correct.
Message[302] C:\USERS\CARLOS GIL\MPLABXPROJECTS\LABORATORIO_5.X\LABORATORIO_5.ASM 247 : Register in operand not in bank 0.  Ensure that bank bits are correct.
Message[302] C:\USERS\CARLOS GIL\MPLABXPROJECTS\LABORATORIO_5.X\LABORATORIO_5.ASM 249 : Register in operand not in bank 0.  Ensure that bank bits are correct.
Message[302] C:\USERS\CARLOS GIL\MPLABXPROJECTS\LABORATORIO_5.X\LABORATORIO_5.ASM 250 : Register in operand not in bank 0.  Ensure that bank bits are correct.
Message[302] C:\USERS\CARLOS GIL\MPLABXPROJECTS\LABORATORIO_5.X\LABORATORIO_5.ASM 257 : Register in operand not in bank 0.  Ensure that bank bits are correct.
Message[302] C:\USERS\CARLOS GIL\MPLABXPROJECTS\LABORATORIO_5.X\LABORATORIO_5.ASM 258 : Register in operand not in bank 0.  Ensure that bank bits are correct.
