MPASM 5.77                 LABORATORIO_5.ASM   9-3-2020  10:15:04         PAGE  1


LOC  OBJECT CODE     LINE SOURCE TEXT
  VALUE

                      00001 ;*******************************************************************************                        
                                                                           *
                      00002 ;    Filename:              Laboratorio_5.0.asm                              *
                      00003 ;    Date:                  11/08/2020                                         *
                      00004 ;    File Version:          v.1                                                *
                      00005 ;    Author:                Carlos Gil                      *
                      00006 ;    Company:               UVG                                                *
                      00007 ;    Description:           contador con display decimal                                                
                                                                                         *
                      00008 ;*******************************************************************************
                      00009 #include "p16f887.inc"
                      00001         LIST
                      00002 
                      00003 ;==========================================================================
                      00004 ; Build date : Nov 22 2017
                      00005 ;  MPASM PIC16F887 processor include
                      00006 ; 
                      00007 ;  (c) Copyright 1999-2017 Microchip Technology, All rights reserved
                      00008 ;==========================================================================
                      00009 
                      00810         LIST
                      00010 
                      00011 ; CONFIG1
                      00012 ; __config 0x20D4
2007   20D4           00013  __CONFIG _CONFIG1, _FOSC_INTRC_NOCLKOUT & _WDTE_OFF & _PWRTE_OFF & _MCLRE_OFF & _CP_OFF & _CPD_OFF & _B
                            OREN_OFF & _IESO_OFF & _FCMEN_OFF & _LVP_OFF
                      00014 ; CONFIG2
                      00015 ; __config 0x3FFF
2008   3FFF           00016  __CONFIG _CONFIG2, _BOR4V_BOR40V & _WRT_OFF
                      00017  ;****************************************************************************** 
                      00018  ; variables
                      00019  ;******************************************************************************
                      00020 GPR_VAR         UDATA
Warning[207]: Found label after column 1. (CONT1)
0000                  00021     CONT1       RES     1       ; VARIABLE PARA REALIZAR DELAY_SMALL
Warning[207]: Found label after column 1. (CONT2)
0001                  00022     CONT2       RES     1
Warning[207]: Found label after column 1. (UNIDADES)
0002                  00023     UNIDADES    RES     1
Warning[207]: Found label after column 1. (CONT3)
0003                  00024     CONT3       RES     1
Warning[207]: Found label after column 1. (CONT4)
0004                  00025     CONT4       RES     1
Warning[207]: Found label after column 1. (DECENAS)
0005                  00026     DECENAS     RES     1
Warning[207]: Found label after column 1. (CONT6)
0006                  00027     CONT6       RES     1
Warning[207]: Found label after column 1. (W_TEMP)
0007                  00028     W_TEMP      RES     1
Warning[207]: Found label after column 1. (STATUS_TEMP)
0008                  00029     STATUS_TEMP RES     1
Warning[207]: Found label after column 1. (INDICADOR)
0009                  00030     INDICADOR   RES     1
MPASM 5.77                 LABORATORIO_5.ASM   9-3-2020  10:15:04         PAGE  2


LOC  OBJECT CODE     LINE SOURCE TEXT
  VALUE

Warning[207]: Found label after column 1. (NIBBLE_H)
000A                  00031     NIBBLE_H    RES     1
Warning[207]: Found label after column 1. (NIBBLE_L)
000B                  00032     NIBBLE_L    RES     1
Warning[207]: Found label after column 1. (VAR_DISPLAY)
000C                  00033     VAR_DISPLAY RES     1
Warning[207]: Found label after column 1. (SEGUNDOS)
000D                  00034     SEGUNDOS    RES     1
                      00035 ;*******************************************************************************
                      00036 ; Reset Vector
                      00037 ;*******************************************************************************
                      00038 RES_VECT  CODE    0x0000            ; processor reset vector
0000   2???           00039     GOTO    START   
                      00040 ISR_VECT  CODE    0x0004
0004                  00041 PUSH:
0004   138B           00042     BCF     INTCON, GIE
0005   00??           00043     MOVWF   W_TEMP
0006   0E03           00044     SWAPF   STATUS, W
0007   00??           00045     MOVWF   STATUS_TEMP
0008                  00046 ISR:
0008   190B           00047     BTFSC   INTCON, T0IF
0009   2???           00048     CALL    INTERRUPCION_TMRO
000A   180C           00049     BTFSC   PIR1, TMR1IF
000B   2???           00050     CALL    INTERRUPCION_TMR1
000C                  00051 POP:
000C   0E??           00052     SWAPF   STATUS_TEMP, W
000D   0083           00053     MOVWF   STATUS 
000E   0E??           00054     SWAPF   W_TEMP, F
000F   0E??           00055     SWAPF   W_TEMP, W
0010   178B           00056     BSF     INTCON, GIE
0011   0009           00057     RETFIE
                      00058 
0012                  00059 INTERRUPCION_TMRO:
0012   30F8           00060     MOVLW   .248
0013   0081           00061     MOVWF   TMR0
0014   110B           00062     BCF     INTCON, T0IF 
0015   2???           00063     CALL    DISPLAY_VAR
0016   0008           00064     RETURN 
                      00065     
0017                  00066 INTERRUPCION_TMR1:
0017   300B           00067     MOVLW   0x0B
0018   008F           00068     MOVWF   TMR1H
0019   30DC           00069     MOVLW   0xDC
001A   300E           00070     MOVLW   TMR1L
001B   100C           00071     BCF     PIR1, TMR1IF
001C   3002           00072     MOVLW   .2
Message[305]: Using default destination of 1 (file).
001D   0A??           00073     INCF    CONT3
001E   02??           00074     SUBWF   CONT3, W
001F   1D03           00075     BTFSS   STATUS, Z
0020   0008           00076     RETURN 
Message[305]: Using default destination of 1 (file).
0021   0A??           00077     INCF    UNIDADES 
MPASM 5.77                 LABORATORIO_5.ASM   9-3-2020  10:15:04         PAGE  3


LOC  OBJECT CODE     LINE SOURCE TEXT
  VALUE

0022   01??           00078     CLRF    CONT3
0023   0008           00079     RETURN
                      00080     
                      00081 
                      00082 ;*******************************************************************************
                      00083 ; TABLA
                      00084 ;*******************************************************************************
0024                  00085 TABLA:
0024   390F           00086     ANDLW   B'00001111'
0025   0782           00087     ADDWF   PCL, F
0026   34C0           00088     RETLW   B'11000000' ;0
0027   34F9           00089     RETLW   B'11111001' ;1
0028   3424           00090     RETLW   B'00100100' ;2
0029   34B0           00091     RETLW   B'10110000' ;3
002A   3499           00092     RETLW   B'10011001' ;4
002B   3412           00093     RETLW   B'00010010' ;5
002C   3402           00094     RETLW   B'00000010' ;6
002D   3478           00095     RETLW   B'01111000' ;7
002E   3400           00096     RETLW   b'00000000' ;8
002F   3418           00097     RETLW   b'00011000' ;9
                      00098 
                      00099   
                      00100 ;*******************************************************************************
                      00101 ; MAIN PROGRAM
                      00102 ;*******************************************************************************
                      00103 MAIN_PROG   CODE     0x0100                 ; let linker place main program
0100                  00104 START
Warning[203]: Found opcode in column 1. (CALL)
0100   2???           00105 CALL SETUP
                      00106 ;*******************************************************************************
                      00107 ; MAIN LOOP
                      00108 ;*******************************************************************************     
0101                  00109 LOOP:
0101   01??           00110     CLRF    UNIDADES
0102   01??           00111     CLRF    DECENAS
0103   01??           00112     CLRF    SEGUNDOS
0104   2???           00113     CALL    DISPLAY_DECENAS
0105   2???           00114     GOTO    LOOP
                      00115 ;*******************************************************************************
                      00116 ; SUB RUTINAS 
                      00117 ;*******************************************************************************  
0106                  00118 CAMBIO_INDICADOR:
0106   1C00           00119     BTFSS   INDICADOR, 0
0107   2???           00120     GOTO    IN_0
0108                  00121 IN_1:
0108   1000           00122     BCF     INDICADOR, 0
0109   0008           00123     RETURN
010A                  00124 IN_0:
010A   1400           00125     BSF     INDICADOR, 0
010B   0008           00126     RETURN 
                      00127 
010C                  00128 SEP_NIBBLES:
010C   08??           00129     MOVFW   SEGUNDOS 
MPASM 5.77                 LABORATORIO_5.ASM   9-3-2020  10:15:04         PAGE  4


LOC  OBJECT CODE     LINE SOURCE TEXT
  VALUE

010D   00??           00130     MOVWF   NIBBLE_H
010E   0E??           00131     SWAPF   SEGUNDOS, W
010F   00??           00132     MOVWF   NIBBLE_L
0110   0008           00133     RETURN
                      00134     
                      00135     
0111                  00136 DISPLAY_VAR:
0111   1008           00137     BCF     PORTD, RD0
0112   1108           00138     BCF     PORTD, RD2
0113   1800           00139     BTFSC   INDICADOR, 0
0114   2???           00140     GOTO    DISPLAY_1
0115                  00141 DISPLAY_0:
0115   08??           00142     MOVFW   NIBBLE_L
0116   2???           00143     CALL    TABLA
0117   0087           00144     MOVWF   PORTC
0118   1408           00145     BSF     PORTD, RD0
0119   2???           00146     CALL    CAMBIO_INDICADOR
011A   0008           00147     RETURN
011B                  00148 DISPLAY_1:
011B   08??           00149     MOVFW   NIBBLE_H
011C   2???           00150     CALL    TABLA
011D   0087           00151     MOVWF   PORTC
011E   1508           00152     BSF     PORTD, RD2
011F   2???           00153     CALL    CAMBIO_INDICADOR
0120   0008           00154     RETURN
                      00155 
0121                  00156 DISPLAY_SEGUNDOS:
0121   08??           00157     MOVFW   UNIDADES 
0122   07??           00158     ADDWF   DECENAS, 0
0123   00??           00159     MOVWF   SEGUNDOS  
Message[305]: Using default destination of 1 (file).
0124   03??           00160     DECF    SEGUNDOS
0125   0008           00161     RETURN 
                      00162  
0126                  00163 DISPLAY_DECENAS:
0126   300A           00164     MOVLW   .10
0127   00??           00165     MOVWF   CONT6
0128                  00166 DISPLAY_UNIDADES:
0128   300A           00167     MOVLW   .10
0129   00??           00168     MOVWF   CONT4
012A   2???           00169     CALL    SEP_NIBBLES
012B   2???           00170     CALL    DISPLAY_SEGUNDOS
Message[305]: Using default destination of 1 (file).
012C   0B??           00171     DECFSZ  CONT4
012D   2???           00172     GOTO    $-3
012E   01??           00173     CLRF    UNIDADES
012F   3010           00174     MOVLW   B'00010000'
Message[305]: Using default destination of 1 (file).
0130   07??           00175     ADDWF   DECENAS
Message[305]: Using default destination of 1 (file).
0131   0B??           00176     DECFSZ  CONT6
0132   2???           00177     GOTO    DISPLAY_UNIDADES
0133   01??           00178     CLRF    SEGUNDOS 
MPASM 5.77                 LABORATORIO_5.ASM   9-3-2020  10:15:04         PAGE  5


LOC  OBJECT CODE     LINE SOURCE TEXT
  VALUE

0134   0008           00179     RETURN 
                      00180     
0135                  00181 LEDS_INTERMITENTES:
0135   1800           00182     BTFSC   INDICADOR, 0
0136   2???           00183     GOTO    LED_0
0137                  00184 LED_1:
0137   1488           00185     BSF PORTD, RD1
0138   1588           00186     BSF PORTD, RD3
0139   2???           00187     CALL CAMBIO_INDICADOR 
013A   0008           00188     RETURN 
013B                  00189 LED_0:
013B   1088           00190     BCF PORTD, RD1
013C   1188           00191     BCF PORTD, RD3
013D   2???           00192     CALL CAMBIO_INDICADOR 
013E   0008           00193     RETURN  
                      00194         
                      00195     
013F                  00196 TEMPORIZADOR_TIMER0:
013F   3028           00197     MOVLW   .40
0140   00??           00198     MOVWF   CONT2
0141                  00199 TIEMPO1:
0141   110B           00200     BCF     INTCON, T0IF
0142   309E           00201     MOVLW   .158
0143   0081           00202     MOVWF   TMR0
0144                  00203 TIEMPO2:
0144   1D0B           00204     BTFSS   INTCON, T0IF
0145   2???           00205     GOTO    TIEMPO2
0146   0B??           00206     DECFSZ  CONT2, F
0147   2???           00207     GOTO    TIEMPO1
0148   0008           00208     RETURN 
                      00209     
0149                  00210 SETUP:
0149   1283 1303      00211     BANKSEL PORTA  ; BANCO 0
014B   0185           00212     CLRF    PORTA  ; BORRA EL PUERTO A
014C   0186           00213     CLRF    PORTB  ; BORRA EL PUERTO B
014D   0187           00214     CLRF    PORTC 
014E   0188           00215     CLRF    PORTD  
014F   0189           00216     CLRF    PORTE
0150   1103           00217     BCF     STATUS, Z
                      00218  ;**************timer1**********************************************************   
0151   0190           00219     CLRF    T1CON
0152   1410           00220     BSF        T1CON,0      ; HABILITAMOS EL TIMER 1 (TMR1ON=1)
0153   1090           00221     BCF        T1CON,1      ; OSCILADOR INTERNO 
0154   1190           00222     BCF        T1CON,3      ; NO HABILITA EL OSCILADOR DEL TIMER 1 (T1OSCEN=0)
0155   1610           00223     BSF        T1CON,4      ; PRE DIVISOR DE FRECUENCIA EN 8 (T1CKPS0=0)
0156   1690           00224     BSF        T1CON,5  
                      00225  ;******************************************************************************
                      00226     
0157   1683 1703      00227     BANKSEL ANSEL   ; BANCO 3 
Message[302]: Register in operand not in bank 0.  Ensure that bank bits are correct.
0159   0188           00228     CLRF    ANSEL
Message[302]: Register in operand not in bank 0.  Ensure that bank bits are correct.
015A   0189           00229     CLRF    ANSELH  ; BORRA EL CONTROL DE ENTRADAS ANALÓGICAS
MPASM 5.77                 LABORATORIO_5.ASM   9-3-2020  10:15:04         PAGE  6


LOC  OBJECT CODE     LINE SOURCE TEXT
  VALUE

                      00230     
015B   1683 1303      00231     BANKSEL TRISA   ; BANCO 1
Message[302]: Register in operand not in bank 0.  Ensure that bank bits are correct.
015D   0185           00232     CLRF    TRISA  
Message[302]: Register in operand not in bank 0.  Ensure that bank bits are correct.
015E   0186           00233     CLRF    TRISB
015F   30C0           00234     MOVLW   B'11000000'
Message[302]: Register in operand not in bank 0.  Ensure that bank bits are correct.
0160   0086           00235     MOVWF   TRISB
0161   30FF           00236     MOVLW   .255
Message[302]: Register in operand not in bank 0.  Ensure that bank bits are correct.
0162   0095           00237     MOVWF   WPUB 
0163   0064           00238     CLRWDT
0164   3057           00239     MOVLW B'01010111'
Message[302]: Register in operand not in bank 0.  Ensure that bank bits are correct.
0165   0081           00240     MOVWF   OPTION_REG
0166   110B           00241     BCF     INTCON, T0IF
0167   128B           00242     BCF     INTCON, T0IE
0168   170B           00243     BSF     INTCON, PEIE
Message[302]: Register in operand not in bank 0.  Ensure that bank bits are correct.
0169   0187           00244     CLRF    TRISC
016A   3000           00245     MOVLW   b'00000000'
Message[302]: Register in operand not in bank 0.  Ensure that bank bits are correct.
016B   0087           00246     MOVWF   TRISC   ;HABILITAR 5 PUERTOS DEL PORTC COMO SALIDAS Y Y 3 COMO ENTRADAS 
Message[302]: Register in operand not in bank 0.  Ensure that bank bits are correct.
016C   0188           00247     CLRF    TRISD
016D   3000           00248     MOVLW   B'00000000'
Message[302]: Register in operand not in bank 0.  Ensure that bank bits are correct.
016E   0088           00249     MOVWF   TRISD
Message[302]: Register in operand not in bank 0.  Ensure that bank bits are correct.
016F   0189           00250     CLRF    TRISE
                      00251    
0170   178B           00252     BSF     INTCON, GIE 
0171   168B           00253     BSF     INTCON, T0IE
0172   110B           00254     BCF     INTCON, T0IF
0173   1283           00255     BCF     STATUS, 5   
                      00256     
Message[302]: Register in operand not in bank 0.  Ensure that bank bits are correct.
0174   148C           00257     BSF     PIE1, 1
Message[302]: Register in operand not in bank 0.  Ensure that bank bits are correct.
0175   140C           00258     BSF     PIE1, 0
                      00259     
                      00260     
0176   1283 1303      00261     BANKSEL PORTA  ; REGRESO AL BANCO 0
0178   0187           00262     CLRF    PORTC
0179   0185           00263     CLRF    PORTA
017A   0186           00264     CLRF    PORTB 
017B   0188           00265     CLRF    PORTD
017C   0189           00266     CLRF    PORTE
017D   0008           00267     RETURN 
                      00268     
017E                  00269 DELAY_FINAL:
017E   3005           00270     MOVLW .5
MPASM 5.77                 LABORATORIO_5.ASM   9-3-2020  10:15:04         PAGE  7


LOC  OBJECT CODE     LINE SOURCE TEXT
  VALUE

017F   00??           00271     MOVWF CONT3
0180                  00272 CONFIG2:
0180   2???           00273     CALL    DELAY_BIG
0181   0B??           00274     DECFSZ  CONT3, F
0182   2???           00275     GOTO    CONFIG2
0183   0008           00276     RETURN  
0184                  00277 DELAY_BIG:
0184   30FF           00278     MOVLW .255
0185   00??           00279     MOVWF CONT2
0186                  00280 CONFIG1:
0186   2???           00281     CALL    DELAY_SMALL
0187   0B??           00282     DECFSZ  CONT2, F
0188   2???           00283     GOTO    CONFIG1
0189   0008           00284     RETURN 
018A                  00285 DELAY_SMALL:
018A   30FF           00286     MOVLW   .255    ;DELAY QUE DURA 50MS
018B   00??           00287     MOVWF   CONT1
018C   0B??           00288     DECFSZ  CONT1, F
018D   2???           00289     GOTO    $-1     ; IR A PC - 1 
018E   0008           00290     RETURN
                      00291 ;*******************************************************************************
                      00292 
20D4 3FFF             00293   END
MPASM 5.77                 LABORATORIO_5.ASM   9-3-2020  10:15:04         PAGE  8


SYMBOL TABLE
  LABEL                             VALUE 

ABDEN                             00000000
ABDOVF                            00000007
ACKDT                             00000005
ACKEN                             00000004
ACKSTAT                           00000006
ADCON0                            0000001F
ADCON1                            0000009F
ADCS0                             00000006
ADCS1                             00000007
ADDEN                             00000003
ADFM                              00000007
ADIE                              00000006
ADIF                              00000006
ADON                              00000000
ADRESH                            0000001E
ADRESL                            0000009E
ANS0                              00000000
ANS1                              00000001
ANS10                             00000002
ANS11                             00000003
ANS12                             00000004
ANS13                             00000005
ANS2                              00000002
ANS3                              00000003
ANS4                              00000004
ANS5                              00000005
ANS6                              00000006
ANS7                              00000007
ANS8                              00000000
ANS9                              00000001
ANSEL                             00000188
ANSELH                            00000189
BAUDCTL                           00000187
BCLIE                             00000003
BCLIF                             00000003
BF                                00000000
BRG0                              00000000
BRG1                              00000001
BRG10                             00000002
BRG11                             00000003
BRG12                             00000004
BRG13                             00000005
BRG14                             00000006
BRG15                             00000007
BRG16                             00000003
BRG2                              00000002
BRG3                              00000003
BRG4                              00000004
BRG5                              00000005
BRG6                              00000006
BRG7                              00000007
BRG8                              00000000
BRG9                              00000001
MPASM 5.77                 LABORATORIO_5.ASM   9-3-2020  10:15:04         PAGE  9


SYMBOL TABLE
  LABEL                             VALUE 

BRGH                              00000002
C                                 00000000
C1CH0                             00000000
C1CH1                             00000001
C1IE                              00000005
C1IF                              00000005
C1OE                              00000005
C1ON                              00000007
C1OUT                             00000006
C1POL                             00000004
C1R                               00000002
C1RSEL                            00000005
C1SEN                             00000005
C2CH0                             00000000
C2CH1                             00000001
C2IE                              00000006
C2IF                              00000006
C2OE                              00000005
C2ON                              00000007
C2OUT                             00000006
C2POL                             00000004
C2R                               00000002
C2REN                             00000004
C2RSEL                            00000004
C2SYNC                            00000000
CAMBIO_INDICADOR                  00000106
CCP1CON                           00000017
CCP1IE                            00000002
CCP1IF                            00000002
CCP1M0                            00000000
CCP1M1                            00000001
CCP1M2                            00000002
CCP1M3                            00000003
CCP1X                             00000005
CCP1Y                             00000004
CCP2CON                           0000001D
CCP2IE                            00000000
CCP2IF                            00000000
CCP2M0                            00000000
CCP2M1                            00000001
CCP2M2                            00000002
CCP2M3                            00000003
CCP2X                             00000005
CCP2Y                             00000004
CCPR1                             00000015
CCPR1H                            00000016
CCPR1L                            00000015
CCPR2                             0000001B
CCPR2H                            0000001C
CCPR2L                            0000001B
CHS0                              00000002
CHS1                              00000003
CHS2                              00000004
MPASM 5.77                 LABORATORIO_5.ASM   9-3-2020  10:15:04         PAGE 10


SYMBOL TABLE
  LABEL                             VALUE 

CHS3                              00000005
CKE                               00000006
CKP                               00000004
CM1CON0                           00000107
CM2CON0                           00000108
CM2CON1                           00000109
CONFIG1                           00000186
CONFIG2                           00000180
CONT1                             00000000
CONT2                             00000001
CONT3                             00000003
CONT4                             00000004
CONT6                             00000006
CREN                              00000004
CSRC                              00000007
D                                 00000005
DATA_ADDRESS                      00000005
DC                                00000001
DC1B0                             00000004
DC1B1                             00000005
DC2B0                             00000004
DC2B1                             00000005
DECENAS                           00000005
DELAY_BIG                         00000184
DELAY_FINAL                       0000017E
DELAY_SMALL                       0000018A
DISPLAY_0                         00000115
DISPLAY_1                         0000011B
DISPLAY_DECENAS                   00000126
DISPLAY_SEGUNDOS                  00000121
DISPLAY_UNIDADES                  00000128
DISPLAY_VAR                       00000111
D_A                               00000005
D_NOT_A                           00000005
ECCPAS                            0000009C
ECCPAS0                           00000004
ECCPAS1                           00000005
ECCPAS2                           00000006
ECCPASE                           00000007
EEADR                             0000010D
EEADRH                            0000010F
EECON1                            0000018C
EECON2                            0000018D
EEDAT                             0000010C
EEDATA                            0000010C
EEDATH                            0000010E
EEIE                              00000004
EEIF                              00000004
EEPGD                             00000007
F                                 00000001
FERR                              00000002
FSR                               00000004
FVREN                             00000000
MPASM 5.77                 LABORATORIO_5.ASM   9-3-2020  10:15:04         PAGE 11


SYMBOL TABLE
  LABEL                             VALUE 

GCEN                              00000007
GIE                               00000007
GO                                00000001
GO_DONE                           00000001
GO_NOT_DONE                       00000001
HTS                               00000002
I2C_DATA                          00000005
I2C_READ                          00000002
I2C_START                         00000003
I2C_STOP                          00000004
INDF                              00000000
INDICADOR                         00000009
INTCON                            0000000B
INTE                              00000004
INTEDG                            00000006
INTERRUPCION_TMR1                 00000017
INTERRUPCION_TMRO                 00000012
INTF                              00000001
IN_0                              0000010A
IN_1                              00000108
IOCB                              00000096
IOCB0                             00000000
IOCB1                             00000001
IOCB2                             00000002
IOCB3                             00000003
IOCB4                             00000004
IOCB5                             00000005
IOCB6                             00000006
IOCB7                             00000007
IRCF0                             00000004
IRCF1                             00000005
IRCF2                             00000006
IRP                               00000007
ISR                               00000008
LEDS_INTERMITENTES                00000135
LED_0                             0000013B
LED_1                             00000137
LOOP                              00000101
LTS                               00000001
MC1OUT                            00000007
MC2OUT                            00000006
MSK                               00000093
MSK0                              00000000
MSK1                              00000001
MSK2                              00000002
MSK3                              00000003
MSK4                              00000004
MSK5                              00000005
MSK6                              00000006
MSK7                              00000007
NIBBLE_H                          0000000A
NIBBLE_L                          0000000B
NOT_A                             00000005
MPASM 5.77                 LABORATORIO_5.ASM   9-3-2020  10:15:04         PAGE 12


SYMBOL TABLE
  LABEL                             VALUE 

NOT_ADDRESS                       00000005
NOT_BO                            00000000
NOT_BOR                           00000000
NOT_DONE                          00000001
NOT_PD                            00000003
NOT_POR                           00000001
NOT_RBPU                          00000007
NOT_RC8                           00000006
NOT_T1SYNC                        00000002
NOT_TO                            00000004
NOT_TX8                           00000006
NOT_W                             00000002
NOT_WRITE                         00000002
OERR                              00000001
OPTION_REG                        00000081
OSCCON                            0000008F
OSCTUNE                           00000090
OSFIE                             00000007
OSFIF                             00000007
OSTS                              00000003
P                                 00000004
P1M0                              00000006
P1M1                              00000007
PCL                               00000002
PCLATH                            0000000A
PCON                              0000008E
PDC0                              00000000
PDC1                              00000001
PDC2                              00000002
PDC3                              00000003
PDC4                              00000004
PDC5                              00000005
PDC6                              00000006
PEIE                              00000006
PEN                               00000002
PIE1                              0000008C
PIE2                              0000008D
PIR1                              0000000C
PIR2                              0000000D
POP                               0000000C
PORTA                             00000005
PORTB                             00000006
PORTC                             00000007
PORTD                             00000008
PORTE                             00000009
PR2                               00000092
PRSEN                             00000007
PS0                               00000000
PS1                               00000001
PS2                               00000002
PSA                               00000003
PSSAC0                            00000002
PSSAC1                            00000003
MPASM 5.77                 LABORATORIO_5.ASM   9-3-2020  10:15:04         PAGE 13


SYMBOL TABLE
  LABEL                             VALUE 

PSSBD0                            00000000
PSSBD1                            00000001
PSTRCON                           0000009D
PULSR                             00000002
PULSS                             00000003
PUSH                              00000004
PWM1CON                           0000009B
R                                 00000002
RA0                               00000000
RA1                               00000001
RA2                               00000002
RA3                               00000003
RA4                               00000004
RA5                               00000005
RA6                               00000006
RA7                               00000007
RB0                               00000000
RB1                               00000001
RB2                               00000002
RB3                               00000003
RB4                               00000004
RB5                               00000005
RB6                               00000006
RB7                               00000007
RBIE                              00000003
RBIF                              00000000
RC0                               00000000
RC1                               00000001
RC2                               00000002
RC3                               00000003
RC4                               00000004
RC5                               00000005
RC6                               00000006
RC7                               00000007
RC8_9                             00000006
RC9                               00000006
RCD8                              00000000
RCEN                              00000003
RCIDL                             00000006
RCIE                              00000005
RCIF                              00000005
RCREG                             0000001A
RCSTA                             00000018
RD                                00000000
RD0                               00000000
RD1                               00000001
RD2                               00000002
RD3                               00000003
RD4                               00000004
RD5                               00000005
RD6                               00000006
RD7                               00000007
RE0                               00000000
MPASM 5.77                 LABORATORIO_5.ASM   9-3-2020  10:15:04         PAGE 14


SYMBOL TABLE
  LABEL                             VALUE 

RE1                               00000001
RE2                               00000002
RE3                               00000003
READ_WRITE                        00000002
RP0                               00000005
RP1                               00000006
RSEN                              00000001
RX9                               00000006
RX9D                              00000000
R_NOT_W                           00000002
R_W                               00000002
S                                 00000003
SBOREN                            00000004
SCKP                              00000004
SCS                               00000000
SEGUNDOS                          0000000D
SEN                               00000000
SENDB                             00000003
SEP_NIBBLES                       0000010C
SETUP                             00000149
SMP                               00000007
SPBRG                             00000099
SPBRGH                            0000009A
SPEN                              00000007
SR0                               00000006
SR1                               00000007
SRCON                             00000185
SREN                              00000005
SSPADD                            00000093
SSPBUF                            00000013
SSPCON                            00000014
SSPCON2                           00000091
SSPEN                             00000005
SSPIE                             00000003
SSPIF                             00000003
SSPM0                             00000000
SSPM1                             00000001
SSPM2                             00000002
SSPM3                             00000003
SSPMSK                            00000093
SSPOV                             00000006
SSPSTAT                           00000094
START                             00000100
STATUS                            00000003
STATUS_TEMP                       00000008
STRA                              00000000
STRB                              00000001
STRC                              00000002
STRD                              00000003
STRSYNC                           00000004
SWDTEN                            00000000
SYNC                              00000004
T0CS                              00000005
MPASM 5.77                 LABORATORIO_5.ASM   9-3-2020  10:15:04         PAGE 15


SYMBOL TABLE
  LABEL                             VALUE 

T0IE                              00000005
T0IF                              00000002
T0SE                              00000004
T1CKPS0                           00000004
T1CKPS1                           00000005
T1CON                             00000010
T1GINV                            00000007
T1GIV                             00000007
T1GSS                             00000001
T1INSYNC                          00000002
T1OSCEN                           00000003
T1SYNC                            00000002
T2CKPS0                           00000000
T2CKPS1                           00000001
T2CON                             00000012
TABLA                             00000024
TEMPORIZADOR_TIMER0               0000013F
TIEMPO1                           00000141
TIEMPO2                           00000144
TMR0                              00000001
TMR0IE                            00000005
TMR0IF                            00000002
TMR1                              0000000E
TMR1CS                            00000001
TMR1GE                            00000006
TMR1H                             0000000F
TMR1IE                            00000000
TMR1IF                            00000000
TMR1L                             0000000E
TMR1ON                            00000000
TMR2                              00000011
TMR2IE                            00000001
TMR2IF                            00000001
TMR2ON                            00000002
TOUTPS0                           00000003
TOUTPS1                           00000004
TOUTPS2                           00000005
TOUTPS3                           00000006
TRISA                             00000085
TRISA0                            00000000
TRISA1                            00000001
TRISA2                            00000002
TRISA3                            00000003
TRISA4                            00000004
TRISA5                            00000005
TRISA6                            00000006
TRISA7                            00000007
TRISB                             00000086
TRISB0                            00000000
TRISB1                            00000001
TRISB2                            00000002
TRISB3                            00000003
TRISB4                            00000004
MPASM 5.77                 LABORATORIO_5.ASM   9-3-2020  10:15:04         PAGE 16


SYMBOL TABLE
  LABEL                             VALUE 

TRISB5                            00000005
TRISB6                            00000006
TRISB7                            00000007
TRISC                             00000087
TRISC0                            00000000
TRISC1                            00000001
TRISC2                            00000002
TRISC3                            00000003
TRISC4                            00000004
TRISC5                            00000005
TRISC6                            00000006
TRISC7                            00000007
TRISD                             00000088
TRISD0                            00000000
TRISD1                            00000001
TRISD2                            00000002
TRISD3                            00000003
TRISD4                            00000004
TRISD5                            00000005
TRISD6                            00000006
TRISD7                            00000007
TRISE                             00000089
TRISE0                            00000000
TRISE1                            00000001
TRISE2                            00000002
TRISE3                            00000003
TRMT                              00000001
TUN0                              00000000
TUN1                              00000001
TUN2                              00000002
TUN3                              00000003
TUN4                              00000004
TX8_9                             00000006
TX9                               00000006
TX9D                              00000000
TXD8                              00000000
TXEN                              00000005
TXIE                              00000004
TXIF                              00000004
TXREG                             00000019
TXSTA                             00000098
UA                                00000001
ULPWUE                            00000005
ULPWUIE                           00000002
ULPWUIF                           00000002
UNIDADES                          00000002
VAR_DISPLAY                       0000000C
VCFG0                             00000004
VCFG1                             00000005
VR0                               00000000
VR1                               00000001
VR2                               00000002
VR3                               00000003
MPASM 5.77                 LABORATORIO_5.ASM   9-3-2020  10:15:04         PAGE 17


SYMBOL TABLE
  LABEL                             VALUE 

VRCON                             00000097
VREN                              00000007
VROE                              00000006
VRR                               00000005
VRSS                              00000004
W                                 00000000
WCOL                              00000007
WDTCON                            00000105
WDTPS0                            00000001
WDTPS1                            00000002
WDTPS2                            00000003
WDTPS3                            00000004
WPUB                              00000095
WPUB0                             00000000
WPUB1                             00000001
WPUB2                             00000002
WPUB3                             00000003
WPUB4                             00000004
WPUB5                             00000005
WPUB6                             00000006
WPUB7                             00000007
WR                                00000001
WREN                              00000002
WRERR                             00000003
WUE                               00000001
W_TEMP                            00000007
Z                                 00000002
_BOR21V                           00003EFF
_BOR40V                           00003FFF
_BOR4V_BOR21V                     00003EFF
_BOR4V_BOR40V                     00003FFF
_BOREN_NSLEEP                     00003EFF
_BOREN_OFF                        00003CFF
_BOREN_ON                         00003FFF
_BOREN_SBODEN                     00003DFF
_BOR_NSLEEP                       00003EFF
_BOR_OFF                          00003CFF
_BOR_ON                           00003FFF
_BOR_SBODEN                       00003DFF
_CONFIG1                          00002007
_CONFIG2                          00002008
_CPD_OFF                          00003FFF
_CPD_ON                           00003F7F
_CP_OFF                           00003FFF
_CP_ON                            00003FBF
_DEBUG_OFF                        00003FFF
_DEBUG_ON                         00001FFF
_DEVID1                           00002006
_EC_OSC                           00003FFB
_EXTRC                            00003FFF
_EXTRCIO                          00003FFE
_EXTRC_OSC_CLKOUT                 00003FFF
_EXTRC_OSC_NOCLKOUT               00003FFE
MPASM 5.77                 LABORATORIO_5.ASM   9-3-2020  10:15:04         PAGE 18


SYMBOL TABLE
  LABEL                             VALUE 

_FCMEN_OFF                        000037FF
_FCMEN_ON                         00003FFF
_FOSC_EC                          00003FFB
_FOSC_EXTRC_CLKOUT                00003FFF
_FOSC_EXTRC_NOCLKOUT              00003FFE
_FOSC_HS                          00003FFA
_FOSC_INTRC_CLKOUT                00003FFD
_FOSC_INTRC_NOCLKOUT              00003FFC
_FOSC_LP                          00003FF8
_FOSC_XT                          00003FF9
_HS_OSC                           00003FFA
_IDLOC0                           00002000
_IDLOC1                           00002001
_IDLOC2                           00002002
_IDLOC3                           00002003
_IESO_OFF                         00003BFF
_IESO_ON                          00003FFF
_INTOSC                           00003FFD
_INTOSCIO                         00003FFC
_INTRC_OSC_CLKOUT                 00003FFD
_INTRC_OSC_NOCLKOUT               00003FFC
_LP_OSC                           00003FF8
_LVP_OFF                          00002FFF
_LVP_ON                           00003FFF
_MAIN_PROG_012D                   0000012D
_MAIN_PROG_018D                   0000018D
_MCLRE_OFF                        00003FDF
_MCLRE_ON                         00003FFF
_PWRTE_OFF                        00003FFF
_PWRTE_ON                         00003FEF
_WDTE_OFF                         00003FF7
_WDTE_ON                          00003FFF
_WDT_OFF                          00003FF7
_WDT_ON                           00003FFF
_WRT_1FOURTH                      00003BFF
_WRT_256                          00003DFF
_WRT_HALF                         000039FF
_WRT_OFF                          00003FFF
_XT_OSC                           00003FF9
__16F887                          00000001
__DEBUG                           
__MPLAB_DEBUGGER_SIMULATOR        1

Errors   :     0
Warnings :    15 reported,     0 suppressed
Messages :    20 reported,     0 suppressed

