MPASM 5.77                    PROYECTO_3.ASM   11-23-2020  16:40:16         PAGE  1


LOC  OBJECT CODE     LINE SOURCE TEXT
  VALUE

                      00001 ;*******************************************************************************                        
                                                                           *
                      00002 ;    Filename:              Proyecto_3.0.asm                              *
                      00003 ;    Date:                  08/09/2020                                         *
                      00004 ;    File Version:          v.1                                                *
                      00005 ;    Author:                Carlos Gil                      *
                      00006 ;    Company:               UVG                                                *
                      00007 ;    Description:           carro seguidor de luz                                                       
                                                                                 *
                      00008 ;*******************************************************************************
                      00009 #include "p16f887.inc"
                      00001         LIST
                      00002 
                      00003 ;==========================================================================
                      00004 ; Build date : Nov 22 2017
                      00005 ;  MPASM PIC16F887 processor include
                      00006 ; 
                      00007 ;  (c) Copyright 1999-2017 Microchip Technology, All rights reserved
                      00008 ;==========================================================================
                      00009 
                      00810         LIST
                      00010 
                      00011 ; CONFIG1
                      00012 ; __config 0x20D4
2007   20D4           00013  __CONFIG _CONFIG1, _FOSC_INTRC_NOCLKOUT & _WDTE_OFF & _PWRTE_OFF & _MCLRE_OFF & _CP_OFF & _CPD_OFF & _B
                            OREN_OFF & _IESO_OFF & _FCMEN_OFF & _LVP_OFF
                      00014 ; CONFIG2
                      00015 ; __config 0x3FFF
2008   3FFF           00016  __CONFIG _CONFIG2, _BOR4V_BOR40V & _WRT_OFF
                      00017  ;****************************************************************************** 
                      00018  ; variables
                      00019  ;******************************************************************************
                      00020 GPR_VAR         UDATA
Warning[207]: Found label after column 1. (CONT1)
0000                  00021     CONT1       RES     1
Warning[207]: Found label after column 1. (UNIDADES)
0001                  00022     UNIDADES    RES     1
Warning[207]: Found label after column 1. (CONT2)
0002                  00023     CONT2       RES     1
Warning[207]: Found label after column 1. (CONT3)
0003                  00024     CONT3       RES     1
Warning[207]: Found label after column 1. (CONT4)
0004                  00025     CONT4       RES     1
Warning[207]: Found label after column 1. (CONT6)
0005                  00026     CONT6       RES     1
Warning[207]: Found label after column 1. (CONT7)
0006                  00027     CONT7       RES     1
Warning[207]: Found label after column 1. (CONT8)
0007                  00028     CONT8       RES     1
Warning[207]: Found label after column 1. (CONT9)
0008                  00029     CONT9       RES     1
Warning[207]: Found label after column 1. (CONT10)
0009                  00030     CONT10      RES     1
MPASM 5.77                    PROYECTO_3.ASM   11-23-2020  16:40:16         PAGE  2


LOC  OBJECT CODE     LINE SOURCE TEXT
  VALUE

Warning[207]: Found label after column 1. (CONT11)
000A                  00031     CONT11      RES     1
Warning[207]: Found label after column 1. (CONT12)
000B                  00032     CONT12      RES     1
Warning[207]: Found label after column 1. (CONT13)
000C                  00033     CONT13      RES     1
Warning[207]: Found label after column 1. (W_TEMP)
000D                  00034     W_TEMP      RES     1
Warning[207]: Found label after column 1. (STATUS_TEMP)
000E                  00035     STATUS_TEMP RES     1
Warning[207]: Found label after column 1. (INDICADOR)
000F                  00036     INDICADOR   RES     1
Warning[207]: Found label after column 1. (INDICADOR2)
0010                  00037     INDICADOR2  RES     1
Warning[207]: Found label after column 1. (SERVO)
0011                  00038     SERVO       RES     1
Warning[207]: Found label after column 1. (CAMBIO)
0012                  00039     CAMBIO      RES     1
Warning[207]: Found label after column 1. (PARTEALTA)
0013                  00040     PARTEALTA   RES     1
Warning[207]: Found label after column 1. (PARTEBAJA)
0014                  00041     PARTEBAJA   RES     1
Warning[207]: Found label after column 1. (ACCION)
0015                  00042     ACCION      RES     1
Warning[207]: Found label after column 1. (CHECK)
0016                  00043     CHECK       RES     1
Warning[207]: Found label after column 1. (LUCES)
0017                  00044     LUCES       RES     1
Warning[207]: Found label after column 1. (PUSH_BUTTON)
0018                  00045     PUSH_BUTTON RES     1
                      00046 ;*******************************************************************************
                      00047 ; Reset Vector
                      00048 ;*******************************************************************************
                      00049 RES_VECT  CODE    0x0000            ; processor reset vector
0000   2???           00050     GOTO    START   
                      00051 ISR_VECT  CODE    0x0004
0004                  00052 PUSH:
0004   138B           00053     BCF     INTCON, GIE
0005   00??           00054     MOVWF   W_TEMP
0006   0E03           00055     SWAPF   STATUS, W
0007   00??           00056     MOVWF   STATUS_TEMP
0008                  00057 ISR:
0008   190B           00058     BTFSC   INTCON, T0IF
0009   2???           00059     CALL    INTERRUPCION_TMRO
000A   180C           00060     BTFSC   PIR1, TMR1IF
000B   2???           00061     CALL    INTERRUPCION_TMR1
000C   1A8C           00062     BTFSC   PIR1, RCIF
000D   2???           00063     CALL    INTERRUPCION_RECIBIR
000E                  00064 POP:
000E   0E??           00065     SWAPF   STATUS_TEMP, W
000F   0083           00066     MOVWF   STATUS 
0010   0E??           00067     SWAPF   W_TEMP, F
0011   0E??           00068     SWAPF   W_TEMP, W
MPASM 5.77                    PROYECTO_3.ASM   11-23-2020  16:40:16         PAGE  3


LOC  OBJECT CODE     LINE SOURCE TEXT
  VALUE

0012   0009           00069     RETFIE
                      00070 
0013                  00071 INTERRUPCION_TMRO:
0013   1800           00072     BTFSC  SERVO, 0
0014   2???           00073     GOTO   APAGAR_19.3MS
0015                  00074 ENCENDER_0.7MS:
0015   08??           00075     MOVFW   PARTEALTA    ;valor para una interrupcion cada 2ms
0016   0081           00076     MOVWF   TMR0
0017   1485           00077     BSF     PORTA, 1
0018   1400           00078     BSF     SERVO, 0
0019   110B           00079     BCF     INTCON, T0IF 
001A   0008           00080     RETURN 
001B                  00081 APAGAR_19.3MS:
001B   08??           00082     MOVFW   PARTEBAJA    ;valor para una interrupcion cada 2ms
001C   0081           00083     MOVWF   TMR0
001D   1085           00084     BCF     PORTA, 1
001E   1000           00085     BCF     SERVO, 0
001F   110B           00086     BCF     INTCON, T0IF 
0020   0008           00087     RETURN 
0021                  00088 INTERRUPCION_RECIBIR:
0021   081A           00089     MOVFW   RCREG
0022   00??           00090     MOVWF   ACCION
0023   0008           00091     RETURN
0024                  00092 INTERRUPCION_TMR1:
0024   300B           00093     MOVLW   0x0B
0025   008F           00094     MOVWF   TMR1H
0026   30DC           00095     MOVLW   0xDC
0027   300E           00096     MOVLW   TMR1L  
0028   100C           00097     BCF     PIR1, TMR1IF
0029   2???           00098     CALL    SELECCION ;rutina que verifica el orden de displays y los convierte 
002A   2???           00099     CALL    ANTIRREBOTE
002B   1C80           00100     BTFSS   CHECK, 1
002C   2???           00101     GOTO    $+2
002D   2???           00102     CALL    NOVENTAGRADOS 
002E   1080           00103     BCF     CHECK, 1
002F   0008           00104     RETURN 
                      00105 
                      00106 ;*******************************************************************************
                      00107 ; TABLAS
                      00108 ;*******************************************************************************
0030                  00109 TABLA_ASCII:
0030   390F           00110     ANDLW   B'00001111' 
0031   0782           00111     ADDWF   PCL, F
0032   3430           00112     RETLW   .48 ;0 = ascii(48)
0033   3431           00113     RETLW   .49 ;1 = ascii(49)
0034   3432           00114     RETLW   .50 ;2 = ascii(50)
0035   3433           00115     RETLW   .51 ;3 = ascii(51)
0036   3434           00116     RETLW   .52 ;4 = ascii(52)
0037   3435           00117     RETLW   .53 ;5 = ascii(53)
0038   3436           00118     RETLW   .54 ;6 = ascii(54)
0039   3437           00119     RETLW   .55 ;7 = ascii(55)
003A   3438           00120     RETLW   .56 ;8 = ascii(56)
003B   3439           00121     RETLW   .57 ;9 = ascii(57)
MPASM 5.77                    PROYECTO_3.ASM   11-23-2020  16:40:16         PAGE  4


LOC  OBJECT CODE     LINE SOURCE TEXT
  VALUE

003C   3441           00122     RETLW   .65 ;A = ascii(65)  
003D   3442           00123     RETLW   .66 ;B = ascii(66)  
003E   3443           00124     RETLW   .67 ;C = ascii(67)  
003F   3444           00125     RETLW   .68 ;D = ascii(68)  
0040   3445           00126     RETLW   .69 ;E = ascii(69)  
0041   3446           00127     RETLW   .70 ;F = ascii(70)
                      00128 ;*******************************************************************************
                      00129 ; MAIN PROGRAM
                      00130 ;*******************************************************************************
                      00131 MAIN_PROG   CODE     0x0100                 ; let linker place main program
0100                  00132 START
Warning[203]: Found opcode in column 1. (CALL)
0100   2???           00133 CALL SETUP
                      00134 ;*******************************************************************************
                      00135 ; MAIN LOOP
                      00136 ;*******************************************************************************
Warning[207]: Found label after column 1. (LOOP)
0101                  00137  LOOP:
0101   1800           00138     BTFSC   CHECK, 0
0102   2???           00139     CALL    ENCENDER_LUCES
0103   2???           00140     GOTO    LOOP
                      00141 
                      00142 ;******************RUTINAS AUXILIARES*******************************************
Warning[207]: Found label after column 1. (NOVENTAGRADOS)
0104                  00143  NOVENTAGRADOS:
0104   30FA           00144     MOVLW   .250
0105   00??           00145     MOVWF   PARTEALTA
0106   30B8           00146     MOVLW   .184
0107   00??           00147     MOVWF   PARTEBAJA  
0108   0008           00148     RETURN 
0109                  00149 CEROGRADOS:
0109   30FE           00150     MOVLW   .254
010A   00??           00151     MOVWF   PARTEALTA
010B   30B4           00152     MOVLW   .180
010C   00??           00153     MOVWF   PARTEBAJA
010D   0008           00154     RETURN 
                      00155 ;rutina de verificadcoin 
010E                  00156 SELECCION:
010E   3030           00157     MOVLW   .48
010F   02??           00158     SUBWF   ACCION, W 
0110   00??           00159     MOVWF   ACCION 
0111   3000           00160     MOVLW   .0
0112   02??           00161     SUBWF   ACCION, W
0113   1903           00162     BTFSC   STATUS, Z 
0114   2???           00163     GOTO    INICIAR_CARRERA
0115   3001           00164     MOVLW   .1
0116   02??           00165     SUBWF   ACCION, W
0117   1903           00166     BTFSC   STATUS, Z 
0118   2???           00167     GOTO   TERMINAR_CARRERA
0119   3002           00168     MOVLW   .2
011A   02??           00169     SUBWF   ACCION, W
011B   1903           00170     BTFSC   STATUS, Z 
011C   2???           00171     GOTO   CEROGRADOS
MPASM 5.77                    PROYECTO_3.ASM   11-23-2020  16:40:16         PAGE  5


LOC  OBJECT CODE     LINE SOURCE TEXT
  VALUE

011D   3003           00172     MOVLW   .3
011E   02??           00173     SUBWF   ACCION, W
011F   1903           00174     BTFSC   STATUS, Z 
0120   2???           00175     GOTO    NOVENTAGRADOS
0121   3004           00176     MOVLW   .4
0122   02??           00177     SUBWF   ACCION, W
0123   1903           00178     BTFSC   STATUS, Z 
0124   1400           00179     BSF     CHECK, 0
0125   3005           00180     MOVLW   .5
0126   02??           00181     SUBWF   ACCION, W
0127   1903           00182     BTFSC   STATUS, Z 
0128   2???           00183     GOTO    INCREMENTAR_CONTADOR
0129   0008           00184     RETURN
012A                  00185 DELAY_SMALL:
012A   30FF           00186     MOVLW       .255
012B   00??           00187     MOVWF       CONT1
012C   0B??           00188     DECFSZ      CONT1, 1
012D   2???           00189     GOTO        $-1
012E   0008           00190     RETURN
012F                  00191 ENCENDER_LUCES:
012F   1788           00192     BSF     PORTD, RD7
0130   2???           00193     CALL    DELAY_BIG
0131   1388           00194     BCF     PORTD, RD7
0132   1708           00195     BSF     PORTD, RD6
0133   2???           00196     CALL    DELAY_BIG
0134   1308           00197     BCF     PORTD, RD6
0135   1688           00198     BSF     PORTD, RD5
0136   2???           00199     CALL    DELAY_BIG
0137   1288           00200     BCF     PORTD, RD5
0138   1000           00201     BCF     CHECK, 0
0139   0008           00202     RETURN 
013A                  00203 INCREMENTAR_CONTADOR:
013A   3004           00204     MOVLW   .4
013B   02??           00205     SUBWF   LUCES, W
013C   1903           00206     BTFSC   STATUS,Z
013D   2???           00207     GOTO    QUINTA_CARRERA
013E   3003           00208     MOVLW   .3
013F   02??           00209     SUBWF   LUCES, W
0140   1903           00210     BTFSC   STATUS,Z
0141   2???           00211     GOTO    CUARTA_CARRERA
0142   3002           00212     MOVLW   .2
0143   02??           00213     SUBWF   LUCES, W
0144   1903           00214     BTFSC   STATUS,Z
0145   2???           00215     GOTO    TERCERA_CARRERA
0146   3001           00216     MOVLW   .1
0147   02??           00217     SUBWF   LUCES, W
0148   1903           00218     BTFSC   STATUS,Z
0149   2???           00219     GOTO    SEGUNDA_CARRERA
014A                  00220 PRIMERA_CARRERA:
014A   3001           00221     MOVLW   .1
014B   0086           00222     MOVWF   PORTB
Message[305]: Using default destination of 1 (file).
014C   0A??           00223     INCF    LUCES
MPASM 5.77                    PROYECTO_3.ASM   11-23-2020  16:40:16         PAGE  6


LOC  OBJECT CODE     LINE SOURCE TEXT
  VALUE

014D   0008           00224     RETURN 
014E                  00225 SEGUNDA_CARRERA:
014E   3003           00226     MOVLW   .3
014F   0086           00227     MOVWF   PORTB
Message[305]: Using default destination of 1 (file).
0150   0A??           00228     INCF    LUCES
0151   0008           00229     RETURN 
0152                  00230 TERCERA_CARRERA:
0152   3007           00231     MOVLW   .7
0153   0086           00232     MOVWF   PORTB
Message[305]: Using default destination of 1 (file).
0154   0A??           00233     INCF    LUCES
0155   0008           00234     RETURN 
0156                  00235 CUARTA_CARRERA:
0156   300F           00236     MOVLW   .15
0157   0086           00237     MOVWF   PORTB
Message[305]: Using default destination of 1 (file).
0158   0A??           00238     INCF    LUCES
0159   0008           00239     RETURN 
015A                  00240 QUINTA_CARRERA:
015A   301F           00241     MOVLW   .31
015B   0086           00242     MOVWF   PORTB
015C   01??           00243     CLRF    LUCES
015D   1480           00244     BSF     CHECK, 1
015E   0008           00245     RETURN 
015F                  00246 INICIAR_CARRERA:
015F   1400           00247     BSF     CHECK, 0
0160   2???           00248     CALL    NOVENTAGRADOS
0161   0008           00249     RETURN 
0162                  00250 TERMINAR_CARRERA:
0162   0186           00251     CLRF    PORTB
0163   2???           00252     CALL    CEROGRADOS
0164   0008           00253     RETURN
                      00254     
0165                  00255 DELAY_BIG:
0165   30FF           00256     MOVLW   .255
0166   00??           00257     MOVWF   CONT2
0167                  00258 CONFIG1:
0167   2???           00259     CALL    DELAY_SMALL
0168   0B??           00260     DECFSZ  CONT2, F
0169   2???           00261     GOTO    CONFIG1
016A   0008           00262     RETURN
                      00263     
016B                  00264 ANTIRREBOTE:
016B   1800           00265     BTFSC   PUSH_BUTTON, 0
016C   2???           00266     GOTO    DEBOUNCE 
016D   1805           00267     BTFSC   PORTA, 0
016E   0008           00268     RETURN 
016F   1400           00269     BSF     PUSH_BUTTON, 0
0170   0008           00270     RETURN 
0171                  00271 DEBOUNCE:
0171   1800           00272     BTFSC   PUSH_BUTTON, 0
0172   2???           00273     CALL    ACCION_ANTIRREBOTE 
MPASM 5.77                    PROYECTO_3.ASM   11-23-2020  16:40:16         PAGE  7


LOC  OBJECT CODE     LINE SOURCE TEXT
  VALUE

0173   0008           00274     RETURN
0174                  00275 ACCION_ANTIRREBOTE:
0174   1C05           00276     BTFSS   PORTA, 0
0175   0008           00277     RETURN
0176   1000           00278     BCF     PUSH_BUTTON, 0
0177   2???           00279     CALL    INCREMENTAR_CONTADOR
0178   0008           00280     RETURN
                      00281 ;****************************CONFIGURACION**************************************
0179                  00282 SETUP:
0179   1283 1303      00283     BANKSEL PORTA  ; BANCO 0
017B   0185           00284     CLRF    PORTA  ; BORRA EL PUERTO 
017C   0186           00285     CLRF    PORTB  ; BORRA EL PUERTO B
017D   0187           00286     CLRF    PORTC 
017E   0188           00287     CLRF    PORTD  
017F   0189           00288     CLRF    PORTE
0180   1103           00289     BCF     STATUS, Z
                      00290 ;***********************TMR2****************************************************
Warning[207]: Found label after column 1. (CONFIGURACION_TIMER2)
0181                  00291    CONFIGURACION_TIMER2:
0181   30FF           00292     MOVLW   b'11111111'
0182   0092           00293     MOVWF   T2CON
                      00294  ;**************timer1**********************************************************   
0183   0190           00295     CLRF    T1CON
0184   1410           00296     BSF        T1CON,0      ; HABILITAMOS EL TIMER 1 (TMR1ON=1)
0185   1090           00297     BCF        T1CON,1      ; OSCILADOR INTERNO 
0186   1190           00298     BCF        T1CON,3      ; NO HABILITA EL OSCILADOR DEL TIMER 1 (T1OSCEN=0)
0187   1610           00299     BSF        T1CON,4      ; PRE DIVISOR DE FRECUENCIA EN 8 (T1CKPS0=0)
0188   1690           00300     BSF        T1CON,5  
                      00301  ;******************************************************************************
                      00302  
                      00303     
0189   1683 1703      00304     BANKSEL ANSEL   ; BANCO 3 
Message[302]: Register in operand not in bank 0.  Ensure that bank bits are correct.
018B   0189           00305     CLRF    ANSELH  ; BORRA EL CONTROL DE ENTRADAS ANALÓGICAS
Message[302]: Register in operand not in bank 0.  Ensure that bank bits are correct.
018C   0188           00306     CLRF    ANSEL
018D   1683 1303      00307     BANKSEL TRISA   ; BANCO 1
Message[302]: Register in operand not in bank 0.  Ensure that bank bits are correct.
018F   0185           00308     CLRF    TRISA 
Message[302]: Register in operand not in bank 0.  Ensure that bank bits are correct.
0190   1405           00309     BSF     TRISA, 0
Message[302]: Register in operand not in bank 0.  Ensure that bank bits are correct.
0191   0186           00310     CLRF    TRISB
Message[302]: Register in operand not in bank 0.  Ensure that bank bits are correct.
0192   0187           00311     CLRF    TRISC  
Message[302]: Register in operand not in bank 0.  Ensure that bank bits are correct.
0193   0188           00312     CLRF    TRISD
Message[302]: Register in operand not in bank 0.  Ensure that bank bits are correct.
0194   0189           00313     CLRF    TRISE
                      00314     ;BSF            PIE1, TXIE
Message[302]: Register in operand not in bank 0.  Ensure that bank bits are correct.
0195   168C           00315     BSF     PIE1, RCIE
Warning[207]: Found label after column 1. (CONFIGURACION_TIMER0)
MPASM 5.77                    PROYECTO_3.ASM   11-23-2020  16:40:16         PAGE  8


LOC  OBJECT CODE     LINE SOURCE TEXT
  VALUE

0196                  00316     CONFIGURACION_TIMER0:
0196   0064           00317     CLRWDT              ; CONFIGURACIÓN PARA EL FUNCIONAMIENTO DEL TIMER0
0197   30D7           00318     MOVLW   b'11010111' 
Message[302]: Register in operand not in bank 0.  Ensure that bank bits are correct.
0198   0081           00319     MOVWF   OPTION_REG
Warning[207]: Found label after column 1. (CONFIGURACION_INTERRUPCION)
0199                  00320     CONFIGURACION_INTERRUPCION:
0199   1683 1303      00321     BANKSEL TRISA
Message[302]: Register in operand not in bank 0.  Ensure that bank bits are correct.
019B   140C           00322     BSF     PIE1, TMR1IE; HABILITA INTERRUPCION DEL TIMER1
                      00323     ;BSF            PIE1, TMR2IE; HABILITA COMPARACION ENTRE PR2 Y TIMER2
019C   168B           00324     BSF     INTCON, T0IE
019D   170B           00325     BSF     INTCON, PEIE
019E   3014           00326     MOVLW   .20 ; PARA TMR2 FUNCIONAR CON 5ms
Message[302]: Register in operand not in bank 0.  Ensure that bank bits are correct.
019F   0092           00327     MOVWF   PR2
                      00328     
                      00329      
Warning[207]: Found label after column 1. (CONFIGURACION_TRANSMISOR_Y_RECEPTOR)
Warning[208]: Label truncated at 32 characters. (CONFIGURACION_TRANSMISOR_Y_RECEPTOR)
01A0                  00330     CONFIGURACION_TRANSMISOR_Y_RECEPTOR:
01A0   1683 1303      00331     BANKSEL TRISA
Message[302]: Register in operand not in bank 0.  Ensure that bank bits are correct.
01A2   1318           00332     BCF     TXSTA, TX9    
Message[302]: Register in operand not in bank 0.  Ensure that bank bits are correct.
01A3   1218           00333     BCF     TXSTA, SYNC     
Message[302]: Register in operand not in bank 0.  Ensure that bank bits are correct.
01A4   1518           00334     BSF     TXSTA, BRGH      
                      00335 
01A5   1683 1703      00336     BANKSEL ANSEL
Message[302]: Register in operand not in bank 0.  Ensure that bank bits are correct.
01A7   1187           00337     BCF     BAUDCTL, BRG16  
                      00338     
01A8   1683 1303      00339     BANKSEL TRISA
01AA   3019           00340     MOVLW   .25
Message[302]: Register in operand not in bank 0.  Ensure that bank bits are correct.
01AB   0099           00341     MOVWF   SPBRG           
Message[302]: Register in operand not in bank 0.  Ensure that bank bits are correct.
01AC   019A           00342     CLRF    SPBRGH          
Message[302]: Register in operand not in bank 0.  Ensure that bank bits are correct.
01AD   1698           00343     BSF     TXSTA, TXEN
                      00344 
01AE   1283 1303      00345     BANKSEL PORTA
01B0   1798           00346     BSF     RCSTA, SPEN
01B1   1318           00347     BCF     RCSTA, RX9
01B2   1618           00348     BSF     RCSTA, CREN
                      00349     
01B3   1283 1303      00350     BANKSEL PORTA
01B5   178B           00351     BSF     INTCON, GIE ; HABILITA LAS INTERRUPCIONES
01B6   110B           00352     BCF     INTCON, T0IF; PARA ASEGURARSE DE QUE NO TENGA OVERFLOW AL INICIO
01B7   100C           00353     BCF     PIR1, TMR1IF
01B8   108C           00354     BCF     PIR1, TMR2IF
01B9   0187           00355     CLRF    PORTC
MPASM 5.77                    PROYECTO_3.ASM   11-23-2020  16:40:16         PAGE  9


LOC  OBJECT CODE     LINE SOURCE TEXT
  VALUE

01BA   0185           00356     CLRF    PORTA
01BB   0186           00357     CLRF    PORTB 
01BC   0188           00358     CLRF    PORTD
01BD   0189           00359     CLRF    PORTE
                      00360   ;****************SE DECLARAN LOS VALORES INICIALES DE LAS VARIABLES *********  
01BE   01??           00361     CLRF    CONT1
01BF   01??           00362     CLRF    CONT2
01C0   01??           00363     CLRF    CONT3
01C1   01??           00364     CLRF    CONT4
01C2   01??           00365     CLRF    CONT6
01C3   01??           00366     CLRF    CONT7
01C4   01??           00367     CLRF    CONT8
01C5   01??           00368     CLRF    CONT9
01C6   01??           00369     CLRF    CONT10
01C7   01??           00370     CLRF    CONT11
01C8   01??           00371     CLRF    CONT12
01C9   01??           00372     CLRF    CONT13      
01CA   01??           00373     CLRF    CAMBIO 
01CB   01??           00374     CLRF    SERVO
01CC   01??           00375     CLRF    PARTEALTA
01CD   01??           00376     CLRF    PARTEBAJA
01CE   01??           00377     CLRF    ACCION 
01CF   01??           00378     CLRF    CHECK
01D0   01??           00379     CLRF    LUCES
01D1   01??           00380     CLRF    PUSH_BUTTON 
01D2   0008           00381     RETURN 
                      00382 ;*******************************************************************************
                      00383 
20D4 3FFF             00384   END
MPASM 5.77                    PROYECTO_3.ASM   11-23-2020  16:40:16         PAGE 10


SYMBOL TABLE
  LABEL                             VALUE 

ABDEN                             00000000
ABDOVF                            00000007
ACCION                            00000015
ACCION_ANTIRREBOTE                00000174
ACKDT                             00000005
ACKEN                             00000004
ACKSTAT                           00000006
ADCON0                            0000001F
ADCON1                            0000009F
ADCS0                             00000006
ADCS1                             00000007
ADDEN                             00000003
ADFM                              00000007
ADIE                              00000006
ADIF                              00000006
ADON                              00000000
ADRESH                            0000001E
ADRESL                            0000009E
ANS0                              00000000
ANS1                              00000001
ANS10                             00000002
ANS11                             00000003
ANS12                             00000004
ANS13                             00000005
ANS2                              00000002
ANS3                              00000003
ANS4                              00000004
ANS5                              00000005
ANS6                              00000006
ANS7                              00000007
ANS8                              00000000
ANS9                              00000001
ANSEL                             00000188
ANSELH                            00000189
ANTIRREBOTE                       0000016B
APAGAR_19.3MS                     0000001B
BAUDCTL                           00000187
BCLIE                             00000003
BCLIF                             00000003
BF                                00000000
BRG0                              00000000
BRG1                              00000001
BRG10                             00000002
BRG11                             00000003
BRG12                             00000004
BRG13                             00000005
BRG14                             00000006
BRG15                             00000007
BRG16                             00000003
BRG2                              00000002
BRG3                              00000003
BRG4                              00000004
BRG5                              00000005
MPASM 5.77                    PROYECTO_3.ASM   11-23-2020  16:40:16         PAGE 11


SYMBOL TABLE
  LABEL                             VALUE 

BRG6                              00000006
BRG7                              00000007
BRG8                              00000000
BRG9                              00000001
BRGH                              00000002
C                                 00000000
C1CH0                             00000000
C1CH1                             00000001
C1IE                              00000005
C1IF                              00000005
C1OE                              00000005
C1ON                              00000007
C1OUT                             00000006
C1POL                             00000004
C1R                               00000002
C1RSEL                            00000005
C1SEN                             00000005
C2CH0                             00000000
C2CH1                             00000001
C2IE                              00000006
C2IF                              00000006
C2OE                              00000005
C2ON                              00000007
C2OUT                             00000006
C2POL                             00000004
C2R                               00000002
C2REN                             00000004
C2RSEL                            00000004
C2SYNC                            00000000
CAMBIO                            00000012
CCP1CON                           00000017
CCP1IE                            00000002
CCP1IF                            00000002
CCP1M0                            00000000
CCP1M1                            00000001
CCP1M2                            00000002
CCP1M3                            00000003
CCP1X                             00000005
CCP1Y                             00000004
CCP2CON                           0000001D
CCP2IE                            00000000
CCP2IF                            00000000
CCP2M0                            00000000
CCP2M1                            00000001
CCP2M2                            00000002
CCP2M3                            00000003
CCP2X                             00000005
CCP2Y                             00000004
CCPR1                             00000015
CCPR1H                            00000016
CCPR1L                            00000015
CCPR2                             0000001B
CCPR2H                            0000001C
MPASM 5.77                    PROYECTO_3.ASM   11-23-2020  16:40:16         PAGE 12


SYMBOL TABLE
  LABEL                             VALUE 

CCPR2L                            0000001B
CEROGRADOS                        00000109
CHECK                             00000016
CHS0                              00000002
CHS1                              00000003
CHS2                              00000004
CHS3                              00000005
CKE                               00000006
CKP                               00000004
CM1CON0                           00000107
CM2CON0                           00000108
CM2CON1                           00000109
CONFIG1                           00000167
CONFIGURACION_INTERRUPCION        00000199
CONFIGURACION_TIMER0              00000196
CONFIGURACION_TIMER2              00000181
CONFIGURACION_TRANSMISOR_Y_RECEP  000001A0
CONT1                             00000000
CONT10                            00000009
CONT11                            0000000A
CONT12                            0000000B
CONT13                            0000000C
CONT2                             00000002
CONT3                             00000003
CONT4                             00000004
CONT6                             00000005
CONT7                             00000006
CONT8                             00000007
CONT9                             00000008
CREN                              00000004
CSRC                              00000007
CUARTA_CARRERA                    00000156
D                                 00000005
DATA_ADDRESS                      00000005
DC                                00000001
DC1B0                             00000004
DC1B1                             00000005
DC2B0                             00000004
DC2B1                             00000005
DEBOUNCE                          00000171
DELAY_BIG                         00000165
DELAY_SMALL                       0000012A
D_A                               00000005
D_NOT_A                           00000005
ECCPAS                            0000009C
ECCPAS0                           00000004
ECCPAS1                           00000005
ECCPAS2                           00000006
ECCPASE                           00000007
EEADR                             0000010D
EEADRH                            0000010F
EECON1                            0000018C
EECON2                            0000018D
MPASM 5.77                    PROYECTO_3.ASM   11-23-2020  16:40:16         PAGE 13


SYMBOL TABLE
  LABEL                             VALUE 

EEDAT                             0000010C
EEDATA                            0000010C
EEDATH                            0000010E
EEIE                              00000004
EEIF                              00000004
EEPGD                             00000007
ENCENDER_0.7MS                    00000015
ENCENDER_LUCES                    0000012F
F                                 00000001
FERR                              00000002
FSR                               00000004
FVREN                             00000000
GCEN                              00000007
GIE                               00000007
GO                                00000001
GO_DONE                           00000001
GO_NOT_DONE                       00000001
HTS                               00000002
I2C_DATA                          00000005
I2C_READ                          00000002
I2C_START                         00000003
I2C_STOP                          00000004
INCREMENTAR_CONTADOR              0000013A
INDF                              00000000
INDICADOR                         0000000F
INDICADOR2                        00000010
INICIAR_CARRERA                   0000015F
INTCON                            0000000B
INTE                              00000004
INTEDG                            00000006
INTERRUPCION_RECIBIR              00000021
INTERRUPCION_TMR1                 00000024
INTERRUPCION_TMRO                 00000013
INTF                              00000001
IOCB                              00000096
IOCB0                             00000000
IOCB1                             00000001
IOCB2                             00000002
IOCB3                             00000003
IOCB4                             00000004
IOCB5                             00000005
IOCB6                             00000006
IOCB7                             00000007
IRCF0                             00000004
IRCF1                             00000005
IRCF2                             00000006
IRP                               00000007
ISR                               00000008
LOOP                              00000101
LTS                               00000001
LUCES                             00000017
MC1OUT                            00000007
MC2OUT                            00000006
MPASM 5.77                    PROYECTO_3.ASM   11-23-2020  16:40:16         PAGE 14


SYMBOL TABLE
  LABEL                             VALUE 

MSK                               00000093
MSK0                              00000000
MSK1                              00000001
MSK2                              00000002
MSK3                              00000003
MSK4                              00000004
MSK5                              00000005
MSK6                              00000006
MSK7                              00000007
NOT_A                             00000005
NOT_ADDRESS                       00000005
NOT_BO                            00000000
NOT_BOR                           00000000
NOT_DONE                          00000001
NOT_PD                            00000003
NOT_POR                           00000001
NOT_RBPU                          00000007
NOT_RC8                           00000006
NOT_T1SYNC                        00000002
NOT_TO                            00000004
NOT_TX8                           00000006
NOT_W                             00000002
NOT_WRITE                         00000002
NOVENTAGRADOS                     00000104
OERR                              00000001
OPTION_REG                        00000081
OSCCON                            0000008F
OSCTUNE                           00000090
OSFIE                             00000007
OSFIF                             00000007
OSTS                              00000003
P                                 00000004
P1M0                              00000006
P1M1                              00000007
PARTEALTA                         00000013
PARTEBAJA                         00000014
PCL                               00000002
PCLATH                            0000000A
PCON                              0000008E
PDC0                              00000000
PDC1                              00000001
PDC2                              00000002
PDC3                              00000003
PDC4                              00000004
PDC5                              00000005
PDC6                              00000006
PEIE                              00000006
PEN                               00000002
PIE1                              0000008C
PIE2                              0000008D
PIR1                              0000000C
PIR2                              0000000D
POP                               0000000E
MPASM 5.77                    PROYECTO_3.ASM   11-23-2020  16:40:16         PAGE 15


SYMBOL TABLE
  LABEL                             VALUE 

PORTA                             00000005
PORTB                             00000006
PORTC                             00000007
PORTD                             00000008
PORTE                             00000009
PR2                               00000092
PRIMERA_CARRERA                   0000014A
PRSEN                             00000007
PS0                               00000000
PS1                               00000001
PS2                               00000002
PSA                               00000003
PSSAC0                            00000002
PSSAC1                            00000003
PSSBD0                            00000000
PSSBD1                            00000001
PSTRCON                           0000009D
PULSR                             00000002
PULSS                             00000003
PUSH                              00000004
PUSH_BUTTON                       00000018
PWM1CON                           0000009B
QUINTA_CARRERA                    0000015A
R                                 00000002
RA0                               00000000
RA1                               00000001
RA2                               00000002
RA3                               00000003
RA4                               00000004
RA5                               00000005
RA6                               00000006
RA7                               00000007
RB0                               00000000
RB1                               00000001
RB2                               00000002
RB3                               00000003
RB4                               00000004
RB5                               00000005
RB6                               00000006
RB7                               00000007
RBIE                              00000003
RBIF                              00000000
RC0                               00000000
RC1                               00000001
RC2                               00000002
RC3                               00000003
RC4                               00000004
RC5                               00000005
RC6                               00000006
RC7                               00000007
RC8_9                             00000006
RC9                               00000006
RCD8                              00000000
MPASM 5.77                    PROYECTO_3.ASM   11-23-2020  16:40:16         PAGE 16


SYMBOL TABLE
  LABEL                             VALUE 

RCEN                              00000003
RCIDL                             00000006
RCIE                              00000005
RCIF                              00000005
RCREG                             0000001A
RCSTA                             00000018
RD                                00000000
RD0                               00000000
RD1                               00000001
RD2                               00000002
RD3                               00000003
RD4                               00000004
RD5                               00000005
RD6                               00000006
RD7                               00000007
RE0                               00000000
RE1                               00000001
RE2                               00000002
RE3                               00000003
READ_WRITE                        00000002
RP0                               00000005
RP1                               00000006
RSEN                              00000001
RX9                               00000006
RX9D                              00000000
R_NOT_W                           00000002
R_W                               00000002
S                                 00000003
SBOREN                            00000004
SCKP                              00000004
SCS                               00000000
SEGUNDA_CARRERA                   0000014E
SELECCION                         0000010E
SEN                               00000000
SENDB                             00000003
SERVO                             00000011
SETUP                             00000179
SMP                               00000007
SPBRG                             00000099
SPBRGH                            0000009A
SPEN                              00000007
SR0                               00000006
SR1                               00000007
SRCON                             00000185
SREN                              00000005
SSPADD                            00000093
SSPBUF                            00000013
SSPCON                            00000014
SSPCON2                           00000091
SSPEN                             00000005
SSPIE                             00000003
SSPIF                             00000003
SSPM0                             00000000
MPASM 5.77                    PROYECTO_3.ASM   11-23-2020  16:40:16         PAGE 17


SYMBOL TABLE
  LABEL                             VALUE 

SSPM1                             00000001
SSPM2                             00000002
SSPM3                             00000003
SSPMSK                            00000093
SSPOV                             00000006
SSPSTAT                           00000094
START                             00000100
STATUS                            00000003
STATUS_TEMP                       0000000E
STRA                              00000000
STRB                              00000001
STRC                              00000002
STRD                              00000003
STRSYNC                           00000004
SWDTEN                            00000000
SYNC                              00000004
T0CS                              00000005
T0IE                              00000005
T0IF                              00000002
T0SE                              00000004
T1CKPS0                           00000004
T1CKPS1                           00000005
T1CON                             00000010
T1GINV                            00000007
T1GIV                             00000007
T1GSS                             00000001
T1INSYNC                          00000002
T1OSCEN                           00000003
T1SYNC                            00000002
T2CKPS0                           00000000
T2CKPS1                           00000001
T2CON                             00000012
TABLA_ASCII                       00000030
TERCERA_CARRERA                   00000152
TERMINAR_CARRERA                  00000162
TMR0                              00000001
TMR0IE                            00000005
TMR0IF                            00000002
TMR1                              0000000E
TMR1CS                            00000001
TMR1GE                            00000006
TMR1H                             0000000F
TMR1IE                            00000000
TMR1IF                            00000000
TMR1L                             0000000E
TMR1ON                            00000000
TMR2                              00000011
TMR2IE                            00000001
TMR2IF                            00000001
TMR2ON                            00000002
TOUTPS0                           00000003
TOUTPS1                           00000004
TOUTPS2                           00000005
MPASM 5.77                    PROYECTO_3.ASM   11-23-2020  16:40:16         PAGE 18


SYMBOL TABLE
  LABEL                             VALUE 

TOUTPS3                           00000006
TRISA                             00000085
TRISA0                            00000000
TRISA1                            00000001
TRISA2                            00000002
TRISA3                            00000003
TRISA4                            00000004
TRISA5                            00000005
TRISA6                            00000006
TRISA7                            00000007
TRISB                             00000086
TRISB0                            00000000
TRISB1                            00000001
TRISB2                            00000002
TRISB3                            00000003
TRISB4                            00000004
TRISB5                            00000005
TRISB6                            00000006
TRISB7                            00000007
TRISC                             00000087
TRISC0                            00000000
TRISC1                            00000001
TRISC2                            00000002
TRISC3                            00000003
TRISC4                            00000004
TRISC5                            00000005
TRISC6                            00000006
TRISC7                            00000007
TRISD                             00000088
TRISD0                            00000000
TRISD1                            00000001
TRISD2                            00000002
TRISD3                            00000003
TRISD4                            00000004
TRISD5                            00000005
TRISD6                            00000006
TRISD7                            00000007
TRISE                             00000089
TRISE0                            00000000
TRISE1                            00000001
TRISE2                            00000002
TRISE3                            00000003
TRMT                              00000001
TUN0                              00000000
TUN1                              00000001
TUN2                              00000002
TUN3                              00000003
TUN4                              00000004
TX8_9                             00000006
TX9                               00000006
TX9D                              00000000
TXD8                              00000000
TXEN                              00000005
MPASM 5.77                    PROYECTO_3.ASM   11-23-2020  16:40:16         PAGE 19


SYMBOL TABLE
  LABEL                             VALUE 

TXIE                              00000004
TXIF                              00000004
TXREG                             00000019
TXSTA                             00000098
UA                                00000001
ULPWUE                            00000005
ULPWUIE                           00000002
ULPWUIF                           00000002
UNIDADES                          00000001
VCFG0                             00000004
VCFG1                             00000005
VR0                               00000000
VR1                               00000001
VR2                               00000002
VR3                               00000003
VRCON                             00000097
VREN                              00000007
VROE                              00000006
VRR                               00000005
VRSS                              00000004
W                                 00000000
WCOL                              00000007
WDTCON                            00000105
WDTPS0                            00000001
WDTPS1                            00000002
WDTPS2                            00000003
WDTPS3                            00000004
WPUB                              00000095
WPUB0                             00000000
WPUB1                             00000001
WPUB2                             00000002
WPUB3                             00000003
WPUB4                             00000004
WPUB5                             00000005
WPUB6                             00000006
WPUB7                             00000007
WR                                00000001
WREN                              00000002
WRERR                             00000003
WUE                               00000001
W_TEMP                            0000000D
Z                                 00000002
_BOR21V                           00003EFF
_BOR40V                           00003FFF
_BOR4V_BOR21V                     00003EFF
_BOR4V_BOR40V                     00003FFF
_BOREN_NSLEEP                     00003EFF
_BOREN_OFF                        00003CFF
_BOREN_ON                         00003FFF
_BOREN_SBODEN                     00003DFF
_BOR_NSLEEP                       00003EFF
_BOR_OFF                          00003CFF
_BOR_ON                           00003FFF
MPASM 5.77                    PROYECTO_3.ASM   11-23-2020  16:40:16         PAGE 20


SYMBOL TABLE
  LABEL                             VALUE 

_BOR_SBODEN                       00003DFF
_CONFIG1                          00002007
_CONFIG2                          00002008
_CPD_OFF                          00003FFF
_CPD_ON                           00003F7F
_CP_OFF                           00003FFF
_CP_ON                            00003FBF
_DEBUG_OFF                        00003FFF
_DEBUG_ON                         00001FFF
_DEVID1                           00002006
_EC_OSC                           00003FFB
_EXTRC                            00003FFF
_EXTRCIO                          00003FFE
_EXTRC_OSC_CLKOUT                 00003FFF
_EXTRC_OSC_NOCLKOUT               00003FFE
_FCMEN_OFF                        000037FF
_FCMEN_ON                         00003FFF
_FOSC_EC                          00003FFB
_FOSC_EXTRC_CLKOUT                00003FFF
_FOSC_EXTRC_NOCLKOUT              00003FFE
_FOSC_HS                          00003FFA
_FOSC_INTRC_CLKOUT                00003FFD
_FOSC_INTRC_NOCLKOUT              00003FFC
_FOSC_LP                          00003FF8
_FOSC_XT                          00003FF9
_HS_OSC                           00003FFA
_IDLOC0                           00002000
_IDLOC1                           00002001
_IDLOC2                           00002002
_IDLOC3                           00002003
_IESO_OFF                         00003BFF
_IESO_ON                          00003FFF
_INTOSC                           00003FFD
_INTOSCIO                         00003FFC
_INTRC_OSC_CLKOUT                 00003FFD
_INTRC_OSC_NOCLKOUT               00003FFC
_ISR_VECT_002C                    0000002C
_LP_OSC                           00003FF8
_LVP_OFF                          00002FFF
_LVP_ON                           00003FFF
_MAIN_PROG_012D                   0000012D
_MCLRE_OFF                        00003FDF
_MCLRE_ON                         00003FFF
_PWRTE_OFF                        00003FFF
_PWRTE_ON                         00003FEF
_WDTE_OFF                         00003FF7
_WDTE_ON                          00003FFF
_WDT_OFF                          00003FF7
_WDT_ON                           00003FFF
_WRT_1FOURTH                      00003BFF
_WRT_256                          00003DFF
_WRT_HALF                         000039FF
_WRT_OFF                          00003FFF
MPASM 5.77                    PROYECTO_3.ASM   11-23-2020  16:40:16         PAGE 21


SYMBOL TABLE
  LABEL                             VALUE 

_XT_OSC                           00003FF9
__16F887                          00000001

Errors   :     0
Warnings :    33 reported,     0 suppressed
Messages :    23 reported,     0 suppressed

