Warning[207] C:\USERS\CARLOS GIL\DESKTOP\UNIVERSIDAD\4TO SEMESTRE\PROGRAMACIÛN DE MICROCONTROLADORES\PROGRA_DE_MICROS\PROGRA_DE_MICROS\CARRO_PROYECTO_FINAL\PROYECTO_3.X\PROYECTO_3.ASM 21 : Found label after column 1. (CONT1)
Warning[207] C:\USERS\CARLOS GIL\DESKTOP\UNIVERSIDAD\4TO SEMESTRE\PROGRAMACIÛN DE MICROCONTROLADORES\PROGRA_DE_MICROS\PROGRA_DE_MICROS\CARRO_PROYECTO_FINAL\PROYECTO_3.X\PROYECTO_3.ASM 22 : Found label after column 1. (UNIDADES)
Warning[207] C:\USERS\CARLOS GIL\DESKTOP\UNIVERSIDAD\4TO SEMESTRE\PROGRAMACIÛN DE MICROCONTROLADORES\PROGRA_DE_MICROS\PROGRA_DE_MICROS\CARRO_PROYECTO_FINAL\PROYECTO_3.X\PROYECTO_3.ASM 23 : Found label after column 1. (CONT2)
Warning[207] C:\USERS\CARLOS GIL\DESKTOP\UNIVERSIDAD\4TO SEMESTRE\PROGRAMACIÛN DE MICROCONTROLADORES\PROGRA_DE_MICROS\PROGRA_DE_MICROS\CARRO_PROYECTO_FINAL\PROYECTO_3.X\PROYECTO_3.ASM 24 : Found label after column 1. (CONT3)
Warning[207] C:\USERS\CARLOS GIL\DESKTOP\UNIVERSIDAD\4TO SEMESTRE\PROGRAMACIÛN DE MICROCONTROLADORES\PROGRA_DE_MICROS\PROGRA_DE_MICROS\CARRO_PROYECTO_FINAL\PROYECTO_3.X\PROYECTO_3.ASM 25 : Found label after column 1. (CONT4)
Warning[207] C:\USERS\CARLOS GIL\DESKTOP\UNIVERSIDAD\4TO SEMESTRE\PROGRAMACIÛN DE MICROCONTROLADORES\PROGRA_DE_MICROS\PROGRA_DE_MICROS\CARRO_PROYECTO_FINAL\PROYECTO_3.X\PROYECTO_3.ASM 26 : Found label after column 1. (CONT6)
Warning[207] C:\USERS\CARLOS GIL\DESKTOP\UNIVERSIDAD\4TO SEMESTRE\PROGRAMACIÛN DE MICROCONTROLADORES\PROGRA_DE_MICROS\PROGRA_DE_MICROS\CARRO_PROYECTO_FINAL\PROYECTO_3.X\PROYECTO_3.ASM 27 : Found label after column 1. (CONT7)
Warning[207] C:\USERS\CARLOS GIL\DESKTOP\UNIVERSIDAD\4TO SEMESTRE\PROGRAMACIÛN DE MICROCONTROLADORES\PROGRA_DE_MICROS\PROGRA_DE_MICROS\CARRO_PROYECTO_FINAL\PROYECTO_3.X\PROYECTO_3.ASM 28 : Found label after column 1. (CONT8)
Warning[207] C:\USERS\CARLOS GIL\DESKTOP\UNIVERSIDAD\4TO SEMESTRE\PROGRAMACIÛN DE MICROCONTROLADORES\PROGRA_DE_MICROS\PROGRA_DE_MICROS\CARRO_PROYECTO_FINAL\PROYECTO_3.X\PROYECTO_3.ASM 29 : Found label after column 1. (CONT9)
Warning[207] C:\USERS\CARLOS GIL\DESKTOP\UNIVERSIDAD\4TO SEMESTRE\PROGRAMACIÛN DE MICROCONTROLADORES\PROGRA_DE_MICROS\PROGRA_DE_MICROS\CARRO_PROYECTO_FINAL\PROYECTO_3.X\PROYECTO_3.ASM 30 : Found label after column 1. (CONT10)
Warning[207] C:\USERS\CARLOS GIL\DESKTOP\UNIVERSIDAD\4TO SEMESTRE\PROGRAMACIÛN DE MICROCONTROLADORES\PROGRA_DE_MICROS\PROGRA_DE_MICROS\CARRO_PROYECTO_FINAL\PROYECTO_3.X\PROYECTO_3.ASM 31 : Found label after column 1. (CONT11)
Warning[207] C:\USERS\CARLOS GIL\DESKTOP\UNIVERSIDAD\4TO SEMESTRE\PROGRAMACIÛN DE MICROCONTROLADORES\PROGRA_DE_MICROS\PROGRA_DE_MICROS\CARRO_PROYECTO_FINAL\PROYECTO_3.X\PROYECTO_3.ASM 32 : Found label after column 1. (CONT12)
Warning[207] C:\USERS\CARLOS GIL\DESKTOP\UNIVERSIDAD\4TO SEMESTRE\PROGRAMACIÛN DE MICROCONTROLADORES\PROGRA_DE_MICROS\PROGRA_DE_MICROS\CARRO_PROYECTO_FINAL\PROYECTO_3.X\PROYECTO_3.ASM 33 : Found label after column 1. (CONT13)
Warning[207] C:\USERS\CARLOS GIL\DESKTOP\UNIVERSIDAD\4TO SEMESTRE\PROGRAMACIÛN DE MICROCONTROLADORES\PROGRA_DE_MICROS\PROGRA_DE_MICROS\CARRO_PROYECTO_FINAL\PROYECTO_3.X\PROYECTO_3.ASM 34 : Found label after column 1. (W_TEMP)
Warning[207] C:\USERS\CARLOS GIL\DESKTOP\UNIVERSIDAD\4TO SEMESTRE\PROGRAMACIÛN DE MICROCONTROLADORES\PROGRA_DE_MICROS\PROGRA_DE_MICROS\CARRO_PROYECTO_FINAL\PROYECTO_3.X\PROYECTO_3.ASM 35 : Found label after column 1. (STATUS_TEMP)
Warning[207] C:\USERS\CARLOS GIL\DESKTOP\UNIVERSIDAD\4TO SEMESTRE\PROGRAMACIÛN DE MICROCONTROLADORES\PROGRA_DE_MICROS\PROGRA_DE_MICROS\CARRO_PROYECTO_FINAL\PROYECTO_3.X\PROYECTO_3.ASM 36 : Found label after column 1. (INDICADOR)
Warning[207] C:\USERS\CARLOS GIL\DESKTOP\UNIVERSIDAD\4TO SEMESTRE\PROGRAMACIÛN DE MICROCONTROLADORES\PROGRA_DE_MICROS\PROGRA_DE_MICROS\CARRO_PROYECTO_FINAL\PROYECTO_3.X\PROYECTO_3.ASM 37 : Found label after column 1. (INDICADOR2)
Warning[207] C:\USERS\CARLOS GIL\DESKTOP\UNIVERSIDAD\4TO SEMESTRE\PROGRAMACIÛN DE MICROCONTROLADORES\PROGRA_DE_MICROS\PROGRA_DE_MICROS\CARRO_PROYECTO_FINAL\PROYECTO_3.X\PROYECTO_3.ASM 38 : Found label after column 1. (SERVO)
Warning[207] C:\USERS\CARLOS GIL\DESKTOP\UNIVERSIDAD\4TO SEMESTRE\PROGRAMACIÛN DE MICROCONTROLADORES\PROGRA_DE_MICROS\PROGRA_DE_MICROS\CARRO_PROYECTO_FINAL\PROYECTO_3.X\PROYECTO_3.ASM 39 : Found label after column 1. (CAMBIO)
Warning[207] C:\USERS\CARLOS GIL\DESKTOP\UNIVERSIDAD\4TO SEMESTRE\PROGRAMACIÛN DE MICROCONTROLADORES\PROGRA_DE_MICROS\PROGRA_DE_MICROS\CARRO_PROYECTO_FINAL\PROYECTO_3.X\PROYECTO_3.ASM 40 : Found label after column 1. (PARTEALTA)
Warning[207] C:\USERS\CARLOS GIL\DESKTOP\UNIVERSIDAD\4TO SEMESTRE\PROGRAMACIÛN DE MICROCONTROLADORES\PROGRA_DE_MICROS\PROGRA_DE_MICROS\CARRO_PROYECTO_FINAL\PROYECTO_3.X\PROYECTO_3.ASM 41 : Found label after column 1. (PARTEBAJA)
Warning[207] C:\USERS\CARLOS GIL\DESKTOP\UNIVERSIDAD\4TO SEMESTRE\PROGRAMACIÛN DE MICROCONTROLADORES\PROGRA_DE_MICROS\PROGRA_DE_MICROS\CARRO_PROYECTO_FINAL\PROYECTO_3.X\PROYECTO_3.ASM 42 : Found label after column 1. (ACCION)
Warning[207] C:\USERS\CARLOS GIL\DESKTOP\UNIVERSIDAD\4TO SEMESTRE\PROGRAMACIÛN DE MICROCONTROLADORES\PROGRA_DE_MICROS\PROGRA_DE_MICROS\CARRO_PROYECTO_FINAL\PROYECTO_3.X\PROYECTO_3.ASM 43 : Found label after column 1. (CHECK)
Warning[207] C:\USERS\CARLOS GIL\DESKTOP\UNIVERSIDAD\4TO SEMESTRE\PROGRAMACIÛN DE MICROCONTROLADORES\PROGRA_DE_MICROS\PROGRA_DE_MICROS\CARRO_PROYECTO_FINAL\PROYECTO_3.X\PROYECTO_3.ASM 44 : Found label after column 1. (LUCES)
Warning[207] C:\USERS\CARLOS GIL\DESKTOP\UNIVERSIDAD\4TO SEMESTRE\PROGRAMACIÛN DE MICROCONTROLADORES\PROGRA_DE_MICROS\PROGRA_DE_MICROS\CARRO_PROYECTO_FINAL\PROYECTO_3.X\PROYECTO_3.ASM 45 : Found label after column 1. (PUSH_BUTTON)
Warning[207] C:\USERS\CARLOS GIL\DESKTOP\UNIVERSIDAD\4TO SEMESTRE\PROGRAMACIÛN DE MICROCONTROLADORES\PROGRA_DE_MICROS\PROGRA_DE_MICROS\CARRO_PROYECTO_FINAL\PROYECTO_3.X\PROYECTO_3.ASM 46 : Found label after column 1. (ENTER)
Warning[207] C:\USERS\CARLOS GIL\DESKTOP\UNIVERSIDAD\4TO SEMESTRE\PROGRAMACIÛN DE MICROCONTROLADORES\PROGRA_DE_MICROS\PROGRA_DE_MICROS\CARRO_PROYECTO_FINAL\PROYECTO_3.X\PROYECTO_3.ASM 47 : Found label after column 1. (DECENAS)
Warning[207] C:\USERS\CARLOS GIL\DESKTOP\UNIVERSIDAD\4TO SEMESTRE\PROGRAMACIÛN DE MICROCONTROLADORES\PROGRA_DE_MICROS\PROGRA_DE_MICROS\CARRO_PROYECTO_FINAL\PROYECTO_3.X\PROYECTO_3.ASM 48 : Found label after column 1. (MINUTOS)
Warning[207] C:\USERS\CARLOS GIL\DESKTOP\UNIVERSIDAD\4TO SEMESTRE\PROGRAMACIÛN DE MICROCONTROLADORES\PROGRA_DE_MICROS\PROGRA_DE_MICROS\CARRO_PROYECTO_FINAL\PROYECTO_3.X\PROYECTO_3.ASM 49 : Found label after column 1. (MINUTOS2)
Message[305] C:\USERS\CARLOS GIL\DESKTOP\UNIVERSIDAD\4TO SEMESTRE\PROGRAMACIÛN DE MICROCONTROLADORES\PROGRA_DE_MICROS\PROGRA_DE_MICROS\CARRO_PROYECTO_FINAL\PROYECTO_3.X\PROYECTO_3.ASM 122 : Using default destination of 1 (file).
Warning[203] C:\USERS\CARLOS GIL\DESKTOP\UNIVERSIDAD\4TO SEMESTRE\PROGRAMACIÛN DE MICROCONTROLADORES\PROGRA_DE_MICROS\PROGRA_DE_MICROS\CARRO_PROYECTO_FINAL\PROYECTO_3.X\PROYECTO_3.ASM 164 : Found opcode in column 1. (CALL)
Warning[207] C:\USERS\CARLOS GIL\DESKTOP\UNIVERSIDAD\4TO SEMESTRE\PROGRAMACIÛN DE MICROCONTROLADORES\PROGRA_DE_MICROS\PROGRA_DE_MICROS\CARRO_PROYECTO_FINAL\PROYECTO_3.X\PROYECTO_3.ASM 168 : Found label after column 1. (LOOP)
Warning[207] C:\USERS\CARLOS GIL\DESKTOP\UNIVERSIDAD\4TO SEMESTRE\PROGRAMACIÛN DE MICROCONTROLADORES\PROGRA_DE_MICROS\PROGRA_DE_MICROS\CARRO_PROYECTO_FINAL\PROYECTO_3.X\PROYECTO_3.ASM 174 : Found label after column 1. (NOVENTAGRADOS)
Message[305] C:\USERS\CARLOS GIL\DESKTOP\UNIVERSIDAD\4TO SEMESTRE\PROGRAMACIÛN DE MICROCONTROLADORES\PROGRA_DE_MICROS\PROGRA_DE_MICROS\CARRO_PROYECTO_FINAL\PROYECTO_3.X\PROYECTO_3.ASM 290 : Using default destination of 1 (file).
Message[305] C:\USERS\CARLOS GIL\DESKTOP\UNIVERSIDAD\4TO SEMESTRE\PROGRAMACIÛN DE MICROCONTROLADORES\PROGRA_DE_MICROS\PROGRA_DE_MICROS\CARRO_PROYECTO_FINAL\PROYECTO_3.X\PROYECTO_3.ASM 295 : Using default destination of 1 (file).
Message[305] C:\USERS\CARLOS GIL\DESKTOP\UNIVERSIDAD\4TO SEMESTRE\PROGRAMACIÛN DE MICROCONTROLADORES\PROGRA_DE_MICROS\PROGRA_DE_MICROS\CARRO_PROYECTO_FINAL\PROYECTO_3.X\PROYECTO_3.ASM 300 : Using default destination of 1 (file).
Message[305] C:\USERS\CARLOS GIL\DESKTOP\UNIVERSIDAD\4TO SEMESTRE\PROGRAMACIÛN DE MICROCONTROLADORES\PROGRA_DE_MICROS\PROGRA_DE_MICROS\CARRO_PROYECTO_FINAL\PROYECTO_3.X\PROYECTO_3.ASM 305 : Using default destination of 1 (file).
Message[305] C:\USERS\CARLOS GIL\DESKTOP\UNIVERSIDAD\4TO SEMESTRE\PROGRAMACIÛN DE MICROCONTROLADORES\PROGRA_DE_MICROS\PROGRA_DE_MICROS\CARRO_PROYECTO_FINAL\PROYECTO_3.X\PROYECTO_3.ASM 358 : Using default destination of 1 (file).
Message[305] C:\USERS\CARLOS GIL\DESKTOP\UNIVERSIDAD\4TO SEMESTRE\PROGRAMACIÛN DE MICROCONTROLADORES\PROGRA_DE_MICROS\PROGRA_DE_MICROS\CARRO_PROYECTO_FINAL\PROYECTO_3.X\PROYECTO_3.ASM 364 : Using default destination of 1 (file).
Message[305] C:\USERS\CARLOS GIL\DESKTOP\UNIVERSIDAD\4TO SEMESTRE\PROGRAMACIÛN DE MICROCONTROLADORES\PROGRA_DE_MICROS\PROGRA_DE_MICROS\CARRO_PROYECTO_FINAL\PROYECTO_3.X\PROYECTO_3.ASM 369 : Using default destination of 1 (file).
Message[305] C:\USERS\CARLOS GIL\DESKTOP\UNIVERSIDAD\4TO SEMESTRE\PROGRAMACIÛN DE MICROCONTROLADORES\PROGRA_DE_MICROS\PROGRA_DE_MICROS\CARRO_PROYECTO_FINAL\PROYECTO_3.X\PROYECTO_3.ASM 375 : Using default destination of 1 (file).
Message[305] C:\USERS\CARLOS GIL\DESKTOP\UNIVERSIDAD\4TO SEMESTRE\PROGRAMACIÛN DE MICROCONTROLADORES\PROGRA_DE_MICROS\PROGRA_DE_MICROS\CARRO_PROYECTO_FINAL\PROYECTO_3.X\PROYECTO_3.ASM 381 : Using default destination of 1 (file).
Message[305] C:\USERS\CARLOS GIL\DESKTOP\UNIVERSIDAD\4TO SEMESTRE\PROGRAMACIÛN DE MICROCONTROLADORES\PROGRA_DE_MICROS\PROGRA_DE_MICROS\CARRO_PROYECTO_FINAL\PROYECTO_3.X\PROYECTO_3.ASM 392 : Using default destination of 1 (file).
Message[305] C:\USERS\CARLOS GIL\DESKTOP\UNIVERSIDAD\4TO SEMESTRE\PROGRAMACIÛN DE MICROCONTROLADORES\PROGRA_DE_MICROS\PROGRA_DE_MICROS\CARRO_PROYECTO_FINAL\PROYECTO_3.X\PROYECTO_3.ASM 399 : Using default destination of 1 (file).
Message[305] C:\USERS\CARLOS GIL\DESKTOP\UNIVERSIDAD\4TO SEMESTRE\PROGRAMACIÛN DE MICROCONTROLADORES\PROGRA_DE_MICROS\PROGRA_DE_MICROS\CARRO_PROYECTO_FINAL\PROYECTO_3.X\PROYECTO_3.ASM 406 : Using default destination of 1 (file).
Message[305] C:\USERS\CARLOS GIL\DESKTOP\UNIVERSIDAD\4TO SEMESTRE\PROGRAMACIÛN DE MICROCONTROLADORES\PROGRA_DE_MICROS\PROGRA_DE_MICROS\CARRO_PROYECTO_FINAL\PROYECTO_3.X\PROYECTO_3.ASM 412 : Using default destination of 1 (file).
Warning[207] C:\USERS\CARLOS GIL\DESKTOP\UNIVERSIDAD\4TO SEMESTRE\PROGRAMACIÛN DE MICROCONTROLADORES\PROGRA_DE_MICROS\PROGRA_DE_MICROS\CARRO_PROYECTO_FINAL\PROYECTO_3.X\PROYECTO_3.ASM 447 : Found label after column 1. (CONFIGURACION_TIMER2)
Message[302] C:\USERS\CARLOS GIL\DESKTOP\UNIVERSIDAD\4TO SEMESTRE\PROGRAMACIÛN DE MICROCONTROLADORES\PROGRA_DE_MICROS\PROGRA_DE_MICROS\CARRO_PROYECTO_FINAL\PROYECTO_3.X\PROYECTO_3.ASM 461 : Register in operand not in bank 0.  Ensure that bank bits are correct.
Message[302] C:\USERS\CARLOS GIL\DESKTOP\UNIVERSIDAD\4TO SEMESTRE\PROGRAMACIÛN DE MICROCONTROLADORES\PROGRA_DE_MICROS\PROGRA_DE_MICROS\CARRO_PROYECTO_FINAL\PROYECTO_3.X\PROYECTO_3.ASM 462 : Register in operand not in bank 0.  Ensure that bank bits are correct.
Message[302] C:\USERS\CARLOS GIL\DESKTOP\UNIVERSIDAD\4TO SEMESTRE\PROGRAMACIÛN DE MICROCONTROLADORES\PROGRA_DE_MICROS\PROGRA_DE_MICROS\CARRO_PROYECTO_FINAL\PROYECTO_3.X\PROYECTO_3.ASM 464 : Register in operand not in bank 0.  Ensure that bank bits are correct.
Message[302] C:\USERS\CARLOS GIL\DESKTOP\UNIVERSIDAD\4TO SEMESTRE\PROGRAMACIÛN DE MICROCONTROLADORES\PROGRA_DE_MICROS\PROGRA_DE_MICROS\CARRO_PROYECTO_FINAL\PROYECTO_3.X\PROYECTO_3.ASM 465 : Register in operand not in bank 0.  Ensure that bank bits are correct.
Message[302] C:\USERS\CARLOS GIL\DESKTOP\UNIVERSIDAD\4TO SEMESTRE\PROGRAMACIÛN DE MICROCONTROLADORES\PROGRA_DE_MICROS\PROGRA_DE_MICROS\CARRO_PROYECTO_FINAL\PROYECTO_3.X\PROYECTO_3.ASM 466 : Register in operand not in bank 0.  Ensure that bank bits are correct.
Message[302] C:\USERS\CARLOS GIL\DESKTOP\UNIVERSIDAD\4TO SEMESTRE\PROGRAMACIÛN DE MICROCONTROLADORES\PROGRA_DE_MICROS\PROGRA_DE_MICROS\CARRO_PROYECTO_FINAL\PROYECTO_3.X\PROYECTO_3.ASM 467 : Register in operand not in bank 0.  Ensure that bank bits are correct.
Message[302] C:\USERS\CARLOS GIL\DESKTOP\UNIVERSIDAD\4TO SEMESTRE\PROGRAMACIÛN DE MICROCONTROLADORES\PROGRA_DE_MICROS\PROGRA_DE_MICROS\CARRO_PROYECTO_FINAL\PROYECTO_3.X\PROYECTO_3.ASM 468 : Register in operand not in bank 0.  Ensure that bank bits are correct.
Message[302] C:\USERS\CARLOS GIL\DESKTOP\UNIVERSIDAD\4TO SEMESTRE\PROGRAMACIÛN DE MICROCONTROLADORES\PROGRA_DE_MICROS\PROGRA_DE_MICROS\CARRO_PROYECTO_FINAL\PROYECTO_3.X\PROYECTO_3.ASM 469 : Register in operand not in bank 0.  Ensure that bank bits are correct.
Message[302] C:\USERS\CARLOS GIL\DESKTOP\UNIVERSIDAD\4TO SEMESTRE\PROGRAMACIÛN DE MICROCONTROLADORES\PROGRA_DE_MICROS\PROGRA_DE_MICROS\CARRO_PROYECTO_FINAL\PROYECTO_3.X\PROYECTO_3.ASM 471 : Register in operand not in bank 0.  Ensure that bank bits are correct.
Warning[207] C:\USERS\CARLOS GIL\DESKTOP\UNIVERSIDAD\4TO SEMESTRE\PROGRAMACIÛN DE MICROCONTROLADORES\PROGRA_DE_MICROS\PROGRA_DE_MICROS\CARRO_PROYECTO_FINAL\PROYECTO_3.X\PROYECTO_3.ASM 472 : Found label after column 1. (CONFIGURACION_TIMER0)
Message[302] C:\USERS\CARLOS GIL\DESKTOP\UNIVERSIDAD\4TO SEMESTRE\PROGRAMACIÛN DE MICROCONTROLADORES\PROGRA_DE_MICROS\PROGRA_DE_MICROS\CARRO_PROYECTO_FINAL\PROYECTO_3.X\PROYECTO_3.ASM 475 : Register in operand not in bank 0.  Ensure that bank bits are correct.
Warning[207] C:\USERS\CARLOS GIL\DESKTOP\UNIVERSIDAD\4TO SEMESTRE\PROGRAMACIÛN DE MICROCONTROLADORES\PROGRA_DE_MICROS\PROGRA_DE_MICROS\CARRO_PROYECTO_FINAL\PROYECTO_3.X\PROYECTO_3.ASM 476 : Found label after column 1. (CONFIGURACION_INTERRUPCION)
Message[302] C:\USERS\CARLOS GIL\DESKTOP\UNIVERSIDAD\4TO SEMESTRE\PROGRAMACIÛN DE MICROCONTROLADORES\PROGRA_DE_MICROS\PROGRA_DE_MICROS\CARRO_PROYECTO_FINAL\PROYECTO_3.X\PROYECTO_3.ASM 478 : Register in operand not in bank 0.  Ensure that bank bits are correct.
Message[302] C:\USERS\CARLOS GIL\DESKTOP\UNIVERSIDAD\4TO SEMESTRE\PROGRAMACIÛN DE MICROCONTROLADORES\PROGRA_DE_MICROS\PROGRA_DE_MICROS\CARRO_PROYECTO_FINAL\PROYECTO_3.X\PROYECTO_3.ASM 479 : Register in operand not in bank 0.  Ensure that bank bits are correct.
Message[302] C:\USERS\CARLOS GIL\DESKTOP\UNIVERSIDAD\4TO SEMESTRE\PROGRAMACIÛN DE MICROCONTROLADORES\PROGRA_DE_MICROS\PROGRA_DE_MICROS\CARRO_PROYECTO_FINAL\PROYECTO_3.X\PROYECTO_3.ASM 483 : Register in operand not in bank 0.  Ensure that bank bits are correct.
Warning[207] C:\USERS\CARLOS GIL\DESKTOP\UNIVERSIDAD\4TO SEMESTRE\PROGRAMACIÛN DE MICROCONTROLADORES\PROGRA_DE_MICROS\PROGRA_DE_MICROS\CARRO_PROYECTO_FINAL\PROYECTO_3.X\PROYECTO_3.ASM 486 : Found label after column 1. (CONFIGURACION_TRANSMISOR_Y_RECEPTOR)
Warning[208] C:\USERS\CARLOS GIL\DESKTOP\UNIVERSIDAD\4TO SEMESTRE\PROGRAMACIÛN DE MICROCONTROLADORES\PROGRA_DE_MICROS\PROGRA_DE_MICROS\CARRO_PROYECTO_FINAL\PROYECTO_3.X\PROYECTO_3.ASM 486 : Label truncated at 32 characters. (CONFIGURACION_TRANSMISOR_Y_RECEPTOR)
Message[302] C:\USERS\CARLOS GIL\DESKTOP\UNIVERSIDAD\4TO SEMESTRE\PROGRAMACIÛN DE MICROCONTROLADORES\PROGRA_DE_MICROS\PROGRA_DE_MICROS\CARRO_PROYECTO_FINAL\PROYECTO_3.X\PROYECTO_3.ASM 488 : Register in operand not in bank 0.  Ensure that bank bits are correct.
Message[302] C:\USERS\CARLOS GIL\DESKTOP\UNIVERSIDAD\4TO SEMESTRE\PROGRAMACIÛN DE MICROCONTROLADORES\PROGRA_DE_MICROS\PROGRA_DE_MICROS\CARRO_PROYECTO_FINAL\PROYECTO_3.X\PROYECTO_3.ASM 489 : Register in operand not in bank 0.  Ensure that bank bits are correct.
Message[302] C:\USERS\CARLOS GIL\DESKTOP\UNIVERSIDAD\4TO SEMESTRE\PROGRAMACIÛN DE MICROCONTROLADORES\PROGRA_DE_MICROS\PROGRA_DE_MICROS\CARRO_PROYECTO_FINAL\PROYECTO_3.X\PROYECTO_3.ASM 490 : Register in operand not in bank 0.  Ensure that bank bits are correct.
Message[302] C:\USERS\CARLOS GIL\DESKTOP\UNIVERSIDAD\4TO SEMESTRE\PROGRAMACIÛN DE MICROCONTROLADORES\PROGRA_DE_MICROS\PROGRA_DE_MICROS\CARRO_PROYECTO_FINAL\PROYECTO_3.X\PROYECTO_3.ASM 493 : Register in operand not in bank 0.  Ensure that bank bits are correct.
Message[302] C:\USERS\CARLOS GIL\DESKTOP\UNIVERSIDAD\4TO SEMESTRE\PROGRAMACIÛN DE MICROCONTROLADORES\PROGRA_DE_MICROS\PROGRA_DE_MICROS\CARRO_PROYECTO_FINAL\PROYECTO_3.X\PROYECTO_3.ASM 497 : Register in operand not in bank 0.  Ensure that bank bits are correct.
Message[302] C:\USERS\CARLOS GIL\DESKTOP\UNIVERSIDAD\4TO SEMESTRE\PROGRAMACIÛN DE MICROCONTROLADORES\PROGRA_DE_MICROS\PROGRA_DE_MICROS\CARRO_PROYECTO_FINAL\PROYECTO_3.X\PROYECTO_3.ASM 498 : Register in operand not in bank 0.  Ensure that bank bits are correct.
Message[302] C:\USERS\CARLOS GIL\DESKTOP\UNIVERSIDAD\4TO SEMESTRE\PROGRAMACIÛN DE MICROCONTROLADORES\PROGRA_DE_MICROS\PROGRA_DE_MICROS\CARRO_PROYECTO_FINAL\PROYECTO_3.X\PROYECTO_3.ASM 499 : Register in operand not in bank 0.  Ensure that bank bits are correct.
