Warning[207] C:\USERS\CARLOS GIL\MPLABXPROJECTS\LABORATORIO_6.X\LABORATORIO_6.ASM 21 : Found label after column 1. (UNIDADES)
Warning[207] C:\USERS\CARLOS GIL\MPLABXPROJECTS\LABORATORIO_6.X\LABORATORIO_6.ASM 22 : Found label after column 1. (CONT2)
Warning[207] C:\USERS\CARLOS GIL\MPLABXPROJECTS\LABORATORIO_6.X\LABORATORIO_6.ASM 23 : Found label after column 1. (CONT3)
Warning[207] C:\USERS\CARLOS GIL\MPLABXPROJECTS\LABORATORIO_6.X\LABORATORIO_6.ASM 24 : Found label after column 1. (CONT4)
Warning[207] C:\USERS\CARLOS GIL\MPLABXPROJECTS\LABORATORIO_6.X\LABORATORIO_6.ASM 25 : Found label after column 1. (DECENAS)
Warning[207] C:\USERS\CARLOS GIL\MPLABXPROJECTS\LABORATORIO_6.X\LABORATORIO_6.ASM 26 : Found label after column 1. (CONT6)
Warning[207] C:\USERS\CARLOS GIL\MPLABXPROJECTS\LABORATORIO_6.X\LABORATORIO_6.ASM 27 : Found label after column 1. (CONT7)
Warning[207] C:\USERS\CARLOS GIL\MPLABXPROJECTS\LABORATORIO_6.X\LABORATORIO_6.ASM 28 : Found label after column 1. (W_TEMP)
Warning[207] C:\USERS\CARLOS GIL\MPLABXPROJECTS\LABORATORIO_6.X\LABORATORIO_6.ASM 29 : Found label after column 1. (STATUS_TEMP)
Warning[207] C:\USERS\CARLOS GIL\MPLABXPROJECTS\LABORATORIO_6.X\LABORATORIO_6.ASM 30 : Found label after column 1. (INDICADOR)
Warning[207] C:\USERS\CARLOS GIL\MPLABXPROJECTS\LABORATORIO_6.X\LABORATORIO_6.ASM 31 : Found label after column 1. (INDICADOR2)
Warning[207] C:\USERS\CARLOS GIL\MPLABXPROJECTS\LABORATORIO_6.X\LABORATORIO_6.ASM 32 : Found label after column 1. (NIBBLE_H)
Warning[207] C:\USERS\CARLOS GIL\MPLABXPROJECTS\LABORATORIO_6.X\LABORATORIO_6.ASM 33 : Found label after column 1. (NIBBLE_L)
Warning[207] C:\USERS\CARLOS GIL\MPLABXPROJECTS\LABORATORIO_6.X\LABORATORIO_6.ASM 34 : Found label after column 1. (SEGUNDOS)
Warning[207] C:\USERS\CARLOS GIL\MPLABXPROJECTS\LABORATORIO_6.X\LABORATORIO_6.ASM 35 : Found label after column 1. (DISPLAY)
Warning[203] C:\USERS\CARLOS GIL\MPLABXPROJECTS\LABORATORIO_6.X\LABORATORIO_6.ASM 108 : Found opcode in column 1. (CALL)
Message[302] C:\USERS\CARLOS GIL\MPLABXPROJECTS\LABORATORIO_6.X\LABORATORIO_6.ASM 185 : Register in operand not in bank 0.  Ensure that bank bits are correct.
Message[302] C:\USERS\CARLOS GIL\MPLABXPROJECTS\LABORATORIO_6.X\LABORATORIO_6.ASM 188 : Register in operand not in bank 0.  Ensure that bank bits are correct.
Message[302] C:\USERS\CARLOS GIL\MPLABXPROJECTS\LABORATORIO_6.X\LABORATORIO_6.ASM 189 : Register in operand not in bank 0.  Ensure that bank bits are correct.
Message[302] C:\USERS\CARLOS GIL\MPLABXPROJECTS\LABORATORIO_6.X\LABORATORIO_6.ASM 191 : Register in operand not in bank 0.  Ensure that bank bits are correct.
Message[302] C:\USERS\CARLOS GIL\MPLABXPROJECTS\LABORATORIO_6.X\LABORATORIO_6.ASM 192 : Register in operand not in bank 0.  Ensure that bank bits are correct.
Message[302] C:\USERS\CARLOS GIL\MPLABXPROJECTS\LABORATORIO_6.X\LABORATORIO_6.ASM 193 : Register in operand not in bank 0.  Ensure that bank bits are correct.
Message[302] C:\USERS\CARLOS GIL\MPLABXPROJECTS\LABORATORIO_6.X\LABORATORIO_6.ASM 194 : Register in operand not in bank 0.  Ensure that bank bits are correct.
Message[302] C:\USERS\CARLOS GIL\MPLABXPROJECTS\LABORATORIO_6.X\LABORATORIO_6.ASM 195 : Register in operand not in bank 0.  Ensure that bank bits are correct.
Warning[207] C:\USERS\CARLOS GIL\MPLABXPROJECTS\LABORATORIO_6.X\LABORATORIO_6.ASM 196 : Found label after column 1. (CONFIGURACION_TIMER2)
Warning[207] C:\USERS\CARLOS GIL\MPLABXPROJECTS\LABORATORIO_6.X\LABORATORIO_6.ASM 200 : Found label after column 1. (CONFIGURACION_INTERRUPCION)
Message[302] C:\USERS\CARLOS GIL\MPLABXPROJECTS\LABORATORIO_6.X\LABORATORIO_6.ASM 202 : Register in operand not in bank 0.  Ensure that bank bits are correct.
Message[302] C:\USERS\CARLOS GIL\MPLABXPROJECTS\LABORATORIO_6.X\LABORATORIO_6.ASM 203 : Register in operand not in bank 0.  Ensure that bank bits are correct.
Message[302] C:\USERS\CARLOS GIL\MPLABXPROJECTS\LABORATORIO_6.X\LABORATORIO_6.ASM 208 : Register in operand not in bank 0.  Ensure that bank bits are correct.
Warning[207] C:\USERS\CARLOS GIL\MPLABXPROJECTS\LABORATORIO_6.X\LABORATORIO_6.ASM 210 : Found label after column 1. (CONFIGURACION_ADC)
Message[302] C:\USERS\CARLOS GIL\MPLABXPROJECTS\LABORATORIO_6.X\LABORATORIO_6.ASM 212 : Register in operand not in bank 0.  Ensure that bank bits are correct.
Message[302] C:\USERS\CARLOS GIL\MPLABXPROJECTS\LABORATORIO_6.X\LABORATORIO_6.ASM 214 : Register in operand not in bank 0.  Ensure that bank bits are correct.
Message[302] C:\USERS\CARLOS GIL\MPLABXPROJECTS\LABORATORIO_6.X\LABORATORIO_6.ASM 216 : Register in operand not in bank 0.  Ensure that bank bits are correct.
