MPASM 5.77                 LABORATORIO_6.ASM   9-29-2020  16:30:14         PAGE  1


LOC  OBJECT CODE     LINE SOURCE TEXT
  VALUE

                      00001 ;*******************************************************************************                        
                                                                           *
                      00002 ;    Filename:              Laboratorio_6.0.asm                              *
                      00003 ;    Date:                  11/08/2020                                         *
                      00004 ;    File Version:          v.1                                                *
                      00005 ;    Author:                Carlos Gil                      *
                      00006 ;    Company:               UVG                                                *
                      00007 ;    Description:           lectura de potenciometro                                                    
                                                                                      *
                      00008 ;*******************************************************************************
                      00009 #include "p16f887.inc"
                      00001         LIST
                      00002 
                      00003 ;==========================================================================
                      00004 ; Build date : Nov 22 2017
                      00005 ;  MPASM PIC16F887 processor include
                      00006 ; 
                      00007 ;  (c) Copyright 1999-2017 Microchip Technology, All rights reserved
                      00008 ;==========================================================================
                      00009 
                      00810         LIST
                      00010 
                      00011 ; CONFIG1
                      00012 ; __config 0x20D4
2007   20D4           00013  __CONFIG _CONFIG1, _FOSC_INTRC_NOCLKOUT & _WDTE_OFF & _PWRTE_OFF & _MCLRE_OFF & _CP_OFF & _CPD_OFF & _B
                            OREN_OFF & _IESO_OFF & _FCMEN_OFF & _LVP_OFF
                      00014 ; CONFIG2
                      00015 ; __config 0x3FFF
2008   3FFF           00016  __CONFIG _CONFIG2, _BOR4V_BOR40V & _WRT_OFF
                      00017  ;****************************************************************************** 
                      00018  ; variables
                      00019  ;******************************************************************************
                      00020 GPR_VAR         UDATA
Warning[207]: Found label after column 1. (UNIDADES)
0000                  00021     UNIDADES    RES     1
Warning[207]: Found label after column 1. (CONT2)
0001                  00022     CONT2       RES     1
Warning[207]: Found label after column 1. (CONT3)
0002                  00023     CONT3       RES     1
Warning[207]: Found label after column 1. (CONT4)
0003                  00024     CONT4       RES     1
Warning[207]: Found label after column 1. (DECENAS)
0004                  00025     DECENAS     RES     1
Warning[207]: Found label after column 1. (CONT6)
0005                  00026     CONT6       RES     1
Warning[207]: Found label after column 1. (CONT7)
0006                  00027     CONT7       RES     1
Warning[207]: Found label after column 1. (W_TEMP)
0007                  00028     W_TEMP      RES     1
Warning[207]: Found label after column 1. (STATUS_TEMP)
0008                  00029     STATUS_TEMP RES     1
Warning[207]: Found label after column 1. (INDICADOR)
0009                  00030     INDICADOR   RES     1
MPASM 5.77                 LABORATORIO_6.ASM   9-29-2020  16:30:14         PAGE  2


LOC  OBJECT CODE     LINE SOURCE TEXT
  VALUE

Warning[207]: Found label after column 1. (INDICADOR2)
000A                  00031     INDICADOR2  RES     1
Warning[207]: Found label after column 1. (NIBBLE_H)
000B                  00032     NIBBLE_H    RES     1
Warning[207]: Found label after column 1. (NIBBLE_L)
000C                  00033     NIBBLE_L    RES     1
Warning[207]: Found label after column 1. (SEGUNDOS)
000D                  00034     SEGUNDOS    RES     1
Warning[207]: Found label after column 1. (DISPLAY)
000E                  00035     DISPLAY     RES     1
                      00036         
                      00037         
                      00038 ;*******************************************************************************
                      00039 ; Reset Vector
                      00040 ;*******************************************************************************
                      00041 RES_VECT  CODE    0x0000            ; processor reset vector
0000   2???           00042     GOTO    START   
                      00043 ISR_VECT  CODE    0x0004
0004                  00044 PUSH:
0004   138B           00045     BCF     INTCON, GIE
0005   00??           00046     MOVWF   W_TEMP
0006   0E03           00047     SWAPF   STATUS, W
0007   00??           00048     MOVWF   STATUS_TEMP
0008                  00049 ISR:
0008   190B           00050     BTFSC   INTCON, T0IF
0009   2???           00051     CALL    INTERRUPCION_TMRO
000A   1B0C           00052     BTFSC   PIR1, ADIF
000B   2???           00053     CALL    INTERRUPCION_ADC
000C                  00054 POP:
000C   0E??           00055     SWAPF   STATUS_TEMP, W
000D   0083           00056     MOVWF   STATUS 
000E   0E??           00057     SWAPF   W_TEMP, F
000F   0E??           00058     SWAPF   W_TEMP, W
0010   178B           00059     BSF     INTCON, GIE
0011   0009           00060     RETFIE
                      00061 
0012                  00062 INTERRUPCION_TMRO:
0012   30F8           00063     MOVLW   .248
0013   0081           00064     MOVWF   TMR0
0014   110B           00065     BCF     INTCON, T0IF 
0015   2???           00066     CALL    DISPLAY_VAR
0016   2???           00067     CALL    SEP_NIBBLES
0017   0008           00068     RETURN 
                      00069     
0018                  00070 INTERRUPCION_ADC:
0018   081E           00071     MOVF    ADRESH, W   ;GUARDO ADRESH PORTB
0019   0086           00072     MOVWF   PORTB
001A   130C           00073     BCF     PIR1, ADIF
001B   149F           00074     BSF     ADCON0, 1;PONER EN 0 BANDERA DE LA INETRRUPCION 
001C   0008           00075     RETURN
                      00076 
                      00077 
                      00078 ;*******************************************************************************
MPASM 5.77                 LABORATORIO_6.ASM   9-29-2020  16:30:14         PAGE  3


LOC  OBJECT CODE     LINE SOURCE TEXT
  VALUE

                      00079 ; TABLA
                      00080 ;*******************************************************************************
001D                  00081 TABLA:
001D   390F           00082     ANDLW   b'00001111' ; mascara
001E   0782           00083     ADDWF   PCL, F
001F   3488           00084     RETLW   b'10001000' ; 0
0020   34EB           00085     RETLW   b'11101011' ; 1
0021   344C           00086     RETLW   b'01001100' ; 2
0022   3449           00087     RETLW   b'01001001' ; 3
0023   342B           00088     RETLW   b'00101011' ; 4
0024   3419           00089     RETLW   b'00011001' ; 5
0025   3418           00090     RETLW   b'00011000' ; 6
0026   34CB           00091     RETLW   b'11001011' ; 7
0027   3408           00092     RETLW   b'00001000' ; 8
0028   340B           00093     RETLW   b'00001011' ; 9
0029   3402           00094     RETLW   b'00000010' ; A
002A   3430           00095     RETLW   b'00110000' ; b
002B   3494           00096     RETLW   b'10010100' ; C
002C   3460           00097     RETLW   b'01100000' ; d
002D   3414           00098     RETLW   b'00010100' ; E
002E   3416           00099     RETLW   b'00010110' ; F
                      00100 
                      00101 
                      00102 ;*******************************************************************************
                      00103 ; MAIN PROGRAM
                      00104 ;*******************************************************************************
                      00105 MAIN_PROG   CODE     0x0100                 ; let linker place main program
0100                  00106 START
                      00107 
Warning[203]: Found opcode in column 1. (CALL)
0100   2???           00108 CALL SETUP
                      00109 
                      00110 ;*******************************************************************************
                      00111 ; MAIN LOOP
                      00112 ;*******************************************************************************     
0101                  00113 LOOP:
0101   2???           00114     GOTO    LOOP
                      00115 ;*******************************************************************************
                      00116 ; SUB RUTINAS 
                      00117 ;*******************************************************************************  
0102                  00118 SEP_NIBBLES:
0102   0806           00119     MOVFW   PORTB
0103   00??           00120     MOVWF   NIBBLE_H
0104   0E06           00121     SWAPF   PORTB, W
0105   00??           00122     MOVWF   NIBBLE_L
0106   0008           00123     RETURN
                      00124     
0107                  00125 DISPLAY_VAR:
0107   1108           00126     BCF     PORTD, RD2
0108   1088           00127     BCF     PORTD, RD1
0109   1800           00128     BTFSC   INDICADOR, 0
010A   2???           00129     GOTO    DISPLAY_1
010B                  00130 DISPLAY_0:
MPASM 5.77                 LABORATORIO_6.ASM   9-29-2020  16:30:14         PAGE  4


LOC  OBJECT CODE     LINE SOURCE TEXT
  VALUE

010B   08??           00131     MOVFW   NIBBLE_L
010C   2???           00132     CALL    TABLA
010D   0087           00133     MOVWF   PORTC
010E   1488           00134     BSF     PORTD, RD1
010F   1400           00135     BSF     INDICADOR, 0
0110   0008           00136     RETURN
0111                  00137 DISPLAY_1:
0111   08??           00138     MOVFW   NIBBLE_H
0112   2???           00139     CALL    TABLA
0113   0087           00140     MOVWF   PORTC
0114   1508           00141     BSF     PORTD, RD2
0115   1000           00142     BCF     INDICADOR, 0
0116   0008           00143     RETURN
                      00144   
0117                  00145 TEMPORIZADOR_TIMER0:
0117   3005           00146     MOVLW   .5
0118   00??           00147     MOVWF   CONT2
0119                  00148 TIEMPO1:
0119   110B           00149     BCF     INTCON, T0IF
011A   30F8           00150     MOVLW   .248
011B   0081           00151     MOVWF   TMR0
011C                  00152 TIEMPO2:
011C   1D0B           00153     BTFSS   INTCON, T0IF
011D   2???           00154     GOTO    TIEMPO2
011E   0B??           00155     DECFSZ  CONT2, F
011F   2???           00156     GOTO    TIEMPO1
0120   0008           00157     RETURN 
                      00158 
0121                  00159 SETUP:
0121   1283 1303      00160     BANKSEL PORTA  ; BANCO 0
0123   0185           00161     CLRF    PORTA  ; BORRA EL PUERTO A
0124   0186           00162     CLRF    PORTB  ; BORRA EL PUERTO B
0125   0187           00163     CLRF    PORTC 
0126   0188           00164     CLRF    PORTD  
0127   0189           00165     CLRF    PORTE
0128   1103           00166     BCF     STATUS, Z
0129   100C           00167     BCF     PIR1, TMR1IF
012A   108C           00168     BCF     PIR1, TMR2IF
                      00169 ;***********************TMR2****************************************************
012B   0192           00170     CLRF    T2CON
012C   30FF           00171     MOVLW   b'11111111'
012D   0092           00172     MOVWF   T2CON
                      00173 
                      00174  ;**************timer1**********************************************************   
012E   0190           00175     CLRF    T1CON
012F   1410           00176     BSF        T1CON,0      ; HABILITAMOS EL TIMER 1 (TMR1ON=1)
0130   1090           00177     BCF        T1CON,1      ; OSCILADOR INTERNO 
0131   1190           00178     BCF        T1CON,3      ; NO HABILITA EL OSCILADOR DEL TIMER 1 (T1OSCEN=0)
0132   1610           00179     BSF        T1CON,4      ; PRE DIVISOR DE FRECUENCIA EN 8 (T1CKPS0=0)
0133   1690           00180     BSF        T1CON,5  
                      00181  ;******************************************************************************
                      00182  
                      00183     
MPASM 5.77                 LABORATORIO_6.ASM   9-29-2020  16:30:14         PAGE  5


LOC  OBJECT CODE     LINE SOURCE TEXT
  VALUE

0134   1683 1703      00184     BANKSEL ANSEL   ; BANCO 3 
Message[302]: Register in operand not in bank 0.  Ensure that bank bits are correct.
0136   0189           00185     CLRF    ANSELH  ; BORRA EL CONTROL DE ENTRADAS ANALÓGICAS
                      00186     
0137   1683 1303      00187     BANKSEL TRISA   ; BANCO 1
Message[302]: Register in operand not in bank 0.  Ensure that bank bits are correct.
0139   0185           00188     CLRF    TRISA  
Message[302]: Register in operand not in bank 0.  Ensure that bank bits are correct.
013A   0186           00189     CLRF    TRISB
013B   30D7           00190     MOVLW   B'11010111'
Message[302]: Register in operand not in bank 0.  Ensure that bank bits are correct.
013C   0081           00191     MOVWF   OPTION_REG
Message[302]: Register in operand not in bank 0.  Ensure that bank bits are correct.
013D   0187           00192     CLRF    TRISC
Message[302]: Register in operand not in bank 0.  Ensure that bank bits are correct.
013E   0188           00193     CLRF    TRISD
Message[302]: Register in operand not in bank 0.  Ensure that bank bits are correct.
013F   0189           00194     CLRF    TRISE
Message[302]: Register in operand not in bank 0.  Ensure that bank bits are correct.
0140   170C           00195     BSF     PIE1, ADIE ;INTERRUPCION DEL ADC   
Warning[207]: Found label after column 1. (CONFIGURACION_TIMER2)
0141                  00196     CONFIGURACION_TIMER2:
0141   30FF           00197     MOVLW   b'11111111'
0142   0092           00198     MOVWF   T2CON
                      00199         
Warning[207]: Found label after column 1. (CONFIGURACION_INTERRUPCION)
0143                  00200     CONFIGURACION_INTERRUPCION:
0143   1683 1303      00201     BANKSEL TRISA
Message[302]: Register in operand not in bank 0.  Ensure that bank bits are correct.
0145   140C           00202     BSF     PIE1, TMR1IE; HABILITA INTERRUPCION DEL TIMER1
Message[302]: Register in operand not in bank 0.  Ensure that bank bits are correct.
0146   148C           00203     BSF     PIE1, TMR2IE; HABILITA COMPARACION ENTRE PR2 Y TIMER2
0147   168B           00204     BSF     INTCON, T0IE
0148   170B           00205     BSF     INTCON, PEIE
                      00206     
0149   30C4           00207     MOVLW   .196        ; TECHO PARA TIMER2 - PARA FUNCIONAR CON 50ms
Message[302]: Register in operand not in bank 0.  Ensure that bank bits are correct.
014A   0092           00208     MOVWF   PR2
                      00209     
Warning[207]: Found label after column 1. (CONFIGURACION_ADC)
014B                  00210     CONFIGURACION_ADC:
014B   1683 1303      00211     BANKSEL ADCON1 ;
Message[302]: Register in operand not in bank 0.  Ensure that bank bits are correct.
014D   019F           00212     CLRF    ADCON1
014E   1683 1303      00213     BANKSEL TRISA ;
Message[302]: Register in operand not in bank 0.  Ensure that bank bits are correct.
0150   1405           00214     BSF     TRISA,0 ;Set RA0 to input
0151   1683 1703      00215     BANKSEL ANSEL ;
Message[302]: Register in operand not in bank 0.  Ensure that bank bits are correct.
0153   1408           00216     BSF     ANSEL,0 ;Set RA0 to analog
0154   1283 1303      00217     BANKSEL ADCON0 ;
0156   3083           00218     MOVLW   B'10000011' ;ADC Frc clock,
0157   009F           00219     MOVWF   ADCON0 ;AN0, On
MPASM 5.77                 LABORATORIO_6.ASM   9-29-2020  16:30:14         PAGE  6


LOC  OBJECT CODE     LINE SOURCE TEXT
  VALUE

0158   141F           00220     BSF     ADCON0, ADON
0159   149F           00221     BSF     ADCON0, GO
015A   1283 1303      00222     BANKSEL PORTA
015C   178B           00223     BSF     INTCON, GIE ; HABILITA LAS INTERRUPCIONES
015D   110B           00224     BCF     INTCON, T0IF; PARA ASEGURARSE DE QUE NO TENGA OVERFLOW AL INICI
                      00225 
015E   1283 1303      00226     BANKSEL PORTA  ; REGRESO AL BANCO 0
0160   0187           00227     CLRF    PORTC
0161   0185           00228     CLRF    PORTA
0162   0186           00229     CLRF    PORTB 
0163   0188           00230     CLRF    PORTD
0164   0189           00231     CLRF    PORTE
0165   019E           00232     CLRF    ADRESH
0166   170C           00233     BSF     PIR1, ADIF
                      00234     
0167   01??           00235     CLRF    SEGUNDOS 
0168   01??           00236     CLRF    DECENAS 
0169   01??           00237     CLRF    UNIDADES 
016A   01??           00238     CLRF    CONT3
016B   01??           00239     CLRF    CONT4
016C   01??           00240     CLRF    CONT6
016D   01??           00241     CLRF    CONT7
016E   01??           00242     CLRF    NIBBLE_H
016F   01??           00243     CLRF    NIBBLE_L
0170   01??           00244     CLRF    DISPLAY
0171   0008           00245     RETURN 
                      00246 ;*******************************************************************************
                      00247 
20D4 3FFF             00248   END
MPASM 5.77                 LABORATORIO_6.ASM   9-29-2020  16:30:14         PAGE  7


SYMBOL TABLE
  LABEL                             VALUE 

ABDEN                             00000000
ABDOVF                            00000007
ACKDT                             00000005
ACKEN                             00000004
ACKSTAT                           00000006
ADCON0                            0000001F
ADCON1                            0000009F
ADCS0                             00000006
ADCS1                             00000007
ADDEN                             00000003
ADFM                              00000007
ADIE                              00000006
ADIF                              00000006
ADON                              00000000
ADRESH                            0000001E
ADRESL                            0000009E
ANS0                              00000000
ANS1                              00000001
ANS10                             00000002
ANS11                             00000003
ANS12                             00000004
ANS13                             00000005
ANS2                              00000002
ANS3                              00000003
ANS4                              00000004
ANS5                              00000005
ANS6                              00000006
ANS7                              00000007
ANS8                              00000000
ANS9                              00000001
ANSEL                             00000188
ANSELH                            00000189
BAUDCTL                           00000187
BCLIE                             00000003
BCLIF                             00000003
BF                                00000000
BRG0                              00000000
BRG1                              00000001
BRG10                             00000002
BRG11                             00000003
BRG12                             00000004
BRG13                             00000005
BRG14                             00000006
BRG15                             00000007
BRG16                             00000003
BRG2                              00000002
BRG3                              00000003
BRG4                              00000004
BRG5                              00000005
BRG6                              00000006
BRG7                              00000007
BRG8                              00000000
BRG9                              00000001
MPASM 5.77                 LABORATORIO_6.ASM   9-29-2020  16:30:14         PAGE  8


SYMBOL TABLE
  LABEL                             VALUE 

BRGH                              00000002
C                                 00000000
C1CH0                             00000000
C1CH1                             00000001
C1IE                              00000005
C1IF                              00000005
C1OE                              00000005
C1ON                              00000007
C1OUT                             00000006
C1POL                             00000004
C1R                               00000002
C1RSEL                            00000005
C1SEN                             00000005
C2CH0                             00000000
C2CH1                             00000001
C2IE                              00000006
C2IF                              00000006
C2OE                              00000005
C2ON                              00000007
C2OUT                             00000006
C2POL                             00000004
C2R                               00000002
C2REN                             00000004
C2RSEL                            00000004
C2SYNC                            00000000
CCP1CON                           00000017
CCP1IE                            00000002
CCP1IF                            00000002
CCP1M0                            00000000
CCP1M1                            00000001
CCP1M2                            00000002
CCP1M3                            00000003
CCP1X                             00000005
CCP1Y                             00000004
CCP2CON                           0000001D
CCP2IE                            00000000
CCP2IF                            00000000
CCP2M0                            00000000
CCP2M1                            00000001
CCP2M2                            00000002
CCP2M3                            00000003
CCP2X                             00000005
CCP2Y                             00000004
CCPR1                             00000015
CCPR1H                            00000016
CCPR1L                            00000015
CCPR2                             0000001B
CCPR2H                            0000001C
CCPR2L                            0000001B
CHS0                              00000002
CHS1                              00000003
CHS2                              00000004
CHS3                              00000005
MPASM 5.77                 LABORATORIO_6.ASM   9-29-2020  16:30:14         PAGE  9


SYMBOL TABLE
  LABEL                             VALUE 

CKE                               00000006
CKP                               00000004
CM1CON0                           00000107
CM2CON0                           00000108
CM2CON1                           00000109
CONFIGURACION_ADC                 0000014B
CONFIGURACION_INTERRUPCION        00000143
CONFIGURACION_TIMER2              00000141
CONT2                             00000001
CONT3                             00000002
CONT4                             00000003
CONT6                             00000005
CONT7                             00000006
CREN                              00000004
CSRC                              00000007
D                                 00000005
DATA_ADDRESS                      00000005
DC                                00000001
DC1B0                             00000004
DC1B1                             00000005
DC2B0                             00000004
DC2B1                             00000005
DECENAS                           00000004
DISPLAY                           0000000E
DISPLAY_0                         0000010B
DISPLAY_1                         00000111
DISPLAY_VAR                       00000107
D_A                               00000005
D_NOT_A                           00000005
ECCPAS                            0000009C
ECCPAS0                           00000004
ECCPAS1                           00000005
ECCPAS2                           00000006
ECCPASE                           00000007
EEADR                             0000010D
EEADRH                            0000010F
EECON1                            0000018C
EECON2                            0000018D
EEDAT                             0000010C
EEDATA                            0000010C
EEDATH                            0000010E
EEIE                              00000004
EEIF                              00000004
EEPGD                             00000007
F                                 00000001
FERR                              00000002
FSR                               00000004
FVREN                             00000000
GCEN                              00000007
GIE                               00000007
GO                                00000001
GO_DONE                           00000001
GO_NOT_DONE                       00000001
MPASM 5.77                 LABORATORIO_6.ASM   9-29-2020  16:30:14         PAGE 10


SYMBOL TABLE
  LABEL                             VALUE 

HTS                               00000002
I2C_DATA                          00000005
I2C_READ                          00000002
I2C_START                         00000003
I2C_STOP                          00000004
INDF                              00000000
INDICADOR                         00000009
INDICADOR2                        0000000A
INTCON                            0000000B
INTE                              00000004
INTEDG                            00000006
INTERRUPCION_ADC                  00000018
INTERRUPCION_TMRO                 00000012
INTF                              00000001
IOCB                              00000096
IOCB0                             00000000
IOCB1                             00000001
IOCB2                             00000002
IOCB3                             00000003
IOCB4                             00000004
IOCB5                             00000005
IOCB6                             00000006
IOCB7                             00000007
IRCF0                             00000004
IRCF1                             00000005
IRCF2                             00000006
IRP                               00000007
ISR                               00000008
LOOP                              00000101
LTS                               00000001
MC1OUT                            00000007
MC2OUT                            00000006
MSK                               00000093
MSK0                              00000000
MSK1                              00000001
MSK2                              00000002
MSK3                              00000003
MSK4                              00000004
MSK5                              00000005
MSK6                              00000006
MSK7                              00000007
NIBBLE_H                          0000000B
NIBBLE_L                          0000000C
NOT_A                             00000005
NOT_ADDRESS                       00000005
NOT_BO                            00000000
NOT_BOR                           00000000
NOT_DONE                          00000001
NOT_PD                            00000003
NOT_POR                           00000001
NOT_RBPU                          00000007
NOT_RC8                           00000006
NOT_T1SYNC                        00000002
MPASM 5.77                 LABORATORIO_6.ASM   9-29-2020  16:30:14         PAGE 11


SYMBOL TABLE
  LABEL                             VALUE 

NOT_TO                            00000004
NOT_TX8                           00000006
NOT_W                             00000002
NOT_WRITE                         00000002
OERR                              00000001
OPTION_REG                        00000081
OSCCON                            0000008F
OSCTUNE                           00000090
OSFIE                             00000007
OSFIF                             00000007
OSTS                              00000003
P                                 00000004
P1M0                              00000006
P1M1                              00000007
PCL                               00000002
PCLATH                            0000000A
PCON                              0000008E
PDC0                              00000000
PDC1                              00000001
PDC2                              00000002
PDC3                              00000003
PDC4                              00000004
PDC5                              00000005
PDC6                              00000006
PEIE                              00000006
PEN                               00000002
PIE1                              0000008C
PIE2                              0000008D
PIR1                              0000000C
PIR2                              0000000D
POP                               0000000C
PORTA                             00000005
PORTB                             00000006
PORTC                             00000007
PORTD                             00000008
PORTE                             00000009
PR2                               00000092
PRSEN                             00000007
PS0                               00000000
PS1                               00000001
PS2                               00000002
PSA                               00000003
PSSAC0                            00000002
PSSAC1                            00000003
PSSBD0                            00000000
PSSBD1                            00000001
PSTRCON                           0000009D
PULSR                             00000002
PULSS                             00000003
PUSH                              00000004
PWM1CON                           0000009B
R                                 00000002
RA0                               00000000
MPASM 5.77                 LABORATORIO_6.ASM   9-29-2020  16:30:14         PAGE 12


SYMBOL TABLE
  LABEL                             VALUE 

RA1                               00000001
RA2                               00000002
RA3                               00000003
RA4                               00000004
RA5                               00000005
RA6                               00000006
RA7                               00000007
RB0                               00000000
RB1                               00000001
RB2                               00000002
RB3                               00000003
RB4                               00000004
RB5                               00000005
RB6                               00000006
RB7                               00000007
RBIE                              00000003
RBIF                              00000000
RC0                               00000000
RC1                               00000001
RC2                               00000002
RC3                               00000003
RC4                               00000004
RC5                               00000005
RC6                               00000006
RC7                               00000007
RC8_9                             00000006
RC9                               00000006
RCD8                              00000000
RCEN                              00000003
RCIDL                             00000006
RCIE                              00000005
RCIF                              00000005
RCREG                             0000001A
RCSTA                             00000018
RD                                00000000
RD0                               00000000
RD1                               00000001
RD2                               00000002
RD3                               00000003
RD4                               00000004
RD5                               00000005
RD6                               00000006
RD7                               00000007
RE0                               00000000
RE1                               00000001
RE2                               00000002
RE3                               00000003
READ_WRITE                        00000002
RP0                               00000005
RP1                               00000006
RSEN                              00000001
RX9                               00000006
RX9D                              00000000
MPASM 5.77                 LABORATORIO_6.ASM   9-29-2020  16:30:14         PAGE 13


SYMBOL TABLE
  LABEL                             VALUE 

R_NOT_W                           00000002
R_W                               00000002
S                                 00000003
SBOREN                            00000004
SCKP                              00000004
SCS                               00000000
SEGUNDOS                          0000000D
SEN                               00000000
SENDB                             00000003
SEP_NIBBLES                       00000102
SETUP                             00000121
SMP                               00000007
SPBRG                             00000099
SPBRGH                            0000009A
SPEN                              00000007
SR0                               00000006
SR1                               00000007
SRCON                             00000185
SREN                              00000005
SSPADD                            00000093
SSPBUF                            00000013
SSPCON                            00000014
SSPCON2                           00000091
SSPEN                             00000005
SSPIE                             00000003
SSPIF                             00000003
SSPM0                             00000000
SSPM1                             00000001
SSPM2                             00000002
SSPM3                             00000003
SSPMSK                            00000093
SSPOV                             00000006
SSPSTAT                           00000094
START                             00000100
STATUS                            00000003
STATUS_TEMP                       00000008
STRA                              00000000
STRB                              00000001
STRC                              00000002
STRD                              00000003
STRSYNC                           00000004
SWDTEN                            00000000
SYNC                              00000004
T0CS                              00000005
T0IE                              00000005
T0IF                              00000002
T0SE                              00000004
T1CKPS0                           00000004
T1CKPS1                           00000005
T1CON                             00000010
T1GINV                            00000007
T1GIV                             00000007
T1GSS                             00000001
MPASM 5.77                 LABORATORIO_6.ASM   9-29-2020  16:30:14         PAGE 14


SYMBOL TABLE
  LABEL                             VALUE 

T1INSYNC                          00000002
T1OSCEN                           00000003
T1SYNC                            00000002
T2CKPS0                           00000000
T2CKPS1                           00000001
T2CON                             00000012
TABLA                             0000001D
TEMPORIZADOR_TIMER0               00000117
TIEMPO1                           00000119
TIEMPO2                           0000011C
TMR0                              00000001
TMR0IE                            00000005
TMR0IF                            00000002
TMR1                              0000000E
TMR1CS                            00000001
TMR1GE                            00000006
TMR1H                             0000000F
TMR1IE                            00000000
TMR1IF                            00000000
TMR1L                             0000000E
TMR1ON                            00000000
TMR2                              00000011
TMR2IE                            00000001
TMR2IF                            00000001
TMR2ON                            00000002
TOUTPS0                           00000003
TOUTPS1                           00000004
TOUTPS2                           00000005
TOUTPS3                           00000006
TRISA                             00000085
TRISA0                            00000000
TRISA1                            00000001
TRISA2                            00000002
TRISA3                            00000003
TRISA4                            00000004
TRISA5                            00000005
TRISA6                            00000006
TRISA7                            00000007
TRISB                             00000086
TRISB0                            00000000
TRISB1                            00000001
TRISB2                            00000002
TRISB3                            00000003
TRISB4                            00000004
TRISB5                            00000005
TRISB6                            00000006
TRISB7                            00000007
TRISC                             00000087
TRISC0                            00000000
TRISC1                            00000001
TRISC2                            00000002
TRISC3                            00000003
TRISC4                            00000004
MPASM 5.77                 LABORATORIO_6.ASM   9-29-2020  16:30:14         PAGE 15


SYMBOL TABLE
  LABEL                             VALUE 

TRISC5                            00000005
TRISC6                            00000006
TRISC7                            00000007
TRISD                             00000088
TRISD0                            00000000
TRISD1                            00000001
TRISD2                            00000002
TRISD3                            00000003
TRISD4                            00000004
TRISD5                            00000005
TRISD6                            00000006
TRISD7                            00000007
TRISE                             00000089
TRISE0                            00000000
TRISE1                            00000001
TRISE2                            00000002
TRISE3                            00000003
TRMT                              00000001
TUN0                              00000000
TUN1                              00000001
TUN2                              00000002
TUN3                              00000003
TUN4                              00000004
TX8_9                             00000006
TX9                               00000006
TX9D                              00000000
TXD8                              00000000
TXEN                              00000005
TXIE                              00000004
TXIF                              00000004
TXREG                             00000019
TXSTA                             00000098
UA                                00000001
ULPWUE                            00000005
ULPWUIE                           00000002
ULPWUIF                           00000002
UNIDADES                          00000000
VCFG0                             00000004
VCFG1                             00000005
VR0                               00000000
VR1                               00000001
VR2                               00000002
VR3                               00000003
VRCON                             00000097
VREN                              00000007
VROE                              00000006
VRR                               00000005
VRSS                              00000004
W                                 00000000
WCOL                              00000007
WDTCON                            00000105
WDTPS0                            00000001
WDTPS1                            00000002
MPASM 5.77                 LABORATORIO_6.ASM   9-29-2020  16:30:14         PAGE 16


SYMBOL TABLE
  LABEL                             VALUE 

WDTPS2                            00000003
WDTPS3                            00000004
WPUB                              00000095
WPUB0                             00000000
WPUB1                             00000001
WPUB2                             00000002
WPUB3                             00000003
WPUB4                             00000004
WPUB5                             00000005
WPUB6                             00000006
WPUB7                             00000007
WR                                00000001
WREN                              00000002
WRERR                             00000003
WUE                               00000001
W_TEMP                            00000007
Z                                 00000002
_BOR21V                           00003EFF
_BOR40V                           00003FFF
_BOR4V_BOR21V                     00003EFF
_BOR4V_BOR40V                     00003FFF
_BOREN_NSLEEP                     00003EFF
_BOREN_OFF                        00003CFF
_BOREN_ON                         00003FFF
_BOREN_SBODEN                     00003DFF
_BOR_NSLEEP                       00003EFF
_BOR_OFF                          00003CFF
_BOR_ON                           00003FFF
_BOR_SBODEN                       00003DFF
_CONFIG1                          00002007
_CONFIG2                          00002008
_CPD_OFF                          00003FFF
_CPD_ON                           00003F7F
_CP_OFF                           00003FFF
_CP_ON                            00003FBF
_DEBUG_OFF                        00003FFF
_DEBUG_ON                         00001FFF
_DEVID1                           00002006
_EC_OSC                           00003FFB
_EXTRC                            00003FFF
_EXTRCIO                          00003FFE
_EXTRC_OSC_CLKOUT                 00003FFF
_EXTRC_OSC_NOCLKOUT               00003FFE
_FCMEN_OFF                        000037FF
_FCMEN_ON                         00003FFF
_FOSC_EC                          00003FFB
_FOSC_EXTRC_CLKOUT                00003FFF
_FOSC_EXTRC_NOCLKOUT              00003FFE
_FOSC_HS                          00003FFA
_FOSC_INTRC_CLKOUT                00003FFD
_FOSC_INTRC_NOCLKOUT              00003FFC
_FOSC_LP                          00003FF8
_FOSC_XT                          00003FF9
MPASM 5.77                 LABORATORIO_6.ASM   9-29-2020  16:30:14         PAGE 17


SYMBOL TABLE
  LABEL                             VALUE 

_HS_OSC                           00003FFA
_IDLOC0                           00002000
_IDLOC1                           00002001
_IDLOC2                           00002002
_IDLOC3                           00002003
_IESO_OFF                         00003BFF
_IESO_ON                          00003FFF
_INTOSC                           00003FFD
_INTOSCIO                         00003FFC
_INTRC_OSC_CLKOUT                 00003FFD
_INTRC_OSC_NOCLKOUT               00003FFC
_LP_OSC                           00003FF8
_LVP_OFF                          00002FFF
_LVP_ON                           00003FFF
_MCLRE_OFF                        00003FDF
_MCLRE_ON                         00003FFF
_PWRTE_OFF                        00003FFF
_PWRTE_ON                         00003FEF
_WDTE_OFF                         00003FF7
_WDTE_ON                          00003FFF
_WDT_OFF                          00003FF7
_WDT_ON                           00003FFF
_WRT_1FOURTH                      00003BFF
_WRT_256                          00003DFF
_WRT_HALF                         000039FF
_WRT_OFF                          00003FFF
_XT_OSC                           00003FF9
__16F887                          00000001

Errors   :     0
Warnings :    19 reported,     0 suppressed
Messages :    14 reported,     0 suppressed

