Warning[207] C:\USERS\CARLOS GIL\MPLABXPROJECTS\LABORATORIO_8.X\LABORATORIO_8.ASM 21 : Found label after column 1. (CONT1)
Warning[207] C:\USERS\CARLOS GIL\MPLABXPROJECTS\LABORATORIO_8.X\LABORATORIO_8.ASM 22 : Found label after column 1. (UNIDADES)
Warning[207] C:\USERS\CARLOS GIL\MPLABXPROJECTS\LABORATORIO_8.X\LABORATORIO_8.ASM 23 : Found label after column 1. (CONT2)
Warning[207] C:\USERS\CARLOS GIL\MPLABXPROJECTS\LABORATORIO_8.X\LABORATORIO_8.ASM 24 : Found label after column 1. (CONT3)
Warning[207] C:\USERS\CARLOS GIL\MPLABXPROJECTS\LABORATORIO_8.X\LABORATORIO_8.ASM 25 : Found label after column 1. (CONT4)
Warning[207] C:\USERS\CARLOS GIL\MPLABXPROJECTS\LABORATORIO_8.X\LABORATORIO_8.ASM 26 : Found label after column 1. (CONT6)
Warning[207] C:\USERS\CARLOS GIL\MPLABXPROJECTS\LABORATORIO_8.X\LABORATORIO_8.ASM 27 : Found label after column 1. (CONT7)
Warning[207] C:\USERS\CARLOS GIL\MPLABXPROJECTS\LABORATORIO_8.X\LABORATORIO_8.ASM 28 : Found label after column 1. (CONT8)
Warning[207] C:\USERS\CARLOS GIL\MPLABXPROJECTS\LABORATORIO_8.X\LABORATORIO_8.ASM 29 : Found label after column 1. (CONT9)
Warning[207] C:\USERS\CARLOS GIL\MPLABXPROJECTS\LABORATORIO_8.X\LABORATORIO_8.ASM 30 : Found label after column 1. (CONT10)
Warning[207] C:\USERS\CARLOS GIL\MPLABXPROJECTS\LABORATORIO_8.X\LABORATORIO_8.ASM 31 : Found label after column 1. (CONT11)
Warning[207] C:\USERS\CARLOS GIL\MPLABXPROJECTS\LABORATORIO_8.X\LABORATORIO_8.ASM 32 : Found label after column 1. (CONT12)
Warning[207] C:\USERS\CARLOS GIL\MPLABXPROJECTS\LABORATORIO_8.X\LABORATORIO_8.ASM 33 : Found label after column 1. (CONT13)
Warning[207] C:\USERS\CARLOS GIL\MPLABXPROJECTS\LABORATORIO_8.X\LABORATORIO_8.ASM 34 : Found label after column 1. (W_TEMP)
Warning[207] C:\USERS\CARLOS GIL\MPLABXPROJECTS\LABORATORIO_8.X\LABORATORIO_8.ASM 35 : Found label after column 1. (STATUS_TEMP)
Warning[207] C:\USERS\CARLOS GIL\MPLABXPROJECTS\LABORATORIO_8.X\LABORATORIO_8.ASM 36 : Found label after column 1. (INDICADOR)
Warning[207] C:\USERS\CARLOS GIL\MPLABXPROJECTS\LABORATORIO_8.X\LABORATORIO_8.ASM 37 : Found label after column 1. (INDICADOR2)
Warning[207] C:\USERS\CARLOS GIL\MPLABXPROJECTS\LABORATORIO_8.X\LABORATORIO_8.ASM 38 : Found label after column 1. (DISPLAY0)
Warning[207] C:\USERS\CARLOS GIL\MPLABXPROJECTS\LABORATORIO_8.X\LABORATORIO_8.ASM 39 : Found label after column 1. (DISPLAY1)
Warning[207] C:\USERS\CARLOS GIL\MPLABXPROJECTS\LABORATORIO_8.X\LABORATORIO_8.ASM 40 : Found label after column 1. (DISPLAY2)
Warning[207] C:\USERS\CARLOS GIL\MPLABXPROJECTS\LABORATORIO_8.X\LABORATORIO_8.ASM 41 : Found label after column 1. (DISPLAY3)
Warning[207] C:\USERS\CARLOS GIL\MPLABXPROJECTS\LABORATORIO_8.X\LABORATORIO_8.ASM 42 : Found label after column 1. (X)
Warning[207] C:\USERS\CARLOS GIL\MPLABXPROJECTS\LABORATORIO_8.X\LABORATORIO_8.ASM 43 : Found label after column 1. (Y)
Warning[203] C:\USERS\CARLOS GIL\MPLABXPROJECTS\LABORATORIO_8.X\LABORATORIO_8.ASM 122 : Found opcode in column 1. (CALL)
Warning[207] C:\USERS\CARLOS GIL\MPLABXPROJECTS\LABORATORIO_8.X\LABORATORIO_8.ASM 126 : Found label after column 1. (LOOP)
Warning[207] C:\USERS\CARLOS GIL\MPLABXPROJECTS\LABORATORIO_8.X\LABORATORIO_8.ASM 150 : Found label after column 1. (MAPEO_CCP1)
Warning[207] C:\USERS\CARLOS GIL\MPLABXPROJECTS\LABORATORIO_8.X\LABORATORIO_8.ASM 157 : Found label after column 1. (MAPEO_CCP2)
Warning[207] C:\USERS\CARLOS GIL\MPLABXPROJECTS\LABORATORIO_8.X\LABORATORIO_8.ASM 164 : Found label after column 1. (SEP_NIBBLES)
Warning[207] C:\USERS\CARLOS GIL\MPLABXPROJECTS\LABORATORIO_8.X\LABORATORIO_8.ASM 188 : Found label after column 1. (CONFIGURACION_TIMER2)
Message[302] C:\USERS\CARLOS GIL\MPLABXPROJECTS\LABORATORIO_8.X\LABORATORIO_8.ASM 194 : Register in operand not in bank 0.  Ensure that bank bits are correct.
Message[302] C:\USERS\CARLOS GIL\MPLABXPROJECTS\LABORATORIO_8.X\LABORATORIO_8.ASM 195 : Register in operand not in bank 0.  Ensure that bank bits are correct.
Message[302] C:\USERS\CARLOS GIL\MPLABXPROJECTS\LABORATORIO_8.X\LABORATORIO_8.ASM 197 : Register in operand not in bank 0.  Ensure that bank bits are correct.
Message[302] C:\USERS\CARLOS GIL\MPLABXPROJECTS\LABORATORIO_8.X\LABORATORIO_8.ASM 198 : Register in operand not in bank 0.  Ensure that bank bits are correct.
Message[302] C:\USERS\CARLOS GIL\MPLABXPROJECTS\LABORATORIO_8.X\LABORATORIO_8.ASM 199 : Register in operand not in bank 0.  Ensure that bank bits are correct.
Message[302] C:\USERS\CARLOS GIL\MPLABXPROJECTS\LABORATORIO_8.X\LABORATORIO_8.ASM 200 : Register in operand not in bank 0.  Ensure that bank bits are correct.
Message[302] C:\USERS\CARLOS GIL\MPLABXPROJECTS\LABORATORIO_8.X\LABORATORIO_8.ASM 201 : Register in operand not in bank 0.  Ensure that bank bits are correct.
Warning[207] C:\USERS\CARLOS GIL\MPLABXPROJECTS\LABORATORIO_8.X\LABORATORIO_8.ASM 203 : Found label after column 1. (CONFIGURACION_TIMER0)
Message[302] C:\USERS\CARLOS GIL\MPLABXPROJECTS\LABORATORIO_8.X\LABORATORIO_8.ASM 206 : Register in operand not in bank 0.  Ensure that bank bits are correct.
Warning[207] C:\USERS\CARLOS GIL\MPLABXPROJECTS\LABORATORIO_8.X\LABORATORIO_8.ASM 208 : Found label after column 1. (CONFIGURACION_INTERRUPCION)
Message[302] C:\USERS\CARLOS GIL\MPLABXPROJECTS\LABORATORIO_8.X\LABORATORIO_8.ASM 212 : Register in operand not in bank 0.  Ensure that bank bits are correct.
Warning[207] C:\USERS\CARLOS GIL\MPLABXPROJECTS\LABORATORIO_8.X\LABORATORIO_8.ASM 215 : Found label after column 1. (CONFIGURACION_ADC)
Message[302] C:\USERS\CARLOS GIL\MPLABXPROJECTS\LABORATORIO_8.X\LABORATORIO_8.ASM 217 : Register in operand not in bank 0.  Ensure that bank bits are correct.
Message[302] C:\USERS\CARLOS GIL\MPLABXPROJECTS\LABORATORIO_8.X\LABORATORIO_8.ASM 219 : Register in operand not in bank 0.  Ensure that bank bits are correct.
Message[302] C:\USERS\CARLOS GIL\MPLABXPROJECTS\LABORATORIO_8.X\LABORATORIO_8.ASM 220 : Register in operand not in bank 0.  Ensure that bank bits are correct.
Message[302] C:\USERS\CARLOS GIL\MPLABXPROJECTS\LABORATORIO_8.X\LABORATORIO_8.ASM 230 : Register in operand not in bank 0.  Ensure that bank bits are correct.
Message[302] C:\USERS\CARLOS GIL\MPLABXPROJECTS\LABORATORIO_8.X\LABORATORIO_8.ASM 231 : Register in operand not in bank 0.  Ensure that bank bits are correct.
Warning[207] C:\USERS\CARLOS GIL\MPLABXPROJECTS\LABORATORIO_8.X\LABORATORIO_8.ASM 233 : Found label after column 1. (CONFIGURACION_CCP1)
Message[302] C:\USERS\CARLOS GIL\MPLABXPROJECTS\LABORATORIO_8.X\LABORATORIO_8.ASM 236 : Register in operand not in bank 0.  Ensure that bank bits are correct.
Warning[207] C:\USERS\CARLOS GIL\MPLABXPROJECTS\LABORATORIO_8.X\LABORATORIO_8.ASM 246 : Found label after column 1. (CONFIGURACION_CCP2)
