MPASM 5.77                 LABORATORIO_8.ASM   11-17-2020  13:08:59         PAGE  1


LOC  OBJECT CODE     LINE SOURCE TEXT
  VALUE

                      00001 ;*******************************************************************************                        
                                                                           *
                      00002 ;    Filename:              Laboratorio8.asm                              *
                      00003 ;    Date:                  08/09/2020                                         *
                      00004 ;    File Version:          v.1                                                *
                      00005 ;    Author:                Carlos Gil                      *
                      00006 ;    Company:               UVG                                                *
                      00007 ;    Description:           joystick y servomotores                                                     
                                                                                  *
                      00008 ;*******************************************************************************
                      00009 #include "p16f887.inc"
                      00001         LIST
                      00002 
                      00003 ;==========================================================================
                      00004 ; Build date : Nov 22 2017
                      00005 ;  MPASM PIC16F887 processor include
                      00006 ; 
                      00007 ;  (c) Copyright 1999-2017 Microchip Technology, All rights reserved
                      00008 ;==========================================================================
                      00009 
                      00810         LIST
                      00010 
                      00011 ; CONFIG1
                      00012 ; __config 0x20D4
2007   20D4           00013  __CONFIG _CONFIG1, _FOSC_INTRC_NOCLKOUT & _WDTE_OFF & _PWRTE_OFF & _MCLRE_OFF & _CP_OFF & _CPD_OFF & _B
                            OREN_OFF & _IESO_OFF & _FCMEN_OFF & _LVP_OFF
                      00014 ; CONFIG2
                      00015 ; __config 0x3FFF
2008   3FFF           00016  __CONFIG _CONFIG2, _BOR4V_BOR40V & _WRT_OFF
                      00017  ;****************************************************************************** 
                      00018  ; variables
                      00019  ;******************************************************************************
                      00020 GPR_VAR         UDATA
Warning[207]: Found label after column 1. (CONT1)
0000                  00021     CONT1       RES     1
Warning[207]: Found label after column 1. (UNIDADES)
0001                  00022     UNIDADES    RES     1
Warning[207]: Found label after column 1. (CONT2)
0002                  00023     CONT2       RES     1
Warning[207]: Found label after column 1. (CONT3)
0003                  00024     CONT3       RES     1
Warning[207]: Found label after column 1. (CONT4)
0004                  00025     CONT4       RES     1
Warning[207]: Found label after column 1. (CONT6)
0005                  00026     CONT6       RES     1
Warning[207]: Found label after column 1. (CONT7)
0006                  00027     CONT7       RES     1
Warning[207]: Found label after column 1. (CONT8)
0007                  00028     CONT8       RES     1
Warning[207]: Found label after column 1. (CONT9)
0008                  00029     CONT9       RES     1
Warning[207]: Found label after column 1. (CONT10)
0009                  00030     CONT10      RES     1
MPASM 5.77                 LABORATORIO_8.ASM   11-17-2020  13:08:59         PAGE  2


LOC  OBJECT CODE     LINE SOURCE TEXT
  VALUE

Warning[207]: Found label after column 1. (CONT11)
000A                  00031     CONT11      RES     1
Warning[207]: Found label after column 1. (CONT12)
000B                  00032     CONT12      RES     1
Warning[207]: Found label after column 1. (CONT13)
000C                  00033     CONT13      RES     1
Warning[207]: Found label after column 1. (W_TEMP)
000D                  00034     W_TEMP      RES     1
Warning[207]: Found label after column 1. (STATUS_TEMP)
000E                  00035     STATUS_TEMP RES     1
Warning[207]: Found label after column 1. (INDICADOR)
000F                  00036     INDICADOR   RES     1
Warning[207]: Found label after column 1. (INDICADOR2)
0010                  00037     INDICADOR2  RES     1
Warning[207]: Found label after column 1. (DISPLAY0)
0011                  00038     DISPLAY0    RES     1
Warning[207]: Found label after column 1. (DISPLAY1)
0012                  00039     DISPLAY1    RES     1
Warning[207]: Found label after column 1. (DISPLAY2)
0013                  00040     DISPLAY2    RES     1
Warning[207]: Found label after column 1. (DISPLAY3)
0014                  00041     DISPLAY3    RES     1
Warning[207]: Found label after column 1. (X)
0015                  00042     X           RES     1
Warning[207]: Found label after column 1. (Y)
0016                  00043     Y           RES     1
                      00044 ;*******************************************************************************
                      00045 ; Reset Vector
                      00046 ;*******************************************************************************
                      00047 RES_VECT  CODE    0x0000            ; processor reset vector
0000   2???           00048     GOTO    START   
                      00049 ISR_VECT  CODE    0x0004
0004                  00050 PUSH:
0004   138B           00051     BCF     INTCON, GIE
0005   00??           00052     MOVWF   W_TEMP
0006   0E03           00053     SWAPF   STATUS, W
0007   00??           00054     MOVWF   STATUS_TEMP
0008                  00055 ISR:
0008   1B0C           00056     BTFSC   PIR1, ADIF
0009   2???           00057     CALL    INTERRUPCION_ADC
000A   190B           00058     BTFSC   INTCON, T0IF
000B   2???           00059     CALL    INTERRUPCION_TMRO
                      00060     
000C                  00061 POP:
000C   0E??           00062     SWAPF   STATUS_TEMP, W
000D   0083           00063     MOVWF   STATUS 
000E   0E??           00064     SWAPF   W_TEMP, F
000F   0E??           00065     SWAPF   W_TEMP, W
0010   0009           00066     RETFIE
                      00067 
0011                  00068 INTERRUPCION_TMRO:
0011   30D8           00069     MOVLW   .216    ;valor para una interrupcion cada 2ms
0012   0081           00070     MOVWF   TMR0 
MPASM 5.77                 LABORATORIO_8.ASM   11-17-2020  13:08:59         PAGE  3


LOC  OBJECT CODE     LINE SOURCE TEXT
  VALUE

0013   2???           00071     CALL    SEP_NIBBLES
0014   2???           00072     CALL    DISPLAY_VAR
0015   2???           00073     CALL    MAPEO_CCP1
0016   2???           00074     CALL    MAPEO_CCP2
0017   110B           00075     BCF     INTCON, T0IF
0018   0008           00076     RETURN 
                      00077 ;mux de lectura del ADC, cada vez que entra a una interrupcion cambia de canal, lo lee y guarda el valor
                             leido en una variable diferente  
0019                  00078 INTERRUPCION_ADC:
0019   1800           00079     BTFSC   CONT3, 0
001A   2???           00080     GOTO    INTERRUPCION_Y
001B                  00081 INTERRUPCION_X:
001B   081E           00082     MOVF    ADRESH, W   
001C   00??           00083     MOVWF   X
001D   130C           00084     BCF     PIR1, ADIF
001E   2???           00085     CALL    CONFIGURACION_ADC_Y
001F   149F           00086     BSF     ADCON0, 1
0020   1400           00087     BSF     CONT3, 0
0021   0008           00088     RETURN
0022                  00089 INTERRUPCION_Y:
0022   081E           00090     MOVF    ADRESH, W   
0023   00??           00091     MOVWF   Y
0024   130C           00092     BCF     PIR1, ADIF
0025   2???           00093     CALL    CONFIGURACION_ADC_X
0026   149F           00094     BSF     ADCON0, 1
0027   1000           00095     BCF     CONT3, 0
0028   0008           00096     RETURN      
                      00097 ;*******************************************************************************
                      00098 ; MAIN PROGRAM
                      00099 ;*******************************************************************************
0029                  00100 TABLA:
0029   390F           00101     ANDLW   b'00001111' ; mascara
002A   0782           00102     ADDWF   PCL, F
002B   3488           00103     RETLW   b'10001000' ; 0
002C   34EB           00104     RETLW   b'11101011' ; 1
002D   344C           00105     RETLW   b'01001100' ; 2
002E   3449           00106     RETLW   b'01001001' ; 3
002F   342B           00107     RETLW   b'00101011' ; 4
0030   3419           00108     RETLW   b'00011001' ; 5
0031   3418           00109     RETLW   b'00011000' ; 6
0032   34CB           00110     RETLW   b'11001011' ; 7
0033   3408           00111     RETLW   b'00001000' ; 8
0034   340B           00112     RETLW   b'00001011' ; 9
0035   3402           00113     RETLW   b'00000010' ; A
0036   3430           00114     RETLW   b'00110000' ; b
0037   3494           00115     RETLW   b'10010100' ; C
0038   3460           00116     RETLW   b'01100000' ; d
0039   3414           00117     RETLW   b'00010100' ; E
003A   3416           00118     RETLW   b'00010110' ; F
                      00119 ;*******************************************************************************
                      00120 MAIN_PROG   CODE     0x0100                 ; let linker place main program
0100                  00121 START
Warning[203]: Found opcode in column 1. (CALL)
MPASM 5.77                 LABORATORIO_8.ASM   11-17-2020  13:08:59         PAGE  4


LOC  OBJECT CODE     LINE SOURCE TEXT
  VALUE

0100   2???           00122 CALL SETUP
                      00123 ;*******************************************************************************
                      00124 ; MAIN LOOP
                      00125 ;*******************************************************************************
Warning[207]: Found label after column 1. (LOOP)
0101                  00126  LOOP:      
                      00127         
0101   2???           00128     GOTO    LOOP 
                      00129 ;******************RUTINAS AUXILIARES*******************************************
0102                  00130 DISPLAY_VAR:
0102   1185           00131     BCF     PORTA, RA3
0103   1205           00132     BCF     PORTA, RA4
0104   1800           00133     BTFSC   INDICADOR, 0
0105   2???           00134     GOTO    DISPLAY_1
0106                  00135 DISPLAY_0:
0106   08??           00136     MOVFW   DISPLAY0
0107   2???           00137     CALL    TABLA
0108   0088           00138     MOVWF   PORTD
0109   1585           00139     BSF     PORTA, RA3
010A   1400           00140     BSF     INDICADOR, 0
010B   0008           00141     RETURN
010C                  00142 DISPLAY_1:
010C   08??           00143     MOVFW   DISPLAY1
010D   2???           00144     CALL    TABLA
010E   0088           00145     MOVWF   PORTD
010F   1605           00146     BSF     PORTA, RA4
0110   1000           00147     BCF     INDICADOR, 0
0111   0008           00148     RETURN
                      00149     
Warning[207]: Found label after column 1. (MAPEO_CCP1)
0112                  00150     MAPEO_CCP1:
0112   0C??           00151     RRF     X, 0
0113   397F           00152     ANDLW   B'01111111'
0114   3E20           00153     ADDLW   .32
0115   0095           00154     MOVWF   CCPR1L
0116   0008           00155     RETURN 
                      00156     
Warning[207]: Found label after column 1. (MAPEO_CCP2)
0117                  00157     MAPEO_CCP2:
0117   0C??           00158     RRF     Y, 0
0118   397F           00159     ANDLW   B'01111111'
0119   3E20           00160     ADDLW   .32
011A   009B           00161     MOVWF   CCPR2L
011B   0008           00162     RETURN 
                      00163     
Warning[207]: Found label after column 1. (SEP_NIBBLES)
011C                  00164     SEP_NIBBLES: ;rutina que separa en nibbles el valor que recibe el adc para el ejex
011C   0815           00165     MOVFW   CCPR1L
011D   00??           00166     MOVWF   DISPLAY0
011E   0E15           00167     SWAPF   CCPR1L, W
011F   00??           00168     MOVWF   DISPLAY1
0120   0008           00169     RETURN
                      00170 ;****************************CONFIGURACION**************************************
MPASM 5.77                 LABORATORIO_8.ASM   11-17-2020  13:08:59         PAGE  5


LOC  OBJECT CODE     LINE SOURCE TEXT
  VALUE

                      00171 ;configuraciones para el cambio de canal****************************************
0121                  00172 CONFIGURACION_ADC_X:
0121   121F           00173     BCF     ADCON0, 4
0122   0008           00174     RETURN 
0123                  00175 CONFIGURACION_ADC_Y:
0123   161F           00176     BSF     ADCON0, 4
0124   0008           00177     RETURN
                      00178 ;*******************************************************************************
0125                  00179 SETUP:
0125   1283 1303      00180     BANKSEL PORTA  ; BANCO 0
0127   0185           00181     CLRF    PORTA  ; BORRA EL PUERTO A
0128   0186           00182     CLRF    PORTB  ; BORRA EL PUERTO B
0129   0187           00183     CLRF    PORTC 
012A   0188           00184     CLRF    PORTD  
012B   0189           00185     CLRF    PORTE
012C   1103           00186     BCF     STATUS, Z
                      00187 ;***********************TMR2****************************************************
Warning[207]: Found label after column 1. (CONFIGURACION_TIMER2)
012D                  00188    CONFIGURACION_TIMER2:
012D   1283 1303      00189     BANKSEL PORTA
012F   30FF           00190     MOVLW   b'11111111'
0130   0092           00191     MOVWF   T2CON 
                      00192  ;******************************************************************************
0131   1683 1703      00193     BANKSEL ANSEL   ; BANCO 3 
Message[302]: Register in operand not in bank 0.  Ensure that bank bits are correct.
0133   0189           00194     CLRF    ANSELH  ; BORRA EL CONTROL DE ENTRADAS ANALÓGICAS
Message[302]: Register in operand not in bank 0.  Ensure that bank bits are correct.
0134   0188           00195     CLRF    ANSEL
0135   1683 1303      00196     BANKSEL TRISA   ; BANCO 1
Message[302]: Register in operand not in bank 0.  Ensure that bank bits are correct.
0137   0185           00197     CLRF    TRISA  
Message[302]: Register in operand not in bank 0.  Ensure that bank bits are correct.
0138   0186           00198     CLRF    TRISB
Message[302]: Register in operand not in bank 0.  Ensure that bank bits are correct.
0139   0187           00199     CLRF    TRISC  
Message[302]: Register in operand not in bank 0.  Ensure that bank bits are correct.
013A   0188           00200     CLRF    TRISD
Message[302]: Register in operand not in bank 0.  Ensure that bank bits are correct.
013B   0189           00201     CLRF    TRISE
013C   0064           00202     CLRWDT      
Warning[207]: Found label after column 1. (CONFIGURACION_TIMER0)
013D                  00203     CONFIGURACION_TIMER0:
                      00204      ; CONFIGURACIÓN PARA EL FUNCIONAMIENTO DEL TIMER0
013D   3057           00205     MOVLW   b'01010111' 
Message[302]: Register in operand not in bank 0.  Ensure that bank bits are correct.
013E   0081           00206     MOVWF   OPTION_REG
                      00207        
Warning[207]: Found label after column 1. (CONFIGURACION_INTERRUPCION)
013F                  00208     CONFIGURACION_INTERRUPCION:
013F   1683 1303      00209     BANKSEL TRISA
0141   168B           00210     BSF     INTCON, T0IE
0142   170B           00211     BSF     INTCON, PEIE
Message[302]: Register in operand not in bank 0.  Ensure that bank bits are correct.
MPASM 5.77                 LABORATORIO_8.ASM   11-17-2020  13:08:59         PAGE  6


LOC  OBJECT CODE     LINE SOURCE TEXT
  VALUE

0143   170C           00212     BSF     PIE1, ADIE
                      00213 
                      00214     
Warning[207]: Found label after column 1. (CONFIGURACION_ADC)
0144                  00215     CONFIGURACION_ADC:
0144   1683 1303      00216     BANKSEL ADCON1 ;
Message[302]: Register in operand not in bank 0.  Ensure that bank bits are correct.
0146   019F           00217     CLRF    ADCON1
0147   1683 1303      00218     BANKSEL TRISA ;
Message[302]: Register in operand not in bank 0.  Ensure that bank bits are correct.
0149   1405           00219     BSF     TRISA,0
Message[302]: Register in operand not in bank 0.  Ensure that bank bits are correct.
014A   1685           00220     BSF     TRISA,5
014B   1283 1303      00221     BANKSEL ADCON0
014D   179F           00222     BSF     ADCON0, 7
014E   141F           00223     BSF     ADCON0, ADON
014F   149F           00224     BSF     ADCON0, GO
0150   131F           00225     BCF     ADCON0, 6
0151   129F           00226     BCF     ADCON0, 5
0152   119F           00227     BCF     ADCON0, 3
0153   111F           00228     BCF     ADCON0, 2
0154   1683 1703      00229     BANKSEL ANSEL ;
Message[302]: Register in operand not in bank 0.  Ensure that bank bits are correct.
0156   1408           00230     BSF     ANSEL,0
Message[302]: Register in operand not in bank 0.  Ensure that bank bits are correct.
0157   1688           00231     BSF     ANSEL, 5
                      00232     
Warning[207]: Found label after column 1. (CONFIGURACION_CCP1)
0158                  00233     CONFIGURACION_CCP1:
0158   1683 1303      00234     BANKSEL TRISC
015A   30BB           00235     MOVLW   .187        ; PARA TMR2 FUNCIONAR CON 3ms
Message[302]: Register in operand not in bank 0.  Ensure that bank bits are correct.
015B   0092           00236     MOVWF   PR2
015C   1283 1303      00237     BANKSEL CCP1CON
015E   1397           00238     BCF     CCP1CON, 7
015F   1317           00239     BCF     CCP1CON, 6          
0160   1297           00240     BCF     CCP1CON, 5          
0161   1217           00241     BCF     CCP1CON, 4  
0162   1597           00242     BSF     CCP1CON, 3
0163   1517           00243     BSF     CCP1CON, 2
0164   1097           00244     BCF     CCP1CON, 1
0165   1017           00245     BCF     CCP1CON, 0
Warning[207]: Found label after column 1. (CONFIGURACION_CCP2)
0166                  00246     CONFIGURACION_CCP2:    
0166   1283 1303      00247     BANKSEL CCP2CON
0168   129D           00248     BCF     CCP2CON, 5          
0169   121D           00249     BCF     CCP2CON, 4
016A   159D           00250     BSF     CCP2CON, 3
016B   151D           00251     BSF     CCP2CON, 2
016C   149D           00252     BSF     CCP2CON, 1
016D   141D           00253     BSF     CCP2CON, 0
                      00254 
016E   1283 1303      00255     BANKSEL PORTA
MPASM 5.77                 LABORATORIO_8.ASM   11-17-2020  13:08:59         PAGE  7


LOC  OBJECT CODE     LINE SOURCE TEXT
  VALUE

0170   178B           00256     BSF     INTCON, GIE ; HABILITA LAS INTERRUPCIONES
0171   110B           00257     BCF     INTCON, T0IF; PARA ASEGURARSE DE QUE NO TENGA OVERFLOW AL INICIO
0172   0187           00258     CLRF    PORTC
0173   0185           00259     CLRF    PORTA
0174   0186           00260     CLRF    PORTB 
0175   0188           00261     CLRF    PORTD
0176   0189           00262     CLRF    PORTE
                      00263   ;****************SE DECLARAN LOS VALORES INICIALES DE LAS VARIABLES *********  
0177   01??           00264     CLRF    CONT1
0178   01??           00265     CLRF    CONT2
0179   01??           00266     CLRF    CONT3
017A   01??           00267     CLRF    CONT4
017B   01??           00268     CLRF    CONT6
017C   01??           00269     CLRF    CONT7
017D   01??           00270     CLRF    CONT8
017E   01??           00271     CLRF    CONT9
017F   01??           00272     CLRF    CONT10
0180   01??           00273     CLRF    CONT11
0181   01??           00274     CLRF    CONT12
0182   01??           00275     CLRF    CONT13
0183   01??           00276     CLRF    DISPLAY0
0184   01??           00277     CLRF    DISPLAY1
0185   01??           00278     CLRF    DISPLAY2
0186   01??           00279     CLRF    DISPLAY3
0187   01??           00280     CLRF    X
0188   01??           00281     CLRF    Y   
0189   0008           00282     RETURN 
                      00283 ;*******************************************************************************
20D4 3FFF             00284   END
MPASM 5.77                 LABORATORIO_8.ASM   11-17-2020  13:08:59         PAGE  8


SYMBOL TABLE
  LABEL                             VALUE 

ABDEN                             00000000
ABDOVF                            00000007
ACKDT                             00000005
ACKEN                             00000004
ACKSTAT                           00000006
ADCON0                            0000001F
ADCON1                            0000009F
ADCS0                             00000006
ADCS1                             00000007
ADDEN                             00000003
ADFM                              00000007
ADIE                              00000006
ADIF                              00000006
ADON                              00000000
ADRESH                            0000001E
ADRESL                            0000009E
ANS0                              00000000
ANS1                              00000001
ANS10                             00000002
ANS11                             00000003
ANS12                             00000004
ANS13                             00000005
ANS2                              00000002
ANS3                              00000003
ANS4                              00000004
ANS5                              00000005
ANS6                              00000006
ANS7                              00000007
ANS8                              00000000
ANS9                              00000001
ANSEL                             00000188
ANSELH                            00000189
BAUDCTL                           00000187
BCLIE                             00000003
BCLIF                             00000003
BF                                00000000
BRG0                              00000000
BRG1                              00000001
BRG10                             00000002
BRG11                             00000003
BRG12                             00000004
BRG13                             00000005
BRG14                             00000006
BRG15                             00000007
BRG16                             00000003
BRG2                              00000002
BRG3                              00000003
BRG4                              00000004
BRG5                              00000005
BRG6                              00000006
BRG7                              00000007
BRG8                              00000000
BRG9                              00000001
MPASM 5.77                 LABORATORIO_8.ASM   11-17-2020  13:08:59         PAGE  9


SYMBOL TABLE
  LABEL                             VALUE 

BRGH                              00000002
C                                 00000000
C1CH0                             00000000
C1CH1                             00000001
C1IE                              00000005
C1IF                              00000005
C1OE                              00000005
C1ON                              00000007
C1OUT                             00000006
C1POL                             00000004
C1R                               00000002
C1RSEL                            00000005
C1SEN                             00000005
C2CH0                             00000000
C2CH1                             00000001
C2IE                              00000006
C2IF                              00000006
C2OE                              00000005
C2ON                              00000007
C2OUT                             00000006
C2POL                             00000004
C2R                               00000002
C2REN                             00000004
C2RSEL                            00000004
C2SYNC                            00000000
CCP1CON                           00000017
CCP1IE                            00000002
CCP1IF                            00000002
CCP1M0                            00000000
CCP1M1                            00000001
CCP1M2                            00000002
CCP1M3                            00000003
CCP1X                             00000005
CCP1Y                             00000004
CCP2CON                           0000001D
CCP2IE                            00000000
CCP2IF                            00000000
CCP2M0                            00000000
CCP2M1                            00000001
CCP2M2                            00000002
CCP2M3                            00000003
CCP2X                             00000005
CCP2Y                             00000004
CCPR1                             00000015
CCPR1H                            00000016
CCPR1L                            00000015
CCPR2                             0000001B
CCPR2H                            0000001C
CCPR2L                            0000001B
CHS0                              00000002
CHS1                              00000003
CHS2                              00000004
CHS3                              00000005
MPASM 5.77                 LABORATORIO_8.ASM   11-17-2020  13:08:59         PAGE 10


SYMBOL TABLE
  LABEL                             VALUE 

CKE                               00000006
CKP                               00000004
CM1CON0                           00000107
CM2CON0                           00000108
CM2CON1                           00000109
CONFIGURACION_ADC                 00000144
CONFIGURACION_ADC_X               00000121
CONFIGURACION_ADC_Y               00000123
CONFIGURACION_CCP1                00000158
CONFIGURACION_CCP2                00000166
CONFIGURACION_INTERRUPCION        0000013F
CONFIGURACION_TIMER0              0000013D
CONFIGURACION_TIMER2              0000012D
CONT1                             00000000
CONT10                            00000009
CONT11                            0000000A
CONT12                            0000000B
CONT13                            0000000C
CONT2                             00000002
CONT3                             00000003
CONT4                             00000004
CONT6                             00000005
CONT7                             00000006
CONT8                             00000007
CONT9                             00000008
CREN                              00000004
CSRC                              00000007
D                                 00000005
DATA_ADDRESS                      00000005
DC                                00000001
DC1B0                             00000004
DC1B1                             00000005
DC2B0                             00000004
DC2B1                             00000005
DISPLAY0                          00000011
DISPLAY1                          00000012
DISPLAY2                          00000013
DISPLAY3                          00000014
DISPLAY_0                         00000106
DISPLAY_1                         0000010C
DISPLAY_VAR                       00000102
D_A                               00000005
D_NOT_A                           00000005
ECCPAS                            0000009C
ECCPAS0                           00000004
ECCPAS1                           00000005
ECCPAS2                           00000006
ECCPASE                           00000007
EEADR                             0000010D
EEADRH                            0000010F
EECON1                            0000018C
EECON2                            0000018D
EEDAT                             0000010C
MPASM 5.77                 LABORATORIO_8.ASM   11-17-2020  13:08:59         PAGE 11


SYMBOL TABLE
  LABEL                             VALUE 

EEDATA                            0000010C
EEDATH                            0000010E
EEIE                              00000004
EEIF                              00000004
EEPGD                             00000007
F                                 00000001
FERR                              00000002
FSR                               00000004
FVREN                             00000000
GCEN                              00000007
GIE                               00000007
GO                                00000001
GO_DONE                           00000001
GO_NOT_DONE                       00000001
HTS                               00000002
I2C_DATA                          00000005
I2C_READ                          00000002
I2C_START                         00000003
I2C_STOP                          00000004
INDF                              00000000
INDICADOR                         0000000F
INDICADOR2                        00000010
INTCON                            0000000B
INTE                              00000004
INTEDG                            00000006
INTERRUPCION_ADC                  00000019
INTERRUPCION_TMRO                 00000011
INTERRUPCION_X                    0000001B
INTERRUPCION_Y                    00000022
INTF                              00000001
IOCB                              00000096
IOCB0                             00000000
IOCB1                             00000001
IOCB2                             00000002
IOCB3                             00000003
IOCB4                             00000004
IOCB5                             00000005
IOCB6                             00000006
IOCB7                             00000007
IRCF0                             00000004
IRCF1                             00000005
IRCF2                             00000006
IRP                               00000007
ISR                               00000008
LOOP                              00000101
LTS                               00000001
MAPEO_CCP1                        00000112
MAPEO_CCP2                        00000117
MC1OUT                            00000007
MC2OUT                            00000006
MSK                               00000093
MSK0                              00000000
MSK1                              00000001
MPASM 5.77                 LABORATORIO_8.ASM   11-17-2020  13:08:59         PAGE 12


SYMBOL TABLE
  LABEL                             VALUE 

MSK2                              00000002
MSK3                              00000003
MSK4                              00000004
MSK5                              00000005
MSK6                              00000006
MSK7                              00000007
NOT_A                             00000005
NOT_ADDRESS                       00000005
NOT_BO                            00000000
NOT_BOR                           00000000
NOT_DONE                          00000001
NOT_PD                            00000003
NOT_POR                           00000001
NOT_RBPU                          00000007
NOT_RC8                           00000006
NOT_T1SYNC                        00000002
NOT_TO                            00000004
NOT_TX8                           00000006
NOT_W                             00000002
NOT_WRITE                         00000002
OERR                              00000001
OPTION_REG                        00000081
OSCCON                            0000008F
OSCTUNE                           00000090
OSFIE                             00000007
OSFIF                             00000007
OSTS                              00000003
P                                 00000004
P1M0                              00000006
P1M1                              00000007
PCL                               00000002
PCLATH                            0000000A
PCON                              0000008E
PDC0                              00000000
PDC1                              00000001
PDC2                              00000002
PDC3                              00000003
PDC4                              00000004
PDC5                              00000005
PDC6                              00000006
PEIE                              00000006
PEN                               00000002
PIE1                              0000008C
PIE2                              0000008D
PIR1                              0000000C
PIR2                              0000000D
POP                               0000000C
PORTA                             00000005
PORTB                             00000006
PORTC                             00000007
PORTD                             00000008
PORTE                             00000009
PR2                               00000092
MPASM 5.77                 LABORATORIO_8.ASM   11-17-2020  13:08:59         PAGE 13


SYMBOL TABLE
  LABEL                             VALUE 

PRSEN                             00000007
PS0                               00000000
PS1                               00000001
PS2                               00000002
PSA                               00000003
PSSAC0                            00000002
PSSAC1                            00000003
PSSBD0                            00000000
PSSBD1                            00000001
PSTRCON                           0000009D
PULSR                             00000002
PULSS                             00000003
PUSH                              00000004
PWM1CON                           0000009B
R                                 00000002
RA0                               00000000
RA1                               00000001
RA2                               00000002
RA3                               00000003
RA4                               00000004
RA5                               00000005
RA6                               00000006
RA7                               00000007
RB0                               00000000
RB1                               00000001
RB2                               00000002
RB3                               00000003
RB4                               00000004
RB5                               00000005
RB6                               00000006
RB7                               00000007
RBIE                              00000003
RBIF                              00000000
RC0                               00000000
RC1                               00000001
RC2                               00000002
RC3                               00000003
RC4                               00000004
RC5                               00000005
RC6                               00000006
RC7                               00000007
RC8_9                             00000006
RC9                               00000006
RCD8                              00000000
RCEN                              00000003
RCIDL                             00000006
RCIE                              00000005
RCIF                              00000005
RCREG                             0000001A
RCSTA                             00000018
RD                                00000000
RD0                               00000000
RD1                               00000001
MPASM 5.77                 LABORATORIO_8.ASM   11-17-2020  13:08:59         PAGE 14


SYMBOL TABLE
  LABEL                             VALUE 

RD2                               00000002
RD3                               00000003
RD4                               00000004
RD5                               00000005
RD6                               00000006
RD7                               00000007
RE0                               00000000
RE1                               00000001
RE2                               00000002
RE3                               00000003
READ_WRITE                        00000002
RP0                               00000005
RP1                               00000006
RSEN                              00000001
RX9                               00000006
RX9D                              00000000
R_NOT_W                           00000002
R_W                               00000002
S                                 00000003
SBOREN                            00000004
SCKP                              00000004
SCS                               00000000
SEN                               00000000
SENDB                             00000003
SEP_NIBBLES                       0000011C
SETUP                             00000125
SMP                               00000007
SPBRG                             00000099
SPBRGH                            0000009A
SPEN                              00000007
SR0                               00000006
SR1                               00000007
SRCON                             00000185
SREN                              00000005
SSPADD                            00000093
SSPBUF                            00000013
SSPCON                            00000014
SSPCON2                           00000091
SSPEN                             00000005
SSPIE                             00000003
SSPIF                             00000003
SSPM0                             00000000
SSPM1                             00000001
SSPM2                             00000002
SSPM3                             00000003
SSPMSK                            00000093
SSPOV                             00000006
SSPSTAT                           00000094
START                             00000100
STATUS                            00000003
STATUS_TEMP                       0000000E
STRA                              00000000
STRB                              00000001
MPASM 5.77                 LABORATORIO_8.ASM   11-17-2020  13:08:59         PAGE 15


SYMBOL TABLE
  LABEL                             VALUE 

STRC                              00000002
STRD                              00000003
STRSYNC                           00000004
SWDTEN                            00000000
SYNC                              00000004
T0CS                              00000005
T0IE                              00000005
T0IF                              00000002
T0SE                              00000004
T1CKPS0                           00000004
T1CKPS1                           00000005
T1CON                             00000010
T1GINV                            00000007
T1GIV                             00000007
T1GSS                             00000001
T1INSYNC                          00000002
T1OSCEN                           00000003
T1SYNC                            00000002
T2CKPS0                           00000000
T2CKPS1                           00000001
T2CON                             00000012
TABLA                             00000029
TMR0                              00000001
TMR0IE                            00000005
TMR0IF                            00000002
TMR1                              0000000E
TMR1CS                            00000001
TMR1GE                            00000006
TMR1H                             0000000F
TMR1IE                            00000000
TMR1IF                            00000000
TMR1L                             0000000E
TMR1ON                            00000000
TMR2                              00000011
TMR2IE                            00000001
TMR2IF                            00000001
TMR2ON                            00000002
TOUTPS0                           00000003
TOUTPS1                           00000004
TOUTPS2                           00000005
TOUTPS3                           00000006
TRISA                             00000085
TRISA0                            00000000
TRISA1                            00000001
TRISA2                            00000002
TRISA3                            00000003
TRISA4                            00000004
TRISA5                            00000005
TRISA6                            00000006
TRISA7                            00000007
TRISB                             00000086
TRISB0                            00000000
TRISB1                            00000001
MPASM 5.77                 LABORATORIO_8.ASM   11-17-2020  13:08:59         PAGE 16


SYMBOL TABLE
  LABEL                             VALUE 

TRISB2                            00000002
TRISB3                            00000003
TRISB4                            00000004
TRISB5                            00000005
TRISB6                            00000006
TRISB7                            00000007
TRISC                             00000087
TRISC0                            00000000
TRISC1                            00000001
TRISC2                            00000002
TRISC3                            00000003
TRISC4                            00000004
TRISC5                            00000005
TRISC6                            00000006
TRISC7                            00000007
TRISD                             00000088
TRISD0                            00000000
TRISD1                            00000001
TRISD2                            00000002
TRISD3                            00000003
TRISD4                            00000004
TRISD5                            00000005
TRISD6                            00000006
TRISD7                            00000007
TRISE                             00000089
TRISE0                            00000000
TRISE1                            00000001
TRISE2                            00000002
TRISE3                            00000003
TRMT                              00000001
TUN0                              00000000
TUN1                              00000001
TUN2                              00000002
TUN3                              00000003
TUN4                              00000004
TX8_9                             00000006
TX9                               00000006
TX9D                              00000000
TXD8                              00000000
TXEN                              00000005
TXIE                              00000004
TXIF                              00000004
TXREG                             00000019
TXSTA                             00000098
UA                                00000001
ULPWUE                            00000005
ULPWUIE                           00000002
ULPWUIF                           00000002
UNIDADES                          00000001
VCFG0                             00000004
VCFG1                             00000005
VR0                               00000000
VR1                               00000001
MPASM 5.77                 LABORATORIO_8.ASM   11-17-2020  13:08:59         PAGE 17


SYMBOL TABLE
  LABEL                             VALUE 

VR2                               00000002
VR3                               00000003
VRCON                             00000097
VREN                              00000007
VROE                              00000006
VRR                               00000005
VRSS                              00000004
W                                 00000000
WCOL                              00000007
WDTCON                            00000105
WDTPS0                            00000001
WDTPS1                            00000002
WDTPS2                            00000003
WDTPS3                            00000004
WPUB                              00000095
WPUB0                             00000000
WPUB1                             00000001
WPUB2                             00000002
WPUB3                             00000003
WPUB4                             00000004
WPUB5                             00000005
WPUB6                             00000006
WPUB7                             00000007
WR                                00000001
WREN                              00000002
WRERR                             00000003
WUE                               00000001
W_TEMP                            0000000D
X                                 00000015
Y                                 00000016
Z                                 00000002
_BOR21V                           00003EFF
_BOR40V                           00003FFF
_BOR4V_BOR21V                     00003EFF
_BOR4V_BOR40V                     00003FFF
_BOREN_NSLEEP                     00003EFF
_BOREN_OFF                        00003CFF
_BOREN_ON                         00003FFF
_BOREN_SBODEN                     00003DFF
_BOR_NSLEEP                       00003EFF
_BOR_OFF                          00003CFF
_BOR_ON                           00003FFF
_BOR_SBODEN                       00003DFF
_CONFIG1                          00002007
_CONFIG2                          00002008
_CPD_OFF                          00003FFF
_CPD_ON                           00003F7F
_CP_OFF                           00003FFF
_CP_ON                            00003FBF
_DEBUG_OFF                        00003FFF
_DEBUG_ON                         00001FFF
_DEVID1                           00002006
_EC_OSC                           00003FFB
MPASM 5.77                 LABORATORIO_8.ASM   11-17-2020  13:08:59         PAGE 18


SYMBOL TABLE
  LABEL                             VALUE 

_EXTRC                            00003FFF
_EXTRCIO                          00003FFE
_EXTRC_OSC_CLKOUT                 00003FFF
_EXTRC_OSC_NOCLKOUT               00003FFE
_FCMEN_OFF                        000037FF
_FCMEN_ON                         00003FFF
_FOSC_EC                          00003FFB
_FOSC_EXTRC_CLKOUT                00003FFF
_FOSC_EXTRC_NOCLKOUT              00003FFE
_FOSC_HS                          00003FFA
_FOSC_INTRC_CLKOUT                00003FFD
_FOSC_INTRC_NOCLKOUT              00003FFC
_FOSC_LP                          00003FF8
_FOSC_XT                          00003FF9
_HS_OSC                           00003FFA
_IDLOC0                           00002000
_IDLOC1                           00002001
_IDLOC2                           00002002
_IDLOC3                           00002003
_IESO_OFF                         00003BFF
_IESO_ON                          00003FFF
_INTOSC                           00003FFD
_INTOSCIO                         00003FFC
_INTRC_OSC_CLKOUT                 00003FFD
_INTRC_OSC_NOCLKOUT               00003FFC
_LP_OSC                           00003FF8
_LVP_OFF                          00002FFF
_LVP_ON                           00003FFF
_MCLRE_OFF                        00003FDF
_MCLRE_ON                         00003FFF
_PWRTE_OFF                        00003FFF
_PWRTE_ON                         00003FEF
_WDTE_OFF                         00003FF7
_WDTE_ON                          00003FFF
_WDT_OFF                          00003FF7
_WDT_ON                           00003FFF
_WRT_1FOURTH                      00003BFF
_WRT_256                          00003DFF
_WRT_HALF                         000039FF
_WRT_OFF                          00003FFF
_XT_OSC                           00003FF9
__16F887                          00000001

Errors   :     0
Warnings :    34 reported,     0 suppressed
Messages :    15 reported,     0 suppressed

