Warning[207] C:\USERS\CARLOS GIL\MPLABXPROJECTS\PROYECTO_1.X\PROYECTO_1.ASM 21 : Found label after column 1. (UNIDADES)
Warning[207] C:\USERS\CARLOS GIL\MPLABXPROJECTS\PROYECTO_1.X\PROYECTO_1.ASM 22 : Found label after column 1. (CONT2)
Warning[207] C:\USERS\CARLOS GIL\MPLABXPROJECTS\PROYECTO_1.X\PROYECTO_1.ASM 23 : Found label after column 1. (CONT3)
Warning[207] C:\USERS\CARLOS GIL\MPLABXPROJECTS\PROYECTO_1.X\PROYECTO_1.ASM 24 : Found label after column 1. (CONT4)
Warning[207] C:\USERS\CARLOS GIL\MPLABXPROJECTS\PROYECTO_1.X\PROYECTO_1.ASM 25 : Found label after column 1. (DECENAS)
Warning[207] C:\USERS\CARLOS GIL\MPLABXPROJECTS\PROYECTO_1.X\PROYECTO_1.ASM 26 : Found label after column 1. (CONT6)
Warning[207] C:\USERS\CARLOS GIL\MPLABXPROJECTS\PROYECTO_1.X\PROYECTO_1.ASM 27 : Found label after column 1. (CONT7)
Warning[207] C:\USERS\CARLOS GIL\MPLABXPROJECTS\PROYECTO_1.X\PROYECTO_1.ASM 28 : Found label after column 1. (CONT8)
Warning[207] C:\USERS\CARLOS GIL\MPLABXPROJECTS\PROYECTO_1.X\PROYECTO_1.ASM 29 : Found label after column 1. (CONT9)
Warning[207] C:\USERS\CARLOS GIL\MPLABXPROJECTS\PROYECTO_1.X\PROYECTO_1.ASM 30 : Found label after column 1. (CONT10)
Warning[207] C:\USERS\CARLOS GIL\MPLABXPROJECTS\PROYECTO_1.X\PROYECTO_1.ASM 31 : Found label after column 1. (CONT11)
Warning[207] C:\USERS\CARLOS GIL\MPLABXPROJECTS\PROYECTO_1.X\PROYECTO_1.ASM 32 : Found label after column 1. (CONT12)
Warning[207] C:\USERS\CARLOS GIL\MPLABXPROJECTS\PROYECTO_1.X\PROYECTO_1.ASM 33 : Found label after column 1. (CONT13)
Warning[207] C:\USERS\CARLOS GIL\MPLABXPROJECTS\PROYECTO_1.X\PROYECTO_1.ASM 34 : Found label after column 1. (W_TEMP)
Warning[207] C:\USERS\CARLOS GIL\MPLABXPROJECTS\PROYECTO_1.X\PROYECTO_1.ASM 35 : Found label after column 1. (STATUS_TEMP)
Warning[207] C:\USERS\CARLOS GIL\MPLABXPROJECTS\PROYECTO_1.X\PROYECTO_1.ASM 36 : Found label after column 1. (INDICADOR)
Warning[207] C:\USERS\CARLOS GIL\MPLABXPROJECTS\PROYECTO_1.X\PROYECTO_1.ASM 37 : Found label after column 1. (INDICADOR2)
Warning[207] C:\USERS\CARLOS GIL\MPLABXPROJECTS\PROYECTO_1.X\PROYECTO_1.ASM 38 : Found label after column 1. (NIBBLE_H)
Warning[207] C:\USERS\CARLOS GIL\MPLABXPROJECTS\PROYECTO_1.X\PROYECTO_1.ASM 39 : Found label after column 1. (NIBBLE_L)
Warning[207] C:\USERS\CARLOS GIL\MPLABXPROJECTS\PROYECTO_1.X\PROYECTO_1.ASM 40 : Found label after column 1. (SEGUNDOS)
Warning[207] C:\USERS\CARLOS GIL\MPLABXPROJECTS\PROYECTO_1.X\PROYECTO_1.ASM 41 : Found label after column 1. (HORAS)
Warning[207] C:\USERS\CARLOS GIL\MPLABXPROJECTS\PROYECTO_1.X\PROYECTO_1.ASM 42 : Found label after column 1. (HORAS1)
Warning[207] C:\USERS\CARLOS GIL\MPLABXPROJECTS\PROYECTO_1.X\PROYECTO_1.ASM 43 : Found label after column 1. (HORAS2)
Warning[207] C:\USERS\CARLOS GIL\MPLABXPROJECTS\PROYECTO_1.X\PROYECTO_1.ASM 44 : Found label after column 1. (DIAS1)
Warning[207] C:\USERS\CARLOS GIL\MPLABXPROJECTS\PROYECTO_1.X\PROYECTO_1.ASM 45 : Found label after column 1. (DIAS2)
Warning[207] C:\USERS\CARLOS GIL\MPLABXPROJECTS\PROYECTO_1.X\PROYECTO_1.ASM 46 : Found label after column 1. (MESES1)
Warning[207] C:\USERS\CARLOS GIL\MPLABXPROJECTS\PROYECTO_1.X\PROYECTO_1.ASM 47 : Found label after column 1. (MESES2)
Warning[207] C:\USERS\CARLOS GIL\MPLABXPROJECTS\PROYECTO_1.X\PROYECTO_1.ASM 48 : Found label after column 1. (ESTADO)
Warning[207] C:\USERS\CARLOS GIL\MPLABXPROJECTS\PROYECTO_1.X\PROYECTO_1.ASM 49 : Found label after column 1. (DISPLAY0)
Warning[207] C:\USERS\CARLOS GIL\MPLABXPROJECTS\PROYECTO_1.X\PROYECTO_1.ASM 50 : Found label after column 1. (DISPLAY1)
Warning[207] C:\USERS\CARLOS GIL\MPLABXPROJECTS\PROYECTO_1.X\PROYECTO_1.ASM 51 : Found label after column 1. (DISPLAY2)
Warning[207] C:\USERS\CARLOS GIL\MPLABXPROJECTS\PROYECTO_1.X\PROYECTO_1.ASM 52 : Found label after column 1. (DISPLAY3)
Warning[207] C:\USERS\CARLOS GIL\MPLABXPROJECTS\PROYECTO_1.X\PROYECTO_1.ASM 53 : Found label after column 1. (ESPECIAL)
Warning[207] C:\USERS\CARLOS GIL\MPLABXPROJECTS\PROYECTO_1.X\PROYECTO_1.ASM 54 : Found label after column 1. (PUSH_BOTTON)
Warning[207] C:\USERS\CARLOS GIL\MPLABXPROJECTS\PROYECTO_1.X\PROYECTO_1.ASM 55 : Found label after column 1. (TIMER1)
Warning[207] C:\USERS\CARLOS GIL\MPLABXPROJECTS\PROYECTO_1.X\PROYECTO_1.ASM 56 : Found label after column 1. (TIMER2)
Warning[207] C:\USERS\CARLOS GIL\MPLABXPROJECTS\PROYECTO_1.X\PROYECTO_1.ASM 57 : Found label after column 1. (TIMER3)
Warning[207] C:\USERS\CARLOS GIL\MPLABXPROJECTS\PROYECTO_1.X\PROYECTO_1.ASM 58 : Found label after column 1. (TIMER4)
Warning[207] C:\USERS\CARLOS GIL\MPLABXPROJECTS\PROYECTO_1.X\PROYECTO_1.ASM 59 : Found label after column 1. (CONTIMERS)
Warning[207] C:\USERS\CARLOS GIL\MPLABXPROJECTS\PROYECTO_1.X\PROYECTO_1.ASM 60 : Found label after column 1. (CONTIMERM)
Warning[207] C:\USERS\CARLOS GIL\MPLABXPROJECTS\PROYECTO_1.X\PROYECTO_1.ASM 61 : Found label after column 1. (ALARMA)
Warning[207] C:\USERS\CARLOS GIL\MPLABXPROJECTS\PROYECTO_1.X\PROYECTO_1.ASM 62 : Found label after column 1. (CONT1)
Message[305] C:\USERS\CARLOS GIL\MPLABXPROJECTS\PROYECTO_1.X\PROYECTO_1.ASM 101 : Using default destination of 1 (file).
Message[305] C:\USERS\CARLOS GIL\MPLABXPROJECTS\PROYECTO_1.X\PROYECTO_1.ASM 116 : Using default destination of 1 (file).
Warning[203] C:\USERS\CARLOS GIL\MPLABXPROJECTS\PROYECTO_1.X\PROYECTO_1.ASM 158 : Found opcode in column 1. (CALL)
Warning[207] C:\USERS\CARLOS GIL\MPLABXPROJECTS\PROYECTO_1.X\PROYECTO_1.ASM 162 : Found label after column 1. (LOOP)
Warning[207] C:\USERS\CARLOS GIL\MPLABXPROJECTS\PROYECTO_1.X\PROYECTO_1.ASM 217 : Found label after column 1. (DISPLAY_0)
Warning[207] C:\USERS\CARLOS GIL\MPLABXPROJECTS\PROYECTO_1.X\PROYECTO_1.ASM 224 : Found label after column 1. (DISPLAY_1)
Warning[207] C:\USERS\CARLOS GIL\MPLABXPROJECTS\PROYECTO_1.X\PROYECTO_1.ASM 235 : Found label after column 1. (DISPLAY_2)
Warning[207] C:\USERS\CARLOS GIL\MPLABXPROJECTS\PROYECTO_1.X\PROYECTO_1.ASM 242 : Found label after column 1. (DISPLAY_3)
Message[305] C:\USERS\CARLOS GIL\MPLABXPROJECTS\PROYECTO_1.X\PROYECTO_1.ASM 252 : Using default destination of 1 (file).
Message[305] C:\USERS\CARLOS GIL\MPLABXPROJECTS\PROYECTO_1.X\PROYECTO_1.ASM 259 : Using default destination of 1 (file).
Message[305] C:\USERS\CARLOS GIL\MPLABXPROJECTS\PROYECTO_1.X\PROYECTO_1.ASM 272 : Using default destination of 1 (file).
Warning[207] C:\USERS\CARLOS GIL\MPLABXPROJECTS\PROYECTO_1.X\PROYECTO_1.ASM 280 : Found label after column 1. (TFHORAS)
Message[305] C:\USERS\CARLOS GIL\MPLABXPROJECTS\PROYECTO_1.X\PROYECTO_1.ASM 281 : Using default destination of 1 (file).
Message[305] C:\USERS\CARLOS GIL\MPLABXPROJECTS\PROYECTO_1.X\PROYECTO_1.ASM 287 : Using default destination of 1 (file).
Message[305] C:\USERS\CARLOS GIL\MPLABXPROJECTS\PROYECTO_1.X\PROYECTO_1.ASM 311 : Using default destination of 1 (file).
Message[305] C:\USERS\CARLOS GIL\MPLABXPROJECTS\PROYECTO_1.X\PROYECTO_1.ASM 369 : Using default destination of 1 (file).
Message[305] C:\USERS\CARLOS GIL\MPLABXPROJECTS\PROYECTO_1.X\PROYECTO_1.ASM 378 : Using default destination of 1 (file).
Message[305] C:\USERS\CARLOS GIL\MPLABXPROJECTS\PROYECTO_1.X\PROYECTO_1.ASM 379 : Using default destination of 1 (file).
Message[305] C:\USERS\CARLOS GIL\MPLABXPROJECTS\PROYECTO_1.X\PROYECTO_1.ASM 383 : Using default destination of 1 (file).
Message[305] C:\USERS\CARLOS GIL\MPLABXPROJECTS\PROYECTO_1.X\PROYECTO_1.ASM 389 : Using default destination of 1 (file).
Message[305] C:\USERS\CARLOS GIL\MPLABXPROJECTS\PROYECTO_1.X\PROYECTO_1.ASM 398 : Using default destination of 1 (file).
Message[305] C:\USERS\CARLOS GIL\MPLABXPROJECTS\PROYECTO_1.X\PROYECTO_1.ASM 407 : Using default destination of 1 (file).
Message[305] C:\USERS\CARLOS GIL\MPLABXPROJECTS\PROYECTO_1.X\PROYECTO_1.ASM 408 : Using default destination of 1 (file).
Message[305] C:\USERS\CARLOS GIL\MPLABXPROJECTS\PROYECTO_1.X\PROYECTO_1.ASM 412 : Using default destination of 1 (file).
Message[305] C:\USERS\CARLOS GIL\MPLABXPROJECTS\PROYECTO_1.X\PROYECTO_1.ASM 419 : Using default destination of 1 (file).
Message[305] C:\USERS\CARLOS GIL\MPLABXPROJECTS\PROYECTO_1.X\PROYECTO_1.ASM 431 : Using default destination of 1 (file).
Message[305] C:\USERS\CARLOS GIL\MPLABXPROJECTS\PROYECTO_1.X\PROYECTO_1.ASM 432 : Using default destination of 1 (file).
Message[305] C:\USERS\CARLOS GIL\MPLABXPROJECTS\PROYECTO_1.X\PROYECTO_1.ASM 435 : Using default destination of 1 (file).
Message[305] C:\USERS\CARLOS GIL\MPLABXPROJECTS\PROYECTO_1.X\PROYECTO_1.ASM 440 : Using default destination of 1 (file).
Message[305] C:\USERS\CARLOS GIL\MPLABXPROJECTS\PROYECTO_1.X\PROYECTO_1.ASM 448 : Using default destination of 1 (file).
Message[305] C:\USERS\CARLOS GIL\MPLABXPROJECTS\PROYECTO_1.X\PROYECTO_1.ASM 455 : Using default destination of 1 (file).
Message[305] C:\USERS\CARLOS GIL\MPLABXPROJECTS\PROYECTO_1.X\PROYECTO_1.ASM 468 : Using default destination of 1 (file).
Warning[207] C:\USERS\CARLOS GIL\MPLABXPROJECTS\PROYECTO_1.X\PROYECTO_1.ASM 476 : Found label after column 1. (TFHORAS_1)
Message[305] C:\USERS\CARLOS GIL\MPLABXPROJECTS\PROYECTO_1.X\PROYECTO_1.ASM 477 : Using default destination of 1 (file).
Message[305] C:\USERS\CARLOS GIL\MPLABXPROJECTS\PROYECTO_1.X\PROYECTO_1.ASM 483 : Using default destination of 1 (file).
Message[305] C:\USERS\CARLOS GIL\MPLABXPROJECTS\PROYECTO_1.X\PROYECTO_1.ASM 541 : Using default destination of 1 (file).
Message[305] C:\USERS\CARLOS GIL\MPLABXPROJECTS\PROYECTO_1.X\PROYECTO_1.ASM 553 : Using default destination of 1 (file).
Message[305] C:\USERS\CARLOS GIL\MPLABXPROJECTS\PROYECTO_1.X\PROYECTO_1.ASM 559 : Using default destination of 1 (file).
Message[305] C:\USERS\CARLOS GIL\MPLABXPROJECTS\PROYECTO_1.X\PROYECTO_1.ASM 564 : Using default destination of 1 (file).
Message[305] C:\USERS\CARLOS GIL\MPLABXPROJECTS\PROYECTO_1.X\PROYECTO_1.ASM 573 : Using default destination of 1 (file).
Message[305] C:\USERS\CARLOS GIL\MPLABXPROJECTS\PROYECTO_1.X\PROYECTO_1.ASM 585 : Using default destination of 1 (file).
Message[305] C:\USERS\CARLOS GIL\MPLABXPROJECTS\PROYECTO_1.X\PROYECTO_1.ASM 592 : Using default destination of 1 (file).
Message[305] C:\USERS\CARLOS GIL\MPLABXPROJECTS\PROYECTO_1.X\PROYECTO_1.ASM 606 : Using default destination of 1 (file).
Message[305] C:\USERS\CARLOS GIL\MPLABXPROJECTS\PROYECTO_1.X\PROYECTO_1.ASM 611 : Using default destination of 1 (file).
Message[305] C:\USERS\CARLOS GIL\MPLABXPROJECTS\PROYECTO_1.X\PROYECTO_1.ASM 622 : Using default destination of 1 (file).
Message[305] C:\USERS\CARLOS GIL\MPLABXPROJECTS\PROYECTO_1.X\PROYECTO_1.ASM 623 : Using default destination of 1 (file).
Message[305] C:\USERS\CARLOS GIL\MPLABXPROJECTS\PROYECTO_1.X\PROYECTO_1.ASM 635 : Using default destination of 1 (file).
Message[305] C:\USERS\CARLOS GIL\MPLABXPROJECTS\PROYECTO_1.X\PROYECTO_1.ASM 636 : Using default destination of 1 (file).
Message[305] C:\USERS\CARLOS GIL\MPLABXPROJECTS\PROYECTO_1.X\PROYECTO_1.ASM 642 : Using default destination of 1 (file).
Message[305] C:\USERS\CARLOS GIL\MPLABXPROJECTS\PROYECTO_1.X\PROYECTO_1.ASM 653 : Using default destination of 1 (file).
Message[305] C:\USERS\CARLOS GIL\MPLABXPROJECTS\PROYECTO_1.X\PROYECTO_1.ASM 661 : Using default destination of 1 (file).
Message[305] C:\USERS\CARLOS GIL\MPLABXPROJECTS\PROYECTO_1.X\PROYECTO_1.ASM 675 : Using default destination of 1 (file).
Message[305] C:\USERS\CARLOS GIL\MPLABXPROJECTS\PROYECTO_1.X\PROYECTO_1.ASM 683 : Using default destination of 1 (file).
Message[305] C:\USERS\CARLOS GIL\MPLABXPROJECTS\PROYECTO_1.X\PROYECTO_1.ASM 684 : Using default destination of 1 (file).
Message[305] C:\USERS\CARLOS GIL\MPLABXPROJECTS\PROYECTO_1.X\PROYECTO_1.ASM 697 : Using default destination of 1 (file).
Message[305] C:\USERS\CARLOS GIL\MPLABXPROJECTS\PROYECTO_1.X\PROYECTO_1.ASM 705 : Using default destination of 1 (file).
Message[305] C:\USERS\CARLOS GIL\MPLABXPROJECTS\PROYECTO_1.X\PROYECTO_1.ASM 709 : Using default destination of 1 (file).
Message[305] C:\USERS\CARLOS GIL\MPLABXPROJECTS\PROYECTO_1.X\PROYECTO_1.ASM 727 : Using default destination of 1 (file).
Message[305] C:\USERS\CARLOS GIL\MPLABXPROJECTS\PROYECTO_1.X\PROYECTO_1.ASM 728 : Using default destination of 1 (file).
Message[305] C:\USERS\CARLOS GIL\MPLABXPROJECTS\PROYECTO_1.X\PROYECTO_1.ASM 736 : Using default destination of 1 (file).
Message[305] C:\USERS\CARLOS GIL\MPLABXPROJECTS\PROYECTO_1.X\PROYECTO_1.ASM 737 : Using default destination of 1 (file).
Message[305] C:\USERS\CARLOS GIL\MPLABXPROJECTS\PROYECTO_1.X\PROYECTO_1.ASM 752 : Using default destination of 1 (file).
Message[305] C:\USERS\CARLOS GIL\MPLABXPROJECTS\PROYECTO_1.X\PROYECTO_1.ASM 753 : Using default destination of 1 (file).
Message[305] C:\USERS\CARLOS GIL\MPLABXPROJECTS\PROYECTO_1.X\PROYECTO_1.ASM 761 : Using default destination of 1 (file).
Message[305] C:\USERS\CARLOS GIL\MPLABXPROJECTS\PROYECTO_1.X\PROYECTO_1.ASM 765 : Using default destination of 1 (file).
Message[305] C:\USERS\CARLOS GIL\MPLABXPROJECTS\PROYECTO_1.X\PROYECTO_1.ASM 825 : Using default destination of 1 (file).
Message[305] C:\USERS\CARLOS GIL\MPLABXPROJECTS\PROYECTO_1.X\PROYECTO_1.ASM 833 : Using default destination of 1 (file).
Message[305] C:\USERS\CARLOS GIL\MPLABXPROJECTS\PROYECTO_1.X\PROYECTO_1.ASM 834 : Using default destination of 1 (file).
Message[305] C:\USERS\CARLOS GIL\MPLABXPROJECTS\PROYECTO_1.X\PROYECTO_1.ASM 847 : Using default destination of 1 (file).
Message[305] C:\USERS\CARLOS GIL\MPLABXPROJECTS\PROYECTO_1.X\PROYECTO_1.ASM 855 : Using default destination of 1 (file).
Message[305] C:\USERS\CARLOS GIL\MPLABXPROJECTS\PROYECTO_1.X\PROYECTO_1.ASM 859 : Using default destination of 1 (file).
Message[305] C:\USERS\CARLOS GIL\MPLABXPROJECTS\PROYECTO_1.X\PROYECTO_1.ASM 870 : Using default destination of 1 (file).
Message[305] C:\USERS\CARLOS GIL\MPLABXPROJECTS\PROYECTO_1.X\PROYECTO_1.ASM 878 : Using default destination of 1 (file).
Message[305] C:\USERS\CARLOS GIL\MPLABXPROJECTS\PROYECTO_1.X\PROYECTO_1.ASM 879 : Using default destination of 1 (file).
Message[305] C:\USERS\CARLOS GIL\MPLABXPROJECTS\PROYECTO_1.X\PROYECTO_1.ASM 892 : Using default destination of 1 (file).
Message[305] C:\USERS\CARLOS GIL\MPLABXPROJECTS\PROYECTO_1.X\PROYECTO_1.ASM 900 : Using default destination of 1 (file).
Message[305] C:\USERS\CARLOS GIL\MPLABXPROJECTS\PROYECTO_1.X\PROYECTO_1.ASM 904 : Using default destination of 1 (file).
Message[305] C:\USERS\CARLOS GIL\MPLABXPROJECTS\PROYECTO_1.X\PROYECTO_1.ASM 915 : Using default destination of 1 (file).
Message[305] C:\USERS\CARLOS GIL\MPLABXPROJECTS\PROYECTO_1.X\PROYECTO_1.ASM 923 : Using default destination of 1 (file).
Message[305] C:\USERS\CARLOS GIL\MPLABXPROJECTS\PROYECTO_1.X\PROYECTO_1.ASM 924 : Using default destination of 1 (file).
Message[305] C:\USERS\CARLOS GIL\MPLABXPROJECTS\PROYECTO_1.X\PROYECTO_1.ASM 937 : Using default destination of 1 (file).
Message[305] C:\USERS\CARLOS GIL\MPLABXPROJECTS\PROYECTO_1.X\PROYECTO_1.ASM 945 : Using default destination of 1 (file).
Message[305] C:\USERS\CARLOS GIL\MPLABXPROJECTS\PROYECTO_1.X\PROYECTO_1.ASM 949 : Using default destination of 1 (file).
Message[305] C:\USERS\CARLOS GIL\MPLABXPROJECTS\PROYECTO_1.X\PROYECTO_1.ASM 955 : Using default destination of 1 (file).
Message[305] C:\USERS\CARLOS GIL\MPLABXPROJECTS\PROYECTO_1.X\PROYECTO_1.ASM 961 : Using default destination of 1 (file).
Message[305] C:\USERS\CARLOS GIL\MPLABXPROJECTS\PROYECTO_1.X\PROYECTO_1.ASM 973 : Using default destination of 1 (file).
Message[305] C:\USERS\CARLOS GIL\MPLABXPROJECTS\PROYECTO_1.X\PROYECTO_1.ASM 979 : Using default destination of 1 (file).
Message[305] C:\USERS\CARLOS GIL\MPLABXPROJECTS\PROYECTO_1.X\PROYECTO_1.ASM 1001 : Using default destination of 1 (file).
Message[305] C:\USERS\CARLOS GIL\MPLABXPROJECTS\PROYECTO_1.X\PROYECTO_1.ASM 1009 : Using default destination of 1 (file).
Message[305] C:\USERS\CARLOS GIL\MPLABXPROJECTS\PROYECTO_1.X\PROYECTO_1.ASM 1017 : Using default destination of 1 (file).
Message[305] C:\USERS\CARLOS GIL\MPLABXPROJECTS\PROYECTO_1.X\PROYECTO_1.ASM 1025 : Using default destination of 1 (file).
Message[305] C:\USERS\CARLOS GIL\MPLABXPROJECTS\PROYECTO_1.X\PROYECTO_1.ASM 1035 : Using default destination of 1 (file).
Message[305] C:\USERS\CARLOS GIL\MPLABXPROJECTS\PROYECTO_1.X\PROYECTO_1.ASM 1079 : Using default destination of 1 (file).
Warning[207] C:\USERS\CARLOS GIL\MPLABXPROJECTS\PROYECTO_1.X\PROYECTO_1.ASM 1389 : Found label after column 1. (CONFIGURACION_TIMER2)
Message[302] C:\USERS\CARLOS GIL\MPLABXPROJECTS\PROYECTO_1.X\PROYECTO_1.ASM 1403 : Register in operand not in bank 0.  Ensure that bank bits are correct.
Message[302] C:\USERS\CARLOS GIL\MPLABXPROJECTS\PROYECTO_1.X\PROYECTO_1.ASM 1404 : Register in operand not in bank 0.  Ensure that bank bits are correct.
Message[302] C:\USERS\CARLOS GIL\MPLABXPROJECTS\PROYECTO_1.X\PROYECTO_1.ASM 1407 : Register in operand not in bank 0.  Ensure that bank bits are correct.
Message[302] C:\USERS\CARLOS GIL\MPLABXPROJECTS\PROYECTO_1.X\PROYECTO_1.ASM 1408 : Register in operand not in bank 0.  Ensure that bank bits are correct.
Message[305] C:\USERS\CARLOS GIL\MPLABXPROJECTS\PROYECTO_1.X\PROYECTO_1.ASM 1409 : Using default destination of 1 (file).
Message[302] C:\USERS\CARLOS GIL\MPLABXPROJECTS\PROYECTO_1.X\PROYECTO_1.ASM 1409 : Register in operand not in bank 0.  Ensure that bank bits are correct.
Message[302] C:\USERS\CARLOS GIL\MPLABXPROJECTS\PROYECTO_1.X\PROYECTO_1.ASM 1411 : Register in operand not in bank 0.  Ensure that bank bits are correct.
Message[302] C:\USERS\CARLOS GIL\MPLABXPROJECTS\PROYECTO_1.X\PROYECTO_1.ASM 1413 : Register in operand not in bank 0.  Ensure that bank bits are correct.
Message[302] C:\USERS\CARLOS GIL\MPLABXPROJECTS\PROYECTO_1.X\PROYECTO_1.ASM 1415 : Register in operand not in bank 0.  Ensure that bank bits are correct.
Message[302] C:\USERS\CARLOS GIL\MPLABXPROJECTS\PROYECTO_1.X\PROYECTO_1.ASM 1416 : Register in operand not in bank 0.  Ensure that bank bits are correct.
Message[302] C:\USERS\CARLOS GIL\MPLABXPROJECTS\PROYECTO_1.X\PROYECTO_1.ASM 1418 : Register in operand not in bank 0.  Ensure that bank bits are correct.
Message[302] C:\USERS\CARLOS GIL\MPLABXPROJECTS\PROYECTO_1.X\PROYECTO_1.ASM 1419 : Register in operand not in bank 0.  Ensure that bank bits are correct.
Warning[207] C:\USERS\CARLOS GIL\MPLABXPROJECTS\PROYECTO_1.X\PROYECTO_1.ASM 1421 : Found label after column 1. (CONFIGURACION_TIMER0)
Message[302] C:\USERS\CARLOS GIL\MPLABXPROJECTS\PROYECTO_1.X\PROYECTO_1.ASM 1424 : Register in operand not in bank 0.  Ensure that bank bits are correct.
Warning[207] C:\USERS\CARLOS GIL\MPLABXPROJECTS\PROYECTO_1.X\PROYECTO_1.ASM 1426 : Found label after column 1. (CONFIGURACION_INTERRUPCION)
Message[302] C:\USERS\CARLOS GIL\MPLABXPROJECTS\PROYECTO_1.X\PROYECTO_1.ASM 1428 : Register in operand not in bank 0.  Ensure that bank bits are correct.
Message[302] C:\USERS\CARLOS GIL\MPLABXPROJECTS\PROYECTO_1.X\PROYECTO_1.ASM 1429 : Register in operand not in bank 0.  Ensure that bank bits are correct.
Message[302] C:\USERS\CARLOS GIL\MPLABXPROJECTS\PROYECTO_1.X\PROYECTO_1.ASM 1434 : Register in operand not in bank 0.  Ensure that bank bits are correct.
