Warning[207] C:\USERS\CARLOS GIL\MPLABXPROJECTS\LABORATORIO_9.X\LABORATORIO_9.ASM 21 : Found label after column 1. (UNIDADES)
Warning[207] C:\USERS\CARLOS GIL\MPLABXPROJECTS\LABORATORIO_9.X\LABORATORIO_9.ASM 22 : Found label after column 1. (CONT2)
Warning[207] C:\USERS\CARLOS GIL\MPLABXPROJECTS\LABORATORIO_9.X\LABORATORIO_9.ASM 23 : Found label after column 1. (CONT3)
Warning[207] C:\USERS\CARLOS GIL\MPLABXPROJECTS\LABORATORIO_9.X\LABORATORIO_9.ASM 24 : Found label after column 1. (CONT4)
Warning[207] C:\USERS\CARLOS GIL\MPLABXPROJECTS\LABORATORIO_9.X\LABORATORIO_9.ASM 25 : Found label after column 1. (DECENAS)
Warning[207] C:\USERS\CARLOS GIL\MPLABXPROJECTS\LABORATORIO_9.X\LABORATORIO_9.ASM 26 : Found label after column 1. (CONT6)
Warning[207] C:\USERS\CARLOS GIL\MPLABXPROJECTS\LABORATORIO_9.X\LABORATORIO_9.ASM 27 : Found label after column 1. (CONT7)
Warning[207] C:\USERS\CARLOS GIL\MPLABXPROJECTS\LABORATORIO_9.X\LABORATORIO_9.ASM 28 : Found label after column 1. (W_TEMP)
Warning[207] C:\USERS\CARLOS GIL\MPLABXPROJECTS\LABORATORIO_9.X\LABORATORIO_9.ASM 29 : Found label after column 1. (STATUS_TEMP)
Warning[207] C:\USERS\CARLOS GIL\MPLABXPROJECTS\LABORATORIO_9.X\LABORATORIO_9.ASM 30 : Found label after column 1. (INDICADOR)
Warning[207] C:\USERS\CARLOS GIL\MPLABXPROJECTS\LABORATORIO_9.X\LABORATORIO_9.ASM 31 : Found label after column 1. (INDICADOR2)
Warning[207] C:\USERS\CARLOS GIL\MPLABXPROJECTS\LABORATORIO_9.X\LABORATORIO_9.ASM 32 : Found label after column 1. (ADC_VAR)
Warning[207] C:\USERS\CARLOS GIL\MPLABXPROJECTS\LABORATORIO_9.X\LABORATORIO_9.ASM 33 : Found label after column 1. (NIBBLE_L)
Warning[207] C:\USERS\CARLOS GIL\MPLABXPROJECTS\LABORATORIO_9.X\LABORATORIO_9.ASM 34 : Found label after column 1. (SEGUNDOS)
Warning[207] C:\USERS\CARLOS GIL\MPLABXPROJECTS\LABORATORIO_9.X\LABORATORIO_9.ASM 35 : Found label after column 1. (DISPLAY0)
Warning[207] C:\USERS\CARLOS GIL\MPLABXPROJECTS\LABORATORIO_9.X\LABORATORIO_9.ASM 36 : Found label after column 1. (DISPLAY1)
Warning[207] C:\USERS\CARLOS GIL\MPLABXPROJECTS\LABORATORIO_9.X\LABORATORIO_9.ASM 37 : Found label after column 1. (DISPLAY2)
Warning[207] C:\USERS\CARLOS GIL\MPLABXPROJECTS\LABORATORIO_9.X\LABORATORIO_9.ASM 38 : Found label after column 1. (DISPLAY3)
Warning[207] C:\USERS\CARLOS GIL\MPLABXPROJECTS\LABORATORIO_9.X\LABORATORIO_9.ASM 39 : Found label after column 1. (LECTURA)
Warning[203] C:\USERS\CARLOS GIL\MPLABXPROJECTS\LABORATORIO_9.X\LABORATORIO_9.ASM 113 : Found opcode in column 1. (CALL)
Message[302] C:\USERS\CARLOS GIL\MPLABXPROJECTS\LABORATORIO_9.X\LABORATORIO_9.ASM 145 : Register in operand not in bank 0.  Ensure that bank bits are correct.
Message[302] C:\USERS\CARLOS GIL\MPLABXPROJECTS\LABORATORIO_9.X\LABORATORIO_9.ASM 147 : Register in operand not in bank 0.  Ensure that bank bits are correct.
Message[302] C:\USERS\CARLOS GIL\MPLABXPROJECTS\LABORATORIO_9.X\LABORATORIO_9.ASM 148 : Register in operand not in bank 0.  Ensure that bank bits are correct.
Message[302] C:\USERS\CARLOS GIL\MPLABXPROJECTS\LABORATORIO_9.X\LABORATORIO_9.ASM 150 : Register in operand not in bank 0.  Ensure that bank bits are correct.
Message[302] C:\USERS\CARLOS GIL\MPLABXPROJECTS\LABORATORIO_9.X\LABORATORIO_9.ASM 158 : Register in operand not in bank 0.  Ensure that bank bits are correct.
Message[302] C:\USERS\CARLOS GIL\MPLABXPROJECTS\LABORATORIO_9.X\LABORATORIO_9.ASM 162 : Register in operand not in bank 0.  Ensure that bank bits are correct.
Message[302] C:\USERS\CARLOS GIL\MPLABXPROJECTS\LABORATORIO_9.X\LABORATORIO_9.ASM 164 : Register in operand not in bank 0.  Ensure that bank bits are correct.
Message[302] C:\USERS\CARLOS GIL\MPLABXPROJECTS\LABORATORIO_9.X\LABORATORIO_9.ASM 165 : Register in operand not in bank 0.  Ensure that bank bits are correct.
Message[302] C:\USERS\CARLOS GIL\MPLABXPROJECTS\LABORATORIO_9.X\LABORATORIO_9.ASM 168 : Register in operand not in bank 0.  Ensure that bank bits are correct.
Message[302] C:\USERS\CARLOS GIL\MPLABXPROJECTS\LABORATORIO_9.X\LABORATORIO_9.ASM 170 : Register in operand not in bank 0.  Ensure that bank bits are correct.
Message[302] C:\USERS\CARLOS GIL\MPLABXPROJECTS\LABORATORIO_9.X\LABORATORIO_9.ASM 171 : Register in operand not in bank 0.  Ensure that bank bits are correct.
Message[302] C:\USERS\CARLOS GIL\MPLABXPROJECTS\LABORATORIO_9.X\LABORATORIO_9.ASM 173 : Register in operand not in bank 0.  Ensure that bank bits are correct.
Warning[207] C:\USERS\CARLOS GIL\MPLABXPROJECTS\LABORATORIO_9.X\LABORATORIO_9.ASM 187 : Found label after column 1. (DISPLAY_0)
Warning[207] C:\USERS\CARLOS GIL\MPLABXPROJECTS\LABORATORIO_9.X\LABORATORIO_9.ASM 194 : Found label after column 1. (DISPLAY_1)
Warning[207] C:\USERS\CARLOS GIL\MPLABXPROJECTS\LABORATORIO_9.X\LABORATORIO_9.ASM 205 : Found label after column 1. (DISPLAY_2)
Warning[207] C:\USERS\CARLOS GIL\MPLABXPROJECTS\LABORATORIO_9.X\LABORATORIO_9.ASM 212 : Found label after column 1. (DISPLAY_3)
Message[302] C:\USERS\CARLOS GIL\MPLABXPROJECTS\LABORATORIO_9.X\LABORATORIO_9.ASM 230 : Register in operand not in bank 0.  Ensure that bank bits are correct.
Message[302] C:\USERS\CARLOS GIL\MPLABXPROJECTS\LABORATORIO_9.X\LABORATORIO_9.ASM 233 : Register in operand not in bank 0.  Ensure that bank bits are correct.
Message[302] C:\USERS\CARLOS GIL\MPLABXPROJECTS\LABORATORIO_9.X\LABORATORIO_9.ASM 234 : Register in operand not in bank 0.  Ensure that bank bits are correct.
Message[302] C:\USERS\CARLOS GIL\MPLABXPROJECTS\LABORATORIO_9.X\LABORATORIO_9.ASM 235 : Register in operand not in bank 0.  Ensure that bank bits are correct.
Message[302] C:\USERS\CARLOS GIL\MPLABXPROJECTS\LABORATORIO_9.X\LABORATORIO_9.ASM 237 : Register in operand not in bank 0.  Ensure that bank bits are correct.
Message[302] C:\USERS\CARLOS GIL\MPLABXPROJECTS\LABORATORIO_9.X\LABORATORIO_9.ASM 238 : Register in operand not in bank 0.  Ensure that bank bits are correct.
Message[302] C:\USERS\CARLOS GIL\MPLABXPROJECTS\LABORATORIO_9.X\LABORATORIO_9.ASM 239 : Register in operand not in bank 0.  Ensure that bank bits are correct.
Message[302] C:\USERS\CARLOS GIL\MPLABXPROJECTS\LABORATORIO_9.X\LABORATORIO_9.ASM 241 : Register in operand not in bank 0.  Ensure that bank bits are correct.
Message[302] C:\USERS\CARLOS GIL\MPLABXPROJECTS\LABORATORIO_9.X\LABORATORIO_9.ASM 242 : Register in operand not in bank 0.  Ensure that bank bits are correct.
Message[302] C:\USERS\CARLOS GIL\MPLABXPROJECTS\LABORATORIO_9.X\LABORATORIO_9.ASM 243 : Register in operand not in bank 0.  Ensure that bank bits are correct.
Warning[207] C:\USERS\CARLOS GIL\MPLABXPROJECTS\LABORATORIO_9.X\LABORATORIO_9.ASM 245 : Found label after column 1. (CONFIGURACION_INTERRUPCION)
Message[302] C:\USERS\CARLOS GIL\MPLABXPROJECTS\LABORATORIO_9.X\LABORATORIO_9.ASM 249 : Register in operand not in bank 0.  Ensure that bank bits are correct.
Warning[207] C:\USERS\CARLOS GIL\MPLABXPROJECTS\LABORATORIO_9.X\LABORATORIO_9.ASM 251 : Found label after column 1. (CONFIGURACION_ADC)
Message[302] C:\USERS\CARLOS GIL\MPLABXPROJECTS\LABORATORIO_9.X\LABORATORIO_9.ASM 253 : Register in operand not in bank 0.  Ensure that bank bits are correct.
Message[302] C:\USERS\CARLOS GIL\MPLABXPROJECTS\LABORATORIO_9.X\LABORATORIO_9.ASM 255 : Register in operand not in bank 0.  Ensure that bank bits are correct.
Message[302] C:\USERS\CARLOS GIL\MPLABXPROJECTS\LABORATORIO_9.X\LABORATORIO_9.ASM 257 : Register in operand not in bank 0.  Ensure that bank bits are correct.
