MPASM 5.77                 LABORATORIO_9.ASM   11-10-2020  12:56:28         PAGE  1


LOC  OBJECT CODE     LINE SOURCE TEXT
  VALUE

                      00001 ;*******************************************************************************                        
                                                                           *
                      00002 ;    Filename:              Laboratorio_6.0.asm                              *
                      00003 ;    Date:                  11/08/2020                                         *
                      00004 ;    File Version:          v.1                                                *
                      00005 ;    Author:                Carlos Gil                      *
                      00006 ;    Company:               UVG                                                *
                      00007 ;    Description:           lectura de potenciometro y guardar el EEPROM                                
                                                                                                        *
                      00008 ;*******************************************************************************
                      00009 #include "p16f887.inc"
                      00001         LIST
                      00002 
                      00003 ;==========================================================================
                      00004 ; Build date : Nov 22 2017
                      00005 ;  MPASM PIC16F887 processor include
                      00006 ; 
                      00007 ;  (c) Copyright 1999-2017 Microchip Technology, All rights reserved
                      00008 ;==========================================================================
                      00009 
                      00810         LIST
                      00010 
                      00011 ; CONFIG1
                      00012 ; __config 0x20D4
2007   20D4           00013  __CONFIG _CONFIG1, _FOSC_INTRC_NOCLKOUT & _WDTE_OFF & _PWRTE_OFF & _MCLRE_OFF & _CP_OFF & _CPD_OFF & _B
                            OREN_OFF & _IESO_OFF & _FCMEN_OFF & _LVP_OFF
                      00014 ; CONFIG2
                      00015 ; __config 0x3FFF
2008   3FFF           00016  __CONFIG _CONFIG2, _BOR4V_BOR40V & _WRT_OFF
                      00017  ;****************************************************************************** 
                      00018  ; variables
                      00019  ;******************************************************************************
                      00020 GPR_VAR         UDATA
Warning[207]: Found label after column 1. (UNIDADES)
0000                  00021     UNIDADES    RES     1
Warning[207]: Found label after column 1. (CONT2)
0001                  00022     CONT2       RES     1
Warning[207]: Found label after column 1. (CONT3)
0002                  00023     CONT3       RES     1
Warning[207]: Found label after column 1. (CONT4)
0003                  00024     CONT4       RES     1
Warning[207]: Found label after column 1. (DECENAS)
0004                  00025     DECENAS     RES     1
Warning[207]: Found label after column 1. (CONT6)
0005                  00026     CONT6       RES     1
Warning[207]: Found label after column 1. (CONT7)
0006                  00027     CONT7       RES     1
Warning[207]: Found label after column 1. (W_TEMP)
0007                  00028     W_TEMP      RES     1
Warning[207]: Found label after column 1. (STATUS_TEMP)
0008                  00029     STATUS_TEMP RES     1
Warning[207]: Found label after column 1. (INDICADOR)
0009                  00030     INDICADOR   RES     1
MPASM 5.77                 LABORATORIO_9.ASM   11-10-2020  12:56:28         PAGE  2


LOC  OBJECT CODE     LINE SOURCE TEXT
  VALUE

Warning[207]: Found label after column 1. (INDICADOR2)
000A                  00031     INDICADOR2  RES     1
Warning[207]: Found label after column 1. (ADC_VAR)
000B                  00032     ADC_VAR     RES     1
Warning[207]: Found label after column 1. (NIBBLE_L)
000C                  00033     NIBBLE_L    RES     1
Warning[207]: Found label after column 1. (SEGUNDOS)
000D                  00034     SEGUNDOS    RES     1
Warning[207]: Found label after column 1. (DISPLAY0)
000E                  00035     DISPLAY0    RES     1
Warning[207]: Found label after column 1. (DISPLAY1)
000F                  00036     DISPLAY1    RES     1
Warning[207]: Found label after column 1. (DISPLAY2)
0010                  00037     DISPLAY2    RES     1
Warning[207]: Found label after column 1. (DISPLAY3)
0011                  00038     DISPLAY3    RES     1
Warning[207]: Found label after column 1. (LECTURA)
0012                  00039     LECTURA     RES     1
                      00040 
                      00041         
                      00042         
                      00043 ;*******************************************************************************
                      00044 ; Reset Vector
                      00045 ;*******************************************************************************
                      00046 RES_VECT  CODE    0x0000            ; processor reset vector
0000   2???           00047     GOTO    START   
                      00048 ISR_VECT  CODE    0x0004
0004                  00049 PUSH:
0004   138B           00050     BCF     INTCON, GIE
0005   00??           00051     MOVWF   W_TEMP
0006   0E03           00052     SWAPF   STATUS, W
0007   00??           00053     MOVWF   STATUS_TEMP
0008                  00054 ISR:
0008   190B           00055     BTFSC   INTCON, T0IF
0009   2???           00056     CALL    INTERRUPCION_TMRO
000A   1B0C           00057     BTFSC   PIR1, ADIF
000B   2???           00058     CALL    INTERRUPCION_ADC
000C                  00059 POP:
000C   0E??           00060     SWAPF   STATUS_TEMP, W
000D   0083           00061     MOVWF   STATUS 
000E   0E??           00062     SWAPF   W_TEMP, F
000F   0E??           00063     SWAPF   W_TEMP, W
0010   178B           00064     BSF     INTCON, GIE
0011   0009           00065     RETFIE
                      00066 
0012                  00067 INTERRUPCION_TMRO:
0012   30F8           00068     MOVLW   .248
0013   0081           00069     MOVWF   TMR0 
0014   2???           00070     CALL    DISPLAY_VAR
0015   2???           00071     CALL    SEP_NIBBLES
0016   110B           00072     BCF     INTCON, T0IF
0017   0008           00073     RETURN 
                      00074     
MPASM 5.77                 LABORATORIO_9.ASM   11-10-2020  12:56:28         PAGE  3


LOC  OBJECT CODE     LINE SOURCE TEXT
  VALUE

0018                  00075 INTERRUPCION_ADC:
0018   081E           00076     MOVF    ADRESH, W   ;GUARDO ADRESH PORTB
0019   00??           00077     MOVWF   ADC_VAR
001A   130C           00078     BCF     PIR1, ADIF
001B   149F           00079     BSF     ADCON0, 1;PONER EN 0 BANDERA DE LA INETRRUPCION 
001C   0008           00080     RETURN
                      00081 
                      00082 
                      00083 ;*******************************************************************************
                      00084 ; TABLA
                      00085 ;*******************************************************************************
001D                  00086 TABLA:
001D   390F           00087     ANDLW   b'00001111' ; mascara
001E   0782           00088     ADDWF   PCL, F
001F   3488           00089     RETLW   b'10001000' ; 0
0020   34EB           00090     RETLW   b'11101011' ; 1
0021   344C           00091     RETLW   b'01001100' ; 2
0022   3449           00092     RETLW   b'01001001' ; 3
0023   342B           00093     RETLW   b'00101011' ; 4
0024   3419           00094     RETLW   b'00011001' ; 5
0025   3418           00095     RETLW   b'00011000' ; 6
0026   34CB           00096     RETLW   b'11001011' ; 7
0027   3408           00097     RETLW   b'00001000' ; 8
0028   340B           00098     RETLW   b'00001011' ; 9
0029   3402           00099     RETLW   b'00000010' ; A
002A   3430           00100     RETLW   b'00110000' ; b
002B   3494           00101     RETLW   b'10010100' ; C
002C   3460           00102     RETLW   b'01100000' ; d
002D   3414           00103     RETLW   b'00010100' ; E
002E   3416           00104     RETLW   b'00010110' ; F
                      00105 
                      00106 
                      00107 ;*******************************************************************************
                      00108 ; MAIN PROGRAM
                      00109 ;*******************************************************************************
                      00110 MAIN_PROG   CODE     0x0100                 ; let linker place main program
0100                  00111 START
                      00112 
Warning[203]: Found opcode in column 1. (CALL)
0100   2???           00113 CALL SETUP
                      00114 
                      00115 ;*******************************************************************************
                      00116 ; MAIN LOOP
                      00117 ;*******************************************************************************     
0101                  00118 LOOP:
0101   2???           00119     CALL    LECTURA_EEPROM
0102   1C06           00120     BTFSS   PORTB, RB0
0103   2???           00121     GOTO    REVISAR
0104   2???           00122     GOTO    LOOP
0105                  00123 REVISAR:
0105   1C06           00124     BTFSS   PORTB, RB0
0106   2???           00125     GOTO    REVISAR
0107   2???           00126     CALL    ESCRITURA_EEPROM
MPASM 5.77                 LABORATORIO_9.ASM   11-10-2020  12:56:28         PAGE  4


LOC  OBJECT CODE     LINE SOURCE TEXT
  VALUE

0108   2???           00127     GOTO    LOOP
                      00128 ;*******************************************************************************
                      00129 ; SUB RUTINAS 
                      00130 ;*******************************************************************************  
0109                  00131 SEP_NIBBLES:
0109   08??           00132     MOVFW   ADC_VAR
010A   00??           00133     MOVWF   DISPLAY3
010B   0E??           00134     SWAPF   ADC_VAR, W
010C   00??           00135     MOVWF   DISPLAY0
010D   08??           00136     MOVFW   LECTURA
010E   00??           00137     MOVWF   DISPLAY1
010F   0E??           00138     SWAPF   LECTURA, W
0110   00??           00139     MOVWF   DISPLAY2
0111   0008           00140     RETURN
0112                  00141 LECTURA_EEPROM:
0112   138B           00142     BCF     INTCON,GIE    ; Todas las interrupciones deshabilitadas
0113   3000           00143     MOVLW   0x00         ; Mover la dirección al registro W
0114   1283 1703      00144     BANKSEL EEADR
Message[302]: Register in operand not in bank 0.  Ensure that bank bits are correct.
0116   008D           00145     MOVWF   EEADR      ; Escribir la dirección
0117   1683 1703      00146     BANKSEL EECON1
Message[302]: Register in operand not in bank 0.  Ensure that bank bits are correct.
0119   138C           00147     BCF     EECON1,EEPGD ; Seleccionar la EEPROM
Message[302]: Register in operand not in bank 0.  Ensure that bank bits are correct.
011A   140C           00148     BSF     EECON1,RD    ; Leer los datos
011B   1283 1703      00149     BANKSEL EEDATA
Message[302]: Register in operand not in bank 0.  Ensure that bank bits are correct.
011D   080C           00150     MOVFW   EEDATA   ; Dato se almacena en el registro W
011E   1283 1303      00151     BANKSEL PORTA
0120   00??           00152     MOVWF   LECTURA
0121   178B           00153     BSF     INTCON, GIE
0122   0008           00154     RETURN
0123                  00155 ESCRITURA_EEPROM:
0123   1283 1703      00156     BANKSEL EEADR
0125   3000           00157     MOVLW   0x00        ; Mover la dirección a W
Message[302]: Register in operand not in bank 0.  Ensure that bank bits are correct.
0126   008D           00158     MOVWF   EEADR      ; Escribir la dirección
0127   1283 1303      00159     BANKSEL PORTA
0129   08??           00160     MOVFW   ADC_VAR      ; Mover los datos a W
012A   1283 1703      00161     BANKSEL EEDAT
Message[302]: Register in operand not in bank 0.  Ensure that bank bits are correct.
012C   008C           00162     MOVWF   EEDAT     ; Escribir los datos
012D   1683 1703      00163     BANKSEL EECON1
Message[302]: Register in operand not in bank 0.  Ensure that bank bits are correct.
012F   138C           00164     BCF     EECON1,EEPGD ; Seleccionar la EEPROM
Message[302]: Register in operand not in bank 0.  Ensure that bank bits are correct.
0130   150C           00165     BSF     EECON1,WREN  ; Escritura a la EEPROM habilitada
0131   138B           00166     BCF     INTCON,GIE    ; Todas las interrupciones deshabilitadas
0132   3055           00167     MOVLW   0x55
Message[302]: Register in operand not in bank 0.  Ensure that bank bits are correct.
0133   008D           00168     MOVWF   EECON2
0134   30AA           00169     MOVLW   0xAA
Message[302]: Register in operand not in bank 0.  Ensure that bank bits are correct.
MPASM 5.77                 LABORATORIO_9.ASM   11-10-2020  12:56:28         PAGE  5


LOC  OBJECT CODE     LINE SOURCE TEXT
  VALUE

0135   008D           00170     MOVWF   EECON2
Message[302]: Register in operand not in bank 0.  Ensure that bank bits are correct.
0136   148C           00171     BSF     EECON1,WR
0137   178B           00172     BSF     INTCON,GIE   ; Interrupciones habilitadas
Message[302]: Register in operand not in bank 0.  Ensure that bank bits are correct.
0138   110C           00173     BCF     EECON1,WREN  ; Escritura a la EEPROM deshabilitada
0139   1283 1303      00174     BANKSEL PORTA
013B   0008           00175     RETURN 
013C                  00176 DISPLAY_VAR:
013C   1085           00177     BCF     PORTA, RA1      
013D   1105           00178     BCF     PORTA, RA2
013E   1185           00179     BCF     PORTA, RA3
013F   1205           00180     BCF     PORTA, RA4
0140   1880           00181     BTFSC   INDICADOR, 1    
0141   2???           00182     GOTO    DISPLAY_2Y3
0142                  00183 DISPLAY_0Y1:
0142   1800           00184     BTFSC   INDICADOR, 0
0143   2???           00185     GOTO    DISPLAY_1
0144   1480           00186     BSF     INDICADOR, 1
Warning[207]: Found label after column 1. (DISPLAY_0)
0145                  00187     DISPLAY_0:
0145   08??           00188         MOVFW   DISPLAY0
0146   2???           00189         CALL    TABLA
0147   0088           00190         MOVWF   PORTD
0148   1605           00191         BSF     PORTA, RA4
0149   1400           00192         BSF     INDICADOR, 0
014A   0008           00193         RETURN
Warning[207]: Found label after column 1. (DISPLAY_1)
014B                  00194     DISPLAY_1:
014B   08??           00195         MOVFW   DISPLAY1
014C   2???           00196         CALL    TABLA
014D   0088           00197         MOVWF   PORTD
014E   1485           00198         BSF     PORTA, RA1
014F   1000           00199         BCF     INDICADOR, 0
0150   0008           00200         RETURN
0151                  00201 DISPLAY_2Y3:
0151   1800           00202     BTFSC   INDICADOR, 0
0152   2???           00203     GOTO    DISPLAY_3
0153   1080           00204     BCF     INDICADOR, 1
Warning[207]: Found label after column 1. (DISPLAY_2)
0154                  00205     DISPLAY_2:
0154   08??           00206         MOVFW   DISPLAY2
0155   2???           00207         CALL    TABLA
0156   0088           00208         MOVWF   PORTD
0157   1505           00209         BSF     PORTA, RA2
0158   1400           00210         BSF     INDICADOR, 0
0159   0008           00211         RETURN
Warning[207]: Found label after column 1. (DISPLAY_3)
015A                  00212     DISPLAY_3:
015A   08??           00213         MOVFW   DISPLAY3
015B   2???           00214         CALL    TABLA
015C   0088           00215         MOVWF   PORTD
015D   1585           00216         BSF     PORTA, RA3
MPASM 5.77                 LABORATORIO_9.ASM   11-10-2020  12:56:28         PAGE  6


LOC  OBJECT CODE     LINE SOURCE TEXT
  VALUE

015E   1000           00217         BCF     INDICADOR, 0
015F   0008           00218         RETURN
                      00219   
0160                  00220 SETUP:
0160   1283 1303      00221     BANKSEL PORTA  ; BANCO 0
0162   0185           00222     CLRF    PORTA  ; BORRA EL PUERTO A
0163   0186           00223     CLRF    PORTB  ; BORRA EL PUERTO B
0164   0187           00224     CLRF    PORTC 
0165   0188           00225     CLRF    PORTD  
0166   0189           00226     CLRF    PORTE
0167   1103           00227     BCF     STATUS, Z
                      00228  ;******************************************************************************
0168   1683 1703      00229     BANKSEL ANSEL   ; BANCO 3 
Message[302]: Register in operand not in bank 0.  Ensure that bank bits are correct.
016A   0189           00230     CLRF    ANSELH  ; BORRA EL CONTROL DE ENTRADAS ANALÓGICAS
                      00231     
016B   1683 1303      00232     BANKSEL TRISA   ; BANCO 1
Message[302]: Register in operand not in bank 0.  Ensure that bank bits are correct.
016D   0185           00233     CLRF    TRISA  
Message[302]: Register in operand not in bank 0.  Ensure that bank bits are correct.
016E   0186           00234     CLRF    TRISB
Message[302]: Register in operand not in bank 0.  Ensure that bank bits are correct.
016F   1406           00235     BSF     TRISB, RB0
0170   3057           00236     MOVLW   B'01010111'
Message[302]: Register in operand not in bank 0.  Ensure that bank bits are correct.
0171   0081           00237     MOVWF   OPTION_REG
Message[302]: Register in operand not in bank 0.  Ensure that bank bits are correct.
0172   0195           00238     CLRF    WPUB
Message[302]: Register in operand not in bank 0.  Ensure that bank bits are correct.
0173   1415           00239     BSF     WPUB, 0
0174   0064           00240     CLRWDT
Message[302]: Register in operand not in bank 0.  Ensure that bank bits are correct.
0175   0187           00241     CLRF    TRISC
Message[302]: Register in operand not in bank 0.  Ensure that bank bits are correct.
0176   0188           00242     CLRF    TRISD
Message[302]: Register in operand not in bank 0.  Ensure that bank bits are correct.
0177   0189           00243     CLRF    TRISE
                      00244         
Warning[207]: Found label after column 1. (CONFIGURACION_INTERRUPCION)
0178                  00245     CONFIGURACION_INTERRUPCION:
0178   1683 1303      00246     BANKSEL TRISA
017A   168B           00247     BSF     INTCON, T0IE
017B   170B           00248     BSF     INTCON, PEIE
Message[302]: Register in operand not in bank 0.  Ensure that bank bits are correct.
017C   170C           00249     BSF     PIE1, ADIE ;INTERRUPCION DEL ADC   
                      00250     
Warning[207]: Found label after column 1. (CONFIGURACION_ADC)
017D                  00251     CONFIGURACION_ADC:
017D   1683 1303      00252     BANKSEL ADCON1 ;
Message[302]: Register in operand not in bank 0.  Ensure that bank bits are correct.
017F   019F           00253     CLRF    ADCON1
0180   1683 1303      00254     BANKSEL TRISA ;
Message[302]: Register in operand not in bank 0.  Ensure that bank bits are correct.
MPASM 5.77                 LABORATORIO_9.ASM   11-10-2020  12:56:28         PAGE  7


LOC  OBJECT CODE     LINE SOURCE TEXT
  VALUE

0182   1405           00255     BSF     TRISA,0 ;Set RA0 to input
0183   1683 1703      00256     BANKSEL ANSEL ;
Message[302]: Register in operand not in bank 0.  Ensure that bank bits are correct.
0185   1408           00257     BSF     ANSEL,0 ;Set RA0 to analog
0186   1283 1303      00258     BANKSEL ADCON0 ;
0188   3083           00259     MOVLW   B'10000011' ;ADC Frc clock,
0189   009F           00260     MOVWF   ADCON0 ;AN0, On
018A   141F           00261     BSF     ADCON0, ADON
018B   149F           00262     BSF     ADCON0, GO
018C   1283 1303      00263     BANKSEL PORTA
018E   178B           00264     BSF     INTCON, GIE ; HABILITA LAS INTERRUPCIONES
018F   110B           00265     BCF     INTCON, T0IF; PARA ASEGURARSE DE QUE NO TENGA OVERFLOW AL INICI
                      00266 
0190   1283 1303      00267     BANKSEL PORTA  ; REGRESO AL BANCO 0
0192   0187           00268     CLRF    PORTC
0193   0185           00269     CLRF    PORTA
0194   0186           00270     CLRF    PORTB 
0195   0188           00271     CLRF    PORTD
0196   0189           00272     CLRF    PORTE
0197   019E           00273     CLRF    ADRESH
0198   170C           00274     BSF     PIR1, ADIF
0199   01??           00275     CLRF    INDICADOR2
019A   01??           00276     CLRF    SEGUNDOS 
019B   01??           00277     CLRF    DECENAS 
019C   01??           00278     CLRF    UNIDADES 
019D   01??           00279     CLRF    CONT3
019E   01??           00280     CLRF    CONT4
019F   01??           00281     CLRF    CONT6
01A0   01??           00282     CLRF    CONT7
01A1   01??           00283     CLRF    NIBBLE_L
01A2   01??           00284     CLRF    DISPLAY0
01A3   01??           00285     CLRF    DISPLAY1
01A4   01??           00286     CLRF    DISPLAY2
01A5   01??           00287     CLRF    DISPLAY3
01A6   01??           00288     CLRF    ADC_VAR
01A7   01??           00289     CLRF    LECTURA
01A8   0008           00290     RETURN 
                      00291 ;*******************************************************************************
                      00292 
20D4 3FFF             00293   END
MPASM 5.77                 LABORATORIO_9.ASM   11-10-2020  12:56:28         PAGE  8


SYMBOL TABLE
  LABEL                             VALUE 

ABDEN                             00000000
ABDOVF                            00000007
ACKDT                             00000005
ACKEN                             00000004
ACKSTAT                           00000006
ADCON0                            0000001F
ADCON1                            0000009F
ADCS0                             00000006
ADCS1                             00000007
ADC_VAR                           0000000B
ADDEN                             00000003
ADFM                              00000007
ADIE                              00000006
ADIF                              00000006
ADON                              00000000
ADRESH                            0000001E
ADRESL                            0000009E
ANS0                              00000000
ANS1                              00000001
ANS10                             00000002
ANS11                             00000003
ANS12                             00000004
ANS13                             00000005
ANS2                              00000002
ANS3                              00000003
ANS4                              00000004
ANS5                              00000005
ANS6                              00000006
ANS7                              00000007
ANS8                              00000000
ANS9                              00000001
ANSEL                             00000188
ANSELH                            00000189
BAUDCTL                           00000187
BCLIE                             00000003
BCLIF                             00000003
BF                                00000000
BRG0                              00000000
BRG1                              00000001
BRG10                             00000002
BRG11                             00000003
BRG12                             00000004
BRG13                             00000005
BRG14                             00000006
BRG15                             00000007
BRG16                             00000003
BRG2                              00000002
BRG3                              00000003
BRG4                              00000004
BRG5                              00000005
BRG6                              00000006
BRG7                              00000007
BRG8                              00000000
MPASM 5.77                 LABORATORIO_9.ASM   11-10-2020  12:56:28         PAGE  9


SYMBOL TABLE
  LABEL                             VALUE 

BRG9                              00000001
BRGH                              00000002
C                                 00000000
C1CH0                             00000000
C1CH1                             00000001
C1IE                              00000005
C1IF                              00000005
C1OE                              00000005
C1ON                              00000007
C1OUT                             00000006
C1POL                             00000004
C1R                               00000002
C1RSEL                            00000005
C1SEN                             00000005
C2CH0                             00000000
C2CH1                             00000001
C2IE                              00000006
C2IF                              00000006
C2OE                              00000005
C2ON                              00000007
C2OUT                             00000006
C2POL                             00000004
C2R                               00000002
C2REN                             00000004
C2RSEL                            00000004
C2SYNC                            00000000
CCP1CON                           00000017
CCP1IE                            00000002
CCP1IF                            00000002
CCP1M0                            00000000
CCP1M1                            00000001
CCP1M2                            00000002
CCP1M3                            00000003
CCP1X                             00000005
CCP1Y                             00000004
CCP2CON                           0000001D
CCP2IE                            00000000
CCP2IF                            00000000
CCP2M0                            00000000
CCP2M1                            00000001
CCP2M2                            00000002
CCP2M3                            00000003
CCP2X                             00000005
CCP2Y                             00000004
CCPR1                             00000015
CCPR1H                            00000016
CCPR1L                            00000015
CCPR2                             0000001B
CCPR2H                            0000001C
CCPR2L                            0000001B
CHS0                              00000002
CHS1                              00000003
CHS2                              00000004
MPASM 5.77                 LABORATORIO_9.ASM   11-10-2020  12:56:28         PAGE 10


SYMBOL TABLE
  LABEL                             VALUE 

CHS3                              00000005
CKE                               00000006
CKP                               00000004
CM1CON0                           00000107
CM2CON0                           00000108
CM2CON1                           00000109
CONFIGURACION_ADC                 0000017D
CONFIGURACION_INTERRUPCION        00000178
CONT2                             00000001
CONT3                             00000002
CONT4                             00000003
CONT6                             00000005
CONT7                             00000006
CREN                              00000004
CSRC                              00000007
D                                 00000005
DATA_ADDRESS                      00000005
DC                                00000001
DC1B0                             00000004
DC1B1                             00000005
DC2B0                             00000004
DC2B1                             00000005
DECENAS                           00000004
DISPLAY0                          0000000E
DISPLAY1                          0000000F
DISPLAY2                          00000010
DISPLAY3                          00000011
DISPLAY_0                         00000145
DISPLAY_0Y1                       00000142
DISPLAY_1                         0000014B
DISPLAY_2                         00000154
DISPLAY_2Y3                       00000151
DISPLAY_3                         0000015A
DISPLAY_VAR                       0000013C
D_A                               00000005
D_NOT_A                           00000005
ECCPAS                            0000009C
ECCPAS0                           00000004
ECCPAS1                           00000005
ECCPAS2                           00000006
ECCPASE                           00000007
EEADR                             0000010D
EEADRH                            0000010F
EECON1                            0000018C
EECON2                            0000018D
EEDAT                             0000010C
EEDATA                            0000010C
EEDATH                            0000010E
EEIE                              00000004
EEIF                              00000004
EEPGD                             00000007
ESCRITURA_EEPROM                  00000123
F                                 00000001
MPASM 5.77                 LABORATORIO_9.ASM   11-10-2020  12:56:28         PAGE 11


SYMBOL TABLE
  LABEL                             VALUE 

FERR                              00000002
FSR                               00000004
FVREN                             00000000
GCEN                              00000007
GIE                               00000007
GO                                00000001
GO_DONE                           00000001
GO_NOT_DONE                       00000001
HTS                               00000002
I2C_DATA                          00000005
I2C_READ                          00000002
I2C_START                         00000003
I2C_STOP                          00000004
INDF                              00000000
INDICADOR                         00000009
INDICADOR2                        0000000A
INTCON                            0000000B
INTE                              00000004
INTEDG                            00000006
INTERRUPCION_ADC                  00000018
INTERRUPCION_TMRO                 00000012
INTF                              00000001
IOCB                              00000096
IOCB0                             00000000
IOCB1                             00000001
IOCB2                             00000002
IOCB3                             00000003
IOCB4                             00000004
IOCB5                             00000005
IOCB6                             00000006
IOCB7                             00000007
IRCF0                             00000004
IRCF1                             00000005
IRCF2                             00000006
IRP                               00000007
ISR                               00000008
LECTURA                           00000012
LECTURA_EEPROM                    00000112
LOOP                              00000101
LTS                               00000001
MC1OUT                            00000007
MC2OUT                            00000006
MSK                               00000093
MSK0                              00000000
MSK1                              00000001
MSK2                              00000002
MSK3                              00000003
MSK4                              00000004
MSK5                              00000005
MSK6                              00000006
MSK7                              00000007
NIBBLE_L                          0000000C
NOT_A                             00000005
MPASM 5.77                 LABORATORIO_9.ASM   11-10-2020  12:56:28         PAGE 12


SYMBOL TABLE
  LABEL                             VALUE 

NOT_ADDRESS                       00000005
NOT_BO                            00000000
NOT_BOR                           00000000
NOT_DONE                          00000001
NOT_PD                            00000003
NOT_POR                           00000001
NOT_RBPU                          00000007
NOT_RC8                           00000006
NOT_T1SYNC                        00000002
NOT_TO                            00000004
NOT_TX8                           00000006
NOT_W                             00000002
NOT_WRITE                         00000002
OERR                              00000001
OPTION_REG                        00000081
OSCCON                            0000008F
OSCTUNE                           00000090
OSFIE                             00000007
OSFIF                             00000007
OSTS                              00000003
P                                 00000004
P1M0                              00000006
P1M1                              00000007
PCL                               00000002
PCLATH                            0000000A
PCON                              0000008E
PDC0                              00000000
PDC1                              00000001
PDC2                              00000002
PDC3                              00000003
PDC4                              00000004
PDC5                              00000005
PDC6                              00000006
PEIE                              00000006
PEN                               00000002
PIE1                              0000008C
PIE2                              0000008D
PIR1                              0000000C
PIR2                              0000000D
POP                               0000000C
PORTA                             00000005
PORTB                             00000006
PORTC                             00000007
PORTD                             00000008
PORTE                             00000009
PR2                               00000092
PRSEN                             00000007
PS0                               00000000
PS1                               00000001
PS2                               00000002
PSA                               00000003
PSSAC0                            00000002
PSSAC1                            00000003
MPASM 5.77                 LABORATORIO_9.ASM   11-10-2020  12:56:28         PAGE 13


SYMBOL TABLE
  LABEL                             VALUE 

PSSBD0                            00000000
PSSBD1                            00000001
PSTRCON                           0000009D
PULSR                             00000002
PULSS                             00000003
PUSH                              00000004
PWM1CON                           0000009B
R                                 00000002
RA0                               00000000
RA1                               00000001
RA2                               00000002
RA3                               00000003
RA4                               00000004
RA5                               00000005
RA6                               00000006
RA7                               00000007
RB0                               00000000
RB1                               00000001
RB2                               00000002
RB3                               00000003
RB4                               00000004
RB5                               00000005
RB6                               00000006
RB7                               00000007
RBIE                              00000003
RBIF                              00000000
RC0                               00000000
RC1                               00000001
RC2                               00000002
RC3                               00000003
RC4                               00000004
RC5                               00000005
RC6                               00000006
RC7                               00000007
RC8_9                             00000006
RC9                               00000006
RCD8                              00000000
RCEN                              00000003
RCIDL                             00000006
RCIE                              00000005
RCIF                              00000005
RCREG                             0000001A
RCSTA                             00000018
RD                                00000000
RD0                               00000000
RD1                               00000001
RD2                               00000002
RD3                               00000003
RD4                               00000004
RD5                               00000005
RD6                               00000006
RD7                               00000007
RE0                               00000000
MPASM 5.77                 LABORATORIO_9.ASM   11-10-2020  12:56:28         PAGE 14


SYMBOL TABLE
  LABEL                             VALUE 

RE1                               00000001
RE2                               00000002
RE3                               00000003
READ_WRITE                        00000002
REVISAR                           00000105
RP0                               00000005
RP1                               00000006
RSEN                              00000001
RX9                               00000006
RX9D                              00000000
R_NOT_W                           00000002
R_W                               00000002
S                                 00000003
SBOREN                            00000004
SCKP                              00000004
SCS                               00000000
SEGUNDOS                          0000000D
SEN                               00000000
SENDB                             00000003
SEP_NIBBLES                       00000109
SETUP                             00000160
SMP                               00000007
SPBRG                             00000099
SPBRGH                            0000009A
SPEN                              00000007
SR0                               00000006
SR1                               00000007
SRCON                             00000185
SREN                              00000005
SSPADD                            00000093
SSPBUF                            00000013
SSPCON                            00000014
SSPCON2                           00000091
SSPEN                             00000005
SSPIE                             00000003
SSPIF                             00000003
SSPM0                             00000000
SSPM1                             00000001
SSPM2                             00000002
SSPM3                             00000003
SSPMSK                            00000093
SSPOV                             00000006
SSPSTAT                           00000094
START                             00000100
STATUS                            00000003
STATUS_TEMP                       00000008
STRA                              00000000
STRB                              00000001
STRC                              00000002
STRD                              00000003
STRSYNC                           00000004
SWDTEN                            00000000
SYNC                              00000004
MPASM 5.77                 LABORATORIO_9.ASM   11-10-2020  12:56:28         PAGE 15


SYMBOL TABLE
  LABEL                             VALUE 

T0CS                              00000005
T0IE                              00000005
T0IF                              00000002
T0SE                              00000004
T1CKPS0                           00000004
T1CKPS1                           00000005
T1CON                             00000010
T1GINV                            00000007
T1GIV                             00000007
T1GSS                             00000001
T1INSYNC                          00000002
T1OSCEN                           00000003
T1SYNC                            00000002
T2CKPS0                           00000000
T2CKPS1                           00000001
T2CON                             00000012
TABLA                             0000001D
TMR0                              00000001
TMR0IE                            00000005
TMR0IF                            00000002
TMR1                              0000000E
TMR1CS                            00000001
TMR1GE                            00000006
TMR1H                             0000000F
TMR1IE                            00000000
TMR1IF                            00000000
TMR1L                             0000000E
TMR1ON                            00000000
TMR2                              00000011
TMR2IE                            00000001
TMR2IF                            00000001
TMR2ON                            00000002
TOUTPS0                           00000003
TOUTPS1                           00000004
TOUTPS2                           00000005
TOUTPS3                           00000006
TRISA                             00000085
TRISA0                            00000000
TRISA1                            00000001
TRISA2                            00000002
TRISA3                            00000003
TRISA4                            00000004
TRISA5                            00000005
TRISA6                            00000006
TRISA7                            00000007
TRISB                             00000086
TRISB0                            00000000
TRISB1                            00000001
TRISB2                            00000002
TRISB3                            00000003
TRISB4                            00000004
TRISB5                            00000005
TRISB6                            00000006
MPASM 5.77                 LABORATORIO_9.ASM   11-10-2020  12:56:28         PAGE 16


SYMBOL TABLE
  LABEL                             VALUE 

TRISB7                            00000007
TRISC                             00000087
TRISC0                            00000000
TRISC1                            00000001
TRISC2                            00000002
TRISC3                            00000003
TRISC4                            00000004
TRISC5                            00000005
TRISC6                            00000006
TRISC7                            00000007
TRISD                             00000088
TRISD0                            00000000
TRISD1                            00000001
TRISD2                            00000002
TRISD3                            00000003
TRISD4                            00000004
TRISD5                            00000005
TRISD6                            00000006
TRISD7                            00000007
TRISE                             00000089
TRISE0                            00000000
TRISE1                            00000001
TRISE2                            00000002
TRISE3                            00000003
TRMT                              00000001
TUN0                              00000000
TUN1                              00000001
TUN2                              00000002
TUN3                              00000003
TUN4                              00000004
TX8_9                             00000006
TX9                               00000006
TX9D                              00000000
TXD8                              00000000
TXEN                              00000005
TXIE                              00000004
TXIF                              00000004
TXREG                             00000019
TXSTA                             00000098
UA                                00000001
ULPWUE                            00000005
ULPWUIE                           00000002
ULPWUIF                           00000002
UNIDADES                          00000000
VCFG0                             00000004
VCFG1                             00000005
VR0                               00000000
VR1                               00000001
VR2                               00000002
VR3                               00000003
VRCON                             00000097
VREN                              00000007
VROE                              00000006
MPASM 5.77                 LABORATORIO_9.ASM   11-10-2020  12:56:28         PAGE 17


SYMBOL TABLE
  LABEL                             VALUE 

VRR                               00000005
VRSS                              00000004
W                                 00000000
WCOL                              00000007
WDTCON                            00000105
WDTPS0                            00000001
WDTPS1                            00000002
WDTPS2                            00000003
WDTPS3                            00000004
WPUB                              00000095
WPUB0                             00000000
WPUB1                             00000001
WPUB2                             00000002
WPUB3                             00000003
WPUB4                             00000004
WPUB5                             00000005
WPUB6                             00000006
WPUB7                             00000007
WR                                00000001
WREN                              00000002
WRERR                             00000003
WUE                               00000001
W_TEMP                            00000007
Z                                 00000002
_BOR21V                           00003EFF
_BOR40V                           00003FFF
_BOR4V_BOR21V                     00003EFF
_BOR4V_BOR40V                     00003FFF
_BOREN_NSLEEP                     00003EFF
_BOREN_OFF                        00003CFF
_BOREN_ON                         00003FFF
_BOREN_SBODEN                     00003DFF
_BOR_NSLEEP                       00003EFF
_BOR_OFF                          00003CFF
_BOR_ON                           00003FFF
_BOR_SBODEN                       00003DFF
_CONFIG1                          00002007
_CONFIG2                          00002008
_CPD_OFF                          00003FFF
_CPD_ON                           00003F7F
_CP_OFF                           00003FFF
_CP_ON                            00003FBF
_DEBUG_OFF                        00003FFF
_DEBUG_ON                         00001FFF
_DEVID1                           00002006
_EC_OSC                           00003FFB
_EXTRC                            00003FFF
_EXTRCIO                          00003FFE
_EXTRC_OSC_CLKOUT                 00003FFF
_EXTRC_OSC_NOCLKOUT               00003FFE
_FCMEN_OFF                        000037FF
_FCMEN_ON                         00003FFF
_FOSC_EC                          00003FFB
MPASM 5.77                 LABORATORIO_9.ASM   11-10-2020  12:56:28         PAGE 18


SYMBOL TABLE
  LABEL                             VALUE 

_FOSC_EXTRC_CLKOUT                00003FFF
_FOSC_EXTRC_NOCLKOUT              00003FFE
_FOSC_HS                          00003FFA
_FOSC_INTRC_CLKOUT                00003FFD
_FOSC_INTRC_NOCLKOUT              00003FFC
_FOSC_LP                          00003FF8
_FOSC_XT                          00003FF9
_HS_OSC                           00003FFA
_IDLOC0                           00002000
_IDLOC1                           00002001
_IDLOC2                           00002002
_IDLOC3                           00002003
_IESO_OFF                         00003BFF
_IESO_ON                          00003FFF
_INTOSC                           00003FFD
_INTOSCIO                         00003FFC
_INTRC_OSC_CLKOUT                 00003FFD
_INTRC_OSC_NOCLKOUT               00003FFC
_LP_OSC                           00003FF8
_LVP_OFF                          00002FFF
_LVP_ON                           00003FFF
_MCLRE_OFF                        00003FDF
_MCLRE_ON                         00003FFF
_PWRTE_OFF                        00003FFF
_PWRTE_ON                         00003FEF
_WDTE_OFF                         00003FF7
_WDTE_ON                          00003FFF
_WDT_OFF                          00003FF7
_WDT_ON                           00003FFF
_WRT_1FOURTH                      00003BFF
_WRT_256                          00003DFF
_WRT_HALF                         000039FF
_WRT_OFF                          00003FFF
_XT_OSC                           00003FF9
__16F887                          00000001

Errors   :     0
Warnings :    26 reported,     0 suppressed
Messages :    26 reported,     0 suppressed

