MPASM 5.77                 LABORATORIO_5.ASM   9-8-2020  13:19:16         PAGE  1


LOC  OBJECT CODE     LINE SOURCE TEXT
  VALUE

                      00001 ;*******************************************************************************                        
                                                                           *
                      00002 ;    Filename:              Laboratorio_5.0.asm                              *
                      00003 ;    Date:                  11/08/2020                                         *
                      00004 ;    File Version:          v.1                                                *
                      00005 ;    Author:                Carlos Gil                      *
                      00006 ;    Company:               UVG                                                *
                      00007 ;    Description:           contador con display decimal                                                
                                                                                         *
                      00008 ;*******************************************************************************
                      00009 #include "p16f887.inc"
                      00001         LIST
                      00002 
                      00003 ;==========================================================================
                      00004 ; Build date : Nov 22 2017
                      00005 ;  MPASM PIC16F887 processor include
                      00006 ; 
                      00007 ;  (c) Copyright 1999-2017 Microchip Technology, All rights reserved
                      00008 ;==========================================================================
                      00009 
                      00810         LIST
                      00010 
                      00011 ; CONFIG1
                      00012 ; __config 0x20D4
2007   20D4           00013  __CONFIG _CONFIG1, _FOSC_INTRC_NOCLKOUT & _WDTE_OFF & _PWRTE_OFF & _MCLRE_OFF & _CP_OFF & _CPD_OFF & _B
                            OREN_OFF & _IESO_OFF & _FCMEN_OFF & _LVP_OFF
                      00014 ; CONFIG2
                      00015 ; __config 0x3FFF
2008   3FFF           00016  __CONFIG _CONFIG2, _BOR4V_BOR40V & _WRT_OFF
                      00017  ;****************************************************************************** 
                      00018  ; variables
                      00019  ;******************************************************************************
                      00020 GPR_VAR         UDATA
Warning[207]: Found label after column 1. (UNIDADES)
0000                  00021     UNIDADES    RES     1
Warning[207]: Found label after column 1. (CONT2)
0001                  00022     CONT2       RES     1
Warning[207]: Found label after column 1. (CONT3)
0002                  00023     CONT3       RES     1
Warning[207]: Found label after column 1. (CONT4)
0003                  00024     CONT4       RES     1
Warning[207]: Found label after column 1. (DECENAS)
0004                  00025     DECENAS     RES     1
Warning[207]: Found label after column 1. (CONT6)
0005                  00026     CONT6       RES     1
Warning[207]: Found label after column 1. (CONT7)
0006                  00027     CONT7       RES     1
Warning[207]: Found label after column 1. (W_TEMP)
0007                  00028     W_TEMP      RES     1
Warning[207]: Found label after column 1. (STATUS_TEMP)
0008                  00029     STATUS_TEMP RES     1
Warning[207]: Found label after column 1. (INDICADOR)
0009                  00030     INDICADOR   RES     1
MPASM 5.77                 LABORATORIO_5.ASM   9-8-2020  13:19:16         PAGE  2


LOC  OBJECT CODE     LINE SOURCE TEXT
  VALUE

Warning[207]: Found label after column 1. (INDICADOR2)
000A                  00031     INDICADOR2  RES     1
Warning[207]: Found label after column 1. (NIBBLE_H)
000B                  00032     NIBBLE_H    RES     1
Warning[207]: Found label after column 1. (NIBBLE_L)
000C                  00033     NIBBLE_L    RES     1
Warning[207]: Found label after column 1. (SEGUNDOS)
000D                  00034     SEGUNDOS    RES     1
                      00035         
                      00036         
                      00037 ;*******************************************************************************
                      00038 ; Reset Vector
                      00039 ;*******************************************************************************
                      00040 RES_VECT  CODE    0x0000            ; processor reset vector
0000   2???           00041     GOTO    START   
                      00042 ISR_VECT  CODE    0x0004
0004                  00043 PUSH:
0004   138B           00044     BCF     INTCON, GIE
0005   00??           00045     MOVWF   W_TEMP
0006   0E03           00046     SWAPF   STATUS, W
0007   00??           00047     MOVWF   STATUS_TEMP
0008                  00048 ISR:
0008   190B           00049     BTFSC   INTCON, T0IF
0009   2???           00050     CALL    INTERRUPCION_TMRO
000A   180C           00051     BTFSC   PIR1, TMR1IF
000B   2???           00052     CALL    INTERRUPCION_TMR1
000C   188C           00053     BTFSC   PIR1, TMR2IF
000D   2???           00054     CALL    INTERRUPCION_TMR2
000E                  00055 POP:
000E   0E??           00056     SWAPF   STATUS_TEMP, W
000F   0083           00057     MOVWF   STATUS 
0010   0E??           00058     SWAPF   W_TEMP, F
0011   0E??           00059     SWAPF   W_TEMP, W
0012   178B           00060     BSF     INTCON, GIE
0013   0009           00061     RETFIE
                      00062 
0014                  00063 INTERRUPCION_TMRO:
0014   30F8           00064     MOVLW   .248
0015   0081           00065     MOVWF   TMR0
0016   110B           00066     BCF     INTCON, T0IF 
0017   2???           00067     CALL    DISPLAY_VAR
0018   0008           00068     RETURN 
                      00069     
0019                  00070 INTERRUPCION_TMR1:
0019   300B           00071     MOVLW   0x0B
001A   008F           00072     MOVWF   TMR1H
001B   30DC           00073     MOVLW   0xDC
001C   300E           00074     MOVLW   TMR1L
001D   100C           00075     BCF     PIR1, TMR1IF
Message[305]: Using default destination of 1 (file).
001E   0A??           00076     INCF    CONT3
001F   3002           00077     MOVLW   .2
0020   02??           00078     SUBWF   CONT3, W
MPASM 5.77                 LABORATORIO_5.ASM   9-8-2020  13:19:16         PAGE  3


LOC  OBJECT CODE     LINE SOURCE TEXT
  VALUE

0021   1D03           00079     BTFSS   STATUS, Z
0022   0008           00080     RETURN 
0023   2???           00081     CALL    DISPLAY_UNIDADES
0024   01??           00082     CLRF    CONT3
0025   0008           00083     RETURN
                      00084 
0026                  00085 INTERRUPCION_TMR2:
0026   30C4           00086     MOVLW   .196
Message[302]: Register in operand not in bank 0.  Ensure that bank bits are correct.
0027   0092           00087     MOVWF   PR2
0028   0191           00088     CLRF    TMR2
0029   108C           00089     BCF     PIR1, TMR2IF
Message[305]: Using default destination of 1 (file).
002A   0A??           00090     INCF    CONT7
002B   3064           00091     MOVLW   .100
002C   02??           00092     SUBWF   CONT7, W
002D   1D03           00093     BTFSS   STATUS, Z
002E   0008           00094     RETURN 
002F   2???           00095     CALL    LEDS_INTERMITENTES
0030   01??           00096     CLRF    CONT7
0031   0008           00097     RETURN
                      00098     
                      00099 
                      00100 
                      00101 ;*******************************************************************************
                      00102 ; TABLA
                      00103 ;*******************************************************************************
0032                  00104 TABLA:
0032   390F           00105     ANDLW   b'00001111' ; MASK
0033   0782           00106     ADDWF   PCL, F
0034   3488           00107     RETLW   b'10001000' ; 0
0035   34EB           00108     RETLW   b'11101011' ; 1
0036   344C           00109     RETLW   b'01001100' ; 2
0037   3449           00110     RETLW   b'01001001' ; 3
0038   342B           00111     RETLW   b'00101011' ; 4
0039   3419           00112     RETLW   b'00011001' ; 5
003A   3418           00113     RETLW   b'00011000' ; 6
003B   34CB           00114     RETLW   b'11001011' ; 7
003C   3408           00115     RETLW   b'00001000' ; 8
003D   340B           00116     RETLW   b'00001011' ; 9
003E   3402           00117     RETLW   b'00000010' ; A
003F   3430           00118     RETLW   b'00110000' ; b
0040   3494           00119     RETLW   b'10010100' ; C
0041   3460           00120     RETLW   b'01100000' ; d
0042   3414           00121     RETLW   b'00010100' ; E
0043   3416           00122     RETLW   b'00010110' ; F
                      00123 
                      00124 
                      00125 ;*******************************************************************************
                      00126 ; MAIN PROGRAM
                      00127 ;*******************************************************************************
                      00128 MAIN_PROG   CODE     0x0100                 ; let linker place main program
0100                  00129 START
MPASM 5.77                 LABORATORIO_5.ASM   9-8-2020  13:19:16         PAGE  4


LOC  OBJECT CODE     LINE SOURCE TEXT
  VALUE

                      00130 
Warning[203]: Found opcode in column 1. (CALL)
0100   2???           00131 CALL SETUP
                      00132 
                      00133 ;*******************************************************************************
                      00134 ; MAIN LOOP
                      00135 ;*******************************************************************************     
0101                  00136 LOOP:
0101   2???           00137     GOTO    LOOP
                      00138 ;*******************************************************************************
                      00139 ; SUB RUTINAS 
                      00140 ;*******************************************************************************  
0102                  00141 CAMBIO_INDICADOR:
0102   1C00           00142     BTFSS   INDICADOR, 0
0103   2???           00143     GOTO    IN_0
0104                  00144 IN_1:
0104   1000           00145     BCF     INDICADOR, 0
0105   0008           00146     RETURN
0106                  00147 IN_0:
0106   1400           00148     BSF     INDICADOR, 0
0107   0008           00149     RETURN 
                      00150 
0108                  00151 SEP_NIBBLES:
0108   08??           00152     MOVFW   SEGUNDOS 
0109   00??           00153     MOVWF   NIBBLE_H
010A   0E??           00154     SWAPF   SEGUNDOS, W
010B   00??           00155     MOVWF   NIBBLE_L
010C   0008           00156     RETURN
                      00157     
                      00158     
010D                  00159 DISPLAY_VAR:
010D   1008           00160     BCF     PORTD, RD0
010E   1108           00161     BCF     PORTD, RD2
010F   1800           00162     BTFSC   INDICADOR, 0
0110   2???           00163     GOTO    DISPLAY_1
0111                  00164 DISPLAY_0:
0111   08??           00165     MOVFW   NIBBLE_L
0112   2???           00166     CALL    TABLA
0113   0087           00167     MOVWF   PORTC
0114   1508           00168     BSF     PORTD, RD2
0115   2???           00169     CALL    CAMBIO_INDICADOR
0116   0008           00170     RETURN
0117                  00171 DISPLAY_1:
0117   08??           00172     MOVFW   NIBBLE_H
0118   2???           00173     CALL    TABLA
0119   0087           00174     MOVWF   PORTC
011A   1408           00175     BSF     PORTD, RD0
011B   2???           00176     CALL    CAMBIO_INDICADOR
011C   0008           00177     RETURN
                      00178 
011D                  00179 DISPLAY_SEGUNDOS:
Message[305]: Using default destination of 1 (file).
011D   0A??           00180     INCF    UNIDADES
MPASM 5.77                 LABORATORIO_5.ASM   9-8-2020  13:19:16         PAGE  5


LOC  OBJECT CODE     LINE SOURCE TEXT
  VALUE

011E   08??           00181     MOVFW   UNIDADES 
011F   07??           00182     ADDWF   DECENAS, 0
0120   00??           00183     MOVWF   SEGUNDOS 
Message[305]: Using default destination of 1 (file).
0121   03??           00184     DECF    SEGUNDOS 
0122   2???           00185     CALL    SEP_NIBBLES
0123   0008           00186     RETURN 
                      00187  
0124                  00188 DISPLAY_UNIDADES:
0124   2???           00189     CALL    DISPLAY_SEGUNDOS 
Message[305]: Using default destination of 1 (file).
0125   0A??           00190     INCF    CONT4
0126   300A           00191     MOVLW   .10
0127   02??           00192     SUBWF   CONT4, W
0128   1D03           00193     BTFSS   STATUS, Z   
0129   0008           00194     RETURN 
                      00195     
012A   01??           00196     CLRF    CONT4
012B   01??           00197     CLRF    UNIDADES
012C   3010           00198     MOVLW   B'00010000'
Message[305]: Using default destination of 1 (file).
012D   07??           00199     ADDWF   DECENAS
Message[305]: Using default destination of 1 (file).
012E   0A??           00200     INCF    CONT6
012F   300A           00201     MOVLW   .10
0130   02??           00202     SUBWF   CONT6, W
0131   1D03           00203     BTFSS   STATUS, Z
0132   0008           00204     RETURN 
                      00205     
0133   01??           00206     CLRF    CONT6
0134   01??           00207     CLRF    SEGUNDOS 
0135   01??           00208     CLRF    DECENAS 
0136   0008           00209     RETURN 
                      00210     
0137                  00211 LEDS_INTERMITENTES:
0137   1800           00212     BTFSC   INDICADOR2, 0
0138   2???           00213     GOTO    LED_0
0139                  00214 LED_1:
0139   1488           00215     BSF PORTD, RD1
013A   1588           00216     BSF PORTD, RD3
013B   1400           00217     BSF INDICADOR2, 0
013C   0008           00218     RETURN 
013D                  00219 LED_0:
013D   1088           00220     BCF PORTD, RD1
013E   1188           00221     BCF PORTD, RD3
013F   1000           00222     BCF INDICADOR2, 0
0140   0008           00223     RETURN  
                      00224         
                      00225     
0141                  00226 TEMPORIZADOR_TIMER0:
0141   3028           00227     MOVLW   .40
0142   00??           00228     MOVWF   CONT2
0143                  00229 TIEMPO1:
MPASM 5.77                 LABORATORIO_5.ASM   9-8-2020  13:19:16         PAGE  6


LOC  OBJECT CODE     LINE SOURCE TEXT
  VALUE

0143   110B           00230     BCF     INTCON, T0IF
0144   309E           00231     MOVLW   .158
0145   0081           00232     MOVWF   TMR0
0146                  00233 TIEMPO2:
0146   1D0B           00234     BTFSS   INTCON, T0IF
0147   2???           00235     GOTO    TIEMPO2
0148   0B??           00236     DECFSZ  CONT2, F
0149   2???           00237     GOTO    TIEMPO1
014A   0008           00238     RETURN 
                      00239 
014B                  00240 SETUP:
014B   1283 1303      00241     BANKSEL PORTA  ; BANCO 0
014D   0185           00242     CLRF    PORTA  ; BORRA EL PUERTO A
014E   0186           00243     CLRF    PORTB  ; BORRA EL PUERTO B
014F   0187           00244     CLRF    PORTC 
0150   0188           00245     CLRF    PORTD  
0151   0189           00246     CLRF    PORTE
0152   1103           00247     BCF     STATUS, Z
0153   100C           00248     BCF     PIR1, TMR1IF
0154   108C           00249     BCF     PIR1, TMR2IF
                      00250 ;***********************TMR2****************************************************
0155   0192           00251     CLRF    T2CON
0156   30FF           00252     MOVLW   b'11111111'
0157   0092           00253     MOVWF   T2CON
                      00254 
                      00255  ;**************timer1**********************************************************   
0158   0190           00256     CLRF    T1CON
0159   1410           00257     BSF        T1CON,0      ; HABILITAMOS EL TIMER 1 (TMR1ON=1)
015A   1090           00258     BCF        T1CON,1      ; OSCILADOR INTERNO 
015B   1190           00259     BCF        T1CON,3      ; NO HABILITA EL OSCILADOR DEL TIMER 1 (T1OSCEN=0)
015C   1610           00260     BSF        T1CON,4      ; PRE DIVISOR DE FRECUENCIA EN 8 (T1CKPS0=0)
015D   1690           00261     BSF        T1CON,5  
                      00262  ;******************************************************************************
                      00263  
                      00264     
015E   1683 1703      00265     BANKSEL ANSEL   ; BANCO 3 
Message[302]: Register in operand not in bank 0.  Ensure that bank bits are correct.
0160   0188           00266     CLRF    ANSEL
Message[302]: Register in operand not in bank 0.  Ensure that bank bits are correct.
0161   0189           00267     CLRF    ANSELH  ; BORRA EL CONTROL DE ENTRADAS ANALÓGICAS
                      00268     
0162   1683 1303      00269     BANKSEL TRISA   ; BANCO 1
Message[302]: Register in operand not in bank 0.  Ensure that bank bits are correct.
0164   0185           00270     CLRF    TRISA  
Message[302]: Register in operand not in bank 0.  Ensure that bank bits are correct.
0165   0186           00271     CLRF    TRISB
0166   30C0           00272     MOVLW   B'11000000'
Message[302]: Register in operand not in bank 0.  Ensure that bank bits are correct.
0167   0086           00273     MOVWF   TRISB
0168   30FF           00274     MOVLW   .255
Message[302]: Register in operand not in bank 0.  Ensure that bank bits are correct.
0169   0095           00275     MOVWF   WPUB 
016A   0064           00276     CLRWDT
MPASM 5.77                 LABORATORIO_5.ASM   9-8-2020  13:19:16         PAGE  7


LOC  OBJECT CODE     LINE SOURCE TEXT
  VALUE

016B   3057           00277     MOVLW B'01010111'
Message[302]: Register in operand not in bank 0.  Ensure that bank bits are correct.
016C   0081           00278     MOVWF   OPTION_REG
Message[302]: Register in operand not in bank 0.  Ensure that bank bits are correct.
016D   0187           00279     CLRF    TRISC
016E   3000           00280     MOVLW   b'00000000'
Message[302]: Register in operand not in bank 0.  Ensure that bank bits are correct.
016F   0087           00281     MOVWF   TRISC   ;HABILITAR 5 PUERTOS DEL PORTC COMO SALIDAS Y Y 3 COMO ENTRADAS 
Message[302]: Register in operand not in bank 0.  Ensure that bank bits are correct.
0170   0188           00282     CLRF    TRISD
0171   3000           00283     MOVLW   B'00000000'
Message[302]: Register in operand not in bank 0.  Ensure that bank bits are correct.
0172   0088           00284     MOVWF   TRISD
Message[302]: Register in operand not in bank 0.  Ensure that bank bits are correct.
0173   0189           00285     CLRF    TRISE
                      00286     
Warning[207]: Found label after column 1. (CONFIGURACION_TIMER0)
0174                  00287     CONFIGURACION_TIMER0:
0174   0064           00288     CLRWDT              ; CONFIGURACIÓN PARA EL FUNCIONAMIENTO DEL TIMER0
0175   3057           00289     MOVLW   b'01010111' ; PARA LA CONFIGURACIÓN DEL TIMER0, EL BIT 7 NO IMPORTA. SIN EMBARGO, SE COLOCA 
                            EN 0 PARA NO ARRUINAR LA INSTRUCCIÓN DE LA LÍNEA 132 -PARA EL FUNCIONAMIENTO DE PULL UPS-
Message[302]: Register in operand not in bank 0.  Ensure that bank bits are correct.
0176   0081           00290     MOVWF   OPTION_REG
                      00291     
Warning[207]: Found label after column 1. (CONFIGURACION_TIMER2)
0177                  00292     CONFIGURACION_TIMER2:
0177   30FF           00293     MOVLW   b'11111111'
0178   0092           00294     MOVWF   T2CON
                      00295         
Warning[207]: Found label after column 1. (CONFIGURACION_INTERRUPCION)
0179                  00296     CONFIGURACION_INTERRUPCION:
0179   1683 1303      00297     BANKSEL TRISA
Message[302]: Register in operand not in bank 0.  Ensure that bank bits are correct.
017B   140C           00298     BSF     PIE1, TMR1IE; HABILITA INTERRUPCION DEL TIMER1
Message[302]: Register in operand not in bank 0.  Ensure that bank bits are correct.
017C   148C           00299     BSF     PIE1, TMR2IE; HABILITA COMPARACION ENTRE PR2 Y TIMER2
017D   168B           00300     BSF     INTCON, T0IE
017E   170B           00301     BSF     INTCON, PEIE
                      00302     
017F   30C4           00303     MOVLW   .196        ; TECHO PARA TIMER2 - PARA FUNCIONAR CON 50ms
Message[302]: Register in operand not in bank 0.  Ensure that bank bits are correct.
0180   0092           00304     MOVWF   PR2
                      00305     
0181   1283 1303      00306     BANKSEL PORTA
0183   178B           00307     BSF     INTCON, GIE ; HABILITA LAS INTERRUPCIONES
0184   110B           00308     BCF     INTCON, T0IF; PARA ASEGURARSE DE QUE NO TENGA OVERFLOW AL INICI
                      00309 
0185   1283 1303      00310     BANKSEL PORTA  ; REGRESO AL BANCO 0
0187   0187           00311     CLRF    PORTC
0188   0185           00312     CLRF    PORTA
0189   0186           00313     CLRF    PORTB 
018A   0188           00314     CLRF    PORTD
018B   0189           00315     CLRF    PORTE
MPASM 5.77                 LABORATORIO_5.ASM   9-8-2020  13:19:16         PAGE  8


LOC  OBJECT CODE     LINE SOURCE TEXT
  VALUE

                      00316     
018C   01??           00317     CLRF    SEGUNDOS 
018D   01??           00318     CLRF    DECENAS 
018E   01??           00319     CLRF    UNIDADES 
018F   01??           00320     CLRF    CONT3
0190   01??           00321     CLRF    CONT4
0191   01??           00322     CLRF    CONT6
0192   01??           00323     CLRF    CONT7
0193   01??           00324     CLRF    NIBBLE_H
0194   01??           00325     CLRF    NIBBLE_L
0195   0008           00326     RETURN 
                      00327 ;*******************************************************************************
                      00328 
20D4 3FFF             00329   END
MPASM 5.77                 LABORATORIO_5.ASM   9-8-2020  13:19:16         PAGE  9


SYMBOL TABLE
  LABEL                             VALUE 

ABDEN                             00000000
ABDOVF                            00000007
ACKDT                             00000005
ACKEN                             00000004
ACKSTAT                           00000006
ADCON0                            0000001F
ADCON1                            0000009F
ADCS0                             00000006
ADCS1                             00000007
ADDEN                             00000003
ADFM                              00000007
ADIE                              00000006
ADIF                              00000006
ADON                              00000000
ADRESH                            0000001E
ADRESL                            0000009E
ANS0                              00000000
ANS1                              00000001
ANS10                             00000002
ANS11                             00000003
ANS12                             00000004
ANS13                             00000005
ANS2                              00000002
ANS3                              00000003
ANS4                              00000004
ANS5                              00000005
ANS6                              00000006
ANS7                              00000007
ANS8                              00000000
ANS9                              00000001
ANSEL                             00000188
ANSELH                            00000189
BAUDCTL                           00000187
BCLIE                             00000003
BCLIF                             00000003
BF                                00000000
BRG0                              00000000
BRG1                              00000001
BRG10                             00000002
BRG11                             00000003
BRG12                             00000004
BRG13                             00000005
BRG14                             00000006
BRG15                             00000007
BRG16                             00000003
BRG2                              00000002
BRG3                              00000003
BRG4                              00000004
BRG5                              00000005
BRG6                              00000006
BRG7                              00000007
BRG8                              00000000
BRG9                              00000001
MPASM 5.77                 LABORATORIO_5.ASM   9-8-2020  13:19:16         PAGE 10


SYMBOL TABLE
  LABEL                             VALUE 

BRGH                              00000002
C                                 00000000
C1CH0                             00000000
C1CH1                             00000001
C1IE                              00000005
C1IF                              00000005
C1OE                              00000005
C1ON                              00000007
C1OUT                             00000006
C1POL                             00000004
C1R                               00000002
C1RSEL                            00000005
C1SEN                             00000005
C2CH0                             00000000
C2CH1                             00000001
C2IE                              00000006
C2IF                              00000006
C2OE                              00000005
C2ON                              00000007
C2OUT                             00000006
C2POL                             00000004
C2R                               00000002
C2REN                             00000004
C2RSEL                            00000004
C2SYNC                            00000000
CAMBIO_INDICADOR                  00000102
CCP1CON                           00000017
CCP1IE                            00000002
CCP1IF                            00000002
CCP1M0                            00000000
CCP1M1                            00000001
CCP1M2                            00000002
CCP1M3                            00000003
CCP1X                             00000005
CCP1Y                             00000004
CCP2CON                           0000001D
CCP2IE                            00000000
CCP2IF                            00000000
CCP2M0                            00000000
CCP2M1                            00000001
CCP2M2                            00000002
CCP2M3                            00000003
CCP2X                             00000005
CCP2Y                             00000004
CCPR1                             00000015
CCPR1H                            00000016
CCPR1L                            00000015
CCPR2                             0000001B
CCPR2H                            0000001C
CCPR2L                            0000001B
CHS0                              00000002
CHS1                              00000003
CHS2                              00000004
MPASM 5.77                 LABORATORIO_5.ASM   9-8-2020  13:19:16         PAGE 11


SYMBOL TABLE
  LABEL                             VALUE 

CHS3                              00000005
CKE                               00000006
CKP                               00000004
CM1CON0                           00000107
CM2CON0                           00000108
CM2CON1                           00000109
CONFIGURACION_INTERRUPCION        00000179
CONFIGURACION_TIMER0              00000174
CONFIGURACION_TIMER2              00000177
CONT2                             00000001
CONT3                             00000002
CONT4                             00000003
CONT6                             00000005
CONT7                             00000006
CREN                              00000004
CSRC                              00000007
D                                 00000005
DATA_ADDRESS                      00000005
DC                                00000001
DC1B0                             00000004
DC1B1                             00000005
DC2B0                             00000004
DC2B1                             00000005
DECENAS                           00000004
DISPLAY_0                         00000111
DISPLAY_1                         00000117
DISPLAY_SEGUNDOS                  0000011D
DISPLAY_UNIDADES                  00000124
DISPLAY_VAR                       0000010D
D_A                               00000005
D_NOT_A                           00000005
ECCPAS                            0000009C
ECCPAS0                           00000004
ECCPAS1                           00000005
ECCPAS2                           00000006
ECCPASE                           00000007
EEADR                             0000010D
EEADRH                            0000010F
EECON1                            0000018C
EECON2                            0000018D
EEDAT                             0000010C
EEDATA                            0000010C
EEDATH                            0000010E
EEIE                              00000004
EEIF                              00000004
EEPGD                             00000007
F                                 00000001
FERR                              00000002
FSR                               00000004
FVREN                             00000000
GCEN                              00000007
GIE                               00000007
GO                                00000001
MPASM 5.77                 LABORATORIO_5.ASM   9-8-2020  13:19:16         PAGE 12


SYMBOL TABLE
  LABEL                             VALUE 

GO_DONE                           00000001
GO_NOT_DONE                       00000001
HTS                               00000002
I2C_DATA                          00000005
I2C_READ                          00000002
I2C_START                         00000003
I2C_STOP                          00000004
INDF                              00000000
INDICADOR                         00000009
INDICADOR2                        0000000A
INTCON                            0000000B
INTE                              00000004
INTEDG                            00000006
INTERRUPCION_TMR1                 00000019
INTERRUPCION_TMR2                 00000026
INTERRUPCION_TMRO                 00000014
INTF                              00000001
IN_0                              00000106
IN_1                              00000104
IOCB                              00000096
IOCB0                             00000000
IOCB1                             00000001
IOCB2                             00000002
IOCB3                             00000003
IOCB4                             00000004
IOCB5                             00000005
IOCB6                             00000006
IOCB7                             00000007
IRCF0                             00000004
IRCF1                             00000005
IRCF2                             00000006
IRP                               00000007
ISR                               00000008
LEDS_INTERMITENTES                00000137
LED_0                             0000013D
LED_1                             00000139
LOOP                              00000101
LTS                               00000001
MC1OUT                            00000007
MC2OUT                            00000006
MSK                               00000093
MSK0                              00000000
MSK1                              00000001
MSK2                              00000002
MSK3                              00000003
MSK4                              00000004
MSK5                              00000005
MSK6                              00000006
MSK7                              00000007
NIBBLE_H                          0000000B
NIBBLE_L                          0000000C
NOT_A                             00000005
NOT_ADDRESS                       00000005
MPASM 5.77                 LABORATORIO_5.ASM   9-8-2020  13:19:16         PAGE 13


SYMBOL TABLE
  LABEL                             VALUE 

NOT_BO                            00000000
NOT_BOR                           00000000
NOT_DONE                          00000001
NOT_PD                            00000003
NOT_POR                           00000001
NOT_RBPU                          00000007
NOT_RC8                           00000006
NOT_T1SYNC                        00000002
NOT_TO                            00000004
NOT_TX8                           00000006
NOT_W                             00000002
NOT_WRITE                         00000002
OERR                              00000001
OPTION_REG                        00000081
OSCCON                            0000008F
OSCTUNE                           00000090
OSFIE                             00000007
OSFIF                             00000007
OSTS                              00000003
P                                 00000004
P1M0                              00000006
P1M1                              00000007
PCL                               00000002
PCLATH                            0000000A
PCON                              0000008E
PDC0                              00000000
PDC1                              00000001
PDC2                              00000002
PDC3                              00000003
PDC4                              00000004
PDC5                              00000005
PDC6                              00000006
PEIE                              00000006
PEN                               00000002
PIE1                              0000008C
PIE2                              0000008D
PIR1                              0000000C
PIR2                              0000000D
POP                               0000000E
PORTA                             00000005
PORTB                             00000006
PORTC                             00000007
PORTD                             00000008
PORTE                             00000009
PR2                               00000092
PRSEN                             00000007
PS0                               00000000
PS1                               00000001
PS2                               00000002
PSA                               00000003
PSSAC0                            00000002
PSSAC1                            00000003
PSSBD0                            00000000
MPASM 5.77                 LABORATORIO_5.ASM   9-8-2020  13:19:16         PAGE 14


SYMBOL TABLE
  LABEL                             VALUE 

PSSBD1                            00000001
PSTRCON                           0000009D
PULSR                             00000002
PULSS                             00000003
PUSH                              00000004
PWM1CON                           0000009B
R                                 00000002
RA0                               00000000
RA1                               00000001
RA2                               00000002
RA3                               00000003
RA4                               00000004
RA5                               00000005
RA6                               00000006
RA7                               00000007
RB0                               00000000
RB1                               00000001
RB2                               00000002
RB3                               00000003
RB4                               00000004
RB5                               00000005
RB6                               00000006
RB7                               00000007
RBIE                              00000003
RBIF                              00000000
RC0                               00000000
RC1                               00000001
RC2                               00000002
RC3                               00000003
RC4                               00000004
RC5                               00000005
RC6                               00000006
RC7                               00000007
RC8_9                             00000006
RC9                               00000006
RCD8                              00000000
RCEN                              00000003
RCIDL                             00000006
RCIE                              00000005
RCIF                              00000005
RCREG                             0000001A
RCSTA                             00000018
RD                                00000000
RD0                               00000000
RD1                               00000001
RD2                               00000002
RD3                               00000003
RD4                               00000004
RD5                               00000005
RD6                               00000006
RD7                               00000007
RE0                               00000000
RE1                               00000001
MPASM 5.77                 LABORATORIO_5.ASM   9-8-2020  13:19:16         PAGE 15


SYMBOL TABLE
  LABEL                             VALUE 

RE2                               00000002
RE3                               00000003
READ_WRITE                        00000002
RP0                               00000005
RP1                               00000006
RSEN                              00000001
RX9                               00000006
RX9D                              00000000
R_NOT_W                           00000002
R_W                               00000002
S                                 00000003
SBOREN                            00000004
SCKP                              00000004
SCS                               00000000
SEGUNDOS                          0000000D
SEN                               00000000
SENDB                             00000003
SEP_NIBBLES                       00000108
SETUP                             0000014B
SMP                               00000007
SPBRG                             00000099
SPBRGH                            0000009A
SPEN                              00000007
SR0                               00000006
SR1                               00000007
SRCON                             00000185
SREN                              00000005
SSPADD                            00000093
SSPBUF                            00000013
SSPCON                            00000014
SSPCON2                           00000091
SSPEN                             00000005
SSPIE                             00000003
SSPIF                             00000003
SSPM0                             00000000
SSPM1                             00000001
SSPM2                             00000002
SSPM3                             00000003
SSPMSK                            00000093
SSPOV                             00000006
SSPSTAT                           00000094
START                             00000100
STATUS                            00000003
STATUS_TEMP                       00000008
STRA                              00000000
STRB                              00000001
STRC                              00000002
STRD                              00000003
STRSYNC                           00000004
SWDTEN                            00000000
SYNC                              00000004
T0CS                              00000005
T0IE                              00000005
MPASM 5.77                 LABORATORIO_5.ASM   9-8-2020  13:19:16         PAGE 16


SYMBOL TABLE
  LABEL                             VALUE 

T0IF                              00000002
T0SE                              00000004
T1CKPS0                           00000004
T1CKPS1                           00000005
T1CON                             00000010
T1GINV                            00000007
T1GIV                             00000007
T1GSS                             00000001
T1INSYNC                          00000002
T1OSCEN                           00000003
T1SYNC                            00000002
T2CKPS0                           00000000
T2CKPS1                           00000001
T2CON                             00000012
TABLA                             00000032
TEMPORIZADOR_TIMER0               00000141
TIEMPO1                           00000143
TIEMPO2                           00000146
TMR0                              00000001
TMR0IE                            00000005
TMR0IF                            00000002
TMR1                              0000000E
TMR1CS                            00000001
TMR1GE                            00000006
TMR1H                             0000000F
TMR1IE                            00000000
TMR1IF                            00000000
TMR1L                             0000000E
TMR1ON                            00000000
TMR2                              00000011
TMR2IE                            00000001
TMR2IF                            00000001
TMR2ON                            00000002
TOUTPS0                           00000003
TOUTPS1                           00000004
TOUTPS2                           00000005
TOUTPS3                           00000006
TRISA                             00000085
TRISA0                            00000000
TRISA1                            00000001
TRISA2                            00000002
TRISA3                            00000003
TRISA4                            00000004
TRISA5                            00000005
TRISA6                            00000006
TRISA7                            00000007
TRISB                             00000086
TRISB0                            00000000
TRISB1                            00000001
TRISB2                            00000002
TRISB3                            00000003
TRISB4                            00000004
TRISB5                            00000005
MPASM 5.77                 LABORATORIO_5.ASM   9-8-2020  13:19:16         PAGE 17


SYMBOL TABLE
  LABEL                             VALUE 

TRISB6                            00000006
TRISB7                            00000007
TRISC                             00000087
TRISC0                            00000000
TRISC1                            00000001
TRISC2                            00000002
TRISC3                            00000003
TRISC4                            00000004
TRISC5                            00000005
TRISC6                            00000006
TRISC7                            00000007
TRISD                             00000088
TRISD0                            00000000
TRISD1                            00000001
TRISD2                            00000002
TRISD3                            00000003
TRISD4                            00000004
TRISD5                            00000005
TRISD6                            00000006
TRISD7                            00000007
TRISE                             00000089
TRISE0                            00000000
TRISE1                            00000001
TRISE2                            00000002
TRISE3                            00000003
TRMT                              00000001
TUN0                              00000000
TUN1                              00000001
TUN2                              00000002
TUN3                              00000003
TUN4                              00000004
TX8_9                             00000006
TX9                               00000006
TX9D                              00000000
TXD8                              00000000
TXEN                              00000005
TXIE                              00000004
TXIF                              00000004
TXREG                             00000019
TXSTA                             00000098
UA                                00000001
ULPWUE                            00000005
ULPWUIE                           00000002
ULPWUIF                           00000002
UNIDADES                          00000000
VCFG0                             00000004
VCFG1                             00000005
VR0                               00000000
VR1                               00000001
VR2                               00000002
VR3                               00000003
VRCON                             00000097
VREN                              00000007
MPASM 5.77                 LABORATORIO_5.ASM   9-8-2020  13:19:16         PAGE 18


SYMBOL TABLE
  LABEL                             VALUE 

VROE                              00000006
VRR                               00000005
VRSS                              00000004
W                                 00000000
WCOL                              00000007
WDTCON                            00000105
WDTPS0                            00000001
WDTPS1                            00000002
WDTPS2                            00000003
WDTPS3                            00000004
WPUB                              00000095
WPUB0                             00000000
WPUB1                             00000001
WPUB2                             00000002
WPUB3                             00000003
WPUB4                             00000004
WPUB5                             00000005
WPUB6                             00000006
WPUB7                             00000007
WR                                00000001
WREN                              00000002
WRERR                             00000003
WUE                               00000001
W_TEMP                            00000007
Z                                 00000002
_BOR21V                           00003EFF
_BOR40V                           00003FFF
_BOR4V_BOR21V                     00003EFF
_BOR4V_BOR40V                     00003FFF
_BOREN_NSLEEP                     00003EFF
_BOREN_OFF                        00003CFF
_BOREN_ON                         00003FFF
_BOREN_SBODEN                     00003DFF
_BOR_NSLEEP                       00003EFF
_BOR_OFF                          00003CFF
_BOR_ON                           00003FFF
_BOR_SBODEN                       00003DFF
_CONFIG1                          00002007
_CONFIG2                          00002008
_CPD_OFF                          00003FFF
_CPD_ON                           00003F7F
_CP_OFF                           00003FFF
_CP_ON                            00003FBF
_DEBUG_OFF                        00003FFF
_DEBUG_ON                         00001FFF
_DEVID1                           00002006
_EC_OSC                           00003FFB
_EXTRC                            00003FFF
_EXTRCIO                          00003FFE
_EXTRC_OSC_CLKOUT                 00003FFF
_EXTRC_OSC_NOCLKOUT               00003FFE
_FCMEN_OFF                        000037FF
_FCMEN_ON                         00003FFF
MPASM 5.77                 LABORATORIO_5.ASM   9-8-2020  13:19:16         PAGE 19


SYMBOL TABLE
  LABEL                             VALUE 

_FOSC_EC                          00003FFB
_FOSC_EXTRC_CLKOUT                00003FFF
_FOSC_EXTRC_NOCLKOUT              00003FFE
_FOSC_HS                          00003FFA
_FOSC_INTRC_CLKOUT                00003FFD
_FOSC_INTRC_NOCLKOUT              00003FFC
_FOSC_LP                          00003FF8
_FOSC_XT                          00003FF9
_HS_OSC                           00003FFA
_IDLOC0                           00002000
_IDLOC1                           00002001
_IDLOC2                           00002002
_IDLOC3                           00002003
_IESO_OFF                         00003BFF
_IESO_ON                          00003FFF
_INTOSC                           00003FFD
_INTOSCIO                         00003FFC
_INTRC_OSC_CLKOUT                 00003FFD
_INTRC_OSC_NOCLKOUT               00003FFC
_LP_OSC                           00003FF8
_LVP_OFF                          00002FFF
_LVP_ON                           00003FFF
_MCLRE_OFF                        00003FDF
_MCLRE_ON                         00003FFF
_PWRTE_OFF                        00003FFF
_PWRTE_ON                         00003FEF
_WDTE_OFF                         00003FF7
_WDTE_ON                          00003FFF
_WDT_OFF                          00003FF7
_WDT_ON                           00003FFF
_WRT_1FOURTH                      00003BFF
_WRT_256                          00003DFF
_WRT_HALF                         000039FF
_WRT_OFF                          00003FFF
_XT_OSC                           00003FF9
__16F887                          00000001

Errors   :     0
Warnings :    18 reported,     0 suppressed
Messages :    24 reported,     0 suppressed

