Warning[207] C:\USERS\CARLOS GIL\MPLABXPROJECTS\LABORATORIO_5.X\LABORATORIO_5.ASM 21 : Found label after column 1. (UNIDADES)
Warning[207] C:\USERS\CARLOS GIL\MPLABXPROJECTS\LABORATORIO_5.X\LABORATORIO_5.ASM 22 : Found label after column 1. (CONT2)
Warning[207] C:\USERS\CARLOS GIL\MPLABXPROJECTS\LABORATORIO_5.X\LABORATORIO_5.ASM 23 : Found label after column 1. (CONT3)
Warning[207] C:\USERS\CARLOS GIL\MPLABXPROJECTS\LABORATORIO_5.X\LABORATORIO_5.ASM 24 : Found label after column 1. (CONT4)
Warning[207] C:\USERS\CARLOS GIL\MPLABXPROJECTS\LABORATORIO_5.X\LABORATORIO_5.ASM 25 : Found label after column 1. (DECENAS)
Warning[207] C:\USERS\CARLOS GIL\MPLABXPROJECTS\LABORATORIO_5.X\LABORATORIO_5.ASM 26 : Found label after column 1. (CONT6)
Warning[207] C:\USERS\CARLOS GIL\MPLABXPROJECTS\LABORATORIO_5.X\LABORATORIO_5.ASM 27 : Found label after column 1. (CONT7)
Warning[207] C:\USERS\CARLOS GIL\MPLABXPROJECTS\LABORATORIO_5.X\LABORATORIO_5.ASM 28 : Found label after column 1. (W_TEMP)
Warning[207] C:\USERS\CARLOS GIL\MPLABXPROJECTS\LABORATORIO_5.X\LABORATORIO_5.ASM 29 : Found label after column 1. (STATUS_TEMP)
Warning[207] C:\USERS\CARLOS GIL\MPLABXPROJECTS\LABORATORIO_5.X\LABORATORIO_5.ASM 30 : Found label after column 1. (INDICADOR)
Warning[207] C:\USERS\CARLOS GIL\MPLABXPROJECTS\LABORATORIO_5.X\LABORATORIO_5.ASM 31 : Found label after column 1. (INDICADOR2)
Warning[207] C:\USERS\CARLOS GIL\MPLABXPROJECTS\LABORATORIO_5.X\LABORATORIO_5.ASM 32 : Found label after column 1. (NIBBLE_H)
Warning[207] C:\USERS\CARLOS GIL\MPLABXPROJECTS\LABORATORIO_5.X\LABORATORIO_5.ASM 33 : Found label after column 1. (NIBBLE_L)
Warning[207] C:\USERS\CARLOS GIL\MPLABXPROJECTS\LABORATORIO_5.X\LABORATORIO_5.ASM 34 : Found label after column 1. (SEGUNDOS)
Message[305] C:\USERS\CARLOS GIL\MPLABXPROJECTS\LABORATORIO_5.X\LABORATORIO_5.ASM 76 : Using default destination of 1 (file).
Message[302] C:\USERS\CARLOS GIL\MPLABXPROJECTS\LABORATORIO_5.X\LABORATORIO_5.ASM 87 : Register in operand not in bank 0.  Ensure that bank bits are correct.
Message[305] C:\USERS\CARLOS GIL\MPLABXPROJECTS\LABORATORIO_5.X\LABORATORIO_5.ASM 90 : Using default destination of 1 (file).
Warning[203] C:\USERS\CARLOS GIL\MPLABXPROJECTS\LABORATORIO_5.X\LABORATORIO_5.ASM 131 : Found opcode in column 1. (CALL)
Message[305] C:\USERS\CARLOS GIL\MPLABXPROJECTS\LABORATORIO_5.X\LABORATORIO_5.ASM 180 : Using default destination of 1 (file).
Message[305] C:\USERS\CARLOS GIL\MPLABXPROJECTS\LABORATORIO_5.X\LABORATORIO_5.ASM 184 : Using default destination of 1 (file).
Message[305] C:\USERS\CARLOS GIL\MPLABXPROJECTS\LABORATORIO_5.X\LABORATORIO_5.ASM 190 : Using default destination of 1 (file).
Message[305] C:\USERS\CARLOS GIL\MPLABXPROJECTS\LABORATORIO_5.X\LABORATORIO_5.ASM 199 : Using default destination of 1 (file).
Message[305] C:\USERS\CARLOS GIL\MPLABXPROJECTS\LABORATORIO_5.X\LABORATORIO_5.ASM 200 : Using default destination of 1 (file).
Message[302] C:\USERS\CARLOS GIL\MPLABXPROJECTS\LABORATORIO_5.X\LABORATORIO_5.ASM 266 : Register in operand not in bank 0.  Ensure that bank bits are correct.
Message[302] C:\USERS\CARLOS GIL\MPLABXPROJECTS\LABORATORIO_5.X\LABORATORIO_5.ASM 267 : Register in operand not in bank 0.  Ensure that bank bits are correct.
Message[302] C:\USERS\CARLOS GIL\MPLABXPROJECTS\LABORATORIO_5.X\LABORATORIO_5.ASM 270 : Register in operand not in bank 0.  Ensure that bank bits are correct.
Message[302] C:\USERS\CARLOS GIL\MPLABXPROJECTS\LABORATORIO_5.X\LABORATORIO_5.ASM 271 : Register in operand not in bank 0.  Ensure that bank bits are correct.
Message[302] C:\USERS\CARLOS GIL\MPLABXPROJECTS\LABORATORIO_5.X\LABORATORIO_5.ASM 273 : Register in operand not in bank 0.  Ensure that bank bits are correct.
Message[302] C:\USERS\CARLOS GIL\MPLABXPROJECTS\LABORATORIO_5.X\LABORATORIO_5.ASM 275 : Register in operand not in bank 0.  Ensure that bank bits are correct.
Message[302] C:\USERS\CARLOS GIL\MPLABXPROJECTS\LABORATORIO_5.X\LABORATORIO_5.ASM 278 : Register in operand not in bank 0.  Ensure that bank bits are correct.
Message[302] C:\USERS\CARLOS GIL\MPLABXPROJECTS\LABORATORIO_5.X\LABORATORIO_5.ASM 279 : Register in operand not in bank 0.  Ensure that bank bits are correct.
Message[302] C:\USERS\CARLOS GIL\MPLABXPROJECTS\LABORATORIO_5.X\LABORATORIO_5.ASM 281 : Register in operand not in bank 0.  Ensure that bank bits are correct.
Message[302] C:\USERS\CARLOS GIL\MPLABXPROJECTS\LABORATORIO_5.X\LABORATORIO_5.ASM 282 : Register in operand not in bank 0.  Ensure that bank bits are correct.
Message[302] C:\USERS\CARLOS GIL\MPLABXPROJECTS\LABORATORIO_5.X\LABORATORIO_5.ASM 284 : Register in operand not in bank 0.  Ensure that bank bits are correct.
Message[302] C:\USERS\CARLOS GIL\MPLABXPROJECTS\LABORATORIO_5.X\LABORATORIO_5.ASM 285 : Register in operand not in bank 0.  Ensure that bank bits are correct.
Warning[207] C:\USERS\CARLOS GIL\MPLABXPROJECTS\LABORATORIO_5.X\LABORATORIO_5.ASM 287 : Found label after column 1. (CONFIGURACION_TIMER0)
Message[302] C:\USERS\CARLOS GIL\MPLABXPROJECTS\LABORATORIO_5.X\LABORATORIO_5.ASM 290 : Register in operand not in bank 0.  Ensure that bank bits are correct.
Warning[207] C:\USERS\CARLOS GIL\MPLABXPROJECTS\LABORATORIO_5.X\LABORATORIO_5.ASM 292 : Found label after column 1. (CONFIGURACION_TIMER2)
Warning[207] C:\USERS\CARLOS GIL\MPLABXPROJECTS\LABORATORIO_5.X\LABORATORIO_5.ASM 296 : Found label after column 1. (CONFIGURACION_INTERRUPCION)
Message[302] C:\USERS\CARLOS GIL\MPLABXPROJECTS\LABORATORIO_5.X\LABORATORIO_5.ASM 298 : Register in operand not in bank 0.  Ensure that bank bits are correct.
Message[302] C:\USERS\CARLOS GIL\MPLABXPROJECTS\LABORATORIO_5.X\LABORATORIO_5.ASM 299 : Register in operand not in bank 0.  Ensure that bank bits are correct.
Message[302] C:\USERS\CARLOS GIL\MPLABXPROJECTS\LABORATORIO_5.X\LABORATORIO_5.ASM 304 : Register in operand not in bank 0.  Ensure that bank bits are correct.
